1
0
-1
-2
-1
-2
-1
0
1
2
1
0
1
0
1
2
1
0
1
0
1
2
1
2
3
2
3
2
1
2
3
2
3
4
5
4
5
6
7
8
7
8
7
8
7
6
5
4
3
4
5
6
7
8
7
6
7
6
7
6
7
8
9
8
9
8
9
8
9
8
7
6
5
6
7
8
7
8
9
8
9
8
7
6
7
8
9
10
11
12
11
10
11
10
9
8
9
10
9
8
7
8
7
8
9
10
11
10
9
8
7
6
5
6
5
6
5
6
5
6
5
4
5
6
5
6
7
6
5
6
7
8
9
8
7
6
7
6
7
6
7
6
5
6
5
6
7
7
7
8
9
10
9
10
11
10
9
10
11
10
11
10
9
8
7
6
7
6
5
6
7
6
7
6
7
8
9
8
9
10
9
10
11
12
13
12
12
13
13
14
15
16
17
18
19
18
17
16
17
16
15
14
15
14
13
14
13
12
11
12
11
10
9
10
9
10
11
12
13
12
11
12
11
12
11
10
9
8
9
10
9
8
7
8
9
8
7
8
7
8
9
10
9
10
9
10
11
10
11
10
9
10
9
8
7
8
7
8
7
6
5
6
7
6
5
4
5
4
5
6
5
6
7
8
9
10
11
10
9
8
9
8
9
9
10
11
12
13
14
14
13
14
15
16
15
16
17
16
15
14
13
14
15
16
15
14
13
12
11
10
11
12
13
12
11
12
11
10
9
10
9
10
9
10
11
12
13
14
15
16
15
14
13
14
13
12
13
12
13
14
15
16
15
16
17
16
17
18
17
18
17
16
17
16
15
16
17
17
18
19
20
21
22
22
21
22
23
24
23
24
23
22
23
24
23
22
23
22
21
20
21
22
23
24
25
24
25
26
27
26
27
28
27
28
29
29
29
28
29
28
29
28
27
26
25
24
25
26
27
26
27
28
29
30
31
32
33
32
33
34
35
36
35
34
33
34
33
34
35
36
35
36
37
38
37
38
37
36
37
38
37
38
37
38
39
40
41
40
41
40
39
40
39
40
39
40
41
40
41
42
43
42
41
40
41
42
43
42
43
44
43
44
45
44
43
44
43
44
45
44
45
44
45
46
45
44
45
44
43
44
43
42
41
42
43
44
45
46
47
46
47
46
47
48
48
48
49
49
50
50
51
52
53
54
55
54
53
54
53
54
55
56
56
57
57
58
59
60
59
58
59
60
59
60
59
60
59
60
61
62
63
64
65
66
67
66
65
64
63
64
63
64
63
64
65
64
65
66
67
68
69
70
71
72
73
74
73
72
73
72
73
74
75
74
75
76
75
74
73
74
75
76
76
76
75
76
75
74
73
74
73
73
73
74
75
76
75
74
75
74
75
76
76
77
77
76
75
76
75
76
76
76
75
76
77
76
75
76
77
76
75
74
73
72
73
72
73
74
75
74
73
72
71
70
71
72
73
72
73
74
75
74
75
76
77
78
79
80
79
80
81
82
83
84
83
82
81
82
83
84
83
82
82
82
81
82
83
84
85
86
87
87
87
86
85
86
87
88
87
86
87
88
89
90
91
92
92
92
93
92
92
92
91
92
93
92
91
92
91
92
91
90
89
88
87
88
89
90
89
90
89
88
87
88
87
88
89
88
87
88
88
88
88
88
87
88
88
89
90
91
92
92
93
92
93
94
93
92
93
94
93
94
95
96
95
94
95
96
97
98
98
98
99
100
101
102
103
103
103
104
105
106
107
108
107
108
107
108
109
109
110
111
111
110
111
112
113
112
113
114
115
114
113
112
111
112
111
110
111
112
113
114
115
116
117
117
118
118
119
118
117
116
115
114
115
116
115
116
115
116
117
118
119
120
121
122
121
120
121
122
123
124
125
126
127
126
127
128
127
126
127
128
127
126
127
128
129
128
127
128
129
130
131
132
133
134
134
134
135
136
136
136
137
138
139
140
139
140
139
138
138
139
140
141
141
142
143
144
145
146
147
148
147
148
149
150
149
150
151
151
152
153
154
155
155
154
153
152
153
153
154
155
156
156
157
157
157
156
155
154
155
156
157
158
159
160
159
158
159
158
158
158
157
158
159
160
159
158
157
156
157
158
159
158
159
158
159
160
161
162
163
164
165
164
165
166
167
166
167
166
166
167
168
168
167
166
167
168
167
166
167
166
165
165
165
166
167
168
169
168
167
166
165
166
165
166
167
168
167
168
167
168
169
170
171
172
171
170
169
169
170
170
171
171
171
172
173
172
173
172
173
174
175
176
176
176
175
174
173
174
175
176
177
178
177
176
177
176
176
177
177
178
179
180
181
180
181
182
181
182
183
182
181
180
181
182
183
182
183
184
185
186
187
188
189
190
189
189
190
191
192
192
191
190
191
190
190
191
191
190
189
190
189
190
189
188
187
188
189
188
188
189
189
190
189
190
191
190
191
192
193
194
193
192
193
194
195
196
197
196
196
196
197
196
197
198
197
196
197
198
199
198
199
200
201
200
201
200
199
199
200
200
201
200
201
202
201
202
203
202
202
202
203
204
203
204
205
206
205
205
206
206
205
206
207
206
207
206
207
206
207
206
205
204
203
204
205
206
207
208
208
208
209
210
210
211
212
212
213
214
214
215
216
216
217
218
218
219
219
220
219
218
219
218
217
216
217
217
217
216
217
218
219
218
219
220
219
220
219
218
218
219
220
220
221
222
223
224
225
226
227
228
229
229
230
230
231
230
230
230
231
232
231
230
231
232
233
234
234
235
235
236
235
234
235
236
235
235
235
236
237
238
238
238
237
236
237
236
237
238
239
238
239
240
239
239
239
240
241
242
243
244
245
246
245
246
247
248
249
248
249
250
249
250
249
250
251
252
251
250
249
248
247
247
248
249
250
251
251
251
252
253
253
254
255
256
257
256
257
258
259
258
259
258
259
260
260
261
262
263
264
264
264
264
265
266
266
267
267
266
266
266
265
266
267
266
267
267
267
268
267
267
268
268
269
270
269
268
269
269
269
270
269
270
269
270
271
272
272
272
273
272
271
272
273
274
275
274
275
275
276
277
278
279
280
281
282
282
282
282
281
282
283
284
283
284
283
284
285
286
287
286
287
288
289
290
291
292
293
294
293
294
295
296
297
298
299
298
299
298
299
300
301
300
300
301
301
302
302
303
304
305
306
307
308
308
309
310
309
308
309
310
311
310
309
310
309
310
311
311
312
313
314
314
315
315
316
317
317
318
317
316
315
314
313
314
314
314
315
315
316
316
317
318
317
316
317
318
317
318
319
320
319
320
321
322
323
322
321
322
323
324
325
326
325
324
323
324
325
326
325
324
324
325
326
327
328
329
330
331
332
332
333
334
334
335
335
335
336
337
338
338
337
338
338
338
339
340
341
342
341
342
343
344
345
346
346
347
348
349
350
350
351
352
353
352
351
351
351
352
351
350
351
352
351
352
353
352
351
352
353
354
353
354
355
356
357
356
357
358
359
360
359
360
361
362
361
360
361
362
363
362
363
364
365
364
363
364
364
365
366
367
367
366
367
368
368
368
369
370
371
371
371
372
373
374
374
374
375
375
375
375
375
376
377
378
377
378
379
378
379
378
379
380
381
382
381
382
383
382
381
382
383
382
383
384
383
382
383
384
383
384
385
386
387
388
387
386
387
386
387
388
389
388
387
386
387
388
389
390
391
392
392
393
393
392
393
394
393
394
393
394
395
394
395
396
395
396
396
397
398
398
399
398
399
400
400
401
402
403
404
405
406
407
407
406
407
406
405
404
405
406
407
406
405
404
403
404
405
406
407
408
408
409
410
410
411
412
413
412
411
412
413
412
413
414
415
416
415
414
415
414
413
413
413
414
415
414
414
415
416
417
418
419
420
420
421
422
423
424
425
426
426
427
427
428
429
430
431
432
431
432
433
434
433
434
435
436
437
436
437
437
437
438
439
438
437
437
438
439
440
441
441
442
443
442
443
443
443
444
444
444
445
446
445
446
446
446
445
446
447
448
447
446
447
448
449
450
449
448
447
447
447
447
447
448
449
448
449
450
449
450
451
452
453
454
455
456
455
456
457
458
459
460
461
460
461
462
463
464
463
462
463
462
461
460
461
460
461
462
463
464
465
465
465
466
465
466
467
467
468
469
470
470
471
472
473
474
475
474
473
474
474
474
475
475
475
476
477
478
479
480
481
482
482
483
484
485
485
486
487
486
487
488
487
487
488
489
490
491
492
493
493
494
495
496
497
498
499
500
499
500
500
500
501
502
503
503
504
505
506
506
505
506
507
508
509
508
508
509
509
510
511
512
511
512
513
514
515
516
516
516
517
518
519
520
519
518
518
519
520
521
521
521
522
522
522
523
524
525
526
526
527
526
527
528
529
528
529
530
530
531
532
533
534
534
535
535
536
537
537
538
539
538
538
538
539
538
539
540
541
542
543
544
544
545
546
546
547
546
547
548
549
550
551
550
551
552
551
551
552
553
554
554
555
554
553
554
555
556
557
558
559
559
559
560
561
562
562
563
563
564
565
566
566
567
568
568
569
570
570
571
572
573
573
574
575
576
577
578
578
579
579
580
581
582
581
582
583
582
583
584
585
586
587
588
589
590
591
591
591
591
592
593
594
594
593
594
594
595
595
594
593
594
595
594
593
594
593
594
595
594
595
596
597
598
599
598
599
600
600
601
601
602
603
603
603
604
605
606
607
607
608
609
610
610
611
612
613
614
613
612
613
614
613
614
614
615
616
617
618
619
620
621
621
622
622
623
624
624
624
625
626
627
627
628
627
626
625
624
625
626
627
628
628
628
629
630
630
631
632
633
634
634
633
632
633
632
633
634
634
634
635
636
637
638
639
638
637
638
639
640
640
641
642
643
643
644
644
645
646
647
648
648
649
650
651
650
651
650
651
651
652
652
651
650
649
650
651
652
651
652
651
652
653
654
654
654
655
656
657
656
657
656
657
658
657
658
659
660
660
661
662
662
663
664
663
664
665
666
667
668
669
670
671
672
673
672
673
674
675
676
675
674
675
676
675
676
677
676
675
676
675
675
676
676
675
676
676
677
678
678
677
678
679
680
681
682
681
680
679
678
677
678
677
676
677
676
675
676
677
678
677
678
679
678
679
680
679
678
677
676
677
678
679
680
681
681
682
683
684
685
686
686
687
688
688
688
689
690
691
690
689
690
691
692
691
690
691
692
693
692
693
692
693
694
695
694
695
696
697
698
697
696
696
697
698
699
700
701
702
703
703
704
704
705
705
704
705
704
705
706
706
707
707
708
708
709
710
711
712
712
712
713
714
715
716
717
718
719
719
720
720
720
721
721
721
722
723
722
721
722
721
720
721
722
721
721
721
722
721
722
721
722
721
722
723
724
723
724
725
726
725
726
727
728
729
729
729
730
731
730
731
730
731
732
731
730
731
732
731
731
731
732
732
733
733
732
733
732
731
732
731
730
731
732
733
734
735
736
737
738
738
739
739
740
741
742
743
744
745
746
745
746
747
748
747
746
747
748
747
748
749
748
749
750
751
750
751
752
751
750
751
752
753
754
753
754
755
756
755
756
757
758
759
760
761
762
763
764
765
764
763
762
763
764
765
764
765
766
767
768
768
769
770
771
772
772
772
773
774
775
776
777
777
777
778
779
779
778
777
778
779
780
781
782
783
784
784
785
785
785
785
786
786
786
786
786
787
788
787
786
787
788
789
788
789
788
787
787
787
788
789
790
791
792
793
794
794
794
795
794
793
794
793
794
795
796
795
796
797
796
797
797
797
796
795
796
797
798
799
798
799
800
801
800
801
802
802
802
803
802
803
804
803
802
803
804
805
806
805
806
807
806
805
806
805
806
805
804
803
804
805
806
807
808
808
808
809
810
811
812
813
814
815
816
817
816
815
815
816
816
817
818
819
820
820
821
822
822
821
822
823
824
823
824
824
824
823
823
824
824
825
826
825
826
827
826
827
828
827
826
827
826
826
827
828
829
829
830
829
830
830
831
832
833
834
835
836
837
838
838
839
839
840
841
841
842
842
843
844
845
845
846
846
846
847
848
847
848
849
848
849
848
849
850
850
850
849
850
850
850
850
851
852
853
854
855
856
857
858
858
857
858
859
858
857
858
859
860
861
862
863
864
864
865
866
867
868
869
870
871
871
871
872
873
874
875
876
877
878
879
880
880
881
882
883
883
883
882
882
883
883
884
885
884
885
884
885
886
887
886
887
888
889
889
890
891
891
892
892
893
894
894
895
896
896
897
898
899
899
900
901
902
902
903
904
905
905
905
906
906
907
908
908
909
910
910
910
911
911
911
912
913
914
915
915
914
915
914
913
914
915
916
917
918
919
920
921
922
923
924
925
926
925
926
927
927
928
928
929
930
930
931
932
933
934
934
935
936
936
937
937
938
937
938
938
938
938
938
939
938
939
938
939
940
941
942
943
944
945
946
946
947
948
949
950
950
951
951
952
953
954
955
955
954
955
955
956
956
955
955
955
955
955
956
957
958
958
959
960
961
962
963
963
964
965
965
966
966
967
968
969
970
971
971
971
972
973
972
973
974
975
975
976
977
978
978
977
978
979
979
980
980
981
982
983
982
983
983
984
985
986
987
988
989
990
991
991
992
993
994
995
996
997
996
997
998
999
1000
1001
1002
1003
1004
1005
1006
1007
1008
1008
1009
1010
1011
1011
1010
1011
1011
1011
1011
1012
1013
1014
1015
1015
1014
1015
1016
1017
1016
1016
1016
1016
1016
1017
1017
1018
1019
1019
1020
1021
1022
1023
1024
1024
1025
1025
1026
1026
1026
1027
1026
1027
1028
1029
1028
1029
1030
1031
1032
1031
1032
1033
1033
1033
1033
1034
1035
1035
1035
1036
1037
