35809
37623
41949
39741
45821
45857
39209
40209
43973
41239
44353
43295
45761
39637
49297
43983
48103
48151
54783
46231
43601
42529
50779
49981
51441
45593
46485
52609
52471
43483
46041
49825
50209
55781
58155
42197
47829
51845
50955
61129
50165
53855
47811
55547
43037
52619
47921
50227
63701
51873
54373
64053
44369
48077
46461
51659
55533
53817
67191
64045
57331
75335
55355
59133
47059
44213
48657
57845
57903
54667
52651
45477
57629
57937
58919
50871
44487
54795
53611
49421
73481
59269
75265
46385
61633
45185
45685
60933
50461
47603
63055
58295
48337
67801
65301
50247
61667
43987
58767
48265
63779
64701
53721
55989
57463
47245
67479
60209
56561
53857
65727
52097
56095
54285
61703
49329
63447
67887
60267
54175
58883
47283
41359
58403
59007
52073
53989
45827
63549
57781
45725
48645
45721
57963
62511
49567
55733
61803
53463
49003
55711
49829
68845
55329
53551
65837
67599
61675
51813
46319
50213
57531
50545
61495
61669
66631
51847
59751
73137
56219
69935
52219
56139
52263
55717
53581
63519
49821
51355
48279
69409
56229
48567
60265
59977
50699
50089
59233
50287
65551
59785
69105
60927
72379
57515
59739
67431
47745
67689
55669
62105
57039
67817
57265
66243
55115
58555
51153
62223
48335
56177
68881
67217
70961
52227
49471
48607
65717
77451
50091
55517
46271
51475
59417
59537
58629
52949
54695
39635
56019
58595
59877
52163
50079
71491
54383
51477
45171
48119
73589
71715
63823
60843
65605
72813
59411
52945
52517
58511
53697
66593
53985
51287
49239
53813
63779
76361
45991
63219
41915
69391
64647
65127
65619
48007
64465
69357
74865
67761
61777
69907
66041
60163
59159
61543
53487
63717
75495
71301
56387
49853
56309
46657
60251
61543
63813
67879
54505
46381
60515
76313
53559
74879
74463
53849
54389
60235
73565
63533
72509
70975
62179
59151
53889
57947
48169
85189
63703
60749
57827
62923
60119
66079
67435
55661
63925
57685
49813
61301
55053
50697
53003
66659
80731
54231
65405
47907
51947
46619
70093
61551
64463
50035
77097
63285
57281
53755
68253
56067
61833
56067
66611
67873
59055
61111
68051
40845
66579
53933
75871
73487
51627
66589
70949
81629
61873
74883
69697
65697
64191
52343
65019
68907
52733
65451
65399
66753
70007
53903
64463
68169
63917
53701
76805
64337
63101
61795
63255
71761
56015
75123
77469
51651
71239
58519
69497
72673
44301
54007
59803
73299
47333
61765
50683
44029
61757
79427
65133
71561
58235
67407
65283
61761
67063
79279
57885
65625
62819
57235
65251
61355
72131
69983
67867
60259
80151
50233
54085
79055
59009
57979
56279
57575
68175
65495
71683
74449
58049
52997
80165
75107
75871
71493
57721
69519
62371
66583
54993
55097
62751
71757
47357
75511
52241
56149
59317
68257
53047
54171
77535
67619
75661
69443
71581
57283
46649
61741
58065
67827
80265
70929
58021
84871
59373
76821
56303
65447
69747
62771
70527
67529
58729
48865
59139
66567
71699
59665
62631
62001
75429
66073
69925
69501
61101
62275
79229
75533
53043
61065
51619
56963
68927
62933
65563
71375
48465
67969
66091
57155
56171
61989
56137
69419
57811
55939
63201
43655
61859
82979
58103
76097
54435
59773
58467
77387
74889
53717
62331
50509
69875
71753
55475
74129
63917
72921
61529
76357
82337
65339
73287
62007
64615
45989
65771
73253
51305
81305
79323
86405
73585
79363
58909
76545
67921
74083
77901
85219
61657
72941
59735
45855
66575
73433
84767
73491
64841
65819
49847
65571
76799
55155
63001
55997
57915
69405
57133
69989
55087
54255
59577
55507
46289
51635
81555
62189
65817
77951
69481
71353
59471
77397
60827
72247
86329
81545
44557
79299
63451
77205
48471
82325
63949
78637
72045
50471
57087
56311
62773
77157
61855
70135
60257
70093
70071
54397
56115
68965
57597
48957
71253
71427
86227
81739
72365
65597
73129
68987
59475
65075
82209
59399
58593
55553
73395
58273
73573
63625
51485
75435
84709
78697
71273
82301
60989
63125
61565
58687
78685
54227
65103
76375
71513
56089
63347
76285
67811
57427
68983
92247
68301
59081
58241
64825
69659
64903
89431
77507
65559
46665
70983
62989
60243
62219
59709
60201
49859
71741
73393
58315
66719
57989
48481
76877
65395
42227
84191
71757
57075
69387
63275
53047
66775
63961
54913
68187
52149
66249
69731
69481
60277
71283
61599
71843
77451
72017
63087
79801
55797
60865
69355
77461
72011
71475
55397
67225
56799
52621
69973
77239
86373
65411
53871
58091
79695
67063
86045
85073
55457
57423
69747
54347
69463
64733
61761
71883
61851
67195
66569
63991
52961
65631
64883
80265
68501
60819
64523
58249
78223
76509
74261
80025
55291
75765
69399
74921
62193
80209
69901
53055
81771
66889
58321
87107
53845
81197
69523
81043
76955
70717
55815
73211
68931
48151
41307
78051
55723
57701
73299
79609
82305
62653
50465
81885
56799
81005
73441
65711
48549
67741
52347
65823
69393
76777
73927
55797
73201
81895
82521
63173
51803
62705
75207
64469
57571
76645
56031
56033
55789
55743
96081
83613
44019
82209
41889
68005
60217
73519
89813
79707
77459
87113
66065
93191
62381
60259
63649
58155
75421
69391
62403
80127
64083
81059
80181
59757
77327
65115
60277
87069
48411
62203
58197
82287
74877
46283
91707
62783
80679
71367
55789
71301
55667
61565
81307
69341
64835
78605
62395
51671
65631
64203
80053
69099
85743
68495
56741
60643
56067
55027
57847
56529
53693
88907
57843
83843
62343
52579
57969
66067
73585
79771
75935
74863
56719
60189
52139
87297
69731
69591
57703
79659
60243
81729
57205
68937
72759
71505
81665
79283
65069
70283
55793
91179
102197
65413
68879
68091
81153
54653
53959
57959
66615
78611
67355
76841
68931
69415
59043
50545
65609
79341
77291
77957
81451
75473
59057
91033
50545
85411
55743
54679
83733
49849
78435
87073
57829
69395
76699
63573
77417
56787
82879
86909
62353
70771
57919
94105
65691
66587
69711
52365
77235
57549
79627
63155
70687
63847
75351
55385
65889
83697
87555
61741
51909
56211
93459
69587
75135
67825
79237
83009
53041
85509
70101
77471
60481
74515
79851
66889
59955
71613
79459
69421
65123
76329
77323
75503
75417
67739
75497
68039
73577
56279
77215
52075
75739
76329
64193
59905
48979
50701
73363
75335
86689
58061
64599
69045
85509
77731
69509
64465
87083
89325
72427
61619
88927
65115
89989
65081
49877
71283
69687
76593
54201
55241
76743
52255
75497
57595
69505
60469
74905
93267
74471
65921
72505
68367
62029
65647
73607
65747
79965
65741
53823
65315
55747
65527
57957
55711
90349
53967
79317
76619
112777
56017
71739
66073
69063
57829
78653
80101
73929
75493
75329
79159
74263
56711
57575
64389
53847
91009
69771
56611
63135
73897
49845
78629
66013
61631
59235
71551
71705
57849
81349
73669
80293
65501
53931
55487
82197
78517
60539
50549
71407
73513
63969
62197
81315
94001
85141
89103
79659
62437
65749
76447
57077
88805
92671
69169
53831
63365
72413
73609
91015
93337
56761
61565
58151
86851
75769
116581
73291
89159
83379
84073
65133
68931
69745
70927
81835
70851
51485
79737
89059
58103
50221
74925
59955
75491
82391
68209
66543
73433
68937
63719
63387
64137
59873
75081
68805
93677
68411
82287
89291
79457
61147
48339
95137
91015
83039
53797
74511
70987
62365
63715
84221
83537
73395
54987
66881
62647
67241
61861
67343
91225
80273
65523
70961
69067
83713
45723
79223
92951
81059
78221
75323
60837
87133
88165
62701
54423
69615
73163
76381
69687
76087
69503
61637
69551
55353
61447
75087
58697
63625
57585
57437
78143
64341
57283
72521
68165
69661
63337
69805
53815
62991
76073
84449
67853
68251
58089
67195
78769
58697
74451
68761
74747
71657
67579
73453
75353
81279
63827
73757
72891
72367
60909
74771
81625
86353
61727
61997
64155
79879
70929
85227
51881
70219
77911
82259
62025
65355
69403
73365
74899
61773
108705
75159
72465
64319
51577
77627
80727
62451
63675
65539
73499
80757
43307
77675
61599
81567
83009
83079
73745
63425
75297
79301
72917
69377
64829
73775
67593
80485
56103
91009
75227
67709
82379
50683
85815
83035
74941
66933
65523
71809
69887
104727
74125
61087
57007
79681
62455
61565
94729
49873
84731
56161
65819
59779
51659
66855
75593
55953
87053
65793
75551
84609
78251
64457
52123
59459
57511
86351
59015
68213
80403
62789
75425
75523
63051
59611
74557
57285
68215
61839
76583
78979
97509
86467
53931
75535
74327
71215
80221
89311
71547
62393
79217
71465
67067
63721
72917
75433
79435
65977
63373
75513
82869
83125
58269
68205
49839
63721
72507
81659
77607
77987
61631
77539
89059
82213
93363
73273
60269
70895
51283
104727
70017
60579
62971
71825
87651
77957
69055
60015
59111
93139
91171
58545
66943
95873
50471
60911
85711
73323
56391
68935
71537
58869
75741
73923
68765
65949
77227
90867
80487
73645
69375
71435
64771
65713
61871
73519
66803
85033
67045
75507
81201
68127
78463
84243
78721
80253
61665
82995
57305
60277
89039
79239
69363
53161
55727
64619
55673
81725
82111
83213
62489
81939
73025
63719
75275
52621
65975
58547
86055
88771
73271
68079
69813
67637
73443
65387
82209
61681
63713
70845
86571
87209
86995
78251
77537
66897
67119
65419
92675
77629
67123
67373
70743
75221
77651
75551
95703
79879
77443
65889
87427
56407
78061
59373
93253
60723
93355
67053
63557
61735
57813
55789
83215
58547
73553
86639
97469
69149
59935
60933
56009
49821
97337
60277
56731
75035
71327
77281
82999
73147
54455
73761
92561
67989
60981
74641
65807
77501
54275
76685
70501
51567
91685
67343
85687
79227
60367
65005
84869
55983
74135
47901
59601
69439
63733
63955
73789
70017
82869
75285
63541
85793
70351
61607
80193
56749
78383
53563
68125
65841
89259
67633
72023
75115
51655
88763
65577
74551
76977
86055
57531
82053
72919
75275
70501
63351
69621
58903
69975
76643
57971
61899
93355
84975
68947
80159
89077
63559
92373
76191
67859
59577
59687
69341
55065
81919
48995
63723
81355
86245
59775
82021
73923
75507
60365
75949
112781
72573
77203
74945
53933
50509
61701
66789
80487
68923
78799
79697
78645
72091
45935
65059
81139
62273
75435
45279
66249
78699
52441
84603
108695
104695
66057
69403
100993
55759
70899
78677
69877
62971
79871
82285
101187
101577
91021
77477
73651
61055
56749
62297
76047
81525
84065
85393
61637
63735
83521
80197
76193
61929
57003
65851
80287
57719
56051
99017
72467
71505
89103
69381
68351
68085
54069
75829
63717
57719
67641
62575
53953
51095
90387
60713
79203
80181
63193
59615
85219
65385
65899
61057
56387
82423
48613
89581
71487
71207
45287
83449
88919
43585
84953
71993
72087
49465
56575
61929
79695
84737
50173
110787
90995
55895
73147
80075
100519
93395
52255
62715
58155
58719
68455
50693
77485
79269
61631
63365
66877
84139
60203
65975
77917
68761
51481
53847
50537
81913
75457
82377
69935
59535
81559
72119
64811
98257
59033
57233
56761
88341
53865
51369
71897
72513
69393
65953
78301
91035
73519
77495
62119
86457
66573
63199
73563
83835
69067
97951
89533
77565
75733
88761
99735
75303
77623
88341
68205
112777
81211
65929
65699
85645
87855
58263
79289
84729
74483
95393
51361
61927
65067
67131
75319
67903
79331
57551
57919
63541
84737
75949
86347
66807
93179
69585
75317
48663
87533
71355
84969
66423
75319
80099
72387
63607
56137
85793
69031
61783
79287
60287
98241
76827
74939
85785
45831
89367
84073
71887
89619
67467
68941
75573
62955
78753
57299
81601
55753
85179
65703
79061
82647
52285
73637
60563
80739
69379
87829
68909
68197
48299
75319
72301
63973
57701
53721
62069
64971
74717
73251
93353
69103
68219
99579
61223
58995
69427
77715
89081
78435
67727
85457
81233
83459
71183
72747
65285
77919
66513
87555
77517
77303
57833
85755
75975
59219
91039
63721
68851
60957
68027
73955
66619
100971
59631
77339
80101
56291
85291
81735
69041
93373
75949
77417
82237
47951
47491
58269
84425
61611
76525
89641
79761
54971
64375
71215
71817
62273
97579
63101
60873
62375
96533
53955
62115
87909
57397
87909
73359
61715
62713
55613
80031
60491
69761
81849
69353
80213
69775
77975
76597
59059
69359
85019
70943
74915
91037
79737
58313
83541
69717
69503
58627
66741
60599
53933
81335
70839
82197
77421
87753
78439
65649
80299
61665
55375
84027
78269
77509
66643
54501
72765
86773
81053
85383
90449
57017
75169
75503
64081
61993
62513
60583
59687
58485
84447
61211
82163
72513
61833
54885
64007
86347
81863
79433
71621
77257
88881
91393
70975
65929
61629
60419
85765
82287
72415
66311
104255
81537
75863
66901
70955
89299
73347
78687
82159
87261
71715
90561
75615
71897
84607
91171
88889
87177
64417
54369
79759
58293
95103
84195
97269
40397
73551
53925
