1588
1398
1110
1296
1440
1142
1596
1374
1518
1582
1500
1692
1608
1882
1792
1518
1846
1702
1446
2078
1486
2024
1290
1518
1750
2334
2304
1694
2046
2154
1924
1664
1450
1968
1660
1778
2282
1924
1930
1412
1810
1778
1228
1866
2154
2222
2054
2550
1594
1798
2548
2084
2616
1868
1742
2464
1662
1754
1790
1882
2242
2030
2494
2564
1502
2134
1798
1990
2452
1494
1946
1868
2188
2276
1656
2484
1978
2086
1798
2660
2270
2500
2530
1656
2572
2754
2686
2110
1610
2980
1990
2610
2136
2940
2344
1284
2658
2804
2758
2710
