16 15 12 9 11 9 6 4 2 2 
1 1 1 0 0 0 0 0 1 1 
266 244 216 193 165 137 105 76 50 21 
15 15 14 10 10 5 5 5 3 1 
10 10 8 6 5 4 1 1 1 1 
1 1 0 1 1 1 1 0 2 2 
1 2 2 1 1 1 0 0 0 0 
0 0 0 0 0 0 0 0 0 0 
3 5 3 3 4 4 2 2 3 1 
194 179 157 139 117 99 78 58 37 16 
0 0 0 0 0 0 0 0 0 0 
0 0 0 0 0 0 0 0 0 0 
26 21 21 18 15 14 11 8 8 4 
5 4 4 5 4 3 2 2 2 2 
3 3 3 3 2 1 1 1 1 0 
0 0 0 0 0 0 0 0 0 0 
0 0 0 0 0 0 0 0 0 0 
0 0 0 0 1 1 0 2 2 0 
0 0 0 0 0 0 0 0 0 0 
29 24 22 19 15 13 9 7 4 2 
0 1 3 2 1 1 0 0 0 0 
29 26 21 17 16 16 15 12 8 6 
8 7 6 6 6 4 2 2 1 1 
23 19 17 14 11 9 6 5 4 2 
14 13 9 6 5 5 6 6 7 5 
0 0 0 0 0 0 1 1 0 0 
39 35 30 26 21 19 15 12 8 4 
0 0 0 0 0 0 0 0 0 0 
0 0 0 0 0 0 0 0 0 0 
0 0 0 0 0 0 0 0 0 0 
4 4 4 3 3 2 0 0 0 0 
8 8 6 5 5 4 3 2 2 2 
0 0 0 0 0 0 0 0 0 0 
6 5 4 4 3 2 3 2 1 1 
2 2 0 3 4 5 5 3 3 1 
13 9 8 8 10 9 6 5 2 2 
5 5 4 4 3 2 3 2 1 1 
13 8 6 6 6 5 4 4 2 2 
197 182 160 142 120 101 80 60 39 17 
5 3 3 3 2 2 1 1 0 0 
0 1 1 0 1 1 2 3 2 1 
0 0 0 0 1 1 0 0 0 0 
54 48 43 40 29 22 15 12 8 4 
2 2 2 2 1 1 1 1 2 2 
0 0 0 0 0 0 0 0 0 0 
157 145 127 116 99 84 68 51 33 13 
3 5 3 3 4 4 2 2 3 1 
8 8 7 5 5 6 6 4 2 2 
1 1 1 2 1 0 1 1 0 0 
0 1 1 0 0 0 0 0 1 1 
15 9 8 8 10 11 8 6 3 2 
18 14 12 9 8 7 4 2 2 1 
0 0 0 0 0 0 0 0 0 0 
6 5 4 3 2 2 2 3 1 0 
0 1 1 0 0 0 0 0 0 0 
179 165 145 127 108 93 74 55 35 15 
4 4 4 3 3 2 0 0 0 0 
0 0 0 1 1 0 1 1 0 0 
0 0 0 0 2 3 1 1 1 0 
6 5 6 6 4 3 3 3 2 1 
0 1 1 0 1 1 1 2 2 1 
147 130 116 106 91 75 53 37 29 13 
23 19 16 13 11 9 6 5 4 2 
5 3 3 3 3 3 2 1 0 0 
0 0 0 0 0 0 0 0 0 0 
35 29 27 24 21 18 14 11 10 5 
0 0 0 0 0 0 0 0 0 0 
374 335 293 262 222 184 139 106 68 30 
324 295 261 234 195 162 124 93 60 25 
7 7 6 5 2 1 0 0 0 0 
5 2 1 2 2 1 1 1 0 0 
4 4 4 3 3 2 0 0 0 0 
370 332 291 260 219 181 137 103 66 29 
1 1 1 0 1 1 0 1 2 1 
0 0 0 0 0 0 0 0 0 0 
7 6 5 5 5 3 2 2 0 0 
24 19 17 14 12 10 7 6 4 2 
1 1 1 0 0 0 0 1 2 1 
14 13 9 6 5 4 5 6 7 5 
0 0 0 0 2 3 1 1 1 0 
0 0 0 0 0 0 0 0 0 0 
0 0 0 0 0 0 0 0 0 0 
14 12 10 10 7 7 5 5 3 1 
4 3 3 3 3 3 2 1 0 0 
0 0 0 0 0 0 0 0 0 0 
0 0 0 0 0 0 0 0 0 0 
26 21 21 18 15 14 11 8 8 4 
0 0 0 0 0 0 0 0 0 0 
8 7 6 6 6 4 2 2 1 1 
54 48 42 36 26 22 15 12 8 4 
1 0 0 0 0 1 2 1 0 0 
0 0 0 0 0 0 0 0 0 0 
3 1 0 0 0 0 2 2 1 0 
10 10 7 5 5 4 5 4 3 3 
1 1 1 1 2 1 0 1 1 0 
14 14 10 6 5 5 6 6 7 5 
0 0 0 1 1 0 1 1 2 2 
201 186 163 145 123 104 83 62 41 19 
11 7 5 5 5 4 2 2 1 1 
1 0 0 0 0 0 0 0 1 1 
0 2 2 0 2 2 2 3 2 1 
14 13 12 9 10 8 6 4 2 2 
0 0 0 0 0 0 0 0 0 0 
1 0 0 0 0 0 1 1 0 0 
1 1 1 0 0 0 0 0 1 1 
0 0 0 0 0 0 0 0 0 0 
2 1 0 0 0 0 0 0 0 0 
0 0 0 0 0 0 0 0 0 0 
1 1 1 0 0 0 0 1 2 1 
0 0 0 0 0 0 0 0 1 1 
1 1 0 1 1 2 3 1 0 0 
365 328 289 258 217 180 136 102 64 27 
0 0 2 3 1 0 0 0 0 0 
1 1 0 0 0 0 0 0 0 0 
4 1 1 1 0 0 0 1 1 0 
0 0 0 0 0 0 0 0 0 0 
0 0 0 0 0 0 0 0 0 0 
0 1 1 0 1 2 1 0 2 2 
0 0 0 0 0 0 0 0 0 0 
14 12 10 10 7 7 5 5 3 1 
7 6 5 5 5 3 2 2 0 0 
13 13 9 8 5 4 4 4 0 0 
29 26 21 17 16 16 15 12 8 6 
12 7 5 5 5 4 2 2 2 2 
6 2 1 2 3 2 1 1 1 1 
6 5 4 4 4 3 3 2 1 1 
0 0 0 0 0 0 0 0 0 0 
0 0 0 0 0 0 0 0 0 0 
0 1 1 0 0 0 0 0 1 1 
0 1 1 0 0 0 0 1 1 0 
13 12 12 11 7 6 4 2 2 0 
0 0 1 2 1 0 0 0 0 0 
5 3 3 3 3 3 2 2 1 0 
0 0 0 0 0 0 0 0 0 0 
0 0 0 1 1 0 0 0 0 0 
373 334 293 262 222 184 139 105 66 29 
0 0 0 0 0 0 0 0 0 0 
70 68 56 50 45 38 32 25 17 9 
371 332 291 260 219 181 137 103 66 29 
1 1 0 0 0 0 0 0 0 0 
12 7 5 5 5 4 2 2 1 1 
2 2 0 0 1 2 1 1 2 1 
3 3 3 3 2 3 2 1 0 0 
0 0 0 0 1 1 0 0 0 0 
1 1 3 2 1 3 2 1 1 0 
0 0 0 0 0 0 0 0 0 0 
0 0 0 0 0 0 0 0 1 1 
0 0 0 0 0 0 0 0 0 0 
18 14 14 11 8 7 6 3 5 3 
134 126 111 98 85 72 58 42 26 11 
0 0 0 0 0 0 0 0 0 0 
13 9 7 6 8 7 5 5 2 2 
0 0 0 0 0 0 0 0 0 0 
325 297 262 234 195 162 124 93 60 25 
0 1 2 1 0 0 0 1 1 0 
0 0 0 0 0 0 0 0 1 1 
14 14 10 6 5 5 6 6 8 6 
0 0 0 0 0 0 0 0 0 0 
3 2 2 2 2 2 2 1 0 0 
11 11 7 5 5 4 5 5 4 3 
0 0 0 1 1 0 1 1 0 0 
0 0 0 0 0 0 0 0 1 1 
8 8 6 5 5 4 3 2 2 2 
14 9 8 8 10 10 7 6 3 2 
8 8 6 5 5 4 3 2 2 2 
0 0 0 0 0 0 1 1 0 0 
28 24 21 17 15 14 10 8 5 2 
28 24 22 18 15 14 11 9 5 2 
29 24 21 18 15 13 9 7 4 2 
0 0 0 0 0 0 0 0 0 0 
4 4 6 4 2 1 1 3 3 1 
12 7 5 5 5 4 2 2 1 1 
6 6 6 5 5 4 4 4 2 2 
53 47 42 36 26 22 15 12 8 4 
2 3 3 3 1 0 2 2 0 0 
0 0 1 1 0 0 0 0 0 0 
0 0 0 0 0 0 0 0 0 0 
7 8 7 7 6 5 4 3 2 1 
0 0 0 0 0 0 1 1 0 0 
1 1 1 1 0 0 0 0 0 0 
105 98 85 75 66 57 48 36 20 10 
15 9 8 8 10 10 7 6 3 2 
3 3 3 2 1 1 0 0 0 0 
371 332 291 260 219 181 137 103 66 29 
1 1 0 1 2 3 3 1 0 0 
197 182 160 142 120 101 80 60 39 17 
25 22 18 14 10 9 9 5 3 2 
0 1 3 3 2 1 0 0 0 0 
201 186 163 146 124 104 83 62 41 19 
0 0 0 0 1 1 0 0 0 0 
36 29 28 25 21 18 14 11 11 6 
0 1 2 1 1 3 3 1 1 1 
0 0 0 0 0 0 1 1 0 0 
30 28 25 24 23 17 14 10 5 1 
0 0 0 0 0 0 0 0 0 0 
0 0 0 0 0 0 0 0 0 0 
4 4 5 4 3 2 0 0 0 0 
371 332 291 260 219 181 137 103 66 29 
6 2 1 2 3 2 1 1 1 1 
2 1 0 1 0 1 0 3 1 1 
14 13 12 12 12 10 7 5 2 1 
1 2 2 2 1 0 1 1 0 0 
0 0 0 0 0 0 1 1 0 0 
3 3 3 2 1 1 0 1 1 0 
2 2 0 1 2 4 4 3 3 1 
325 297 262 234 196 163 124 93 60 25 
3 3 3 2 1 1 0 0 0 0 
3 3 3 2 1 1 0 0 0 0 
73 69 59 54 46 39 32 22 19 8 
54 48 42 37 27 22 15 12 8 4 
0 0 0 0 0 0 0 0 0 0 
8 6 6 6 4 2 0 1 1 0 
9 8 7 6 3 2 1 1 1 1 
0 0 0 0 0 0 0 0 0 0 
0 0 0 0 0 0 0 0 0 0 
47 41 36 31 23 19 12 10 7 3 
48 43 39 33 23 20 13 10 8 4 
0 0 0 0 0 0 0 0 0 0 
6 5 5 5 4 3 3 3 2 1 
0 0 0 0 0 0 0 0 0 0 
53 47 42 36 26 22 15 12 8 4 
6 5 6 6 4 3 3 3 2 1 
2 2 0 1 2 4 4 3 3 1 
6 5 5 5 4 3 3 3 2 1 
104 97 84 74 66 57 47 35 20 10 
3 5 2 1 3 4 2 2 3 1 
0 0 0 0 0 0 0 0 0 0 
8 7 6 6 6 5 3 2 1 1 
4 3 3 3 3 3 2 1 0 0 
6 4 4 4 2 2 1 1 0 0 
356 322 283 252 214 177 133 101 64 27 
1 1 0 0 2 3 1 1 1 0 
134 125 110 97 83 71 58 42 26 11 
0 0 1 1 0 0 0 0 0 0 
15 15 14 10 11 6 5 5 3 1 
0 1 1 0 0 0 0 0 0 0 
1 1 1 0 0 0 0 0 1 1 
2 2 0 2 3 5 5 3 3 1 
70 63 51 50 44 37 24 22 13 8 
7 6 6 5 5 4 4 4 2 2 
0 0 0 0 0 0 0 0 0 0 
0 0 0 0 0 0 0 0 0 0 
194 179 157 140 118 100 79 58 38 17 
0 0 0 0 0 0 0 0 0 0 
3 3 3 5 4 1 1 1 2 1 
0 0 1 1 0 1 2 2 3 2 
10 10 7 5 5 4 5 5 4 3 
11 9 8 8 8 7 5 4 3 0 
379 340 298 267 226 188 143 109 69 30 
18 14 12 9 8 7 4 2 2 1 
23 19 16 13 11 9 6 5 4 2 
0 0 0 1 2 1 1 1 0 0 
14 15 14 12 12 11 8 5 2 1 
8 7 6 5 2 1 0 0 0 0 
179 165 146 129 109 93 74 55 35 15 
4 3 3 3 3 3 2 1 0 0 
13 12 12 11 7 7 5 3 3 0 
2 1 0 1 1 2 3 1 0 0 
81 78 67 59 51 47 36 28 20 8 
3 2 2 2 2 2 1 1 0 0 
193 179 157 139 117 99 78 58 37 16 
1 0 0 0 0 0 0 2 2 0 
0 0 1 1 0 0 0 0 0 0 
15 15 14 10 11 6 5 5 3 1 
1 0 0 0 0 0 1 1 0 0 
0 1 1 0 1 1 0 1 1 0 
1 0 0 0 0 0 1 1 2 2 
0 1 2 1 1 3 3 1 1 1 
1 1 1 1 1 1 0 0 0 0 
12 10 10 9 9 8 7 6 4 2 
23 19 16 13 11 9 6 5 4 2 
0 2 2 0 2 2 2 3 2 1 
15 9 8 8 10 10 7 6 3 2 
53 47 42 36 26 22 15 12 8 4 
2 2 2 1 1 1 2 2 0 0 
8 8 6 5 3 2 3 3 0 0 
134 126 111 98 85 72 58 42 26 11 
1 3 4 2 1 1 0 0 0 0 
30 28 25 24 22 16 14 10 5 1 
1 1 1 0 1 1 0 2 3 1 
0 1 1 1 2 1 0 1 1 0 
14 12 10 10 7 7 5 5 3 1 
0 0 0 0 1 1 0 0 0 0 
0 1 3 2 1 2 1 1 1 0 
4 2 1 1 1 1 1 1 0 0 
6 4 3 3 3 3 2 2 1 0 
0 0 0 0 0 0 0 0 0 0 
0 0 0 0 0 0 0 0 0 0 
0 1 1 1 3 2 0 0 0 0 
2 2 2 1 1 1 2 2 0 0 
162 144 128 115 100 80 55 38 28 12 
0 0 0 0 1 2 2 2 1 0 
2 2 0 0 1 2 1 1 2 1 
103 96 84 74 66 57 47 35 20 10 
0 0 1 2 1 0 0 0 0 0 
0 0 0 0 0 1 1 0 0 0 
2 2 2 2 2 1 1 0 0 0 
0 1 1 0 0 0 0 0 1 1 
24 19 17 14 11 9 7 6 4 2 
6 5 5 4 3 2 0 1 1 0 
101 94 83 74 66 57 46 34 20 10 
1 1 0 0 0 0 0 0 0 0 
1 0 0 0 0 0 0 1 1 0 
30 28 25 24 23 17 14 10 5 1 
6 4 3 3 3 3 2 2 1 0 
23 19 17 14 11 9 6 5 4 2 
0 0 0 1 1 0 0 0 0 0 
1 1 1 2 1 1 1 0 1 1 
0 0 0 0 0 0 0 0 0 0 
1 2 2 2 1 0 0 0 0 0 
0 0 0 0 0 0 0 0 0 0 
14 14 13 8 8 4 3 2 2 1 
1 1 0 0 0 0 0 0 0 0 
0 1 1 1 2 1 0 0 0 0 
24 19 17 14 11 9 7 6 4 2 
1 1 0 1 1 1 1 0 2 2 
26 21 21 18 15 14 11 8 8 4 
5 2 1 1 1 1 1 1 0 0 
0 0 0 0 0 0 0 0 0 0 
1 2 1 0 1 2 2 1 2 2 
13 12 10 8 5 4 1 1 1 1 
0 0 0 0 0 1 1 0 0 0 
54 48 43 38 27 22 15 12 8 4 
1 1 1 1 2 2 2 3 2 0 
0 0 1 2 1 0 0 0 0 0 
198 183 161 143 121 102 81 60 40 18 
0 0 0 0 0 0 0 0 0 0 
255 231 204 183 159 131 97 69 45 19 
0 0 0 0 0 0 1 1 0 0 
0 0 0 0 0 0 1 2 1 0 
1 0 0 0 0 1 2 1 0 0 
14 13 9 6 5 4 5 6 7 5 
0 0 0 0 0 0 0 0 0 0 
6 5 5 5 4 3 3 3 2 1 
13 9 8 8 10 9 6 5 2 2 
2 2 0 1 1 0 0 0 0 0 
102 95 84 74 66 57 46 34 20 10 
19 13 14 11 8 8 6 3 7 4 
0 0 1 1 0 0 0 0 0 0 
365 328 289 258 217 180 136 102 64 27 
23 19 16 13 11 9 6 5 4 2 
1 3 4 2 1 1 0 0 0 0 
1 0 0 0 0 0 0 0 1 1 
1 1 1 0 0 0 0 1 1 0 
8 8 6 5 5 4 4 3 3 3 
1 0 0 0 0 0 0 0 0 0 
0 0 0 0 0 0 0 0 0 0 
13 9 7 6 9 9 6 5 2 2 
0 0 0 1 1 0 0 0 0 0 
54 48 42 37 27 22 15 12 8 4 
14 14 10 6 5 5 7 7 8 6 
47 41 36 31 23 19 12 10 7 3 
134 125 110 97 83 71 58 42 26 11 
1 1 0 0 0 0 0 0 0 0 
0 1 1 1 3 2 0 0 0 0 
0 0 0 0 0 0 0 0 0 0 
0 0 0 0 0 0 1 1 0 0 
0 0 0 0 0 0 0 0 0 0 
193 179 157 139 117 99 78 58 37 16 
42 34 32 28 23 20 16 13 11 6 
1 1 0 0 0 0 0 0 0 0 
8 8 6 5 3 2 4 4 0 0 
45 41 34 29 25 23 20 15 10 7 
35 29 27 24 20 17 14 11 10 5 
0 1 1 1 1 0 0 0 1 1 
1 1 1 1 1 1 0 0 0 0 
1 0 0 1 1 2 3 1 0 0 
5 3 3 3 3 3 2 1 0 0 
0 0 0 0 0 0 0 0 0 0 
1 1 4 4 2 3 2 1 1 0 
0 0 0 0 0 0 0 0 0 0 
0 0 0 0 0 1 2 2 1 0 
42 34 32 28 23 20 16 13 11 6 
8 7 6 6 6 4 2 2 1 1 
201 186 163 145 123 104 83 62 41 19 
0 0 1 2 1 0 0 0 0 0 
1 0 0 0 0 0 1 1 0 0 
1 0 0 0 0 0 0 1 1 0 
324 295 261 233 194 162 124 93 60 25 
0 0 0 0 0 0 0 0 0 0 
1 0 2 3 1 1 1 0 0 0 
0 1 3 2 1 1 0 0 0 0 
7 6 6 5 5 5 5 4 2 2 
0 0 0 0 0 1 1 0 0 0 
6 5 4 4 3 2 3 2 1 1 
1 0 0 1 0 0 1 0 1 0 
1 1 2 1 0 1 1 0 0 0 
281 256 224 201 173 142 106 79 51 24 
53 47 42 36 26 22 15 12 8 4 
0 1 1 0 0 0 0 0 0 0 
1 1 0 0 0 1 2 1 0 0 
0 1 1 1 1 0 0 0 0 0 
0 1 1 1 3 2 0 0 0 0 
1 1 1 0 0 0 0 0 0 0 
13 9 7 6 8 8 6 5 2 2 
0 0 0 0 0 0 1 1 0 0 
1 1 2 0 1 0 2 0 0 0 
0 0 0 0 0 0 0 0 0 0 
0 0 0 0 0 0 0 0 0 0 
8 8 6 5 5 4 4 3 2 2 
1 1 0 1 1 0 0 0 0 0 
5 2 1 2 2 1 1 1 0 0 
0 0 0 0 0 0 0 0 0 0 
0 0 0 0 0 0 0 0 0 0 
366 328 289 258 217 180 136 102 64 27 
1 0 0 0 0 0 0 1 1 0 
0 0 0 0 0 0 1 1 0 0 
5 4 5 4 3 2 0 0 0 0 
193 179 157 139 117 99 78 58 37 16 
13 8 6 6 6 5 3 3 2 2 
0 0 0 0 0 0 1 1 0 0 
27 21 21 18 15 14 11 9 9 4 
1 2 1 0 0 0 0 0 0 0 
7 7 6 6 7 8 8 6 3 2 
0 0 0 0 0 0 0 0 0 0 
4 3 3 3 3 3 2 1 0 0 
16 13 12 9 8 6 3 2 2 1 
0 0 0 0 0 0 0 0 0 0 
12 7 5 5 5 4 2 2 1 1 
1 1 0 1 1 1 1 0 2 2 
0 1 2 1 2 5 5 2 1 1 
3 1 1 1 1 1 1 1 0 0 
8 7 6 5 2 1 0 0 0 0 
15 17 12 12 8 7 5 5 2 1 
41 34 32 28 23 20 15 12 11 6 
6 4 4 4 2 2 1 1 0 0 
0 0 0 0 2 2 0 0 0 0 
0 0 0 0 0 0 0 0 0 0 
4 3 4 3 2 1 1 2 2 1 
6 6 5 3 2 2 2 3 1 0 
13 8 6 6 7 6 4 4 2 2 
4 4 4 3 3 2 0 0 0 0 
14 15 15 13 13 12 8 5 2 1 
4 3 3 3 3 3 2 1 0 0 
8 7 6 6 6 4 2 2 1 1 
0 0 0 1 1 2 2 0 0 0 
11 7 7 5 5 5 4 2 5 2 
6 8 10 5 2 1 2 4 3 1 
0 1 3 2 0 1 1 1 1 0 
1 1 4 4 3 4 2 1 1 0 
0 1 1 0 0 0 0 0 0 0 
0 0 0 1 1 0 0 0 0 0 
0 1 2 1 1 1 0 0 0 0 
3 3 3 4 3 1 1 1 1 0 
0 0 0 1 1 0 2 2 2 2 
0 0 0 0 0 0 0 0 2 2 
1 2 1 0 1 2 2 1 2 2 
13 11 10 9 9 8 7 6 4 2 
0 0 0 0 0 1 2 2 1 0 
1 2 1 0 1 1 0 0 0 0 
1 1 1 1 1 1 2 2 0 0 
13 11 10 9 9 8 7 6 4 2 
0 0 0 0 0 0 0 0 0 0 
14 14 13 12 12 11 8 5 2 1 
1 1 1 0 1 1 0 2 3 1 
0 0 0 0 1 1 0 0 0 0 
3 1 1 1 1 1 1 1 0 0 
14 14 10 6 5 5 7 7 8 6 
42 34 32 28 23 20 15 12 11 6 
1 1 1 1 2 1 0 2 2 0 
1 0 0 0 0 0 1 1 0 0 
0 1 1 0 1 1 1 2 1 0 
1 0 2 3 1 1 2 1 0 0 
198 183 161 143 121 102 81 60 39 17 
134 126 111 97 83 71 58 42 26 11 
4 4 4 3 2 2 2 2 0 0 
1 0 0 2 0 0 1 1 0 0 
0 0 0 0 0 0 0 0 0 0 
27 24 21 17 15 14 10 8 5 2 
0 1 1 0 0 0 0 0 0 0 
48 43 39 33 23 19 12 10 8 4 
0 0 0 0 1 2 1 0 0 0 
374 335 293 262 222 184 139 106 67 29 
6 5 6 5 3 2 0 1 1 0 
0 0 0 0 1 0 0 0 0 0 
3 3 0 0 1 2 1 2 3 1 
1 2 3 3 1 0 1 1 0 0 
0 0 0 0 0 0 0 0 0 0 
0 0 0 0 0 0 0 0 0 0 
0 0 1 2 1 0 0 0 0 0 
14 9 8 8 10 9 6 6 3 2 
1 2 2 2 1 0 0 0 0 0 
36 29 28 25 21 18 14 11 10 5 
2 1 0 1 3 4 3 1 0 0 
0 0 0 0 0 1 2 1 0 0 
8 8 6 5 5 4 3 2 2 2 
29 25 23 19 15 14 11 10 6 2 
9 9 7 6 3 2 4 4 0 0 
53 47 42 36 26 22 15 12 8 4 
91 88 75 66 60 51 42 30 23 9 
54 48 43 39 28 22 15 12 8 4 
6 5 5 4 3 2 0 1 1 0 
13 9 7 6 8 8 6 5 2 2 
54 48 43 40 29 22 15 12 8 4 
0 0 1 1 0 0 0 0 0 0 
6 5 4 4 3 2 3 2 1 1 
0 0 0 0 0 0 0 0 0 0 
13 9 8 8 10 9 6 5 2 2 
24 19 17 14 11 9 7 6 4 2 
1 1 0 0 0 0 0 1 1 0 
8 8 6 5 3 2 3 3 0 0 
1 1 0 1 1 0 0 0 0 0 
0 0 0 0 0 0 0 0 0 0 
0 0 0 0 0 0 0 0 0 0 
0 0 0 0 0 0 0 0 0 0 
12 11 12 11 7 6 4 2 2 0 
0 0 0 0 0 0 0 0 0 0 
31 25 25 22 18 16 12 9 9 4 
3 5 4 4 4 4 2 2 3 1 
13 8 6 6 8 7 5 5 2 2 
1 0 0 0 0 0 0 0 0 0 
2 3 3 3 1 0 2 2 0 0 
0 0 0 0 2 2 0 0 0 0 
15 9 8 8 10 11 8 6 3 2 
1 0 0 0 0 0 1 1 2 2 
0 0 0 0 0 0 0 0 0 0 
0 1 1 1 1 0 0 0 0 0 
0 0 0 0 0 0 0 0 0 0 
1 1 0 0 0 1 1 0 0 0 
13 12 12 11 7 6 4 3 3 0 
134 126 111 98 85 72 58 42 26 11 
0 0 0 0 0 0 0 0 0 0 
54 48 43 38 27 22 15 12 8 4 
9 9 6 5 3 2 4 4 0 0 
2 2 1 1 2 2 1 0 1 1 
1 1 0 0 0 1 1 0 0 0 
3 1 0 0 0 0 0 0 0 0 
23 23 20 21 19 14 11 6 4 1 
1 0 0 0 0 0 1 1 0 0 
0 0 0 0 0 0 0 0 0 0 
22 18 16 13 11 9 6 4 2 1 
0 0 0 0 0 0 0 0 0 0 
0 0 1 1 0 0 0 1 1 0 
2 2 0 1 2 4 4 2 1 0 
2 1 0 1 3 4 3 1 0 0 
0 0 0 0 0 0 0 0 0 0 
1 1 1 0 2 2 0 2 3 1 
0 0 0 0 0 0 1 2 1 0 
0 0 0 0 2 2 0 0 0 0 
2 1 0 1 2 3 3 1 0 0 
1 0 0 0 0 0 0 0 0 0 
0 1 1 0 1 1 0 0 0 0 
0 0 0 0 0 0 0 0 0 0 
7 6 5 5 5 3 1 1 0 0 
0 1 1 0 0 0 0 0 1 1 
342 310 272 241 207 170 128 96 60 28 
15 9 8 8 10 11 9 7 3 2 
0 0 0 0 0 0 0 0 0 0 
134 125 110 97 83 71 58 42 26 11 
1 1 1 1 1 1 0 0 0 0 
103 96 84 74 66 57 46 34 20 10 
0 1 1 1 2 1 0 1 1 0 
1 2 4 4 2 1 0 0 0 0 
15 9 8 8 10 10 7 6 3 2 
5 4 5 6 4 3 3 3 2 2 
35 29 27 24 21 18 14 11 10 5 
114 109 96 85 74 64 50 38 24 10 
2 2 0 1 2 3 3 2 1 0 
0 0 0 0 0 0 0 0 0 0 
367 329 289 259 218 180 136 102 64 27 
194 179 157 139 117 99 78 58 38 17 
2 2 0 0 0 0 0 0 1 1 
110 97 86 75 63 51 35 27 16 6 
197 182 160 142 120 101 80 59 38 17 
7 8 7 7 6 5 4 4 3 1 
0 0 0 0 0 0 0 0 0 0 
54 48 42 36 26 22 15 12 8 4 
0 0 0 0 0 0 1 2 1 0 
7 6 5 5 5 3 2 2 0 0 
0 0 0 0 0 0 0 0 0 0 
8 6 7 9 8 8 8 2 7 1 
0 2 2 0 2 2 2 3 2 1 
15 9 8 8 10 11 8 6 3 2 
2 2 0 3 4 5 5 3 3 1 
0 0 0 1 1 0 0 0 0 0 
0 0 0 0 0 1 2 2 1 0 
5 5 4 4 3 2 3 2 1 1 
9 9 7 6 3 2 4 4 0 0 
0 0 0 1 1 0 0 0 0 0 
6 5 6 6 4 3 3 3 2 1 
134 125 110 97 83 71 58 42 26 11 
0 0 0 0 0 0 0 0 0 0 
7 7 7 5 5 5 5 4 2 2 
13 12 10 8 5 4 1 1 1 1 
3 3 3 3 3 2 1 1 0 0 
0 1 1 0 1 1 0 0 0 0 
104 97 84 74 66 57 47 35 20 10 
23 23 20 20 18 14 11 6 4 1 
48 42 38 33 23 19 12 10 7 3 
3 3 3 3 3 2 1 1 0 0 
2 2 2 2 2 2 2 2 2 2 
1 2 2 2 1 0 0 1 1 0 
0 0 0 0 0 0 0 0 1 1 
54 48 42 36 26 22 15 12 8 4 
23 19 16 13 11 9 6 4 2 1 
2 2 0 2 3 5 5 3 3 1 
14 14 13 12 12 11 8 5 2 1 
0 0 0 0 0 0 0 0 0 0 
0 1 2 1 2 5 5 2 1 1 
0 0 0 1 1 0 0 0 0 0 
1 0 0 0 0 0 0 0 0 0 
1 2 2 2 1 0 0 0 0 0 
68 61 50 49 43 35 22 20 14 8 
0 1 3 2 1 1 0 0 0 0 
0 1 3 2 1 1 0 0 0 0 
10 9 7 6 4 3 1 1 1 1 
3 3 3 3 3 2 1 1 0 0 
53 47 42 36 26 22 15 12 8 4 
10 8 9 8 4 5 5 3 2 1 
0 0 1 1 0 0 0 0 0 0 
0 0 0 0 0 0 0 0 0 0 
0 0 0 0 0 1 2 2 1 0 
3 3 3 3 2 2 1 1 0 0 
14 14 13 8 8 4 3 2 2 1 
6 3 3 4 3 3 5 4 2 2 
0 0 0 0 0 0 0 0 1 1 
1 1 3 2 1 2 1 1 1 0 
0 0 0 0 1 2 2 2 2 1 
54 48 42 37 27 22 15 12 8 4 
0 0 0 0 0 0 0 0 1 1 
0 0 0 0 0 0 0 0 0 0 
0 0 1 1 0 0 0 0 0 0 
13 9 7 7 10 9 6 5 2 2 
0 0 0 0 2 3 1 1 1 0 
27 21 21 18 15 14 11 9 9 4 
1 1 0 1 1 0 0 0 1 1 
7 7 6 5 2 1 0 0 0 0 
3 3 3 3 3 2 0 0 0 0 
1 1 0 0 0 0 0 0 0 0 
101 94 83 74 66 57 46 34 20 10 
1 2 1 1 1 0 0 0 0 0 
7 7 6 6 7 8 7 5 3 2 
0 1 1 0 0 0 0 0 0 0 
8 7 6 6 6 4 2 2 0 0 
7 6 5 5 5 3 1 1 0 0 
1 0 0 0 0 0 0 0 0 0 
111 100 92 83 71 58 41 26 22 8 
24 19 17 14 11 9 7 6 4 2 
0 0 0 0 0 0 0 0 0 0 
13 11 9 9 6 6 4 4 2 0 
12 11 11 9 8 6 3 2 2 1 
0 0 0 0 0 0 0 0 0 0 
3 6 6 6 5 1 1 1 2 1 
1 1 1 0 0 0 0 0 1 1 
0 0 0 0 0 0 0 0 0 0 
4 4 4 3 3 2 0 0 0 0 
143 132 119 106 87 70 51 35 26 12 
0 0 0 0 0 0 0 0 0 0 
1 0 0 0 0 1 2 1 0 0 
45 42 34 30 25 24 21 15 10 7 
1 1 1 1 2 3 2 2 1 0 
0 0 0 0 1 2 1 0 0 0 
3 2 2 3 2 2 1 1 1 0 
211 192 166 148 128 106 77 56 38 19 
8 7 6 4 2 3 3 3 1 0 
10 10 7 5 5 4 5 4 3 3 
4 4 4 3 2 2 2 2 0 0 
6 4 3 3 3 3 2 2 1 0 
130 122 107 95 81 69 56 41 25 10 
324 295 261 234 195 162 124 93 60 25 
9 7 7 6 4 4 4 3 2 1 
1 1 0 1 1 1 2 1 0 0 
0 0 0 0 0 0 0 0 0 0 
12 11 7 5 5 4 5 5 4 3 
138 129 114 100 86 73 58 43 27 11 
0 1 1 0 0 0 0 0 1 1 
1 1 0 0 0 0 0 1 1 0 
2 2 0 1 2 4 4 3 3 1 
9 9 6 5 3 2 4 4 0 0 
17 14 12 9 8 6 3 2 2 1 
0 1 1 1 2 2 1 0 2 2 
0 1 1 0 1 2 1 0 2 2 
0 1 2 1 0 0 1 2 1 0 
101 94 83 74 66 57 46 34 20 10 
3 3 3 3 3 2 0 0 0 0 
6 5 5 5 4 3 3 2 1 1 
90 85 74 67 58 51 39 29 22 8 
1 2 1 0 1 1 1 1 0 0 
0 0 0 0 0 0 0 0 0 0 
4 4 4 3 3 2 0 0 0 0 
29 28 25 24 22 16 14 9 4 1 
2 2 0 0 0 0 0 0 1 1 
0 1 1 1 1 0 0 0 0 0 
0 0 0 0 0 0 0 0 0 0 
0 0 0 1 3 2 0 0 0 0 
3 2 2 2 0 0 0 0 0 0 
13 12 12 11 7 7 5 3 3 0 
0 0 0 0 0 0 1 1 0 0 
134 126 111 98 85 72 58 42 26 11 
371 332 291 260 219 181 137 103 66 29 
4 1 1 1 0 0 0 1 1 0 
0 1 3 3 2 1 0 0 0 0 
0 0 0 0 0 0 0 0 0 0 
0 0 0 0 0 1 1 0 0 0 
6 5 5 4 3 2 0 1 1 0 
0 0 0 1 1 0 0 0 0 0 
0 0 1 1 0 1 1 1 1 0 
28 24 23 19 15 14 11 10 6 2 
13 13 13 11 7 7 5 3 3 0 
0 1 2 1 0 0 0 1 1 0 
1 1 0 0 0 0 0 0 0 0 
194 179 157 139 117 99 78 58 37 16 
0 0 0 0 0 0 0 0 0 0 
0 0 0 0 0 1 1 0 0 0 
13 11 9 9 6 6 4 4 3 1 
0 0 0 1 1 0 2 2 2 2 
9 8 7 6 4 3 1 1 1 1 
0 0 0 0 0 0 0 0 0 0 
0 0 0 0 0 0 0 0 0 0 
61 57 48 42 37 33 27 23 14 8 
8 7 6 6 6 4 2 2 0 0 
1 1 3 2 1 2 1 1 1 0 
0 0 0 0 0 0 0 0 0 0 
68 60 50 49 43 34 22 21 12 5 
28 24 22 18 15 14 11 9 5 2 
7 6 6 5 4 4 4 3 2 1 
0 0 0 0 0 1 2 2 1 0 
0 0 2 3 1 0 0 0 0 0 
30 28 25 24 22 16 14 10 5 1 
0 1 1 0 1 1 1 2 1 0 
1 2 2 0 0 0 0 0 1 1 
0 0 1 1 0 0 0 0 0 0 
134 126 111 98 85 72 58 42 26 11 
194 179 157 140 118 100 79 58 38 17 
106 96 87 77 67 53 36 24 18 8 
15 14 12 9 10 8 6 4 2 2 
1 2 2 0 0 0 0 0 1 1 
12 7 5 5 5 4 2 2 2 2 
8 7 6 5 3 4 5 4 1 0 
1 0 0 0 0 0 0 0 1 1 
1 0 0 0 0 0 1 1 0 0 
48 43 39 33 23 20 13 10 8 4 
1 1 0 0 0 0 0 0 0 0 
17 19 17 16 17 14 9 7 5 2 
194 179 157 139 117 100 79 58 38 17 
1 2 2 2 1 0 0 1 1 0 
1 0 0 0 0 0 0 0 0 0 
26 21 21 18 15 14 11 8 8 4 
0 0 0 0 0 0 0 0 0 0 
0 0 0 0 0 0 0 0 0 0 
6 5 5 4 3 2 0 0 0 0 
28 24 21 17 15 14 11 9 5 2 
1 1 1 1 1 1 0 0 0 0 
14 13 12 9 10 8 6 4 2 2 
0 0 0 0 0 0 0 0 0 0 
4 3 3 3 3 3 2 1 0 0 
39 35 30 26 21 19 15 12 8 4 
130 122 107 95 81 69 56 40 24 10 
13 12 12 11 7 6 4 3 3 0 
142 124 109 98 86 67 47 34 21 12 
0 0 0 0 0 0 0 0 0 0 
6 4 3 3 2 2 1 1 0 0 
13 11 9 9 6 6 4 4 3 1 
0 0 0 0 0 1 1 0 0 0 
6 4 4 4 2 2 2 2 0 0 
14 13 9 6 5 5 6 6 7 5 
199 184 161 143 121 102 81 60 41 19 
3 3 3 3 2 3 2 1 0 0 
1 2 3 3 1 0 1 1 0 0 
4 4 2 4 2 2 2 3 2 1 
0 0 0 0 0 0 0 0 0 0 
13 11 10 9 9 9 8 6 4 2 
34 28 27 24 20 17 13 10 10 5 
0 0 1 1 0 0 1 1 0 0 
0 0 1 1 0 1 1 0 0 0 
30 23 19 18 18 15 10 8 4 3 
0 0 1 1 0 0 0 0 0 0 
2 2 0 3 4 5 5 3 3 1 
1 2 1 1 2 2 1 0 2 2 
2 2 0 0 0 0 0 0 1 1 
0 0 0 0 0 0 0 0 0 0 
1 1 0 0 0 0 0 0 0 0 
0 0 1 1 1 1 1 1 0 0 
1 1 0 1 1 2 3 1 0 0 
373 334 293 262 222 184 139 105 66 29 
5 2 1 2 2 1 1 1 1 1 
3 2 2 3 1 1 1 1 1 0 
145 128 115 103 91 73 51 35 26 10 
15 15 14 9 8 4 3 2 2 1 
134 126 111 98 86 73 58 42 26 11 
2 3 3 3 1 0 1 1 0 0 
2 1 1 1 1 1 1 1 0 0 
3 3 2 2 1 2 2 1 2 2 
0 0 1 1 0 0 0 0 0 0 
0 0 0 0 0 1 1 0 0 0 
0 0 0 0 0 0 0 0 0 0 
0 0 0 0 0 0 0 0 0 0 
1 1 0 0 0 0 0 0 0 0 
0 0 0 0 0 0 0 0 0 0 
3 1 1 1 1 1 1 1 0 0 
7 8 7 7 6 5 4 4 3 1 
145 133 116 106 90 75 63 45 32 12 
4 3 3 2 2 2 2 2 2 2 
1 0 2 3 1 1 1 0 0 0 
53 46 38 35 36 29 19 15 9 5 
2 2 2 2 1 1 1 1 1 1 
5 2 1 2 3 2 1 1 1 1 
16 13 12 9 7 5 3 2 2 1 
5 3 3 3 3 3 2 2 1 0 
197 182 160 142 120 101 80 59 38 17 
3 3 3 2 1 1 0 0 0 0 
1 0 0 0 0 0 0 0 0 0 
366 328 289 258 217 180 136 102 64 27 
3 3 3 3 2 1 1 0 0 0 
6 5 4 4 4 3 3 2 1 1 
3 1 1 1 1 1 1 1 0 0 
0 0 0 0 0 0 0 0 0 0 
0 0 0 0 0 1 2 1 0 0 
12 11 12 11 7 6 4 2 2 0 
370 332 291 260 219 181 137 103 66 29 
0 0 0 0 1 1 0 1 1 0 
0 1 3 2 1 1 0 0 0 0 
1 1 1 2 1 0 0 0 1 1 
104 97 84 74 66 57 48 36 20 10 
0 0 0 0 0 0 0 0 0 0 
30 28 25 24 22 16 14 9 4 1 
48 42 38 33 23 19 12 10 7 3 
0 1 1 0 0 1 1 0 0 0 
0 0 1 1 1 2 2 2 2 1 
7 7 7 5 5 5 5 4 2 2 
1 1 3 2 1 2 1 1 1 0 
3 2 2 2 2 2 2 1 0 0 
13 8 6 6 6 5 4 4 2 2 
0 0 1 1 0 0 0 1 1 0 
0 0 0 0 0 0 0 0 0 0 
1 0 0 0 0 1 2 1 0 0 
17 18 15 14 17 12 9 6 4 0 
103 96 84 74 66 57 46 34 20 10 
6 2 1 2 3 2 1 1 1 1 
7 6 6 5 3 2 0 1 1 0 
0 0 0 0 2 3 1 1 1 0 
0 0 0 0 0 1 2 2 1 0 
0 0 0 0 0 0 0 0 0 0 
1 0 0 0 0 0 0 0 0 0 
0 1 1 0 1 2 1 0 2 2 
0 1 0 1 0 0 0 0 0 0 
0 1 1 0 0 0 0 0 0 0 
0 0 1 1 0 0 1 1 1 1 
2 2 0 1 2 3 3 2 1 0 
8 7 6 6 6 4 2 2 1 1 
101 94 83 74 66 57 46 34 20 10 
0 0 0 0 0 1 1 0 0 0 
0 1 1 1 1 0 0 0 0 0 
24 19 17 14 12 10 7 6 4 2 
14 15 15 13 13 12 8 5 2 1 
1 1 2 1 0 1 1 0 0 0 
1 1 0 0 0 0 0 0 0 0 
1 2 4 4 2 1 0 0 0 0 
13 9 7 6 9 9 6 5 2 2 
34 28 27 24 20 17 14 11 10 5 
5 2 1 2 2 1 1 1 1 1 
54 49 40 38 38 31 20 17 11 7 
0 0 0 0 0 0 0 0 0 0 
16 14 12 14 6 6 2 5 4 2 
29 28 25 24 22 16 14 9 4 1 
29 24 23 20 15 13 9 8 5 2 
127 119 104 92 79 67 54 39 23 10 
10 6 5 5 5 4 2 2 1 1 
0 1 1 0 0 0 0 0 0 0 
1 0 0 0 0 0 0 0 0 0 
3 2 2 2 2 2 2 2 1 0 
0 1 1 0 0 0 0 0 0 0 
1 1 0 0 1 2 1 0 1 1 
0 1 3 2 0 1 1 1 1 0 
0 0 0 1 1 0 0 0 0 0 
13 12 10 8 5 4 1 2 2 1 
0 1 1 1 1 0 0 0 0 0 
0 1 1 1 1 0 0 0 0 0 
0 0 0 0 0 0 0 0 0 0 
8 8 7 5 5 6 6 4 2 2 
3 2 2 2 2 2 2 2 1 0 
3 5 2 1 2 3 2 2 3 1 
13 8 6 6 7 6 5 5 2 2 
29 28 25 24 22 16 13 8 4 1 
3 4 3 2 3 4 3 3 3 0 
23 23 20 20 18 14 11 6 4 1 
3 4 1 0 1 2 1 2 3 1 
0 0 0 1 1 1 1 0 0 0 
0 1 2 1 1 3 4 2 1 1 
0 0 0 0 0 0 0 0 0 0 
81 77 67 59 50 44 35 28 19 8 
54 48 42 37 27 22 15 12 8 4 
0 0 0 1 1 0 0 0 0 0 
3 3 3 3 3 2 0 0 0 0 
53 47 42 36 26 22 15 12 8 4 
3 6 6 6 5 1 1 1 2 1 
0 1 2 1 2 4 4 2 1 1 
0 0 0 0 0 0 0 0 0 0 
4 4 4 4 4 3 2 1 0 0 
171 158 139 124 105 87 65 46 33 15 
24 19 17 14 11 9 7 6 4 2 
0 0 0 0 1 2 2 2 1 0 
4 3 3 3 3 3 2 1 0 0 
0 0 0 0 0 0 0 0 0 0 
5 4 5 6 4 3 2 2 2 2 
14 14 14 9 8 4 3 2 2 1 
6 4 3 3 3 3 2 2 1 0 
0 0 0 0 1 2 1 0 0 0 
8 8 6 5 3 2 4 4 0 0 
152 140 123 112 96 80 66 47 32 12 
1 1 0 0 0 0 0 0 0 0 
14 15 14 12 12 11 8 5 2 1 
3 2 2 2 3 3 2 1 0 0 
6 5 4 4 3 2 3 2 1 1 
0 0 0 1 2 1 1 1 0 0 
0 0 0 0 1 1 0 0 0 0 
23 23 20 21 19 14 11 6 4 1 
0 0 0 0 0 0 0 0 0 0 
14 12 10 11 8 7 5 5 3 1 
0 0 1 1 0 0 0 0 0 0 
3 1 0 0 0 0 0 0 0 0 
0 0 0 0 1 2 1 0 0 0 
1 1 1 0 0 0 0 0 1 1 
0 0 0 0 0 1 1 0 2 2 
6 4 3 3 2 2 1 1 0 0 
0 0 0 0 0 0 0 0 1 1 
1 1 1 2 1 0 0 0 1 1 
0 0 0 1 1 0 0 0 0 0 
29 24 22 19 15 13 9 8 5 2 
1 1 0 0 0 0 0 0 0 0 
0 1 1 1 3 2 0 0 0 0 
0 0 0 0 1 2 2 2 1 0 
1 1 1 1 2 3 2 2 1 0 
374 335 293 262 222 184 140 108 69 30 
12 7 5 5 5 4 2 2 2 2 
0 0 0 1 1 0 0 0 0 0 
0 0 0 0 0 1 2 1 0 0 
3 3 3 3 2 3 2 1 0 0 
104 95 85 74 64 50 36 24 17 8 
47 41 36 31 23 19 12 10 7 3 
7 6 5 5 5 3 2 2 0 0 
27 24 21 17 15 14 10 8 5 2 
14 13 9 8 5 4 4 4 0 0 
0 1 3 2 1 2 1 1 1 0 
0 0 0 0 0 0 0 0 0 0 
0 0 0 0 0 0 0 0 0 0 
0 0 0 0 0 0 0 0 0 0 
2 2 0 1 2 4 4 3 2 0 
0 0 0 1 1 0 1 1 0 0 
14 9 8 8 10 9 6 5 2 2 
3 3 3 6 5 1 1 1 2 1 
1 1 1 0 1 1 0 2 3 1 
0 0 0 0 0 0 0 1 1 0 
0 1 1 0 0 0 0 0 1 1 
0 1 1 1 2 2 1 0 2 2 
3 3 3 2 1 1 0 0 0 0 
0 1 1 0 0 0 0 0 1 1 
10 10 7 6 3 2 4 4 0 0 
0 1 1 0 0 0 0 0 0 0 
313 282 249 221 190 157 119 86 54 24 
13 11 10 9 9 9 8 6 4 2 
0 1 1 0 0 1 1 0 2 2 
326 298 262 235 197 163 124 93 60 25 
14 13 9 6 5 4 5 5 6 5 
1 1 1 2 1 1 1 0 1 1 
0 0 0 0 0 0 0 0 0 0 
0 0 0 0 0 1 2 2 1 0 
13 13 8 5 5 4 5 5 6 5 
2 1 0 1 1 2 3 1 0 0 
1 0 0 0 0 0 0 0 0 0 
54 48 42 36 26 22 15 12 8 4 
14 14 10 6 5 5 8 8 8 6 
5 3 3 3 3 3 2 1 0 0 
0 0 1 1 1 1 1 1 0 0 
1 1 1 2 1 0 1 1 0 0 
1 2 4 4 2 1 0 0 0 0 
27 21 21 18 16 15 11 9 9 4 
0 1 1 0 1 1 1 2 1 0 
3 3 3 6 5 1 1 1 2 1 
0 0 0 1 1 0 0 0 0 0 
3 5 2 1 3 4 2 2 3 1 
0 0 0 0 0 0 0 0 0 0 
13 12 7 5 5 4 5 5 4 3 
3 2 2 2 3 3 2 1 0 0 
0 0 1 1 0 0 1 1 0 0 
0 0 0 0 0 0 0 0 0 0 
1 1 0 0 0 0 0 0 1 1 
8 7 6 5 2 1 0 0 0 0 
14 9 8 8 10 9 6 5 2 2 
283 256 224 201 173 141 108 79 50 21 
0 0 0 0 0 0 1 1 0 0 
6 5 4 3 2 2 2 3 1 0 
0 1 1 0 1 1 0 0 0 0 
0 0 0 0 0 0 1 2 1 0 
1 1 0 0 0 1 1 0 0 0 
0 0 0 0 0 0 1 1 0 0 
13 12 10 8 5 4 1 2 2 1 
12 10 10 9 9 8 7 6 4 2 
0 0 1 1 0 0 2 2 0 0 
27 24 21 17 15 14 10 8 5 2 
15 9 8 8 10 11 8 6 3 2 
373 334 293 262 222 184 139 106 67 29 
0 0 0 0 1 1 0 0 0 0 
5 5 4 4 3 2 2 1 1 1 
4 3 4 3 2 1 1 2 2 1 
371 332 291 260 219 181 137 103 66 29 
15 15 14 10 10 5 5 5 3 1 
6 5 4 4 3 2 3 2 1 1 
8 8 6 5 3 2 3 3 0 0 
0 0 0 1 1 0 0 0 0 0 
