1 1 0 1 1 0 1 1 0 0 
25 21 16 15 14 9 7 6 5 4 
6 4 4 1 3 4 3 4 4 3 
2 4 5 3 3 2 0 0 1 1 
8 8 7 6 8 7 6 5 3 2 
8 8 8 6 3 1 1 1 0 0 
3 5 3 3 4 2 3 4 2 1 
1 1 0 1 1 0 0 0 0 0 
0 1 1 0 0 0 0 0 0 0 
8 8 7 5 5 4 4 4 2 1 
0 0 1 1 0 0 0 0 0 0 
2 2 2 2 1 1 1 1 1 1 
1 1 0 0 1 1 0 0 0 0 
100 87 78 65 57 45 33 26 18 11 
2 0 0 0 2 2 0 0 0 0 
40 34 32 27 21 19 15 9 5 3 
0 0 0 0 0 0 1 1 0 0 
2 2 1 1 1 2 1 0 0 0 
0 0 0 0 0 0 0 0 1 1 
26 22 21 17 14 15 14 8 5 3 
13 12 9 7 7 6 5 5 4 2 
0 1 1 1 1 1 1 0 1 1 
0 0 0 0 0 0 1 1 0 0 
2 2 3 3 2 1 0 0 0 0 
57 47 40 37 33 24 19 16 12 7 
0 0 1 1 0 1 1 1 1 0 
1 0 0 0 0 1 1 0 1 1 
1 1 1 2 2 1 0 0 1 1 
1 3 3 3 3 1 2 2 1 1 
0 0 0 0 0 0 0 0 0 0 
7 7 5 5 4 4 3 2 1 1 
2 2 1 1 1 2 1 0 0 0 
50 43 40 34 26 24 18 11 7 3 
7 5 4 4 4 3 3 2 2 2 
41 35 28 28 28 22 19 12 10 7 
31 26 21 20 19 15 14 12 8 4 
50 43 40 34 25 22 17 10 6 3 
0 0 0 1 1 0 0 0 0 0 
1 1 0 0 2 3 1 0 0 0 
0 0 0 0 0 0 0 0 0 0 
4 4 5 4 3 2 1 1 2 1 
0 1 1 0 0 0 0 0 0 0 
68 60 50 47 45 36 28 20 14 8 
0 0 0 0 0 0 0 0 1 1 
7 6 6 5 4 4 3 4 3 0 
0 0 0 0 0 1 1 0 0 0 
4 3 2 1 2 1 2 3 3 2 
3 4 3 2 3 3 1 1 1 1 
0 0 0 0 1 1 1 1 0 0 
0 0 0 0 0 0 0 0 0 0 
2 0 1 1 0 0 0 1 1 0 
22 19 17 14 11 9 3 1 1 1 
0 0 0 0 0 0 0 0 1 1 
0 0 0 0 0 0 0 0 0 0 
1 1 1 1 0 0 0 0 0 0 
0 0 0 0 0 0 0 0 0 0 
0 0 0 0 0 0 0 0 0 0 
3 2 3 2 1 1 1 1 0 0 
1 1 0 0 0 0 0 0 0 0 
23 23 20 14 12 10 4 4 5 3 
1 2 1 0 1 1 0 1 1 0 
31 26 21 20 21 17 14 12 8 4 
41 35 28 27 26 19 17 12 9 6 
2 2 1 1 1 2 2 1 0 0 
3 1 0 1 2 2 1 0 0 0 
48 43 36 34 33 25 21 14 10 7 
22 19 17 14 11 9 3 1 1 1 
26 22 16 15 15 12 10 9 8 5 
8 7 5 5 6 6 5 3 2 1 
0 0 0 1 1 0 1 1 0 0 
1 0 0 1 2 1 0 1 2 1 
45 38 32 28 27 23 18 14 9 5 
0 0 0 0 0 0 0 0 0 0 
0 0 0 1 1 0 0 0 0 0 
0 1 1 0 0 0 0 0 0 0 
11 10 10 11 10 8 6 6 4 2 
16 12 9 9 9 7 7 5 3 2 
0 0 0 0 0 0 0 1 1 0 
56 47 40 37 33 24 19 15 11 7 
0 0 0 1 2 1 0 1 2 1 
4 2 0 1 2 2 1 0 0 0 
2 3 1 0 1 1 0 1 1 0 
0 1 1 0 0 0 0 0 0 0 
11 10 8 9 8 7 5 3 3 2 
1 1 0 1 0 0 0 0 0 0 
17 13 9 9 9 7 7 5 3 2 
0 1 1 0 0 2 3 1 0 0 
0 0 0 0 0 0 0 0 0 0 
2 3 1 0 1 1 0 1 2 1 
23 22 19 14 12 10 3 2 3 2 
26 22 16 15 15 12 9 7 7 5 
161 139 125 104 88 72 57 39 28 14 
1 2 1 1 3 3 3 2 1 1 
1 2 4 3 2 2 0 0 0 0 
0 1 1 0 0 1 2 1 0 0 
8 8 7 5 6 6 5 4 3 2 
0 0 0 0 0 0 0 1 1 0 
23 19 14 14 13 8 7 6 5 4 
0 0 2 2 0 1 1 1 1 0 
2 1 1 1 1 1 1 1 0 0 
0 0 0 0 0 0 0 0 0 0 
0 0 0 0 0 0 0 0 0 0 
1 2 1 1 3 3 4 3 1 1 
1 3 5 3 2 2 1 1 0 0 
0 0 0 0 0 0 0 1 1 0 
22 19 17 14 11 9 3 1 1 1 
0 0 0 0 0 0 0 0 0 0 
13 12 9 7 7 6 5 6 5 2 
3 1 1 1 1 1 1 1 0 0 
2 2 2 2 2 1 0 0 0 0 
9 6 2 4 4 2 2 2 5 4 
0 0 0 0 0 0 0 0 0 0 
0 1 1 0 0 0 0 0 0 0 
7 6 6 5 4 4 3 3 2 0 
5 5 4 4 4 3 3 3 1 0 
21 21 19 15 13 12 9 5 4 2 
0 1 1 0 1 4 5 3 2 1 
0 0 0 0 0 0 0 0 0 0 
23 22 19 14 12 10 3 2 3 2 
0 0 0 0 0 0 0 0 0 0 
1 1 0 0 0 0 0 0 0 0 
0 0 0 0 0 0 0 0 0 0 
0 0 0 0 0 0 0 0 0 0 
6 4 2 4 3 1 2 2 5 4 
31 27 22 20 21 17 14 12 8 4 
0 0 0 1 1 0 1 1 1 1 
0 0 0 0 0 0 0 0 1 1 
1 0 0 0 0 1 1 0 1 1 
0 1 1 0 0 0 0 1 1 0 
0 0 0 0 0 0 0 0 0 0 
17 15 15 15 12 11 8 6 4 2 
0 1 1 0 0 0 0 0 0 0 
0 0 0 0 0 0 0 1 1 0 
1 1 0 1 1 0 1 1 0 0 
26 22 16 15 15 11 8 7 7 5 
8 8 7 5 6 5 4 4 3 2 
0 0 0 0 0 0 0 0 0 0 
0 1 1 0 0 0 0 0 1 1 
31 28 23 20 22 18 15 13 9 5 
9 6 2 5 5 2 2 2 5 4 
0 0 0 0 0 0 0 0 0 0 
0 0 0 0 0 0 0 0 0 0 
3 5 4 4 4 2 3 4 2 1 
3 3 4 3 0 0 1 1 0 0 
8 8 7 5 5 4 4 4 2 1 
2 3 3 3 1 1 1 1 0 0 
2 1 0 0 2 1 4 1 0 2 
0 1 1 0 1 1 0 0 0 0 
2 2 1 0 1 1 1 2 1 0 
0 0 0 0 0 0 0 0 0 0 
1 1 0 0 0 1 1 1 1 0 
2 2 2 2 2 2 2 1 0 0 
40 34 32 27 21 20 16 9 5 3 
0 0 0 0 0 1 1 1 1 0 
7 7 5 5 5 6 4 2 1 1 
57 47 40 38 34 24 19 16 12 7 
0 0 0 0 0 0 0 0 0 0 
4 3 4 3 1 1 1 1 2 1 
18 13 10 11 10 8 9 6 3 2 
12 10 10 10 8 4 3 3 2 1 
20 17 16 15 14 13 11 7 5 4 
45 38 32 28 27 23 18 14 9 5 
0 0 0 0 0 0 0 0 0 0 
0 0 0 0 0 0 0 0 0 0 
12 10 10 9 7 4 3 3 2 1 
1 2 3 2 3 5 5 4 4 2 
2 3 3 2 2 1 0 0 0 0 
0 1 1 0 0 1 1 0 0 0 
22 22 19 15 13 12 9 5 4 2 
28 22 19 15 13 12 10 9 7 3 
3 3 4 4 1 0 1 1 0 0 
64 54 47 41 37 27 22 18 12 7 
0 0 0 0 0 0 0 1 1 0 
3 1 0 1 1 0 1 1 1 1 
0 1 3 2 0 0 0 0 0 0 
13 11 11 6 8 5 2 2 3 3 
23 22 19 14 11 9 3 1 2 2 
26 22 16 16 16 12 10 9 8 5 
6 7 6 4 3 3 3 3 3 1 
0 0 0 0 0 0 0 0 0 0 
0 0 0 0 1 1 0 0 0 0 
39 34 31 26 21 19 15 9 5 3 
8 8 7 5 5 4 4 4 2 1 
2 2 1 1 1 1 0 0 0 0 
32 29 26 20 17 15 8 6 5 3 
40 34 31 26 21 19 15 9 5 3 
0 0 0 0 0 0 0 0 0 0 
18 13 10 10 9 7 8 6 3 2 
6 3 1 4 3 1 2 2 5 4 
39 33 26 25 24 18 15 10 8 5 
3 1 1 1 1 1 1 1 0 0 
10 8 8 5 4 4 4 4 2 0 
5 3 2 2 5 5 1 0 0 0 
1 0 0 0 0 1 1 0 1 1 
1 1 1 1 0 0 1 1 0 0 
7 5 4 5 5 4 5 4 3 2 
39 33 26 25 24 17 14 10 8 5 
0 0 0 1 1 1 0 1 1 0 
3 4 3 2 3 3 1 1 1 1 
0 0 0 0 0 0 0 0 0 0 
23 19 14 14 13 8 7 6 5 4 
3 3 4 3 0 0 0 0 0 0 
13 12 9 7 8 7 5 6 5 2 
25 22 20 16 13 13 12 7 5 3 
6 3 0 2 2 1 2 2 5 4 
0 0 0 0 0 0 0 0 0 0 
35 29 26 21 18 15 13 12 9 3 
313 274 241 209 184 148 114 83 56 28 
68 60 50 47 45 36 28 20 14 8 
313 274 241 209 184 149 115 83 56 28 
4 4 5 4 3 2 1 1 2 1 
0 0 1 1 0 0 0 0 1 1 
4 2 3 2 1 1 1 1 0 0 
15 12 11 8 8 7 6 6 3 1 
266 232 205 176 156 125 95 69 51 25 
9 3 4 6 1 1 4 2 0 1 
54 46 40 34 30 24 19 15 9 5 
1 0 0 1 2 1 0 1 2 1 
0 0 0 1 1 1 1 0 0 0 
0 1 2 2 1 0 0 0 0 0 
0 0 0 1 1 0 0 0 0 0 
26 22 16 16 16 12 10 9 8 5 
35 29 26 21 18 15 13 12 9 3 
30 24 20 19 18 15 14 12 8 4 
148 130 110 98 92 73 57 42 30 14 
5 5 4 4 4 3 3 3 1 0 
1 1 1 1 0 0 0 0 0 0 
2 2 2 2 1 1 1 1 1 1 
23 22 19 14 11 9 3 1 2 2 
41 35 35 29 21 21 17 9 5 3 
0 1 3 2 0 0 0 0 0 0 
7 5 4 4 4 3 3 3 3 2 
2 3 4 3 2 1 0 0 1 1 
11 10 10 11 9 7 6 6 4 2 
0 1 1 0 0 0 0 0 0 0 
0 2 2 0 1 4 5 3 2 1 
0 0 1 0 2 1 2 2 0 2 
68 60 50 47 45 36 28 20 14 8 
32 29 26 20 17 15 8 6 5 3 
1 2 2 1 0 0 0 0 1 1 
8 8 7 6 8 7 5 4 3 2 
0 0 0 0 0 0 1 1 0 0 
3 3 4 3 0 0 1 1 0 0 
8 8 6 4 4 4 4 4 3 1 
1 0 0 0 1 1 0 0 0 0 
0 0 0 0 0 0 0 1 1 0 
64 54 47 41 37 27 23 19 13 8 
8 8 7 5 5 4 4 4 2 1 
31 26 21 20 21 17 14 12 8 4 
31 27 22 20 21 17 14 12 8 4 
0 1 1 0 1 4 5 3 2 1 
2 2 0 0 1 1 0 0 0 0 
18 13 10 11 10 7 8 6 3 2 
9 7 6 6 6 7 6 6 2 0 
3 2 3 2 1 1 1 1 0 0 
2 2 0 0 1 1 0 0 0 0 
4 4 5 4 3 2 1 1 2 1 
0 0 0 0 0 0 0 0 0 0 
8 7 7 6 3 1 1 1 0 0 
3 2 1 1 0 3 0 0 0 0 
1 1 1 2 2 1 0 0 1 1 
7 5 4 5 5 3 3 3 3 2 
1 2 2 1 0 0 0 2 3 1 
4 5 4 4 4 2 3 4 2 1 
313 274 241 208 183 148 114 83 56 28 
4 3 5 4 2 4 3 1 1 1 
0 1 1 0 0 1 1 0 0 0 
49 42 39 33 24 22 17 9 5 3 
0 0 0 0 0 1 2 1 2 2 
0 0 0 0 0 1 1 0 1 1 
48 42 35 34 33 25 21 14 10 7 
6 6 6 5 5 4 3 2 2 0 
41 35 34 28 21 21 17 9 5 3 
1 1 1 0 1 1 0 1 1 0 
0 0 1 1 0 0 0 0 1 1 
2 3 4 3 2 1 0 0 1 1 
2 0 0 0 0 2 0 0 0 0 
41 35 35 29 21 21 17 9 5 3 
23 19 14 13 12 8 7 6 5 4 
12 10 10 10 8 4 3 3 2 1 
0 0 0 0 0 0 0 0 1 1 
1 1 0 0 0 1 1 0 0 0 
6 6 4 3 3 3 2 3 3 1 
13 12 9 7 8 7 5 6 5 2 
33 29 23 20 23 20 16 13 9 5 
15 13 10 9 9 9 5 4 3 0 
0 0 0 0 0 0 0 0 0 0 
0 0 0 0 0 0 0 0 1 1 
26 22 16 15 15 11 8 7 7 5 
0 0 0 0 0 0 0 0 1 1 
7 7 5 5 4 4 3 2 1 1 
0 1 1 1 1 0 1 1 0 0 
57 47 40 37 33 24 19 15 11 7 
0 0 0 0 0 0 0 1 1 0 
8 8 8 6 3 1 1 1 0 0 
21 20 18 15 13 12 9 5 4 2 
0 0 0 0 0 0 0 0 0 0 
0 0 0 0 0 0 0 0 0 0 
15 14 12 10 10 10 7 5 4 2 
0 0 0 0 0 0 0 0 1 1 
150 131 111 99 92 73 58 43 30 14 
2 2 2 2 2 1 0 0 0 0 
0 0 1 1 1 1 0 0 0 0 
54 46 40 34 30 24 19 15 9 5 
0 0 0 0 1 1 0 0 0 0 
28 22 19 15 13 12 10 10 8 3 
56 47 40 37 33 24 19 15 11 7 
1 1 0 0 1 1 1 1 1 1 
1 0 1 1 0 0 0 0 0 0 
5 2 0 1 3 3 1 0 0 0 
0 0 0 0 0 0 0 0 0 0 
0 0 0 0 0 0 0 0 0 0 
1 2 4 3 2 2 0 0 0 0 
0 0 0 0 0 0 0 0 0 0 
5 3 2 2 3 3 1 0 0 0 
0 0 0 0 0 0 0 0 1 1 
55 46 40 36 32 24 19 15 10 6 
28 22 19 16 14 12 10 10 8 3 
27 22 16 17 17 12 10 9 8 5 
50 43 40 34 25 22 17 10 6 3 
23 22 19 14 11 9 3 1 2 2 
3 1 0 1 2 2 1 0 0 0 
7 5 4 4 4 3 3 2 2 2 
17 15 15 15 12 10 7 6 4 2 
6 4 2 2 2 4 4 3 2 0 
0 0 1 1 0 0 0 0 0 0 
0 1 1 0 1 1 0 0 1 1 
1 1 0 0 1 1 0 0 0 0 
4 2 0 1 2 2 1 0 0 0 
2 3 4 3 2 1 0 0 0 0 
2 4 6 4 3 2 0 0 1 1 
1 3 3 2 2 1 0 0 1 1 
8 8 7 5 5 4 4 4 2 1 
0 0 0 0 0 0 0 0 0 0 
1 0 0 1 3 2 0 1 3 2 
154 135 115 103 95 76 60 45 31 14 
0 0 0 1 2 2 1 0 0 0 
1 1 1 0 0 0 0 1 1 0 
23 22 19 14 12 10 3 2 3 2 
0 0 1 1 0 0 0 0 1 1 
7 7 5 5 5 5 3 2 1 1 
5 5 3 4 4 2 1 0 0 0 
0 0 0 0 0 0 0 0 0 0 
50 43 40 34 25 23 18 11 7 3 
22 20 18 14 11 9 3 1 1 1 
28 22 19 15 13 12 10 9 6 2 
1 2 3 2 3 5 5 4 3 1 
1 0 0 0 0 0 0 0 0 0 
0 0 0 0 0 0 0 1 1 0 
0 0 0 0 0 0 0 0 0 1 
0 1 2 1 0 0 0 0 0 0 
7 5 4 4 4 3 3 2 2 2 
0 0 0 0 0 0 0 0 0 0 
15 14 12 10 10 10 7 5 4 2 
0 0 0 0 0 0 0 0 0 0 
35 29 26 21 18 15 13 11 8 3 
13 12 10 9 8 8 5 4 3 0 
1 0 0 1 1 1 1 0 1 1 
0 0 0 0 0 0 1 1 0 0 
0 0 0 1 1 0 0 1 2 1 
39 33 26 25 24 18 15 10 8 5 
1 2 1 0 1 1 0 1 1 0 
0 0 1 1 0 0 0 0 0 0 
13 12 11 8 8 7 5 4 1 1 
8 7 5 5 5 6 5 5 2 0 
7 7 6 7 5 4 4 3 3 1 
0 1 2 1 0 0 0 0 0 0 
1 1 0 0 0 0 1 2 1 0 
8 5 4 5 5 4 5 4 3 2 
23 22 19 14 12 10 3 1 2 2 
12 10 9 8 6 3 3 3 2 1 
0 0 0 0 0 0 1 1 0 0 
1 1 1 1 0 0 1 1 0 0 
1 2 1 0 0 0 0 0 1 1 
1 1 0 1 2 2 1 0 0 0 
0 0 0 0 0 0 0 0 0 0 
21 21 19 15 13 12 9 5 4 2 
7 5 4 5 5 3 4 4 3 2 
1 1 0 0 0 1 2 1 0 0 
5 3 2 2 4 4 1 0 0 0 
12 11 10 8 8 6 5 3 2 2 
0 1 2 2 1 0 0 0 0 0 
0 0 0 0 0 0 0 0 0 0 
4 3 2 2 2 4 4 2 1 0 
0 1 2 2 1 0 0 0 0 0 
1 1 0 1 1 0 1 1 0 0 
8 7 5 5 5 5 5 3 2 1 
0 0 0 0 0 0 0 0 0 0 
31 26 21 20 21 17 14 12 8 4 
4 5 4 3 3 3 2 2 1 1 
11 10 10 10 8 7 5 5 4 2 
1 1 0 0 1 2 2 1 1 1 
2 2 2 2 1 1 1 1 1 1 
2 0 0 0 0 0 1 1 0 0 
0 0 0 0 0 0 0 1 1 0 
8 8 6 4 4 4 3 3 3 1 
45 38 32 28 27 23 18 14 9 5 
0 0 0 0 0 0 0 0 1 1 
3 2 2 2 2 3 3 1 0 0 
41 35 28 28 28 22 19 12 10 7 
0 0 0 0 0 0 0 0 0 0 
1 0 0 0 0 0 0 1 1 0 
8 7 5 5 5 6 4 3 1 0 
66 56 49 43 39 29 24 20 13 8 
0 1 1 0 0 0 0 1 1 0 
0 0 0 0 0 0 0 0 0 0 
1 1 0 1 1 0 0 0 0 0 
1 1 0 1 2 2 1 0 0 0 
0 0 0 0 0 0 0 0 0 0 
0 1 1 0 0 0 0 0 0 0 
0 0 0 0 0 1 2 1 1 1 
18 13 10 11 10 8 9 6 3 2 
2 1 0 1 1 0 1 1 1 1 
56 47 40 37 33 24 19 15 10 6 
7 7 5 4 4 4 3 3 3 1 
2 2 1 1 2 1 0 0 0 0 
6 8 7 5 4 3 3 3 3 1 
0 1 1 0 1 1 1 4 3 0 
2 1 1 2 1 0 0 0 0 0 
40 34 32 27 21 19 15 9 5 3 
31 28 23 20 21 17 14 12 9 5 
0 0 0 0 0 0 0 0 0 0 
39 33 26 25 24 17 14 10 8 5 
32 29 23 20 22 19 16 13 9 5 
4 3 2 2 2 4 4 3 2 0 
54 46 40 35 31 24 19 15 9 5 
0 0 0 0 0 0 0 0 0 0 
2 1 0 1 1 1 1 0 1 1 
1 2 4 3 2 2 1 1 0 0 
0 0 0 0 0 0 0 0 0 0 
0 0 0 1 1 0 0 0 0 0 
5 5 4 4 4 3 3 3 1 0 
6 6 6 5 4 3 3 2 2 0 
5 2 0 1 2 2 1 0 0 0 
0 1 1 1 1 0 0 0 0 0 
0 1 2 1 1 1 0 0 0 0 
0 0 0 1 2 1 0 0 0 0 
6 6 5 4 3 3 3 3 3 1 
8 7 6 6 7 7 5 3 2 1 
0 0 0 0 0 0 1 1 0 0 
313 273 240 208 183 148 114 83 56 28 
0 1 1 1 2 2 1 0 0 0 
66 56 49 43 39 29 24 20 13 8 
5 5 4 4 4 3 3 3 1 0 
28 22 19 15 13 12 10 9 7 3 
2 2 2 2 2 2 2 1 0 0 
23 22 19 14 11 9 3 1 2 2 
5 2 1 2 3 3 1 0 0 0 
2 3 1 0 1 1 0 1 1 0 
4 3 2 2 2 4 4 2 1 0 
7 6 5 4 4 4 3 3 2 0 
8 7 6 6 7 7 5 3 2 1 
2 2 2 2 2 2 2 1 0 0 
0 0 1 1 0 0 0 0 0 0 
15 13 11 8 8 7 6 8 6 2 
0 0 1 1 0 0 0 1 1 0 
0 0 0 0 0 0 0 0 0 0 
2 1 0 1 1 1 1 0 1 1 
5 4 3 2 3 4 3 2 1 1 
31 27 22 20 21 17 14 12 8 4 
0 1 1 0 0 0 0 0 1 1 
22 22 20 16 13 12 9 5 4 2 
0 0 0 0 0 0 0 0 0 0 
4 5 6 4 3 2 1 1 2 1 
100 87 77 64 57 45 33 26 18 11 
4 3 2 2 2 4 4 3 2 0 
3 3 4 3 0 0 0 0 0 0 
0 0 0 0 0 0 0 0 0 0 
0 0 0 0 0 0 2 2 0 0 
24 22 20 16 13 13 12 7 5 3 
0 1 1 0 0 2 3 1 0 0 
6 6 4 3 3 3 2 3 3 1 
39 33 26 25 24 17 14 10 8 5 
6 6 4 3 3 3 2 2 2 1 
0 0 1 2 1 0 1 1 1 1 
41 35 28 27 26 19 17 12 9 6 
41 35 28 28 28 22 20 13 10 7 
3 3 2 1 1 1 1 2 1 0 
1 0 0 0 0 0 0 0 0 0 
0 0 0 0 1 1 1 1 1 1 
0 1 1 0 0 0 0 0 0 0 
18 13 10 11 10 7 8 6 3 2 
28 22 18 17 16 13 13 11 7 4 
6 4 2 4 3 1 2 2 5 4 
0 0 0 0 0 0 0 1 1 0 
1 0 0 1 3 2 0 1 3 2 
0 0 0 0 0 0 0 0 0 0 
1 1 0 0 0 0 2 2 0 0 
0 0 0 0 0 0 1 1 0 0 
15 13 11 8 8 7 6 8 6 2 
26 22 16 15 14 9 7 6 5 4 
28 22 19 15 13 12 10 9 6 2 
0 0 0 0 0 0 0 0 0 0 
3 1 1 1 2 2 2 1 0 0 
0 0 1 2 1 0 1 1 1 1 
12 12 11 8 8 6 5 3 2 2 
41 35 34 28 21 21 17 9 5 3 
24 22 20 16 13 13 12 7 5 3 
3 3 3 2 1 1 1 1 1 0 
0 1 2 1 0 0 0 0 0 0 
27 22 18 17 16 13 13 10 6 4 
0 1 1 0 0 0 0 0 0 0 
3 4 4 3 3 3 1 1 1 1 
0 0 0 0 1 1 0 0 0 0 
15 14 12 10 10 9 6 5 4 2 
2 2 0 0 1 1 1 2 1 0 
3 3 4 3 0 0 0 0 0 0 
0 1 1 0 0 0 0 0 0 0 
26 22 20 16 14 15 14 8 5 3 
0 0 0 0 0 0 0 0 0 0 
42 34 30 26 23 18 14 12 9 3 
0 0 0 0 0 1 1 1 1 0 
313 274 241 209 184 149 115 84 57 28 
3 5 4 4 4 2 3 4 2 1 
25 22 20 16 13 13 12 7 5 3 
1 1 1 1 2 2 0 0 0 0 
35 29 26 21 18 15 13 12 9 3 
1 0 2 3 3 2 1 3 4 2 
32 29 26 20 17 15 8 6 5 3 
0 0 0 0 0 0 0 1 1 0 
16 12 9 9 9 7 7 5 3 2 
4 2 3 2 1 1 1 1 0 0 
26 22 20 16 13 13 12 7 5 3 
8 7 5 5 5 6 4 3 1 0 
31 28 23 20 21 17 14 12 9 5 
0 1 2 1 0 0 0 0 0 0 
0 0 0 0 0 0 0 0 0 0 
150 131 111 99 92 73 58 44 31 14 
0 0 0 0 0 0 0 0 0 0 
41 35 28 28 28 22 20 13 10 7 
0 0 0 0 0 0 2 2 0 0 
7 7 5 5 5 6 4 2 1 1 
0 1 2 1 0 0 0 0 0 0 
26 22 16 15 15 10 7 6 6 5 
68 60 50 47 45 36 28 20 14 8 
0 1 1 0 1 1 0 0 0 0 
3 4 4 3 3 3 1 1 1 1 
3 3 2 2 3 3 1 1 1 1 
31 27 22 20 21 17 14 12 9 5 
8 8 8 6 3 1 1 1 0 0 
1 2 2 2 2 1 0 0 1 1 
4 2 3 2 1 2 2 1 0 0 
55 46 40 36 32 24 19 15 9 5 
0 0 0 0 0 0 0 0 1 1 
12 10 10 9 6 3 3 3 2 1 
0 1 1 0 0 2 3 1 0 0 
18 13 10 11 10 7 8 6 3 2 
1 1 0 0 0 0 2 2 0 0 
8 7 7 6 3 1 1 1 0 0 
39 33 26 25 24 18 15 10 8 5 
0 0 0 0 0 0 0 0 0 0 
31 25 20 20 19 15 14 12 8 4 
22 20 18 14 11 9 3 1 1 1 
0 1 1 0 0 0 0 0 0 0 
41 35 28 28 28 22 19 12 9 6 
7 5 4 4 4 3 3 2 2 2 
8 8 7 5 6 5 4 4 3 2 
0 0 0 0 0 0 0 0 0 0 
0 0 0 0 0 0 0 0 0 0 
181 159 141 116 105 84 68 48 33 19 
15 11 9 9 9 7 7 5 3 2 
0 0 0 0 0 0 0 0 0 0 
30 24 20 19 18 15 14 11 7 4 
8 8 7 5 6 6 5 4 3 2 
5 7 6 4 4 3 3 3 1 0 
4 3 4 5 2 0 1 1 0 0 
0 0 0 0 0 0 0 0 0 0 
31 27 22 20 21 17 14 12 9 5 
26 22 20 16 13 14 13 7 5 3 
17 13 9 9 9 7 7 5 3 2 
18 13 10 11 10 8 9 6 3 2 
5 7 6 4 4 3 3 3 2 1 
1 1 0 0 0 0 2 2 0 0 
17 13 9 9 9 7 7 5 3 2 
32 29 26 20 17 15 8 6 5 3 
2 0 0 1 2 1 0 0 0 0 
1 1 1 0 0 0 0 1 1 0 
4 2 3 2 1 1 1 1 0 0 
259 227 199 173 152 123 95 67 47 24 
0 0 0 0 0 0 0 0 0 0 
3 5 3 3 4 2 3 4 2 1 
31 26 21 20 19 15 14 12 8 4 
0 0 0 1 2 1 0 0 0 0 
0 0 0 0 0 0 0 1 1 0 
41 35 28 28 28 22 20 13 10 7 
100 87 78 66 58 45 33 26 18 11 
100 87 77 64 57 45 33 26 18 11 
2 1 1 1 1 1 1 1 1 1 
1 0 0 1 1 0 0 3 4 1 
12 10 9 7 5 3 3 3 2 1 
26 22 16 15 14 9 7 6 5 4 
67 59 49 46 44 35 27 19 14 8 
7 7 6 6 4 4 4 3 3 1 
1 1 0 0 0 0 0 0 0 0 
17 13 9 9 9 7 8 6 3 2 
100 87 78 65 57 45 33 26 18 11 
32 29 26 20 17 15 8 6 5 3 
0 1 1 0 0 0 0 1 3 2 
0 0 0 0 0 0 0 0 0 0 
64 54 47 41 37 27 23 19 12 7 
68 60 50 47 45 36 28 20 14 8 
1 1 0 1 1 0 1 1 0 0 
0 2 2 0 0 0 0 0 0 0 
2 3 4 3 2 1 0 0 1 1 
0 0 0 1 2 1 0 1 2 1 
8 8 5 5 5 6 4 2 1 1 
32 29 23 20 22 18 15 13 9 5 
0 0 0 0 0 0 0 0 0 0 
42 34 30 25 22 18 14 12 9 3 
8 5 4 5 5 4 5 4 3 2 
0 0 0 0 0 0 0 0 0 0 
22 22 19 15 13 12 9 5 4 2 
0 0 0 0 1 1 0 0 0 0 
0 0 0 1 1 0 0 0 0 0 
2 1 0 1 1 0 1 1 1 1 
0 0 0 0 0 0 0 0 0 0 
26 22 16 15 15 10 7 7 7 5 
4 3 4 5 2 0 1 1 0 0 
41 35 34 28 21 21 17 9 5 3 
2 2 2 2 2 3 3 1 0 0 
31 25 20 20 19 15 14 12 8 4 
30 24 20 19 18 15 14 11 7 4 
0 0 0 0 0 0 2 2 0 0 
25 22 20 16 13 13 12 7 5 3 
7 7 5 5 5 6 4 2 1 1 
29 23 16 17 17 13 11 9 8 5 
22 21 19 14 11 9 3 1 1 1 
23 22 19 14 12 10 3 1 2 2 
35 29 26 21 18 15 13 12 9 3 
5 3 2 2 5 5 1 0 0 0 
0 0 0 0 0 0 0 0 0 0 
41 34 32 27 21 20 16 9 5 3 
0 0 0 0 1 1 0 0 0 0 
0 0 0 0 0 0 1 1 0 0 
8 8 7 5 5 4 4 4 2 1 
13 12 11 8 8 7 5 4 1 1 
0 0 0 0 0 0 0 0 0 0 
27 22 18 17 16 13 13 10 6 4 
1 1 0 1 2 2 1 0 0 0 
0 1 1 0 0 0 0 0 0 0 
3 3 2 1 1 1 1 2 1 0 
28 22 18 17 16 13 13 10 6 4 
5 4 2 2 2 4 4 3 2 0 
22 20 18 14 11 9 3 1 1 1 
39 34 31 26 21 19 15 9 5 3 
0 0 0 0 0 0 0 0 0 0 
13 12 10 9 8 8 5 4 3 0 
0 0 0 0 0 0 0 0 0 0 
1 1 0 0 1 1 0 0 0 0 
0 1 1 0 0 0 0 0 0 0 
0 0 0 0 0 0 1 2 1 0 
31 28 23 20 22 18 15 13 9 5 
7 4 2 4 3 1 2 2 5 4 
29 25 22 18 18 17 15 12 8 5 
0 0 0 0 0 0 0 0 0 0 
7 5 4 4 4 3 3 3 3 2 
11 9 9 6 4 3 2 2 2 1 
0 1 3 2 2 2 0 0 0 0 
57 47 40 37 33 24 19 15 11 7 
0 0 1 0 2 1 3 2 0 3 
0 0 0 0 0 0 0 0 0 0 
31 26 21 20 21 17 14 12 8 4 
15 13 11 8 8 7 6 8 6 2 
16 12 9 9 9 7 7 5 3 2 
154 135 115 103 95 76 61 46 31 14 
1 1 1 0 1 1 1 1 0 2 
0 1 1 0 0 0 0 0 0 0 
5 5 4 4 4 3 3 3 1 0 
22 18 14 13 12 9 10 8 5 3 
66 56 49 43 39 29 24 20 13 8 
8 5 4 5 5 4 5 4 3 2 
8 8 6 4 4 4 3 3 3 1 
8 8 5 5 5 6 4 2 1 1 
41 34 32 27 21 20 16 9 5 3 
0 0 0 0 0 0 0 0 0 0 
2 3 3 2 2 1 1 1 1 1 
22 21 19 14 11 9 3 1 1 1 
15 13 10 10 10 9 6 5 3 0 
0 0 0 0 0 1 1 0 1 1 
0 0 0 0 0 0 1 1 0 0 
1 0 0 0 0 0 1 1 0 0 
8 8 7 5 5 4 4 4 2 1 
1 0 0 0 0 0 0 0 0 0 
0 0 0 0 0 0 0 0 0 0 
0 0 0 0 0 0 0 0 0 0 
0 0 0 0 0 0 0 0 0 0 
8 8 7 5 5 4 4 4 2 1 
1 0 0 0 1 1 0 0 0 0 
27 22 16 17 17 13 11 9 8 5 
0 0 0 1 1 0 0 0 0 0 
0 1 1 0 0 0 0 1 2 1 
0 0 0 0 0 0 0 0 0 0 
33 29 23 20 22 19 16 13 9 5 
0 0 0 0 0 0 1 1 0 0 
6 6 4 3 3 3 2 3 3 1 
16 13 12 11 10 8 6 4 5 4 
22 17 13 13 12 9 9 7 4 2 
8 8 7 5 6 6 5 4 3 2 
11 10 8 9 8 7 5 3 3 2 
22 18 14 13 12 9 10 8 4 2 
22 21 19 14 11 9 3 1 2 2 
1 0 1 1 1 2 1 0 0 0 
4 4 5 4 3 2 1 1 2 1 
4 5 4 4 4 2 3 4 2 1 
24 22 17 12 17 14 15 10 8 5 
15 13 10 10 10 9 6 5 3 0 
17 15 15 15 12 10 7 6 4 2 
0 0 0 0 0 0 0 0 0 0 
3 3 4 4 1 0 1 1 0 0 
26 22 16 16 16 12 10 9 8 5 
8 7 5 5 6 6 5 3 2 1 
8 7 5 5 5 6 5 4 1 0 
8 7 6 6 7 7 5 3 2 1 
0 0 0 1 1 0 0 0 0 0 
1 1 0 0 0 0 1 1 0 0 
28 22 19 15 13 12 10 9 6 2 
22 21 19 14 11 9 3 1 2 2 
1 0 0 1 1 1 1 0 1 1 
2 3 4 3 2 1 0 0 1 1 
0 1 1 0 0 0 0 1 1 0 
4 2 3 2 1 2 2 1 0 0 
0 1 1 0 1 1 0 0 0 0 
31 26 21 20 20 16 14 12 8 4 
2 2 2 2 2 1 1 1 0 0 
5 3 2 2 3 3 1 0 0 0 
41 35 28 27 26 19 16 11 9 6 
54 46 40 35 31 24 19 15 9 5 
8 8 7 5 5 4 4 4 2 1 
3 1 0 1 3 2 0 0 0 0 
7 6 6 5 4 4 3 3 2 0 
1 0 0 0 0 0 0 1 1 0 
0 0 0 0 0 1 3 2 0 0 
1 0 0 1 2 1 0 1 3 2 
2 3 4 3 2 1 0 0 1 1 
32 30 27 20 17 16 9 6 5 3 
22 18 14 13 12 9 10 8 4 2 
0 1 1 0 0 0 0 0 0 0 
0 0 1 2 2 1 0 0 1 1 
3 2 2 2 2 3 3 2 1 0 
32 29 26 20 17 16 9 6 5 3 
4 2 3 2 1 2 2 1 0 0 
161 139 125 104 87 72 55 39 28 14 
0 0 0 0 0 0 0 0 0 0 
1 1 0 0 0 1 1 1 1 0 
23 23 20 14 12 10 3 3 5 3 
26 22 16 15 15 12 10 9 8 5 
0 0 0 0 0 0 0 0 0 0 
26 22 16 15 15 10 7 6 6 5 
100 87 77 64 57 45 33 26 18 11 
23 22 20 16 13 13 11 6 4 2 
1 0 0 0 0 0 0 0 0 0 
0 0 0 0 1 1 0 0 0 0 
1 0 2 3 3 2 1 3 4 2 
0 1 1 2 2 1 1 0 1 1 
8 8 7 5 7 7 5 4 3 2 
150 131 111 99 92 73 58 44 31 14 
15 13 10 10 10 9 5 4 3 0 
6 5 5 5 5 4 4 4 4 1 
22 21 19 14 11 9 3 1 2 2 
240 209 184 158 141 114 88 63 45 23 
64 54 47 41 37 27 23 19 12 7 
0 0 0 0 0 0 0 0 0 0 
2 1 0 1 1 0 1 1 0 0 
0 0 0 1 2 1 0 1 2 1 
7 7 5 5 5 5 3 2 1 1 
17 13 9 9 9 7 7 5 3 2 
0 0 1 1 0 0 0 0 0 0 
22 22 20 16 13 12 9 5 4 2 
0 0 1 1 0 0 0 0 0 0 
50 43 40 34 25 22 17 10 6 3 
28 22 19 16 14 12 10 10 8 3 
12 10 9 6 4 3 3 3 2 1 
6 3 1 4 3 1 2 2 5 4 
18 13 9 9 9 7 8 6 3 2 
3 4 3 2 2 1 1 2 1 0 
41 35 33 27 21 20 16 9 5 3 
1 1 0 0 0 1 1 1 1 0 
0 0 0 0 0 0 0 0 0 0 
1 1 0 0 1 2 2 1 1 1 
48 43 36 34 33 25 21 14 10 7 
64 54 47 41 37 27 23 19 12 7 
6 4 2 2 2 4 4 3 2 0 
0 0 0 0 0 0 0 0 0 0 
4 3 3 2 1 1 1 1 1 0 
8 8 7 5 5 4 4 4 3 2 
16 12 9 9 9 7 7 5 3 2 
68 60 50 47 45 36 28 20 14 8 
32 29 26 20 17 15 8 6 5 3 
31 27 22 20 21 17 14 12 8 4 
1 1 1 1 1 1 1 1 1 1 
1 1 0 0 0 1 2 1 1 1 
26 22 20 16 14 15 13 7 5 3 
1 1 0 1 1 0 1 1 0 0 
0 0 1 1 0 0 1 1 0 0 
0 0 0 0 0 0 0 0 0 0 
0 0 0 0 0 0 0 0 1 1 
55 46 40 36 32 24 19 15 10 6 
2 2 2 2 2 2 1 1 1 1 
22 22 20 16 13 13 11 6 4 2 
0 0 1 1 0 0 0 1 2 1 
5 4 3 2 3 4 3 2 0 0 
0 0 0 0 0 0 0 0 0 0 
5 3 2 2 5 5 1 0 0 0 
36 31 28 24 20 19 15 9 5 3 
57 47 40 37 33 24 19 15 11 7 
17 15 15 15 12 11 8 6 4 2 
7 7 5 5 5 5 3 2 1 1 
41 35 33 27 21 21 17 9 5 3 
1 2 2 1 0 0 0 1 2 1 
0 0 0 1 2 1 0 0 0 0 
0 0 0 0 0 0 0 0 1 1 
1 1 0 0 0 1 1 1 1 0 
22 17 13 13 12 9 9 7 4 2 
0 0 0 0 0 0 0 0 0 0 
11 10 8 8 7 7 5 3 3 2 
0 1 1 0 0 0 0 0 0 0 
11 12 10 9 8 7 5 3 3 2 
0 0 1 1 0 0 1 1 0 0 
0 0 0 0 0 0 0 0 0 0 
24 22 20 16 13 13 12 7 5 3 
8 8 6 4 4 4 4 4 3 1 
22 18 14 13 12 9 10 8 6 4 
0 0 0 0 0 0 0 0 0 0 
12 10 9 7 5 3 3 3 2 1 
3 1 1 1 1 1 1 1 0 0 
23 23 20 14 12 10 3 3 5 3 
1 0 1 1 0 0 0 1 1 0 
1 2 3 2 4 6 5 4 4 2 
0 1 1 0 0 0 0 1 2 1 
32 29 26 20 17 15 8 6 5 3 
0 0 0 0 0 0 0 2 1 0 
57 47 40 38 34 24 19 16 12 7 
6 3 1 3 2 1 2 2 5 4 
2 4 5 3 3 2 0 0 1 1 
50 43 40 34 25 23 18 10 6 3 
1 1 1 0 0 0 0 1 1 0 
22 21 19 14 11 9 3 1 2 2 
1 2 3 2 2 2 0 0 0 0 
32 30 27 20 17 16 9 6 5 3 
2 0 0 0 0 0 1 1 0 0 
2 2 2 2 2 2 1 1 1 1 
7 5 4 4 4 3 3 3 3 2 
0 0 0 1 2 1 0 0 0 0 
0 0 0 0 0 0 0 0 0 0 
27 22 16 16 16 12 10 9 8 5 
67 59 49 46 44 35 27 19 13 7 
14 12 11 8 8 7 6 4 1 1 
3 3 4 3 0 0 1 1 0 0 
6 6 4 3 3 3 2 3 3 1 
0 0 0 0 0 0 0 0 0 0 
32 29 26 20 17 15 8 6 5 3 
2 2 2 2 2 3 3 1 0 0 
3 1 0 1 3 2 0 0 0 0 
8 8 7 5 5 4 4 4 2 1 
0 0 0 0 0 0 0 0 0 0 
0 0 1 1 0 0 0 0 0 0 
8 8 8 6 3 1 1 1 0 0 
18 13 10 11 10 7 8 6 3 2 
6 8 7 5 4 3 3 3 3 1 
1 3 3 2 2 1 1 1 1 1 
4 3 3 2 2 3 3 2 0 0 
0 0 0 0 0 0 0 0 0 0 
47 42 40 28 28 21 11 9 8 9 
6 4 4 3 2 2 2 2 1 0 
1 2 2 1 0 0 0 1 2 1 
0 0 0 0 0 1 1 0 0 0 
0 1 1 0 0 0 0 0 0 0 
8 7 5 5 5 6 4 3 1 0 
0 0 0 0 1 1 0 0 0 0 
6 6 6 5 5 5 4 2 3 1 
57 47 40 37 33 24 19 16 12 7 
0 0 0 0 0 0 1 1 0 0 
5 2 1 2 3 3 1 0 0 0 
26 22 16 15 15 10 7 6 6 5 
23 22 19 14 12 10 3 2 3 2 
8 5 4 5 5 4 5 4 3 2 
0 0 0 0 0 0 1 2 1 0 
41 35 34 28 21 21 17 9 5 3 
0 1 1 0 0 0 0 0 0 0 
1 1 0 0 0 0 0 0 0 0 
0 0 0 0 0 0 0 0 0 0 
8 8 7 6 8 7 5 4 3 2 
0 0 1 1 0 0 0 0 0 0 
1 2 3 2 2 4 5 4 3 1 
8 7 7 6 3 1 1 1 0 0 
4 2 3 2 1 2 2 1 0 0 
7 5 4 5 5 4 5 4 3 2 
26 22 16 16 16 12 10 9 8 5 
0 0 0 0 0 0 0 0 0 0 
3 3 3 2 0 0 0 0 0 0 
1 1 1 1 1 0 0 0 0 0 
0 1 1 2 2 2 2 0 1 1 
14 12 13 10 8 8 2 0 0 2 
3 3 2 2 3 3 1 1 1 1 
0 1 2 1 1 1 0 0 0 0 
0 0 1 1 0 0 0 1 1 0 
6 5 5 5 5 5 5 4 4 1 
6 6 6 6 6 4 4 4 3 1 
3 1 0 1 3 2 0 0 0 0 
28 22 19 15 13 12 10 9 7 3 
50 43 40 34 25 23 18 10 6 3 
5 2 0 1 2 2 1 0 0 0 
55 46 40 36 32 24 19 15 10 6 
1 1 0 0 1 1 0 0 0 0 
31 27 22 20 21 17 14 12 9 5 
6 5 5 5 5 4 4 4 4 1 
1 1 1 0 0 0 0 1 1 0 
2 1 1 1 1 1 1 1 0 0 
4 2 0 1 1 0 1 1 1 1 
3 1 1 1 1 1 1 1 0 0 
31 27 22 20 21 17 14 12 9 5 
2 1 0 1 1 0 1 1 0 0 
8 8 7 5 7 7 5 4 3 2 
0 1 1 0 0 0 0 1 1 0 
0 0 0 0 0 0 0 0 0 0 
0 2 2 1 1 0 0 0 0 0 
6 8 7 4 3 3 3 3 3 1 
40 34 32 27 21 19 15 9 5 3 
5 2 1 2 3 3 1 0 0 0 
4 2 0 1 2 2 1 0 0 0 
22 20 18 14 11 9 3 1 1 1 
55 46 40 36 32 24 19 15 10 6 
50 43 40 34 25 23 18 11 7 3 
0 0 0 0 0 0 0 0 1 1 
1 1 0 0 0 0 0 0 0 0 
22 18 14 13 12 9 10 8 4 2 
1 1 0 0 0 0 1 1 0 0 
2 1 0 0 0 2 2 1 1 0 
12 10 10 9 6 3 3 3 2 1 
22 20 18 14 11 9 3 1 1 1 
0 1 1 0 0 0 0 0 1 1 
40 34 32 27 21 20 16 9 5 3 
24 22 20 16 13 13 12 7 5 3 
7 4 2 4 3 1 2 2 5 4 
1 1 1 1 0 0 2 2 0 0 
15 14 12 10 9 8 6 4 3 2 
56 47 40 36 32 24 19 15 10 6 
47 42 40 28 27 21 11 9 8 7 
3 3 4 4 1 0 1 1 0 0 
0 0 0 1 1 0 0 0 0 0 
3 3 4 3 0 0 1 1 0 0 
0 0 0 0 1 1 0 1 1 0 
3 3 3 1 1 1 2 2 0 0 
15 13 10 9 9 9 5 4 3 0 
4 3 3 2 1 1 1 1 1 0 
24 22 20 16 13 13 11 6 4 2 
68 60 50 48 46 36 28 20 14 8 
1 0 0 0 0 0 0 0 0 0 
15 13 10 7 8 7 5 7 6 2 
57 47 40 38 34 24 19 16 12 7 
22 18 14 13 12 9 10 8 4 2 
55 46 40 36 32 24 19 15 10 6 
0 0 0 1 1 0 0 1 2 1 
1 0 0 1 2 1 0 1 2 1 
7 6 6 5 4 4 3 4 3 0 
31 27 22 20 21 17 14 12 8 4 
0 0 0 0 0 0 1 1 0 0 
6 3 1 3 2 1 2 2 5 4 
1 1 1 2 1 0 2 2 0 0 
1 1 0 0 1 1 0 0 0 0 
2 1 1 0 2 0 0 0 0 1 
0 0 0 0 0 0 0 0 0 0 
2 3 4 3 2 1 0 0 0 0 
0 1 1 0 0 0 0 0 1 1 
2 4 3 3 4 2 2 3 2 1 
0 0 1 1 0 0 0 0 1 1 
1 1 0 0 1 1 1 1 1 1 
39 33 26 25 24 18 15 10 9 6 
3 2 2 2 2 3 3 1 0 0 
149 131 111 99 92 73 58 43 30 14 
2 3 2 1 3 3 4 3 1 1 
12 9 9 8 4 6 5 4 1 2 
50 43 40 34 26 24 18 11 7 3 
27 22 16 16 16 12 10 9 8 5 
55 46 40 36 32 24 19 15 9 5 
4 3 3 2 1 1 1 1 1 0 
7 5 4 4 4 3 3 3 3 2 
13 12 11 8 8 6 5 3 2 2 
2 3 1 0 1 1 0 1 2 1 
0 0 0 0 0 0 0 0 0 0 
0 0 0 0 0 0 1 1 0 0 
1 1 0 0 1 1 1 1 0 0 
1 1 1 1 1 1 1 1 1 1 
5 2 0 1 1 1 2 1 4 4 
0 0 0 0 0 0 0 1 1 0 
0 0 0 0 0 0 0 0 0 0 
1 0 0 0 0 0 1 1 0 0 
0 0 0 0 0 0 0 0 0 0 
8 8 7 5 6 6 5 4 3 2 
50 42 39 33 24 22 17 9 5 3 
0 0 0 0 0 1 1 0 0 0 
0 0 0 0 0 0 0 0 1 1 
0 1 1 0 0 0 0 0 0 0 
32 29 26 20 17 15 8 6 5 3 
181 156 141 116 103 83 69 48 33 19 
2 2 2 1 1 1 1 2 1 0 
1 1 1 2 2 2 2 0 1 1 
1 0 0 1 1 0 0 0 0 0 
32 29 26 20 17 16 9 6 5 3 
32 29 23 20 22 18 15 13 9 5 
