33850
1647
30641
172780
19063
15898
5738
6879
166089
30950
105790
43072
169469
144828
16018
515
168623
34640
45687
194589
132147
2417
16779
107939
25758
19227
15470
488
12865
114625
159718
136983
15060
128807
70122
40089
138527
27855
30065
129656
27706
30340
33589
37398
15803
51312
145677
34707
2624
122719
108204
25996
36495
27966
487
44807
183899
10267
11670
709
690
24979
111627
117515
26569
25637
26730
12471
155993
141947
22731
23834
6275
12403
22725
135445
19782
13823
174024
164978
8940
769
16539
26308
114728
146070
100498
14475
1937
117234
11326
13203
146055
118778
1539
108640
151789
11867
15335
6914
26945
16321
6900
5413
109415
5898
17439
15943
128383
170034
142588
33535
134
12735
29954
113717
120744
19382
966
189430
168096
186268
13859
131443
195534
14186
2804
2705
108804
132550
35707
39857
6457
163445
105923
12141
187873
1128
1761
13269
4420
109569
37060
155670
24047
10319
24025
15796
146497
19740
128656
22287
17672
126159
143184
8698
196845
2963
4958
20575
125858
16341
24629
13357
36647
46579
128443
142198
199926
136046
7388
12565
117438
144249
8608
33990
149916
132088
37756
134017
101362
133265
120260
180336
33795
123689
16799
158345
30939
13348
6576
10246
172954
170088
2078
114176
188029
184025
161708
38172
17326
159966
134944
56870
4548
131564
176943
183965
984
10395
14161
13491
101565
680
185906
29467
16574
123789
20943
3948
2499
14045
12485
103069
101290
182230
101708
90120
147444
2495
150486
24439
146474
10180
35885
107480
48007
126627
154247
30637
56
1746
12093
50057
115617
16505
18264
111374
129558
10261
15353
174177
11231
7735
192753
156658
187475
123757
187508
1159
102533
141793
11021
23940
16485
608
145917
108514
34369
2289
10840
13504
45796
128019
100638
141660
116190
11453
2120
11833
3928
2040
36479
139035
35881
3089
149246
131793
4917
11022
10627
124659
27820
199747
11570
6980
14018
16994
87442
16194
22741
7770
15566
101260
13698
165973
157339
89452
36981
18760
1697
186768
102984
105263
165367
1247
135196
25775
139909
189305
11379
10199
60079
43912
67890
196045
103415
1184
1072
101524
14160
157266
36975
17654
20225
46072
194328
103219
121809
193669
7959
330
17570
148718
196006
15395
196684
12773
144309
24405
20576
29002
11947
15237
160450
143717
10524
16449
136504
59079
6013
1873
175643
158818
19849
138980
129378
131801
1260
127417
4510
160776
11897
38522
2039
55870
113053
49352
4569
30387
3705
23370
19760
174499
117019
103653
50880
153708
108544
196509
135140
18807
30576
133208
30959
1927
164319
151674
34387
2306
101387
38698
109225
5967
10700
3230
18076
129623
160045
109570
46688
47596
36778
131819
157359
1126
57601
841
150620
29754
5830
156066
169023
26577
150430
128998
8745
64062
195935
25882
15557
34675
109157
33122
118154
599
19054
72000
19690
59232
147286
13547
46558
101935
5893
457
80909
29497
179800
30038
18000
59961
7140
3068
182520
5504
2566
150158
115333
13840
16274
194723
5773
136355
131697
141956
18923
19195
106969
15823
5367
38579
19800
136433
174936
145586
11495
184263
178046
7463
147568
613
166983
17536
11451
128424
12199
15224
16418
5591
189850
120765
183185
109174
69771
11618
149206
11506
198584
147243
154756
23534
127440
117486
11635
134726
34779
106113
490
370
148570
4033
16241
40746
127927
152226
23298
16181
128980
115047
14728
164744
16296
14948
190064
153199
197734
7135
12406
23804
46596
11309
115785
24949
16560
16438
12488
124228
16370
183788
128137
188220
1641
39589
138348
28788
69698
169366
10132
115538
76312
167760
33860
37957
11570
130688
12903
8947
134648
55242
61322
35552
22966
168403
15823
56902
89592
142528
1086
35851
185560
165686
14827
111476
199295
106683
16684
3798
43042
9090
83752
166309
133205
101014
23870
25782
134320
112143
28344
65120
1812
104638
8202
22885
2504
109012
1180
29645
1785
134999
179866
185083
68980
33546
182690
37077
29691
880
108875
105920
8780
111960
15794
161877
194283
37487
124886
26751
188968
15279
23025
35046
148017
12410
18758
14829
104767
1190
11950
1810
20996
157686
11197
155380
7840
2479
66072
127327
192839
57970
123808
16385
38000
15704
35378
60691
166778
144193
138176
25678
117274
26600
24996
107444
35745
113538
22837
177004
20080
105142
109015
10140
30557
153519
18921
27865
23355
66092
15647
13639
17793
34569
39957
12787
115005
122943
144573
152786
23681
105550
30795
13508
35806
3784
128193
119484
143867
2897
6760
22694
44697
135886
149465
38468
133204
18456
103970
139298
112288
7900
11916
137775
12379
24664
107798
144069
168003
20908
17010
173640
17454
29640
22596
143454
8895
2628
1627
722
34538
905
38969
2615
13786
168564
1028
15166
17529
1707
140189
7654
109473
1475
100304
26630
176735
4913
14763
119043
37378
15620
158643
23448
142333
158467
129050
18584
20678
120098
122306
5334
19126
168234
4272
102282
153047
183074
198248
132727
16776
36460
1115
143219
141836
12790
112267
34945
1287
1366
58512
138538
1082
12807
15394
7744
160187
130795
78000
107417
128477
139920
182505
189449
22891
37581
1894
2373
15224
36602
3741
482
15504
138
187595
178425
13135
13703
190686
151865
115415
27739
130177
13915
90442
133
27810
44986
1486
56120
15428
192595
10857
14170
11305
22260
89902
11283
50980
183
143160
13867
157786
17306
196
11249
26720
100392
4313
11919
160074
37498
101432
1085
18989
2244
69172
198525
133855
145404
24946
37469
28496
3475
142260
147916
135233
129033
115319
2660
3655
1768
198079
23940
144345
36980
2913
23575
12430
144000
16503
170219
12559
1191
133768
47090
197425
107542
37891
4715
26282
5759
168863
14509
45778
133827
159605
71692
1766
36651
133293
198665
12333
107375
13484
430
58991
33561
13393
48662
157909
176769
127355
10992
150957
37686
123089
144519
20367
18533
17186
7858
17564
28609
20726
147173
11499
19485
55981
184789
5134
15871
19531
50807
19378
112879
34750
102225
1079
35809
182895
16696
10997
138219
119953
137315
524
20869
15266
57402
150597
101078
150248
26420
2348
28737
22258
23642
2694
3867
6834
13784
141857
170557
1725
9400
825
167063
1760
18960
108268
1197
111739
106976
100334
8992
13574
5316
38292
73320
134093
16675
39885
10596
195638
162667
11431
27636
3580
29685
24896
12255
141521
107587
67869
26295
20720
187503
10171
16469
120658
1925
395
172638
37786
5539
60869
10643
16565
1774
3870
10209
162945
193755
24610
10637
17319
29735
190770
13543
1137
133887
906
194255
150643
14535
2868
1974
69910
108024
109819
108964
17338
4580
1165
10980
19356
166638
16818
46870
19953
124153
190240
28656
185774
12814
13694
192425
100120
24849
4980
40661
3340
115759
143416
112917
1378
185300
105186
183266
14894
15595
10712
12776
130898
14484
6880
10072
11648
120963
151737
106989
178790
22704
174203
15888
13715
135615
164696
18594
14659
119900
101020
36785
10304
118120
168219
2652
6552
148
22766
87542
20501
160619
19364
155093
159207
12017
154190
25854
122919
28648
128716
36040
133785
26360
4815
14719
3714
2911
12290
23009
142247
159400
145654
151658
12297
163754
137668
3941
139320
153289
118090
40507
196
14730
107486
69088
12419
46986
125320
2244
15853
131783
14
68980
39462
5372
100762
197296
1434
4379
1651
10815
111250
123838
39080
190623
22430
24949
13038
3720
19457
107633
11588
108402
19046
145463
120567
35378
180093
1397
12939
118564
78991
142454
17945
163469
183275
17069
17307
159306
5808
184857
971
23380
114166
13991
197558
147283
5380
170185
26897
128617
105092
109858
109975
11840
120864
163438
159529
23058
6813
158384
145837
123437
107535
1992
127317
2235
16427
83342
19370
46786
30847
28679
1161
106818
12364
8933
121819
136817
26765
126
19863
24085
14783
1628
120450
151949
35986
183085
44787
16265
34946
162460
6079
124959
129507
197424
182074
45808
14683
10239
6122
180858
155
29685
2706
17282
49676
159478
140698
100023
117659
34068
18850
106232
11379
67690
159
15836
28704
17299
10455
40466
44457
132946
38058
8810
111408
19620
28655
1284
176178
116788
3396
128143
19043
152069
104707
2540
107255
102832
198833
2407
136869
186
14283
569
25440
11160
11019
18389
159518
18307
126420
50068
72372
1616
23359
126398
26295
195470
14648
147276
157436
117316
21
4365
154647
106139
165900
28746
154879
19379
197409
186879
104552
13718
130506
9353
430
14289
11853
108412
135759
133153
121770
177770
30808
28760
11481
39989
27574
878
107186
141726
1828
17595
107352
2839
194053
17549
163246
40068
28386
125758
11753
2580
18052
20569
108067
23470
12005
10015
27596
129783
171769
24708
190297
463
183446
143848
120385
28545
184495
13446
132024
120289
11486
3768
1489
107588
104428
14001
102314
28947
23642
17574
12431
70790
115608
668
167636
13047
146749
1806
31720
154844
2717
17924
1169
11173
127084
18401
164880
113215
8048
159870
44470
167305
17274
22859
14773
141885
64492
100113
73822
187459
14495
33645
34587
25831
2454
16073
132703
192660
166606
192950
148629
63562
13085
17174
18273
2037
2793
1844
400
12664
18866
134143
145165
40122
169884
1060
14808
36448
117284
28758
105387
105950
14806
686
162653
38995
109153
18399
2820
15706
108568
100719
2544
1616
126171
112419
37405
122483
13636
19983
25736
16843
193006
7174
1159
278
158467
19796
18076
156907
129014
108614
17657
1534
166909
15496
162
159776
1455
46909
34551
27336
189920
2338
185380
145984
72120
133227
11896
134828
23237
116867
26450
7618
12066
68891
102726
3927
117018
187558
16164
23359
197
10691
146769
160167
18074
2913
182289
116207
24870
111808
51572
14083
100567
148604
112496
168585
58979
130683
187450
742
13764
10433
104052
15283
181856
34797
194664
144963
16650
19251
148536
5089
26852
105070
10521
152486
61842
56900
179760
4950
1619
17696
19685
167584
109837
126993
158180
89800
24748
16298
29982
26649
170
187335
132369
29665
18604
2479
16675
26392
128716
10730
104650
194755
38657
68908
18579
123878
27041
156366
15
101960
167875
1664
3084
116746
111867
390
13883
7733
36579
144374
16476
2586
17758
18006
943
152790
14875
197074
25056
17558
103151
152017
131755
123698
12550
15226
186436
166178
126667
33401
8106
48879
167239
17728
1551
119068
27491
1364
16960
100313
22387
14238
134803
157546
164228
11946
2765
174196
183607
12416
194469
124829
169243
148250
166457
109834
182950
18755
16058
116575
4848
144446
24455
101890
29934
116050
33380
193048
84002
57987
193309
46971
155450
148694
166755
4079
1633
64320
17558
7963
55632
184758
69971
1495
13527
10362
138839
166795
152333
15684
6200
416
26357
23844
199656
199006
55002
135085
25655
47677
26674
15474
36891
13238
140255
4787
29387
132616
143994
105019
40507
177259
177954
30422
25067
21702
111629
199946
151949
19667
5470
17884
17323
149885
13194
10594
100612
49508
5707
17609
106530
22630
10110
25404
12809
2330
24794
171971
38866
18297
29034
186990
136324
37487
28468
101670
106184
10481
165755
161905
20243
193224
28296
104488
145000
34571
178984
124747
173370
2752
15753
46501
39609
25409
7016
142470
126149
150519
194706
164649
20648
13504
1626
125866
131494
65382
194994
68009
13974
159763
136163
123039
177924
127173
145178
117660
155087
1276
150734
8348
20040
5718
22651
119476
37489
133216
164284
136985
19757
195346
4769
14641
17724
13775
107606
19888
20338
5671
16964
3060
23496
17096
26285
48998
56057
187050
10336
40632
1276
131605
13199
192726
150318
17029
67080
139379
172539
13640
19341
174326
1800
167500
152937
127970
126249
5908
29734
56958
133748
39870
37487
50868
163200
153636
154397
111255
19604
108402
16435
2199
26488
138020
12943
2988
141936
155598
100255
13770
39690
2957
174703
113819
1856
418
46059
44697
101774
13999
100294
7300
131317
177474
41622
18283
177244
116747
145617
164865
138150
17581
38590
14219
10795
20769
1367
2094
146633
22687
11937
118156
118515
17546
195230
136905
18287
269
109196
153088
6605
45897
147187
24641
10957
179919
18660
44906
124177
3544
177083
17075
134047
22395
1804
158469
101264
2814
130847
119465
40766
23780
174448
26476
159093
164018
14584
680
141734
3679
28440
19260
12571
17570
17821
150943
12686
61462
28809
1326
125407
76200
142144
195375
2446
107097
142799
25364
101889
68432
4548
195543
40755
7570
37550
170519
180687
34405
4491
109184
53912
12972
154500
133505
6678
15005
172985
35379
30387
20468
35496
27429
154566
132019
154750
140979
167170
50679
123256
19536
17464
747
141685
22655
158443
6554
131863
1979
517
16650
36322
124937
23707
13171
108969
15388
1358
22329
15209
12493
11858
1220
67909
45550
152454
136957
173044
102529
14493
29382
4568
163419
28574
130288
156563
33358
19689
16340
12697
130618
11181
34937
12131
186779
46469
179779
23928
142887
29856
12209
826
18809
162489
198745
27486
12798
143163
144176
1649
10968
16021
22654
30900
1421
2456
145645
78112
147479
164
136798
28935
27480
33798
12465
171989
46899
156419
184860
27490
153799
101566
35955
39495
177503
14780
132364
44480
3250
15193
40468
40770
15964
145170
39946
126344
28984
19605
19270
3755
124905
148207
49496
25448
2077
8211
11313
10128
181987
4492
18077
16495
8213
24369
143566
182384
37590
10415
47769
10446
14953
12280
6417
7038
44648
11955
100013
27029
39056
184055
174819
106823
136259
18743
111637
161979
25855
131339
166443
2606
186376
105799
28360
153464
108962
15649
11387
20871
116756
30989
10965
20086
34562
38432
397
487
66908
44906
108973
48909
1959
2978
10
129760
10279
20152
11746
163535
187800
5961
3979
13595
125758
26550
20467
152763
29655
104135
2439
17028
107773
173530
16634
6209
20604
131773
17366
20491
25858
143876
14051
13156
11116
163524
36951
45522
19284
155283
17569
40605
157306
37957
175897
40598
16583
11386
129240
5894
101479
7994
69788
15248
450
193793
65042
34300
131878
156435
45669
190953
170384
131890
196774
112593
34895
134896
3035
8765
34555
197030
11650
30695
108709
7015
49869
90772
131423
19845
40780
26981
28476
114720
23888
133879
44898
10849
139954
66869
101380
113218
157695
14318
24794
19338
2356
161720
57971
12705
30458
136897
155209
17798
106353
15377
179929
166243
2037
127830
130774
189948
37096
108375
29667
18322
10298
103704
38850
14796
36845
37069
23861
14728
13754
115245
167090
26856
12398
27405
153436
136788
15907
189437
19225
28696
19439
139224
6670
101623
249
177393
12530
17836
26564
19069
1746
20483
156159
13136
134200
37900
109037
6919
23756
12363
153420
189924
143953
103817
163280
14305
2848
16754
12955
35849
161634
3718
130005
166089
86012
3653
183585
35090
30867
114820
111717
167005
1183
164064
106309
13470
154830
157975
168185
111918
114074
17973
2642
18645
30470
108832
23756
15786
174188
12361
25540
730
15643
197806
180580
170867
196459
5739
168058
176083
23651
2341
2095
1096
150334
177533
56712
13580
15643
164283
34508
165590
127246
16720
122173
101055
14309
181935
15806
29479
10255
4774
124833
22858
34568
106366
13783
49558
3865
141643
19379
14339
6941
127360
189473
155270
53272
189683
142196
1939
102995
199800
2768
25400
182538
111780
102067
14093
3620
13247
69871
173196
10785
156167
14049
160235
57069
182888
50780
46482
104292
116228
23065
20894
35881
24780
13669
126416
195836
56482
15653
20840
117380
190350
129998
142798
132944
144489
130139
19431
8837
126633
39451
188947
1893
8082
18898
148997
33597
106154
37880
142983
108686
13595
10527
23056
3818
29846
198658
120595
20630
183465
12024
25594
18877
1295
197805
27474
10542
56791
27929
13617
13833
15825
25797
193234
172665
7673
18007
14944
28294
18191
39548
9023
36100
130560
73302
147009
108298
165850
126767
10576
128093
10633
100292
14747
19444
41892
15939
104746
37750
5810
16264
36487
134277
19674
2627
19538
11323
122084
127384
1790
27886
27465
134553
4669
1117
500
173404
1946
57961
8917
121606
168645
193403
49806
133949
10527
185739
24677
3458
12774
1494
122830
45790
109734
20643
14749
16929
135716
20063
193674
164518
6648
17748
18488
6574
13725
10242
45847
190570
107278
28696
78472
124934
3993
12206
112247
84982
131968
127197
5215
6890
22670
27796
103123
118505
167525
198730
1165
150645
156264
71220
33737
11978
10800
131529
18384
171788
138069
50032
14819
50781
53642
2800
17635
25951
14796
163667
26909
36838
66681
16980
4698
17630
102559
5380
15321
19603
2618
136953
7149
118834
184587
36705
26978
171904
19831
112463
12335
681
149383
116583
162020
16343
14980
8440
2997
69978
144634
117516
14157
14734
19087
108643
104606
12463
5933
102110
190036
20909
5103
45676
111775
2336
59912
103348
5715
159584
37891
13164
17595
27556
2500
47950
5579
196940
16719
13218
27398
38877
173076
20649
15589
3925
23341
144594
132515
180804
144309
101723
44576
39112
106179
145917
109290
194344
677
150619
143325
153704
126517
138925
127543
16463
1403
193840
33452
87820
40597
20885
1852
26295
1088
167386
6780
199635
140735
116043
18098
39202
186453
56067
2325
148879
156573
8750
160718
164000
285
102987
17569
58707
1031
121898
122497
6736
133299
38600
145189
164058
149653
143223
46708
108459
35505
166574
144364
19376
17269
3080
40861
107497
135154
126166
38077
5503
33898
127250
3445
105292
153236
107395
56861
10854
135858
16985
182949
27452
187977
38557
58807
164254
888
169487
18995
131774
10035
13198
120820
172040
159349
865
12728
37530
46570
14763
188346
28886
1625
125230
88820
17948
8725
120197
109018
23758
140678
185535
5313
149248
198040
12577
177379
154444
132096
143664
47890
28884
141875
150577
291
161997
18507
3514
16729
78482
16607
25342
27666
113018
136990
193876
1216
1423
113999
25468
67098
135779
19859
11876
8614
11727
140064
17904
37768
138787
357
102298
186186
34347
176809
122208
1745
29570
12474
164294
147826
40847
127633
46608
101507
2451
28907
3811
2979
165018
17873
118819
20065
26296
28057
19672
117605
198724
19377
2684
24057
49060
131343
19725
14845
158840
149848
102809
16939
30796
12361
108459
17984
1134
3500
10785
5301
141497
59891
160058
46988
28768
11657
24256
10465
17998
16304
163937
2652
34787
16634
184355
13085
149963
164524
156745
562
6914
19257
113818
100049
1739
27596
164186
3585
139858
112645
26574
128049
318
28648
1019
153844
130830
38098
117798
13750
187294
23759
23734
179597
4688
108942
112523
124363
101980
20986
140618
2759
20430
19649
4440
151619
17357
9613
12617
28949
10874
22935
150490
101229
188444
10594
187396
17830
1657
15244
129045
37705
134190
120158
27900
60678
13917
11130
4042
33012
37399
137
541
46898
32992
23674
111159
89020
28999
54862
142546
142580
857
143965
133680
154178
3339
23827
34349
158643
16283
186886
129548
11780
29649
28970
29845
11736
198200
2307
1459
13155
30368
11225
2839
5579
11737
33757
105876
25454
100652
2839
11565
129523
32132
11526
4380
105456
14435
115167
24358
17746
30765
188246
175565
3476
1148
36850
141795
27790
12074
35690
185337
134000
15991
26705
121876
565
3650
11566
116793
14788
101935
143220
14431
5835
161940
7737
3430
5815
10219
127616
2839
12288
7930
11630
22798
197696
116309
5971
126074
33736
1728
23894
16267
66898
114817
156948
180029
16729
12621
144416
11064
28536
34889
2652
192777
158204
100669
25900
30438
15584
14540
5992
15798
24975
60697
162080
104362
178807
19077
37391
29882
135526
135357
177188
105370
120124
134299
3000
127343
6219
1205
166238
29908
114603
27981
165469
3380
101368
36699
181945
20540
134864
26658
12006
15868
178398
36851
14778
146373
7414
108199
38661
127747
26378
13450
3885
127544
2785
144995
140980
26645
20864
150657
158550
18276
40870
49096
190344
5674
129577
5162
137918
1698
22748
8782
67978
147170
526
730
120143
10666
1583
4909
174738
108198
3093
112035
55799
25279
156
4179
24098
150638
122916
104035
106118
12063
18865
33976
13035
189393
83652
51542
6493
24991
20045
147907
10538
177988
126985
35601
1986
20894
127407
29450
4586
118959
44948
57907
177257
162063
61932
130605
113847
16266
12283
66868
157487
7098
38665
112667
190727
134418
68978
145435
134644
26459
18457
106129
22746
179989
13727
107420
111969
5672
107786
7180
102347
26739
18995
138349
142045
147016
50686
141423
25486
174994
45966
38740
56959
108052
20400
127144
129437
79672
2637
6473
17445
60008
29358
180488
108447
57608
157017
162219
7312
101530
13053
27747
13749
152256
78992
182223
44746
67882
138758
55658
22220
106545
30050
115390
171888
27949
115696
2654
11937
3482
2247
186720
149326
160198
169828
17208
333
137300
190886
14528
105624
6007
10249
23684
59788
101916
15286
100506
100784
25497
5720
12463
184
124505
38062
138308
18385
10373
134857
112893
127154
100228
135886
13604
49561
82620
37961
18921
16537
154944
18899
2899
27064
179305
46977
144180
176587
154805
19996
166863
15257
1061
39688
103719
12393
146378
3760
23549
59987
126557
8682
37391
175219
104424
3957
102172
2620
38691
147355
139299
159248
2054
111627
11449
121820
14769
124518
32592
182824
127709
28500
149740
11416
115398
70009
1151
4369
10820
128588
20265
104468
2849
18267
13939
101868
158804
12189
182650
33937
2588
82492
186046
120743
133236
4790
57601
2997
154343
45761
178645
197374
158478
16358
307
29368
46949
34502
33975
40312
109192
186449
103115
11713
911
40809
14476
192030
142857
1796
34779
141870
125690
45142
175554
19276
100924
53492
11301
20288
38440
11828
100153
33948
47966
26737
157017
164546
34477
102668
2924
11995
15568
6078
144308
150476
35638
148646
8610
119178
19976
24827
103577
2773
24688
184489
14476
19745
16319
26079
50809
17334
22470
180798
147675
13939
2621
171995
20859
184005
150163
100364
61
15964
18344
112869
44786
16727
112784
12447
155070
6300
5770
118693
109190
40852
1543
133045
199557
23310
114598
501
24531
155987
119945
83392
155189
141654
152278
144417
155260
50570
23606
8103
100424
104843
150159
134517
17390
1551
5874
83722
27879
16434
158879
1194
36606
162924
10000
27485
182084
48077
108617
36691
119280
140538
182096
13754
104772
19855
13010
1704
183191
130038
49706
198806
117919
139619
25951
163485
15291
86
2288
2601
22579
26275
44576
12918
9019
461
28775
120920
49612
194676
48058
4019
137449
1661
1052
124
11644
18525
129417
103
47968
4049
18033
101408
4077
13876
127390
3039
107765
69980
119893
10734
117879
146033
77979
57809
19653
14968
148278
183727
107965
15650
163049
3691
115467
49586
35759
39546
10771
50776
4287
1835
385
164939
10945
48292
102372
102846
124183
108282
145196
5004
116819
116517
193863
102009
5675
14618
177300
17725
126774
134687
157623
46487
102183
2328
18448
35492
22686
2751
13014
148179
101216
156164
103644
1195
18747
19008
18088
13518
13145
12223
46869
153546
138330
18553
33607
133179
12667
2578
88622
4486
149504
24901
16597
162280
10605
144817
119627
30765
11613
13186
18756
45970
24305
19594
3945
67492
16389
139350
124195
6205
132964
13548
162260
161873
472
152
17068
14170
133944
25561
148209
170846
121874
1424
44647
60608
13815
2401
74312
29460
6653
56750
101082
11768
13546
14288
25468
2947
45591
123460
29646
25036
376
4752
122694
143569
168068
158544
10530
57690
35607
138667
1373
80652
16465
114053
119004
185426
22577
8356
59662
15503
5068
1852
16955
1648
57697
22444
115970
20065
112720
124620
25908
170080
160085
46877
25707
11297
132518
29740
118880
24085
126187
134418
157234
120436
19860
100953
156090
131733
56070
102392
135005
25870
16510
11825
140034
107680
26587
16244
102220
17723
27368
15974
6688
10317
11581
828
139556
131677
1769
134565
125053
85082
196454
89000
28540
45972
27444
187590
17619
4560
19298
139520
149430
14694
175378
29480
630
195554
26339
10750
30387
4987
20850
126186
190876
15967
34549
752
138833
102888
164934
36788
18334
116440
137480
8549
1943
145198
16675
158668
25967
17223
69909
35840
60087
34789
13298
30949
171960
12743
20455
153569
13216
27769
142733
35888
1270
108492
16030
11241
11840
27010
147517
138269
140466
471
130546
138020
26804
12018
170486
16418
159306
188306
23602
8300
16177
136316
13417
124747
123319
100113
135467
22395
27351
34475
11953
44959
152590
524
29860
35769
1445
27776
138515
28741
2985
20436
190920
17908
126559
57772
118014
58708
12577
59767
801
25990
107613
12035
28608
172057
15799
23934
17476
1546
189707
26374
177566
20457
16196
100766
10542
1263
12095
125888
122200
14618
27274
143369
25041
17300
37076
7600
128155
880
166839
125417
121830
47506
159600
22430
104235
1677
30558
197859
17806
46586
106156
23760
149844
195974
192356
134818
105715
1886
78142
17676
6099
187373
20857
158860
8679
186426
142017
18830
141568
10574
112779
10494
85982
196783
35686
55892
14807
37775
104144
155906
12543
101417
145179
69871
177747
34945
124204
149727
198045
131674
151907
5270
116690
52122
12088
18376
36646
188238
51072
50087
104142
16033
2084
107516
109663
139849
192484
1683
4830
152794
34487
30674
39049
120169
14762
183357
25557
28479
119820
597
168386
16787
34695
160984
1249
30688
2384
23978
148429
124475
10698
2384
40698
19773
16678
128516
8376
16740
19706
13142
37378
24710
14600
156318
17500
25347
152859
19573
34668
125196
129180
4993
11152
27598
156806
112658
139247
1828
63432
182633
135719
12257
13936
28986
22408
165490
180349
12817
3781
28904
37597
58989
154260
7000
150177
39798
163265
119925
28536
12319
139270
138806
160700
12423
5688
124784
160698
101112
185836
3447
100789
23495
100503
108256
1474
198205
177646
125760
6357
15826
30947
11373
15886
109725
2517
1293
178660
149368
35599
2652
19181
22750
2057
18735
14485
121229
104616
47809
448
18265
3760
119
14824
8318
13637
80632
25909
187000
173173
5430
100566
11716
103803
46412
134134
180805
15245
104185
3500
107190
3750
1363
2885
69922
131491
14084
198270
12520
27361
62732
1836
177495
10676
15609
121548
135047
24260
148585
14898
1310
44869
111975
109600
10269
109577
188867
41202
107815
107415
27535
3877
177320
106932
107170
177339
2953
141768
15865
109693
142970
634
12834
14350
176309
134358
16746
14194
75920
17303
5871
25300
55760
1764
100096
128275
29684
151877
180019
163606
100182
18799
167167
101132
150998
125038
25857
106520
124443
5496
22489
146020
44547
13598
186188
3538
883
19296
121680
155079
156770
29667
6453
114984
135716
1893
121395
134316
159698
178879
4769
10126
168469
142034
56967
3675
29437
3344
17256
118945
58971
3568
19155
951
78089
30882
115413
157929
56877
148704
46048
11985
174950
1351
145649
124164
5548
13279
50668
1339
25475
20077
2702
4498
26688
15264
58088
30468
116829
35687
23386
13241
16179
117407
61720
15835
36490
140399
117969
35639
33766
15468
166354
172197
101154
132556
102630
185609
47070
134615
30874
3985
157006
2905
18509
148504
16919
28339
144034
118320
4468
14238
107346
114026
1725
112824
195389
29734
129857
453
63512
7975
157288
144205
198489
11122
140503
124660
62932
114807
138500
495
173983
116730
30370
115988
19407
2087
18387
13590
219
8213
38386
155244
2049
58059
176697
105542
1526
113117
114033
600
3768
2974
166755
5359
147257
152936
192006
105574
150043
13785
125325
158566
3174
104442
60942
197527
5680
116178
38575
114303
25837
124538
12402
186466
4848
3449
3175
37
1669
197265
10197
131769
5988
3466
198744
11748
122098
101863
182253
20032
15786
1869
25699
164469
147556
121379
28999
161828
119329
146818
135190
45809
17928
189997
6700
133473
109260
13327
1150
16505
37481
4719
69212
132798
121285
101272
149637
127989
33796
105998
11759
18339
37556
69878
170719
117198
2354
2485
28665
10507
2866
163695
34489
16235
1462
1887
35381
189288
22328
197098
11638
164534
48897
5578
7
48579
131409
22495
179307
12771
131950
25279
151959
111600
1455
90472
992
15468
12287
4479
10025
13683
1619
103675
120219
154287
10951
15020
131400
17837
160171
126417
30344
4461
3015
3973
16555
101917
22601
175729
10209
101308
22704
14553
178425
131631
1761
19774
141677
6698
823
1248
11473
1925
101833
100208
107383
143619
183629
45097
113336
124307
37579
105248
141649
23886
128429
13896
24888
11815
17638
37082
1414
2468
154063
756
48068
167843
144020
12967
19478
17293
22810
15761
39332
120560
167539
107599
164364
121298
113398
133163
150495
123126
29344
111896
194484
15054
109773
12228
15066
118684
4668
15359
182900
2088
152900
24840
15765
160843
17465
118900
167027
112074
104966
15835
11680
115690
193655
26966
261
134960
192697
168853
40759
30778
1765
6314
23804
36745
196485
15367
176189
61242
188345
134665
161854
10219
36761
38057
22701
1698
17704
19490
170379
117455
39461
165430
146199
58977
35595
141583
48800
20568
12520
50876
183194
20238
141988
1969
195365
145070
11868
15847
26271
139873
2635
151693
142520
115895
1568
126490
145788
19667
176726
15333
146077
10894
37490
13022
106199
48887
28936
11131
154784
1589
186568
12377
29389
3317
12287
131640
13318
14433
148417
6778
195559
182834
27404
2679
18190
17504
56700
16225
50687
789
146718
17465
30368
30965
126816
134255
128519
139533
147030
35539
12633
12994
155285
147596
120633
193244
11275
116116
49869
16439
137093
1960
26574
121995
161758
2258
38420
163307
18986
131434
28598
10335
18004
20738
35381
16679
111408
2153
10898
11947
19575
16840
197898
165189
118015
144018
156158
17938
45670
145946
167420
4694
160865
87020
132596
19951
17308
134737
119905
12027
36770
10425
12899
45567
140665
57852
47607
4709
185305
40706
283
9073
4370
116833
13443
13138
22788
135294
19684
89252
126887
28055
39476
158960
6679
49710
158736
26384
25275
25041
194888
114690
17652
140140
41072
23668
143244
16744
187677
134258
193307
120817
173539
153
102934
1030
37886
10320
19527
85972
8610
26380
186983
17460
10952
28359
113189
2546
1335
3560
1444
26687
109608
48956
14429
24549
140579
195866
154040
18610
14946
149485
1062
170829
56889
175545
5859
36809
10620
16836
18683
197203
15220
6170
119150
56009
105744
10462
79800
11161
12467
6345
145859
141951
131649
34960
14336
137706
140015
2885
37967
39552
164403
116274
131690
4066
11978
23866
8420
145747
16946
57898
13578
11274
18357
12859
86992
189385
10027
7055
1970
1906
56587
14188
183867
10824
102676
105133
45579
39975
157749
15063
11866
146525
18678
16868
40695
192883
165923
100806
14552
104907
3886
44570
3385
171725
1639
28609
108667
59968
138193
14095
11544
129318
138170
35986
28747
116919
137247
17588
1469
1335
178483
60452
15054
132740
29772
27849
20779
36038
161920
107993
4970
130605
101730
15398
45587
5511
144968
25768
14645
28887
187239
508
18621
6982
103475
101108
189749
29132
75
12349
11622
16400
13483
34222
15249
1156
120895
14190
15164
2458
18435
22809
8139
19434
101991
18083
134340
620
164
1451
149083
82012
23670
36080
17403
36090
144357
2480
166904
15346
16057
128993
29464
153235
111643
13153
140170
175373
105290
19505
26054
44766
17268
135516
17019
901
136348
7519
10686
19543
198888
106382
27056
19386
33848
135245
195657
74822
139319
18941
16467
107194
120470
25948
13785
50057
59172
131966
40588
18796
34397
189839
1291
164649
12395
285
40898
33508
183375
154547
18749
49932
14261
164623
139294
134528
121598
100707
17640
105702
12563
152693
136169
67492
101544
120520
123254
781
17035
117347
5278
61722
165964
1082
165295
39066
3324
165506
8423
19570
12475
90352
125820
16842
150317
37510
108070
27676
17364
46068
178590
112398
138578
178737
20950
25890
27864
45896
13326
17521
76322
15993
14746
177198
56708
14271
10771
1404
114790
20020
189790
139257
17476
150966
180563
22679
104165
616
101704
45799
130027
68420
184973
17696
58952
166070
121724
163360
196367
25256
154089
10799
108246
100892
28444
164747
29894
103066
156238
139840
18429
148180
23089
124305
130493
65092
16635
168098
167318
118696
36960
14541
159196
144987
4790
196058
40070
124868
100192
87212
171975
15263
13704
39697
44612
15653
107534
3953
175195
160623
115167
45590
55332
11590
109789
168209
186964
195996
105040
50998
22240
175789
18625
134195
177596
13763
423
127934
13668
2737
113877
186720
48609
126787
15236
34350
120298
4211
13705
5200
38492
20494
1218
193479
28840
514
25585
18283
109475
4773
34950
186237
108514
140219
3645
553
175898
13976
155506
1496
197248
2777
180806
115230
34539
12966
1633
2083
170089
13567
11748
2465
11884
15923
169944
69000
178374
111135
20608
44332
174764
19960
183666
57899
10264
168657
12994
3977
48497
188964
18043
1200
4970
102437
102289
10145
167246
192407
46778
45669
102946
4480
17539
150873
29605
141863
8601
146930
2077
169676
22584
16856
13583
45876
20270
171773
158035
15537
25569
189369
147585
148729
161970
2746
14959
183639
169844
80692
28685
2446
1575
183679
122195
22938
151829
132995
148663
11679
35695
171958
172268
3459
38312
29778
197545
10179
192
26970
102625
26691
66422
175863
188426
35678
18310
19829
2233
106002
48658
10509
151686
150798
15283
34476
15959
30746
49556
48790
48609
101142
15236
17429
11475
122819
11697
16184
180764
138298
126624
25691
167528
81452
44566
104926
132236
150154
1574
19410
72222
19891
215
140015
118708
161779
125325
164555
167265
1816
18644
2595
11834
132717
133550
176038
156918
22859
3273
128943
1775
165544
130337
136150
161863
11424
15455
34356
18744
101826
161677
29964
115804
18606
192949
120913
199453
2685
12826
1130
18983
174984
13430
30307
105394
176258
87762
12907
18250
133277
145166
2014
11538
74302
11893
9016
28086
15587
173263
49771
397
195687
136286
387
37876
114169
123389
50989
139583
4926
3489
193596
197074
127568
18209
108996
112354
13596
10204
108779
124516
189688
156354
56822
158733
111518
35946
146026
57891
195544
115817
13194
28854
150057
11180
10270
37412
1603
16734
6983
126874
108905
8740
173234
171941
17889
13633
35965
173580
26950
9943
34732
1433
129883
104015
38699
132389
196839
39869
187540
18247
167790
118813
174178
25294
40476
152458
1076
126797
177600
145623
143823
14553
14394
14764
161937
126760
2106
172328
58779
34860
8213
168276
39957
179767
28500
3821
51202
113398
18525
122720
15288
35489
114956
12741
22667
122157
4792
1766
16624
102927
197554
101593
116990
27648
186189
10687
45891
27048
2879
12921
130148
15620
2670
453
15195
17283
36010
16019
19643
4999
115027
142046
122980
132734
11689
137420
2408
14283
120293
562
19757
178186
119596
25347
139158
2481
66732
1954
153865
40987
2770
73362
187734
16780
19304
166909
49871
142573
167548
134029
36556
47988
19386
101428
172297
67708
11531
19183
189806
196694
15698
11100
68700
2919
11506
162650
22961
159937
164500
19834
1473
12436
30849
18077
1953
175788
111994
49912
141734
143165
54052
59070
101824
4186
180900
17254
11836
15394
16436
35332
149598
133600
382
14161
128735
3045
16826
15285
12358
15741
702
107063
100646
13364
17460
176609
136373
26391
17343
137099
198675
17368
23894
87272
198628
15475
185946
13807
10282
10506
22828
3095
3821
835
120946
169805
3905
142097
197264
676
27479
39461
117440
621
106514
136996
128903
37749
148706
149874
834
170320
193385
108490
107054
10738
138188
12320
842
1050
145517
155499
3198
20785
161771
1420
25947
23260
18997
144149
8318
156990
107214
19349
23476
113340
1495
3748
168279
104948
175288
177578
134607
65052
48568
176453
4657
5671
114204
124039
149216
58661
143416
130725
40067
1136
121634
122516
17244
39477
5759
29685
115669
55701
199603
131896
37839
152900
138788
7575
36396
156419
115255
47932
19070
117178
3660
23565
10849
50957
11747
10317
8625
159969
73482
140056
4464
4469
126070
137730
12698
35708
5360
13556
197
45968
166593
38768
12680
127909
113227
1752
5072
36381
3750
162950
139765
111505
186657
60967
2251
13355
11524
123264
129226
50709
14607
167364
127879
40080
19954
11939
196524
1878
137200
28478
183870
19589
154744
168873
19406
854
190299
27430
123518
113196
12009
162618
107742
18273
19547
18190
23359
1706
10319
178193
15951
1898
28949
129000
13303
33479
18896
1735
108049
5062
116944
34779
19249
395
149207
106360
542
1737
105748
17264
1190
39065
124650
14559
36087
14636
129214
26540
29535
18609
13186
104476
10269
40485
185207
129158
62992
24687
4214
141934
176639
105176
2599
133219
108684
24644
155488
19644
1835
56781
197365
189035
30448
57881
102156
36845
147346
187948
16394
101318
13783
35651
10580
162400
29487
19649
160398
156445
116914
13246
2949
118260
145334
106566
36858
45507
109984
2940
66981
195647
155955
172450
180480
161694
130358
15883
23896
1018
10170
39757
59007
25680
17255
125917
135386
5548
19287
3613
59909
147885
27495
124828
130430
127870
29587
16846
13954
111494
11709
185384
16940
84312
8710
20787
3960
2661
57670
131808
3085
180593
190354
14058
131525
137698
127999
10069
131624
7106
522
1764
19731
14947
182929
103213
2317
18429
147519
2946
1321
131465
115119
11151
15024
148650
28974
26295
192209
168190
22257
139495
26795
100594
35800
42312
116644
28064
175657
13231
139489
38977
4196
151728
25838
84312
30380
35608
69402
109887
18425
128130
23995
19455
1051
188080
539
104617
164405
11622
17696
142094
1032
6688
25458
182187
219
35886
24086
155298
179549
16747
58907
11877
175675
11967
23348
160179
18934
7515
192853
10933
135619
105978
60787
150630
34507
1642
28296
19706
19431
12524
13307
3749
132586
7262
133858
10814
112309
173181
112877
6792
19290
159328
29541
9393
114716
116925
16398
14946
23842
128695
171737
44932
74992
177446
5823
139640
156235
11650
17329
135155
39056
33885
36986
101982
2397
11130
1538
45656
16943
37489
124336
140295
149087
559
20396
470
103879
8107
8160
163283
36538
130029
119171
120076
414
174506
101384
174723
167766
156056
12953
169318
19278
162720
166188
45568
158169
16189
34378
64462
16284
48869
12650
197870
13418
29039
77372
171830
59801
154546
86662
17005
1914
36667
194397
17336
11747
127688
145896
194567
19253
178477
152297
63132
16453
148543
29384
449
116063
184020
199336
16390
48906
40679
1518
169935
43622
17176
16801
11969
45651
19423
105604
183256
119749
29630
130205
196423
41620
35966
178864
142276
116165
101365
135715
102772
14523
28471
11637
162919
17519
40497
11163
10535
57669
130499
107180
121896
197286
162867
130575
2379
149178
134348
20758
144688
18805
123363
13189
160858
196026
29748
23468
23690
101481
2785
132486
36680
1800
40690
150038
145165
18667
125973
22457
185457
149690
123935
14778
15356
20038
103462
177670
124174
11660
156350
60988
15249
133876
109628
160983
192230
7891
13142
103292
155050
70712
129537
38575
150016
34386
156720
195067
84862
172005
79091
28479
108154
11129
44456
25627
2215
156354
13079
7233
11594
124196
176073
46981
22340
126937
11466
111377
12450
100005
4947
59232
1874
10959
19779
102278
10916
146843
53992
178377
136645
2287
1557
27295
113083
111790
124898
185497
13134
124619
11204
2304
20266
113733
59861
166935
17184
178054
34685
20553
155305
139848
108626
44492
113523
27454
3550
36
3695
536
169593
12998
154340
188737
7410
45670
19331
33766
107977
62820
14197
144579
4917
124578
116307
4786
107129
16174
14018
15367
111775
146689
33792
68780
105990
152066
15935
167640
10283
13354
47750
14284
6627
17647
10300
197948
46580
153479
153833
38502
45797
118468
116799
136400
174188
2013
33366
493
105136
10960
40690
2429
36447
185654
22455
13781
104786
16896
142688
47608
150969
1498
141859
25478
2971
130984
139015
146496
78412
2854
100245
46047
16098
113719
1356
167185
36060
118337
11634
174429
442
1251
179500
116486
121650
150933
113166
188775
18296
28968
39485
19849
150153
100659
2493
48990
136225
16428
122136
121358
121327
18754
3259
101462
108122
17366
162264
67890
39848
165743
195939
118818
103292
39677
930
10776
1147
19132
18330
3899
189495
182073
5407
7738
71212
14893
19338
27934
153846
1794
19466
6644
18066
135176
16221
3410
17563
28400
153337
11306
12840
2850
103984
11247
162330
25930
5847
11331
169386
125965
22949
12382
50222
146189
19276
15088
12253
15988
124884
37051
20686
30649
20874
2324
13568
190308
7345
2977
11247
120454
161834
1393
117955
12368
124534
177094
28575
18498
5768
112727
44972
8662
140426
190423
36797
152597
40486
12959
186946
3517
150
6979
57608
27371
10127
468
57902
170194
131990
146335
112128
851
38651
4219
163920
102892
193076
38705
175207
11539
17783
196803
192326
36008
38867
26809
144
4471
13526
413
24359
14485
159249
7610
1456
11450
130363
16407
6709
3568
38757
45469
28950
37690
107188
35359
107908
139005
18823
18524
164191
18624
23432
149817
152217
13908
168733
172708
18978
182997
184640
54120
38848
132629
13179
4068
17859
169658
121955
2120
3678
116393
177293
148725
29377
135017
1037
25298
25838
157047
171884
14407
11673
57671
112876
8073
181958
16833
3820
48587
102630
196978
26705
159845
16940
192356
130175
18379
25429
183970
167683
140699
101197
22696
24737
158158
38898
135320
12404
123320
101513
188763
2427
11205
167223
13255
37097
158336
111883
147558
27884
14677
108347
121593
19736
143679
10586
12316
3698
145988
115328
27535
2330
15679
7773
26764
58781
164847
23046
13259
13618
198368
131490
19334
24947
135148
34908
3470
2094
147665
186474
35788
35070
128219
156776
136360
1553
18254
119166
164796
48851
14077
12398
14863
160495
126909
24661
10847
15659
112154
47656
16040
133024
3047
119859
192604
4165
66732
112703
3084
56909
135659
106337
189404
1684
21962
19656
13217
112030
172367
12679
155270
1888
14791
157728
129744
107770
198363
76302
13886
6929
16895
199035
145605
10349
46707
12183
162746
5418
109473
6898
1663
116469
23471
27889
147604
39058
1869
1082
173507
115748
46769
163167
10093
12129
19604
26360
1834
26567
14018
107627
44658
50608
130826
12775
7995
166956
3618
46871
33665
153063
29640
147306
130520
127638
47780
11355
170550
185198
13539
120263
180589
192355
132674
11519
169300
27357
23959
12091
67970
108668
29946
172353
106950
131976
189007
30060
175898
16271
64532
10835
163418
24479
12898
116998
13298
106544
26894
18343
44686
13310
1229
1048
1741
157920
15637
127618
17965
1807
124583
4333
199534
34949
166700
19504
166629
106458
177054
41322
10695
148509
150976
15364
15840
14505
2094
68442
149316
113539
7260
17859
4794
189904
228
57700
3770
4453
12941
177709
135367
47979
129020
144589
136373
177505
15160
60077
114924
56997
13283
36708
16726
122730
124949
20244
185869
126374
19451
37998
190656
195406
160179
1393
168336
133515
103868
5974
12350
139817
26930
116200
197533
184194
38061
33588
3397
166986
25530
108185
25949
8193
102230
12975
1069
116849
50642
128679
1608
194904
19571
36597
176804
10734
142723
101181
15
23529
125889
15843
3788
2969
131620
46076
7965
180046
180546
11785
146917
20395
1417
23776
15193
12715
13594
57979
105776
11524
11993
7047
886
78999
18385
36578
1785
113149
17948
15473
11724
180688
109263
19604
50579
127670
193856
144160
15366
2467
1490
141687
10516
171990
26546
156005
23625
141836
120050
14967
11964
56859
44896
28640
137417
26798
18370
20584
2637
107528
10814
23260
133659
47202
23755
127335
3488
120075
47860
10294
134167
12950
189035
16250
154171
197657
30420
125457
158
15829
16783
148056
5137
14995
1897
183474
40691
56580
12470
152886
118023
30232
106153
50970
143196
14847
26491
45570
9070
39770
26865
45889
39602
142767
46068
48066
129534
188005
45889
13334
114299
25872
1318
141964
135599
18475
19694
4989
18370
105817
154197
16963
131663
144545
118045
149866
5889
152017
19357
197199
12225
688
22348
24580
13878
33755
3993
23547
183803
46008
113978
132084
127993
139665
28479
182489
6860
131728
35498
162785
113463
7256
160298
46852
40487
34569
164889
12363
30796
74062
169505
29048
1709
2435
16224
45077
61602
12753
109453
18364
104288
7497
1115
38581
26660
28907
117013
1876
6097
146309
157729
28797
148888
22398
141923
36968
147803
164829
158303
28041
15699
16708
109852
2715
198694
160985
115015
17591
59000
139315
135338
24
19308
198688
179398
158075
26636
157173
105525
132478
132447
189467
1421
1798
101767
45760
50052
133317
184094
15769
109294
47720
1430
107170
38560
387
323
134667
18873
5143
19824
117070
57967
137
131879
112400
14586
4436
6889
173384
25746
187798
198593
39688
23940
26654
40068
197034
3567
65200
20273
34366
34610
45688
152709
3995
29354
27989
138157
104502
147369
129949
23070
120580
8733
6040
464
179386
7980
163558
1954
150020
10588
6872
142028
24945
544
132417
73042
28581
133763
17075
1616
20509
45799
106264
2747
118428
15438
19381
166569
197850
12280
141658
5007
169587
163256
28388
159826
25308
40859
5679
39746
101377
121737
3988
188544
42962
15205
169320
16074
183560
27346
103755
111390
175939
16175
12797
151980
4758
16265
159
179538
143607
104153
160799
13737
19754
30594
18243
12484
13968
16258
2677
187338
162880
169549
176436
13586
14898
10693
15080
11429
173037
167365
138756
18195
1157
238
27700
142499
18337
12234
139983
38081
160205
26935
4782
23890
18925
117059
10643
36768
148188
186304
18897
3979
8053
1755
189296
1956
194334
23990
116318
101052
37967
13271
138839
50658
113707
10580
106873
7268
3174
12138
17504
28055
186204
142636
118147
133719
130903
179607
1735
29357
186905
2994
1587
16538
176820
102320
179845
17929
134857
16641
22535
23009
14097
26074
81442
159695
131939
184708
20671
14639
86202
15267
19775
14934
16697
118339
178398
15372
37386
127859
131793
7027
7615
26689
141751
107151
135290
18735
3593
16178
160558
28994
26078
196006
143665
47372
3585
172785
12
24937
37987
158770
28037
48569
176563
4617
155046
3587
187600
161834
89622
102680
183586
56580
122015
116317
178046
11494
161706
2690
269
18831
156236
16968
7354
16696
186193
177334
194660
851
74292
1869
11613
120863
103178
6680
1456
36456
1368
139468
18586
19856
179324
84902
86252
36009
39765
119608
117615
146356
4939
13851
23786
142870
24002
24566
300
11731
112955
112137
3864
10841
425
1610
19021
10164
8703
8089
109427
37469
17797
20094
24574
39687
10503
108158
16398
150418
6089
48892
13980
193374
607
3623
113875
137577
82962
36549
142519
1539
46966
13935
195305
170766
145783
149298
56079
18594
22328
11300
164729
222
143159
14189
58608
160857
181937
14228
4314
184996
132275
2744
2490
19897
101517
112929
2469
125317
13434
134218
119514
18372
18647
190985
167057
172948
12407
113188
119775
181923
14976
23028
775
35787
1649
26354
27676
81562
139937
178887
19204
29596
2616
28096
11800
13631
37681
104749
2700
10508
4781
115155
7613
138075
39701
132279
18374
29960
17559
19588
25799
135978
191973
175758
37540
157876
106114
8779
197759
187720
28885
145945
131693
17870
14595
170879
19647
122066
165360
14081
129300
178520
197943
169765
11763
199994
173500
5086
126253
1727
60502
17629
160
16718
12956
151695
105887
121846
17499
2577
12295
12541
37858
35446
133715
3975
112136
31912
123165
12718
29956
145247
35868
14394
7880
13764
12665
82402
194523
166638
160864
33840
20968
2319
1603
176838
39868
12661
115977
138018
515
132928
178535
153493
2649
118489
174803
11743
155286
171827
113191
17193
16853
14939
27750
14393
1547
163875
131769
49907
164723
163894
1600
37675
158995
12570
10279
18904
2055
152340
17073
143146
89010
192296
12737
37395
48572
14863
164166
105642
5390
147443
145151
180599
152044
8853
19749
117880
45581
6700
190943
877
35057
163464
2695
193883
157367
116516
3958
122886
12438
85832
118183
66868
4601
2873
12363
15402
104553
170876
46509
26578
30897
1303
179898
600
151759
172525
24460
174058
19227
177349
44958
16177
100109
168355
28700
11876
30035
144268
68808
2835
29475
11575
11973
182683
195888
131795
17919
15553
130159
48609
144169
5669
135147
787
8000
32082
123420
25455
17636
14331
16946
129028
130487
77
46481
18439
142439
11260
2098
191
189958
25349
17198
18995
12021
10346
179684
180
43652
61762
37039
177284
17452
35395
179466
12957
173623
113613
14805
34577
176569
146249
35857
10635
57690
108754
44459
153267
24565
56760
865
118839
150366
20254
153085
178906
168194
14958
16073
152546
185026
122817
100455
13667
23377
25857
174389
27288
51
10537
180336
168205
2843
193974
13645
14019
10098
176656
47559
119317
11489
109017
132818
1805
123726
26297
170944
11538
128463
12868
3795
14520
5160
23036
136728
17468
1887
147173
172569
23335
29647
55869
27990
156009
161867
120396
24950
10230
19491
135191
25431
28984
5076
17954
19777
14459
147736
38409
2687
39076
46480
151889
23766
118294
106415
46708
142274
20386
195534
22648
13515
11394
15346
178003
139624
149263
107805
147020
106635
12876
15857
37675
109972
38352
30709
198060
17178
186266
29064
169054
167537
12296
3865
24251
34988
14077
16930
23679
162597
13439
18948
140728
34578
16407
15351
129817
2617
155965
138459
20596
118015
129604
144998
22529
100042
135360
1574
10862
24528
113656
1043
19961
18756
124848
2868
16644
138559
23405
30898
199564
7870
2041
11958
5087
76092
1065
17870
17274
118148
134709
607
10133
10975
12049
100151
189475
144333
23005
20468
154937
40409
13796
64362
159278
39580
24280
104327
180325
18405
159526
11855
13710
18976
187250
146096
29535
1587
506
175429
151883
137703
14190
27706
16244
19246
26582
64892
39509
16228
109155
264
14269
70879
10940
139767
34437
147046
15857
101444
12678
54572
29680
22585
34750
176869
180794
134019
153703
104806
22526
11414
19691
26030
155455
153067
182946
197939
132477
1277
163170
168746
1229
131927
37749
20491
101128
30398
107233
11718
176095
126617
188395
160817
9075
146445
23794
28396
7781
105838
13525
186976
190696
182738
116019
25756
38956
55650
130286
28477
143308
129525
143359
3755
6653
27894
176193
17270
10645
539
1821
168657
16225
16863
1426
158077
13573
23539
45469
29354
7191
37865
164308
120419
48786
18428
19647
154408
12543
18480
28386
253
120516
166279
3397
173930
101979
4870
15366
59908
12755
57877
17738
157660
136790
108623
117589
15944
109116
2658
20354
35078
173509
18425
192200
103744
1789
135363
17397
14940
17193
132764
33665
2616
1357
8514
16243
2756
48868
185689
14817
28379
148584
13160
48067
2784
144287
25552
143527
115027
173963
109129
29756
120181
145189
129800
190308
140645
14307
15585
11560
182383
12757
120918
2936
25810
135473
27667
117136
14897
10651
6919
194746
130893
175365
18833
100789
16477
2494
36968
18798
195955
24905
100538
2008
142147
100069
20051
32202
18019
36870
3362
20689
116585
131595
132879
68312
46859
19897
25875
4926
4358
10677
19833
23572
784
115140
177685
973
55590
27778
127996
19399
153420
24057
150019
2235
199527
26739
186304
134297
11285
170849
120328
27028
186907
117315
155694
333
154654
145953
74922
15760
11460
165868
128878
18008
111484
5450
133937
14803
30754
12834
54
17251
3374
7183
1366
15653
58961
28840
28866
1401
3709
13795
10505
18199
30396
2813
61062
12673
29378
13944
2457
15618
1377
18199
105532
141796
153065
7170
45598
19523
15530
3747
16976
26978
24955
27645
167778
7220
105883
190776
144157
115186
18677
30561
168883
174489
59080
3598
56152
111166
2870
18578
16881
5959
56100
22798
90692
11993
161999
165779
160053
195353
17419
2579
157577
135659
184557
138384
15265
165685
2714
100432
165329
109403
30378
129686
161773
6804
58667
3497
64642
12370
41320
186573
125954
37570
3087
107975
139876
196280
105005
30045
25866
17360
39756
37780
163776
48698
10233
23986
30564
25579
140658
190577
10144
28959
37202
11895
17057
113175
35655
194509
3394
130703
45262
17425
142364
142843
140190
138765
135677
6047
10139
105752
14171
29936
88792
103642
34550
45959
135648
8354
187
115345
17523
135515
25957
8922
124967
102972
166766
4689
14860
793
11649
13779
1897
147095
122255
26586
5649
129180
78000
12158
3206
123171
10884
3054
2324
17026
24576
174848
38391
13472
37867
130333
12398
10350
24257
11570
14228
17908
17968
113786
20855
39659
24371
183236
84120
182858
148190
989
126920
13940
123195
197769
25792
29646
20885
13791
161993
12235
2701
131907
13943
184567
174720
1554
10705
149195
29594
117597
76442
193990
4467
33779
18565
57097
19204
155069
15320
46790
131686
174619
190200
161706
5778
4203
60067
118170
111796
135408
3667
102952
1259
190704
163
5968
1323
34380
145293
73920
148235
12886
24762
49752
5899
134017
28039
25077
133803
169950
27182
28501
103192
104270
29857
165694
40486
101620
8095
12259
128536
12327
80862
28047
40905
29667
35677
38752
127295
21782
17970
13416
115540
179443
26650
125556
38856
136034
24795
17870
105963
90312
115397
199448
18346
180777
30586
1295
78899
30740
1044
137365
156246
37089
31502
168649
117716
4753
194950
587
101827
104614
10697
147574
12535
175619
37795
115320
168070
12124
113555
11310
168324
3074
17226
3915
86502
109193
2379
1970
108258
55912
17697
13470
22894
194000
182999
3067
87322
20448
170834
11679
154336
150154
125416
14179
39668
179566
81902
12869
33891
24750
20728
1121
120613
151883
1053
13420
195279
37058
5799
36977
27434
14068
161960
15500
189339
5576
14989
1660
114616
27674
29335
17936
56057
168200
127608
190527
174856
136920
2993
22364
39886
17239
13808
14927
1089
44476
138303
18935
16753
664
2077
118079
188555
12925
128328
5066
106084
140680
173908
27639
8640
23347
104513
105790
46608
126699
101313
153393
111925
8200
20877
162299
28097
40567
177966
13073
20453
3467
187673
56560
1393
13020
16798
14294
6358
61782
13894
3838
109765
28881
145895
118455
1776
19288
12748
192053
171980
58
34430
134020
148028
156089
106435
57060
183079
185070
142527
14175
144674
12625
371
14990
57867
36858
194370
105172
103193
17526
12806
121563
57600
26768
10011
11069
4314
180191
28988
26850
6408
1193
11147
186993
178396
186767
48049
109170
71982
38469
16584
30885
25784
130433
12125
12716
178798
114409
25581
139358
180293
14529
5838
17481
305
25040
20346
4047
12953
166168
102245
64412
195686
14417
179443
18484
10137
135758
156056
39475
10666
13435
8994
18947
47607
101609
26495
12518
1380
56980
2741
45968
107117
25045
24954
169360
16255
125476
17181
100344
173224
4294
15928
123149
153688
197296
142418
5965
11696
48486
12125
8430
106215
105390
58780
115085
116015
164418
11646
153737
12359
609
26580
102667
155305
1441
848
163
10117
103585
18281
28695
12605
28601
34961
14296
125988
16664
46798
27439
187857
155399
426
7581
11673
5520
164795
147055
38565
129207
134645
144808
177099
15708
11340
159758
35712
37489
102324
153193
39808
120968
16674
4674
114124
27484
50810
24260
698
45847
17337
22844
3926
20548
11726
17483
142244
38586
729
4793
27460
35405
7318
106703
27132
25704
136658
156827
124976
5797
129315
183234
119643
73
24588
17034
113328
12696
124228
2680
115526
126034
116350
184269
117874
2707
25068
134419
16703
73342
182543
118029
17444
10009
196879
1520
11016
33862
23645
369
386
20608
16050
134757
192555
24687
197423
47069
38406
22701
1057
16530
39005
100804
37750
5319
113320
715
118964
58522
168389
11489
128558
129150
45058
154718
123826
131588
237
167533
693
28969
188956
13308
188191
159249
1165
126769
17197
14494
189320
28496
184329
12714
147
132816
8665
127370
153590
31812
150769
101290
7835
1334
14664
143759
14281
180797
175694
116118
37606
121245
57887
11296
34755
31302
17550
190198
108055
128444
174240
14063
10405
37487
23745
3057
173525
17963
580
3961
31102
378
138280
160868
17093
2736
119384
9099
175084
192709
46710
102920
170720
176054
1987
48671
27357
16491
40887
25808
48722
20761
135854
104480
119428
48769
29846
11319
117047
17490
17357
100150
185055
16335
17574
143206
10089
40552
138978
182069
23764
27906
100400
17231
10217
29376
1780
168738
1213
166899
5748
124555
23709
35987
170485
190748
69699
139750
28465
109914
133618
5579
15855
10629
170553
33698
22385
77780
41620
19277
135078
10147
14550
39596
51862
183738
18064
67780
186278
2789
38075
190807
190249
30830
103092
13289
37558
131937
107044
857
47961
124153
156677
179305
90652
68979
35009
2970
107316
28955
488
37689
176866
25581
160860
171988
121398
3446
109969
80152
108560
24999
38686
157733
2550
16491
109722
153343
14665
8815
190426
138604
11269
121319
15424
145153
3881
38580
102775
171923
17354
121827
127161
56708
16408
57999
169758
39848
169199
120168
261
19699
140020
10173
19280
18907
18206
16691
10647
15648
47049
101800
23337
166093
10160
4347
130040
158243
19950
14427
47901
108286
147018
146698
3549
13787
42982
20269
177337
175445
11231
17748
4157
523
116369
39558
24501
10333
177549
23296
100662
18096
194
102105
154768
25036
18260
30007
22897
44677
178909
136477
18291
126515
19723
14381
155056
197655
2694
170353
130285
147859
27470
157770
5990
25637
185703
1290
13087
37041
179830
102820
40856
225
102552
11838
105452
19458
133509
103662
28847
17381
5903
48078
17209
107982
165856
131505
18546
26930
175758
18660
46748
114874
157550
13787
126987
19406
102916
170425
16563
24528
678
106673
6302
196947
24678
16019
11428
1387
182789
167819
687
18568
67091
177085
18336
177268
6784
199859
2117
16444
195560
36070
33472
2270
5997
116073
28360
6164
18194
154176
148690
33582
162739
135143
104529
185678
26338
46061
102685
37370
2636
25787
194056
2510
25502
163930
132457
176195
192470
5794
6901
112524
8074
10293
162335
101955
51072
139397
18460
26638
47870
24646
15695
12820
143559
820
160334
791
2599
8093
186280
165719
37756
13880
4555
109794
5590
28968
133643
1914
49382
5937
26557
139780
5622
5658
11194
4559
146479
12434
142030
559
194
124719
14925
144766
20225
662
122915
184190
130425
36786
145485
11629
15681
13586
107175
163754
183666
4015
147
18970
117679
26937
19340
30659
3962
136527
27704
139184
131895
16188
709
14171
6043
25490
14471
173075
120793
48858
111570
5798
198458
174819
18527
143405
39072
8023
132187
7611
34730
100392
23741
182949
26665
27546
106074
187569
12404
17575
78162
2046
121463
29774
18544
26355
107222
4799
3651
140050
19926
49960
187289
470
68980
40450
148449
177750
159453
101632
17861
29638
156809
7465
82022
69878
133229
18081
11820
13371
17278
16775
18355
1665
1265
2631
38460
152593
18730
133179
20063
18429
4687
150875
105179
189599
39769
112938
3600
135181
123059
18859
136399
2389
180074
140467
3836
18828
40975
173240
19483
8658
1330
15261
153196
18399
180259
129499
18083
141544
119000
12454
136185
199625
179905
34547
39859
22928
139174
139187
106512
164578
114626
36679
106703
141859
44548
108870
19743
4579
28755
183544
11841
28584
45878
115823
69382
103094
152719
148590
128016
148968
151769
2338
194036
5890
11257
196200
8325
2582
38007
162069
128954
187525
111690
188075
48488
4147
16823
37539
11639
181934
194709
8090
25689
39645
129527
112013
126356
38670
18280
1866
33910
15609
17527
7948
73112
740
129934
114986
13625
12718
185878
111320
13667
34989
137867
16418
17549
119157
16206
150984
27699
120893
188564
3409
760
106072
14322
119733
11829
174607
37585
55668
101524
120035
118215
47850
178453
18428
100137
27355
196469
57060
23666
118756
129096
18476
25340
39476
192676
126556
132777
164534
1174
10943
69709
11874
26494
26300
5576
12215
1561
118969
20404
153948
11881
1834
143817
4970
18386
134244
36691
138657
25938
8901
34876
182073
2775
48582
157176
1260
44768
132588
11118
18963
13696
155494
142526
13844
132819
16296
46802
22365
16054
14686
11404
54642
163803
1901
158020
45969
3005
23649
197580
14245
184073
19987
173184
195543
182906
10142
128165
15057
142596
67652
25567
17070
35640
189048
164904
49759
5728
17808
15177
16833
103879
10653
75872
349
29004
22480
142584
2736
10947
67432
19859
197499
120728
24790
180487
20671
1629
192734
22550
163685
3465
164486
18959
130359
179888
12838
160588
109944
39548
29539
143350
196589
2660
141657
167298
27630
118123
179526
182436
176967
155204
19248
14749
40547
11649
59080
2673
103815
28310
37272
141736
101787
171807
45777
39832
1973
78989
190998
12063
150007
100038
117294
16671
949
828
102652
548
24765
137176
6277
113098
141438
48700
27100
199436
124794
27009
28046
125414
11488
12289
28077
150975
16319
23274
186820
138171
34052
143653
18723
168573
30655
149620
37852
197470
20383
187347
48499
45808
35658
1494
149357
12897
34986
168658
130449
46949
100167
14428
25784
122915
2953
189067
148966
25575
26936
156337
123809
7605
13669
18779
14333
116176
60979
28385
11947
168263
18251
102089
196947
16796
434
4579
37447
10912
163270
12685
12810
528
190237
146000
3010
107529
19407
176269
113274
103832
40049
1899
16344
2138
2086
14546
1220
37959
175595
175387
106
192298
15667
106392
5612
12002
151639
4576
11117
182097
171736
100192
182287
100162
123644
172700
156290
192360
12488
49059
6632
34362
3980
219
127637
28554
128364
17541
23072
130259
114190
10449
15908
152389
37579
45959
137166
192224
19807
127176
20475
14875
106995
2626
49956
16357
103844
148930
18358
84
17067
12519
108190
122197
12987
12085
30976
182685
16978
18987
153904
50967
113275
22629
17737
6771
10530
10572
3536
183608
1316
1368
5637
144030
14691
174489
160944
1087
17326
101952
136934
5023
116043
113323
26069
171807
163006
155630
165038
2865
109876
19806
16458
199039
153328
114513
643
145319
149305
117083
2901
193737
130963
18393
102845
1853
108867
20968
24446
192974
153486
1623
197653
19995
14042
125969
20384
38390
86
113867
172055
63412
24379
15796
24077
168555
160943
37861
48901
23654
10380
18705
4618
78642
123748
13850
166268
115018
7417
1873
14795
160598
19993
86632
80142
80
30750
10598
107656
12373
103918
122306
26685
198406
156959
24065
46496
175181
132150
188977
17901
13201
134633
197466
44848
13947
149629
8230
11710
117180
3528
117877
30934
153046
137949
131754
23775
167898
183539
18261
126547
108860
18925
113815
60102
111728
28449
160927
144590
101484
35398
3143
2634
157285
10442
13380
1593
37232
36839
103035
1187
442
15637
28891
11510
4857
70802
189236
993
131599
130685
17307
48910
10580
109924
8714
30986
20675
10717
168718
148235
129283
156320
103158
101234
20738
123069
14155
3670
18571
6507
26454
19690
2369
2854
8183
1141
148547
117904
4471
10719
14599
165328
169637
189987
183205
1045
3372
60688
44470
28531
48552
8546
167890
13800
2674
106262
154433
4761
23698
157736
38569
1281
106750
140494
10193
10347
108786
3117
5711
15360
15198
3480
90120
33612
179529
24581
1134
107982
154454
150320
34686
49508
47860
14908
10245
135277
126879
15880
1451
103733
29486
80962
188249
146750
6757
152857
19375
17253
13272
22705
114015
10560
4538
195663
8468
56970
252
114647
10395
102928
34890
177006
27539
1605
174548
128827
4493
78
57987
168737
17345
106494
10253
17595
12829
5268
148773
24628
148983
2568
152599
14388
114994
11295
15088
37466
19751
16959
11914
44622
179246
47798
15056
192439
4662
196473
105472
172519
1422
1435
171820
116139
4695
124049
122223
13137
137720
3972
135390
12658
39709
109161
1521
140725
48872
150689
11664
164757
10715
138294
111113
29807
188259
13260
132
184233
121754
2747
1347
189543
23457
5868
51672
17286
299
108177
172394
124487
136995
792
6170
129183
31832
16898
49589
6688
1284
171820
168975
20057
18509
150518
115025
3048
19913
1340
19290
170435
13718
3366
5508
127579
118966
30965
3576
13975
15735
15001
117246
165797
26478
127818
26780
167328
13423
106289
26037
1676
16273
46471
154336
33502
57182
15877
171993
13458
166840
18281
151850
16753
2235
8173
29344
164018
147739
4557
171739
3785
30957
159486
5557
132268
12015
36665
117536
13944
48860
24339
194254
194990
2751
46978
136907
15364
2875
12170
2475
5415
17360
38095
19605
113460
6737
4649
1173
175934
130489
11434
50097
34536
117514
19923
16009
14091
50707
149228
12935
187450
34440
193370
589
16680
25342
1006
8200
19325
144433
24652
12807
26797
17081
119706
16639
4986
57977
151570
101203
104493
1299
15053
174625
189593
38688
828
38459
142837
10334
130409
145203
59080
25700
6572
2464
23435
162834
34869
230
16569
185888
36050
38497
122969
183555
3951
18246
15048
19864
678
189076
14831
109537
184204
162858
4908
1231
187773
56789
123767
2834
1936
109013
47979
155020
11895
465
184984
22285
16341
11263
132670
2880
34969
149358
132559
13724
195237
29879
187056
29677
535
179887
13035
15304
4073
193548
6052
131753
10570
16365
18485
45700
15019
15426
17974
6097
187226
28375
149196
178084
23749
108462
885
18531
37798
34755
13807
19073
168819
198976
1757
22072
27338
192930
167919
156589
134670
55757
19524
192774
27380
120003
28435
17863
15459
10030
117464
18343
59981
7899
1871
35395
39892
171734
1275
58722
23481
153218
160720
193360
102804
60942
3846
40655
40865
15004
130178
112680
20547
144027
16086
175645
153740
131398
19046
1610
18035
23864
10384
1073
145693
4399
119539
150363
12456
1898
185084
111125
506
5969
14949
38598
16493
47001
13959
3588
120587
