990055403
750744949
277858219
730256345
788760769
269553632
521313806
453072552
599585425
177559773
467248102
672570729
625383646
420182126
886415605
598992853
938044853
910379077
63416486
175368424
509940302
305937285
109796555
541982428
856142082
717835820
68859740
784034247
465862059
147600153
739612403
918552941
246255617
444469560
512666873
841179154
158753404
684997067
156098233
613625776
376439739
280847780
632631839
263635963
578545425
238935693
489254718
48112919
502317584
756777465
42451819
8988911
39551361
333093549
216212122
459870589
907648073
553128320
211048676
124029696
66554053
937002575
510900986
80382355
334657417
306399982
242309846
136921460
314476467
635367752
436317662
400425035
725062000
108189690
12086290
665397487
779255885
317790563
234725528
356501591
108990861
507527966
930491791
693891487
637223594
59637477
455023746
399511760
278077991
157719039
484257118
885132759
549543463
608489349
218785483
197806408
52971866
217803745
789919140
393181549
