92539977
106797935
846049488
809342526
529150744
69126332
735406454
610577781
987208493
199100591
535754865
519604779
596039009
500710825
122507775
200726720
39702740
488690220
142206182
88028505
936889773
207488084
389032893
943664993
693699597
665365911
447383898
160940466
165416216
440277054
454093889
572172812
645702080
340271761
452262357
152704722
965918410
596930252
25106037
23377105
471740954
828032847
181677363
974801726
511248488
803666935
611655313
844993847
771354215
153569615
73684912
141584027
334275901
292523983
464288255
236003625
658963695
843795929
494213718
580702523
931999866
359208808
311803404
280245357
63087062
127193878
104254621
862593513
616523645
241769144
284358416
672493833
664232465
405570258
324505916
357562869
192011867
851234947
88504259
132121880
443576891
75129831
707870415
68839888
880390403
66073680
937641020
127928472
722914189
615658994
904996362
521317374
620941250
255582196
969282313
173494651
749260403
851910641
691417946
91677371
