815112829
966640734
465943843
55799125
634247347
870612481
63337101
248419188
111794113
839965762
320043013
645959995
993885716
61789220
16783062
190408954
542681131
170719467
751479364
916080853
236065393
425118114
869773521
248637408
719931789
138123288
354412613
743073961
73945591
181858241
512993953
222138538
363037653
211915100
880950527
51094951
590481499
486614249
920659832
50421228
550595645
874882912
51212300
455101403
246951334
930098309
312392871
689454019
285033757
824679841
720894065
6096561
730151889
83386131
747231979
241172033
952099439
431500480
17025939
373076429
458075036
268765902
940100380
459075336
948627150
67041770
258501002
773689460
32276823
43289422
336671422
64113003
617161769
129036005
748755489
984717361
769292121
214859051
912013664
356673282
416668141
998091087
949589372
764039283
841058147
907958962
866827804
194152397
958282865
280601696
520227617
746527614
60323060
521534739
73919994
254131426
44864962
464806691
511781286
721382980
