157708235
867799494
323686161
839302133
909658631
931840011
944642825
234516032
149357485
396574785
636023844
974677685
869867042
848454513
667781016
770112150
166474379
12566708
28243255
784221361
722710231
524823852
220542189
551206434
974605531
836799398
316526575
984503689
963848454
465711407
865629820
652771321
334091100
68701149
112305668
538775418
763207289
149305516
613683289
525655723
191130988
775739237
325438401
225237442
674752846
652901098
479746485
324250461
739206015
94878160
839238308
28696483
339961021
618688027
299271695
665236628
722641881
405676865
173176724
57211659
701215370
451446202
416205706
653064364
469409255
872033663
4747143
817169061
178081508
919640981
359098562
527999419
329236905
84852172
446483356
181056304
961538531
772793627
800893144
413797264
295712134
284352228
932053386
472491370
125322406
75279872
526230448
172788378
652968831
78343229
272564759
692025060
166748697
679130256
416549983
527891233
321181838
599362469
99386726
63800836
