241823535
667883725
270337690
80588718
56458569
152962464
304247996
356753538
160017220
489726669
499354005
484910523
896162463
335869614
190203980
883250721
618648968
513468057
765619020
16766644
176107266
296139167
730180429
40828763
661672066
763189372
265503785
87813289
170507060
583489852
271356542
9467290
681956370
308831943
680551682
300827207
943291353
320592944
342428600
475527940
868101903
570258799
372808869
491747709
289289595
314804449
736020805
218039897
136912222
493921132
727751853
327080719
854911277
427261619
376618303
290808228
242654093
459919805
334273253
588078331
912353496
738713831
814250484
800325329
642601576
220081069
320906303
755300204
704213871
667140686
820587913
840931444
61557753
16802424
562428448
945652308
183371258
255586123
516750047
284812660
631520157
647123385
669318405
329256990
950919041
583502197
732553407
368689653
135054340
800961188
386412976
626471044
555144412
559363101
968220680
466499052
905262563
92443189
925034221
74099230
