830279861
557193836
935965514
436615395
862028652
24898895
459330740
401073650
994955102
782660176
313136367
721210693
711409246
928848888
466969880
494363969
470838151
40465627
255322455
747736378
544248621
302647755
260956072
716116518
191392471
677797837
575484796
580275463
849058929
751865067
76901263
406974762
684705330
274936931
322674172
364438282
534277884
105654700
18491243
739460748
418493416
958466696
238908039
160021288
594058817
993945134
155827486
537750114
379641823
937408984
786956439
231614430
773958676
707856340
207397605
438865480
861528961
144735193
820432757
450983962
765079814
534897623
541719147
142077616
580572307
558181283
220341788
257035986
218213738
189809510
728275302
688326495
440303225
64621236
55105941
686085074
376673218
968442431
708526138
360516173
155796410
507028518
192648733
137017894
233474250
716417987
924103787
201775487
724503661
506890489
473765794
896857838
551733126
447958364
372645731
433210684
186536760
89655985
540574650
295985880
