531568777
145530457
598757369
239839838
761528771
619347861
118515305
495916855
348516456
692175378
607316219
528913591
967747161
296186924
498124521
781463587
385045803
625116663
446565319
621627656
745900295
397272235
927047997
436363320
4423667
116341632
115765856
103147122
57054479
16995366
654355426
624563378
446999114
773951609
598825260
444394323
279266998
191631352
343495331
507375042
744753119
51033036
567156723
589739012
826358209
421504101
141531293
20153517
886789278
63243663
735477630
171200166
700569074
480971590
59906577
940192199
516113514
548388415
517087840
306055356
112661254
349360024
717018018
59635987
27159655
15271506
359550394
264200548
796604180
914740756
13728669
766436244
826890333
187829984
195762815
982302628
927418166
645107813
894413184
47451184
402656030
281691625
752055508
428235160
566354880
718071588
149730122
441445211
460887976
184816635
994473443
806658051
541852729
246180554
512077007
63540059
410477320
695376774
630794647
939623242
