147806851
848435599
707047530
281410710
727846558
806709423
918290345
381037995
117695498
236601907
249702446
834367019
570373128
296198951
981177203
746110889
522408539
650780824
699111985
577037698
720587563
509551896
610556316
947893683
104004904
431220180
195913385
236511649
72828135
649631584
238803740
477768675
458139780
187994690
316470267
419901975
420279866
399237871
714437632
220057174
695931656
922726220
676588964
877040202
961884980
930884299
730829435
609615923
7612167
163172419
787508089
78592107
571582401
130559790
233373940
521652880
177335447
375711325
729959509
422327460
385723541
682954241
181702142
637448794
292232644
887178904
316014240
772531980
37633049
647267123
43887073
668240413
71691124
859137549
39777526
609803958
271253180
539976465
262107240
965616887
167015935
71975051
657536633
163420710
395905826
174682331
341902413
214597294
944103970
444254724
402348875
202860326
832269692
508361639
430838854
78742680
461696635
517183783
467539161
598504358
