780391613
291956655
961174449
147754424
862325972
766485775
961627227
543875741
992423710
7078128
306358767
702597253
702613660
950053720
841688241
572605447
777802922
820018790
619105929
914114273
368883377
957592055
940246918
105078038
718676384
887871226
17241727
677931386
954238724
257468913
950488461
578747053
170640841
981024795
446342122
690122548
925844557
537983325
240304193
237283528
44099492
787167912
271179911
213322912
600365768
376954841
546912987
52254831
939632467
979111292
418551817
4880592
108324624
412355457
342343317
903761747
337307514
692867043
227575267
22158990
843020376
624013817
477414324
801370355
253491946
354818078
419061264
291394643
949313002
835372407
579731309
205974728
394566667
104227938
234304706
137944479
495458086
801218399
777624111
439762389
59405489
904146880
808465861
657161100
854481082
403165248
512452669
684577802
725599805
977232783
42920808
355116881
244265899
203900709
937407135
768711388
499641087
226039712
85948200
416045634
