54559188
866403150
482950489
688991488
450649193
257374363
507992399
25946653
356564506
257633901
643482596
141367774
215796698
177260121
800277291
419290985
43414915
204817295
723011292
509441025
338447313
59546550
488778747
563662784
24026707
894425236
906530430
769757197
822804616
170692733
82663511
119553462
644902922
947199794
990123829
410130392
189130614
771620958
854256441
601631685
407856348
259855468
662549316
317719790
927253296
529102790
518477658
353305201
713073667
673881786
596232729
38758390
931017242
775752122
634693616
406904136
341961713
387228379
542051623
990163911
930522232
958078181
580283007
150371426
54285989
4351147
906845261
704288721
188610995
297548748
362742870
976091831
83786041
302328227
959419147
454032954
36074912
665803372
622992785
162275947
679245662
805123849
47960076
182819762
904829219
20491795
660161811
435903508
365355158
593213988
656654674
153726547
581294490
165533844
366237969
962178717
309669980
683685830
800361705
413602682
