546939425
882579644
810541523
815096045
27892770
342867507
880543271
844280201
509463398
241590662
137734737
528736274
985934076
230167148
555097890
411299998
315924775
378891985
212313986
480782038
947266780
746535819
485058334
229359115
746857293
815179102
141994381
837499358
313615044
64648274
825558459
433465239
905087274
5117682
220524429
564584841
329914709
840650863
996987640
768679846
117766606
962634741
434181207
15756250
472559027
189953746
683246078
758331692
46321251
836117504
260573048
230041020
355863289
347105524
269546835
541235240
151819151
876210960
462819962
721663114
918427366
954288230
960607254
513118054
841586396
898050452
558863314
861222584
701349101
672415482
6557681
176866190
613373224
67626904
499720023
350620513
834545224
989948344
307225911
517348440
289273974
316985834
846349241
962793093
732199053
299450631
621727220
729193275
523730363
107516722
942526681
381911765
584877550
48042171
428692720
312737136
365562439
406559072
111248046
211778607
