4338774
942562934
291362862
954659909
149971597
861623146
255796084
500827417
214175453
310405702
529350278
119954429
757272498
334417032
657817531
895035967
643263978
21534075
630773025
892907345
914136283
123909284
641687274
15724302
228417369
927603148
333635407
102785909
516000497
586707704
192342413
482843293
76124476
579068665
808955476
222533969
14449688
32828485
857727083
383159945
643369783
81852333
249002324
655254639
505781744
164756651
792498180
329130930
95571768
713534934
39526378
741928544
827217850
324678356
892837654
998197914
418954093
882334674
738661272
567350499
351179948
167901603
548192606
777909618
878042739
130088207
146906406
536707208
494581747
931308026
234149403
708968240
987776229
490717838
991738664
162078346
698508623
281896189
328872071
131253612
354905567
706402564
208892536
205215444
519464129
602526084
300738222
432564924
541379066
442747546
422856295
215628653
365208315
305871365
555511413
708877380
304184536
177873235
979424256
311182370
