110879891
867945309
114033343
696305819
36993614
255271842
198645137
188938384
8049793
809646651
923193183
804634361
739297601
648845255
982792597
3760248
946326297
44160041
964517428
748532666
248643918
33393502
531946149
102918032
399964174
527368072
169326103
259483796
576488813
404238746
506656793
556509181
212867305
311011327
64549527
720960298
569082268
24848384
957980922
876296292
125630835
820702278
459248924
817279023
608799706
690699091
134264990
396483829
759451129
739023322
530767835
844703576
102387765
31043627
185191331
112489928
104138579
424266836
380841505
423499046
142272101
837802019
289679303
819372581
159135887
225684104
380777565
511049906
502284268
855532126
624526095
469623701
961659385
204288359
658602557
70270584
675416982
575457443
380597853
71543807
151744731
780037666
569173394
315225749
569087840
977216721
857334530
52655521
748403862
398647651
224170066
474870761
831992643
904360970
42632760
563142671
571006280
170752618
956599913
495877275
