474751169
941140791
460721303
584105922
668368864
927374555
694062165
207676092
891625298
284063959
255006198
139576763
305544823
685092732
823331250
276859001
179030773
711008019
233349349
428266552
162506476
790229945
736194103
149166203
230827781
42362700
323385327
788736352
736703006
487610465
759955463
56403012
355577378
788740882
573147566
538211370
684082705
114285183
21807749
939692549
643430006
422693069
230348340
318233945
541038455
673763538
481950182
546811564
966497719
64497720
72866061
211154035
150939394
905345929
724673137
44523042
299398539
209337196
151000330
723613175
621842289
642147628
942227521
983084540
253549935
741943570
612705823
788695040
557218927
446850907
546121692
387644743
946779270
612536830
298412838
262984838
772116072
491910064
255965060
539822657
795252383
860238092
236899922
322358472
983815140
341762529
857737882
82825412
55747852
645303182
752945345
448218723
125407223
749930851
682583779
88935149
782122160
221448358
389487736
524084713
