550876752
946336517
327100025
811229684
346854230
441888205
346192834
888133503
132220349
664123990
615535701
237405775
792213194
103307647
509741256
741767569
947410346
740877689
184566946
460379687
559705844
53430582
246197817
863081179
341087571
962846628
311692111
851277164
839941556
579245437
553231935
870772382
730796396
168430276
890884991
428085326
702482629
626688293
847509895
847049757
920775258
854661034
313968104
764738987
418430652
913578490
633349601
511307081
523046036
166860832
733219386
356469597
445689179
238624486
815788362
47392398
729659596
549049433
188838114
837179152
853296280
528896557
780363447
544429503
640848779
349596996
825181582
146311900
228941330
698735753
412031588
885533947
285473008
348388972
992444380
80675715
444358381
745398968
658453874
934711887
707994269
286691221
923703408
287288621
463876360
541294864
83957493
63033489
149160833
793262115
883924853
890632765
120792638
440150186
946464601
758178576
436398585
282358901
640202706
72975491
