228745467
700083091
374739487
39461663
549284084
777756241
815600234
496309014
201696413
330130209
786746576
904111250
108258884
44518771
194465546
942498525
692619979
945542893
527318171
595018118
247755306
662519074
978484099
206564073
821819118
900009333
482132493
113474626
264312941
343540368
143034163
254025626
762139241
80974973
845894007
966231093
494793509
211315164
146102155
58344859
66867299
734443019
813382040
713316687
814980694
742142150
141054814
629540176
933450428
171934254
199427698
552260576
808726569
703157057
68351743
552358160
602571599
408644852
537474439
11686220
960737738
227251790
811784558
753000687
473512259
934641328
147471473
941512271
508569025
934302922
823138640
926298322
297840606
595722402
38014003
201848790
898862760
844535554
376264080
564858482
470128358
111399557
751222705
282054602
805024758
392580465
937309379
353219891
458237822
163822674
416856006
582499545
431771016
467659763
759498451
556893523
422850723
799730334
186787139
937630164
