293555871
131868997
172357527
683491147
948012734
757853203
76135895
820499256
519374817
87617415
731819747
621062109
369037931
368318744
75648702
515587163
711983820
119332067
225086915
890181071
198754135
778081572
853289619
407021127
760365521
965747776
468403507
867432163
787029354
511204942
752730963
403698304
667716322
820165305
986630045
827728682
580266840
933048569
648007191
97185752
894069893
298937836
206670684
966326806
541022861
659775423
885748807
376089257
843432606
992042894
197642450
315639943
840804008
697561257
771191541
586622037
616402096
728903266
723508038
282454941
511020518
493249463
827392714
25245463
901271655
645822712
647475020
684001761
425185517
294818236
421666247
808025125
155190610
652949163
482619892
166090326
931357785
625610217
840020431
955559745
141814221
843073053
425423666
383370587
137551311
385532088
856576244
733852459
848405556
199158657
809273754
55792637
923993840
338075024
589459281
756054485
687670978
305420986
338393956
320617207
