484726790
479212194
367248501
802226562
153113099
108526528
473365808
886388270
499462597
991868992
39597991
433815239
732102336
97018197
165738963
16163006
2985453
648523627
324903888
422601406
854417291
571293384
75333494
156980285
220170070
28203908
721401519
202212063
987853138
542235146
364030894
822817183
240797012
688677662
529754662
346249621
111385602
635423340
962955656
617781939
372917225
796022637
563933531
340762672
45562490
911557191
960264706
178313815
686592122
780652799
888276172
472052868
463471830
471064887
954271474
655521978
418182066
298203115
340636530
973901267
569906678
19963818
582824841
168583092
740369713
146104872
403156320
841739635
341619142
286278553
917103897
51947458
293721659
959595376
417719420
809799222
662528709
917244214
544809822
135963545
929522746
575095943
624512094
529087126
475907792
334937823
57199615
408511691
783207922
951986042
196254939
767881316
987106466
832035493
701490612
511310843
306545661
693398574
222315412
96294463
