851487439
98750044
874308170
594407693
328648793
70506610
507145531
896774992
441960447
185229720
428648393
34539182
194564664
362381657
537110113
13581648
851027154
904396385
953617135
598949703
330631928
522402862
35612598
674255121
4895146
621621339
957388790
72797976
522024005
587219131
108800254
570610343
308830210
9964011
453735694
631551190
93466392
797254719
354100801
14599487
429088680
537558152
578853125
299269879
630026326
264778137
866732437
159562282
222101591
454262325
545376971
239350689
364373426
65073119
605848873
948162405
881219053
843900366
696765079
633610131
472635442
449267242
494322956
737699125
828240398
545716655
446434764
298415711
712984253
470001282
399501007
376432071
725074538
275816758
715386442
163759679
657184556
440258207
82012901
214046012
759854206
741799552
64047526
747085546
729800488
9496697
987784276
507448837
466438406
390266518
864738058
386003368
431341968
126420480
10875578
383582666
34513708
487382780
467886664
865582000
