851233105
75337765
706811752
856016667
488106327
750640463
993437221
769297160
147370041
516325174
271711897
872241280
797879011
227538776
531950758
41849951
506545300
204968034
315835449
916876461
102557582
434136492
884933658
22192522
323323188
792142972
2830915
710095105
237265064
505792818
726990093
135461119
631352266
330845702
26826593
158689550
947522393
423773509
149871184
170468733
380128602
676543223
542902086
276166576
992827216
418124327
74029310
844562287
216962721
693361262
410736693
237991626
355378994
988138792
568628807
850588302
351165089
121593125
54065223
398744786
767641527
506295574
480455191
615539195
66063021
336400878
884475380
118801341
617428477
321957251
317129639
760446139
15639941
879174775
990716987
180502600
874431188
170243510
283641197
730352877
697398652
10943695
621609299
921316042
647342350
453032304
874227490
598763205
394833938
528063451
977562516
35623011
52725225
971268081
123359047
199026648
357029612
391715727
443224574
527859158
