413
58
285
383
427
179
385
418
365
432
109
295
374
300
348
171
371
359
303
436
255
354
396
127
228
197
332
100
288
172
379
273
319
241
375
421
279
414
246
245
236
261
260
274
342
321
303
357
354
404
129
447
296
362
313
360
411
232
154
39
140
397
153
288
363
358
368
223
336
436
383
219
305
220
382
267
200
277
386
361
283
133
183
382
173
305
33
289
112
187
164
207
304
195
405
132
398
417
176
273
299
357
441
226
288
110
405
346
239
375
293
260
258
161
246
351
205
198
441
424
370
416
404
298
438
414
76
293
134
256
377
359
366
357
110
208
420
160
124
404
198
139
346
335
305
404
292
179
306
385
240
212
189
342
409
398
441
354
101
340
228
284
355
260
306
306
240
292
448
269
394
227
188
298
398
446
322
254
276
262
53
259
202
402
400
219
184
343
278
164
337
320
383
375
65
389
421
411
352
277
384
347
265
418
106
337
393
411
245
282
180
426
57
118
416
244
364
219
206
282
101
285
411
79
52
407
59
446
309
435
319
407
306
190
269
123
361
232
330
358
34
387
206
337
178
319
192
152
244
229
176
386
246
310
432
338
419
219
419
49
72
290
144
434
361
40
352
250
371
241
148
318
438
404
37
290
181
152
430
409
432
90
397
280
421
134
315
253
361
149
113
223
432
448
428
119
168
185
419
353
386
141
335
51
442
364
340
424
444
345
140
418
78
104
363
71
437
228
284
424
404
144
348
297
398
439
287
409
48
324
179
339
374
189
291
305
435
81
210
434
400
243
188
379
439
282
441
236
299
292
389
242
198
325
349
297
250
182
271
427
348
419
390
344
445
280
243
401
110
351
320
350
424
279
88
374
163
315
412
356
120
217
345
387
404
86
420
329
132
440
281
421
327
259
342
73
405
322
297
216
279
442
137
441
147
243
403
244
348
139
307
346
272
406
340
48
348
287
429
443
408
336
373
364
319
242
313
359
439
229
177
264
136
258
192
445
327
448
423
345
309
267
387
433
424
337
421
437
400
246
191
447
442
249
407
267
107
339
176
411
355
436
228
271
253
291
423
430
119
406
329
279
200
271
388
303
315
412
396
235
309
351
367
389
301
239
444
324
182
427
425
205
409
383
394
186
315
319
445
308
