44
37
26
40
36
43
40
43
14
15
41
13
32
42
19
33
36
44
38
35
18
30
41
44
40
22
38
43
25
36
36
45
35
41
17
29
33
30
12
37
39
44
35
29
7
26
38
32
27
22
21
33
37
25
37
32
43
36
38
39
38
23
36
20
38
36
25
38
46
36
8
42
24
7
30
31
41
22
8
45
43
40
34
36
39
13
33
31
21
23
23
26
11
40
34
37
41
36
27
44
24
21
43
30
15
43
40
30
29
9
35
34
17
39
45
18
40
29
36
30
15
24
29
22
34
18
41
39
41
34
37
45
31
31
44
29
43
39
36
27
31
35
28
38
23
9
29
41
33
44
37
25
38
17
18
38
42
25
45
30
42
19
42
34
28
35
31
21
44
11
29
37
31
23
36
44
33
14
40
7
28
24
24
27
30
38
41
27
26
27
35
8
45
14
13
16
9
8
39
20
23
45
44
45
32
26
44
45
42
30
6
17
35
41
44
32
39
41
44
32
45
31
17
13
25
22
39
6
31
23
32
31
32
44
43
32
41
36
23
36
34
33
44
33
36
30
24
28
34
5
28
20
16
39
40
37
32
40
33
19
34
41
21
44
42
40
31
14
27
42
42
26
31
25
37
37
20
31
16
22
39
44
28
9
9
42
23
41
44
8
24
37
41
40
19
45
7
46
31
44
8
40
37
24
17
45
27
31
9
20
36
40
45
24
28
31
17
40
44
26
18
21
14
44
43
10
9
16
16
26
44
24
40
37
8
13
27
22
41
38
35
27
35
32
4
30
38
39
26
31
21
3
31
28
31
39
11
31
33
41
17
22
37
41
32
45
28
6
44
24
44
40
36
33
41
34
11
28
35
10
10
28
21
33
19
37
45
39
34
33
17
12
12
21
26
36
37
38
43
11
36
29
22
37
38
26
40
36
10
35
38
34
40
41
28
17
12
42
33
34
45
12
8
40
30
46
40
12
44
43
34
38
19
17
19
36
20
45
21
23
25
31
37
30
24
31
14
45
41
10
46
36
18
38
33
33
37
18
27
44
39
39
40
28
38
45
22
44
45
22
37
35
41
30
44
35
30
24
11
31
35
24
45
27
6
30
17
22
30
34
42
40
20
16
13
16
21
33
35
23
