22517
30444
30531
39502
19448
27671
24170
15473
6095
24434
43789
26607
42937
27676
43637
18954
32533
42977
31587
40220
26980
18115
15792
20963
34919
43226
35191
15403
38191
44072
22441
19223
32335
44316
31521
26545
42166
23963
11768
40363
42334
38540
20720
38634
23086
26951
23150
28771
39154
24017
30244
35837
36978
35369
32449
22640
10256
41624
29948
43346
23325
23147
14610
42393
43056
4576
34782
12119
43758
20553
29587
29700
18680
23360
42921
19066
30356
16313
24787
39329
37902
26938
25268
35556
41006
40576
28521
32412
41762
28752
42383
30778
14964
37109
19489
29467
21541
42557
31567
38675
41019
25779
28890
27519
17502
25668
43052
35460
31131
39100
30052
16227
24115
16151
28009
43836
31829
28325
30878
32157
38100
37326
38733
31189
37959
35525
29456
8608
8777
25344
26649
10870
39747
14952
26643
37735
36738
43581
36112
24417
39956
37260
42673
35665
42972
37763
16029
31243
24040
36329
30866
20388
27790
4234
43846
35398
40783
37542
15813
25888
31137
16950
29950
8478
38431
9258
28550
42923
35649
9311
16607
33525
43029
26274
35114
22114
35122
42712
31466
26501
41278
43224
42246
37773
44284
11674
12524
7895
44038
24933
31013
25910
14477
19959
28462
38315
23529
37863
37709
17536
43871
31202
22985
42931
30823
36807
16792
12930
16127
19071
38222
36286
40604
8924
29874
18080
24029
25082
30399
35991
39417
39537
15330
11235
35675
19586
25951
42540
28857
35404
33757
20828
28396
43705
35605
37517
32689
20907
9420
33684
39050
14134
38156
35819
26250
34231
44588
26235
8335
13700
9447
25092
15802
5771
40161
33988
18719
21192
23281
25970
35455
16695
36060
35596
28841
18211
33202
14963
42221
14188
16299
5451
28987
13084
30408
27363
41094
32399
38414
12074
35399
17608
28196
27312
23406
30220
39461
24761
35808
21741
12659
18939
21105
17574
36126
37933
38420
15089
7183
22890
33785
7800
8996
39959
18456
34438
34328
42162
22739
20114
17979
37160
33969
41341
42219
40547
37482
29902
42066
40822
42321
24447
33367
40851
22632
39826
37480
35959
32919
24173
17823
32428
32933
42864
43970
36088
41305
30781
40486
28963
25484
20835
38503
42882
25800
42902
6357
16046
11292
28540
39978
31208
42175
31578
16418
41138
18732
43157
44149
14567
26914
10705
36376
27604
26085
16035
11708
30496
30054
36392
20103
18824
44051
27726
27108
21283
40619
8759
39848
23786
13581
37525
31588
34583
39013
20771
13993
33220
36768
39961
41761
26093
35040
37185
34132
37155
40448
39079
28088
44178
23476
38635
41774
44030
22901
40892
20372
17649
13855
27660
34371
3759
38928
2184
43072
44593
42358
33096
44633
30097
33655
33412
36238
44455
2430
12692
3115
36453
35384
38235
43434
39696
11182
34093
30164
22589
28736
26968
41326
40566
38848
41557
18105
13222
21703
31531
26356
25904
33311
19134
37091
10818
37490
29660
40379
39832
40196
38797
34789
36467
43042
27438
28357
44398
34023
43109
27692
44005
23157
35842
20884
43605
31814
42440
33841
40551
40291
39482
42784
34660
24057
37680
28439
36519
17307
33922
36998
8082
43719
43720
27641
9244
18932
36699
24054
16324
26772
35327
24167
26615
