190
173
434
191
338
84
35
369
78
455
339
340
471
491
70
174
174
69
31
5
323
24
458
153
83
246
408
453
85
380
267
161
246
32
332
258
192
81
145
13
327
418
459
490
269
71
358
289
336
416
357
433
458
377
161
443
454
6
21
504
222
373
8
290
232
110
208
364
283
418
181
260
422
224
0
15
266
270
169
318
307
71
456
5
474
19
445
106
91
466
192
327
87
24
121
10
105
28
485
416
486
195
441
446
323
63
405
449
342
451
224
426
372
418
397
47
337
244
232
408
456
261
466
445
417
133
261
474
398
474
415
11
455
269
130
389
229
148
131
164
219
494
21
176
3
478
209
372
114
387
468
458
484
1
3
42
46
8
314
427
459
363
344
15
183
94
442
496
453
214
33
46
246
53
476
430
354
166
377
511
427
58
438
2
390
194
349
302
476
477
329
95
419
300
324
480
285
402
452
75
9
282
240
391
353
282
322
176
482
17
333
263
459
461
186
117
457
456
465
396
67
120
241
228
456
130
0
469
491
367
160
118
224
224
263
192
127
436
434
83
35
269
359
0
165
378
412
392
455
181
301
65
239
258
315
451
31
489
337
391
13
109
126
59
495
329
223
458
449
284
473
409
17
312
114
242
364
269
338
0
321
92
223
135
315
420
209
405
62
162
396
469
426
471
326
365
107
77
468
273
162
404
200
215
122
456
496
455
301
459
3
309
491
323
316
460
14
502
322
490
490
190
369
416
476
22
357
11
179
261
0
464
462
159
216
492
23
324
427
478
348
220
61
465
409
99
0
382
477
259
314
9
392
301
434
386
348
234
92
69
76
7
351
217
387
136
1
2
26
185
360
451
190
252
411
360
492
79
227
496
195
219
439
331
486
328
429
217
475
223
331
257
415
391
471
352
189
463
305
436
36
181
453
2
435
360
0
204
504
266
389
422
467
499
387
493
10
363
445
40
119
5
489
291
264
342
444
21
373
329
258
438
501
342
451
470
353
13
180
12
5
487
21
312
464
43
325
392
441
464
149
324
72
67
56
31
183
473
223
378
493
179
25
84
430
3
420
474
133
418
494
18
498
186
344
487
10
309
184
338
134
465
44
425
347
334
462
339
275
0
1
6
489
462
9
448
102
397
413
237
18
469
0
259
497
28
342
475
445
43
4
433
261
384
2
376
200
291
107
360
268
78
261
181
123
268
128
374
487
215
308
463
146
197
0
449
403
485
493
54
473
118
481
433
143
165
255
480
100
295
88
478
34
244
447
427
32
421
281
135
161
71
185
207
181
187
334
371
399
151
216
351
466
427
394
82
0
128
357
97
67
433
70
432
330
248
444
209
38
359
172
410
506
62
340
8
42
42
309
237
45
482
403
97
392
488
305
196
10
448
83
110
114
373
468
424
332
21
436
21
117
179
30
447
16
156
183
201
222
504
267
23
385
372
501
172
22
8
347
405
467
259
184
348
347
338
146
5
481
414
29
132
506
271
85
178
69
472
123
474
58
173
375
112
23
461
421
489
455
281
48
408
171
169
157
22
385
333
500
267
478
342
0
89
338
196
501
43
478
29
296
239
462
365
451
256
406
187
307
474
169
417
88
177
306
479
250
105
407
497
448
61
376
187
327
478
14
362
290
247
243
40
469
395
153
308
76
249
259
380
328
2
296
390
9
43
0
139
171
461
383
462
32
240
160
364
108
153
301
384
476
468
463
474
419
506
9
140
0
112
375
70
11
108
464
488
290
230
153
205
443
462
222
0
201
58
386
460
208
8
342
73
67
123
321
478
172
333
409
293
402
257
8
419
43
15
410
382
473
2
337
356
447
226
162
12
457
493
30
381
217
434
360
51
419
87
445
447
68
436
415
93
207
137
88
1
298
1
91
454
377
23
249
256
498
28
316
426
263
29
310
414
487
173
488
163
284
21
142
262
396
268
106
447
41
502
116
455
476
28
2
12
422
423
237
434
284
208
420
252
298
257
0
279
212
166
221
146
86
25
1
355
433
486
367
485
16
18
451
181
76
448
155
20
223
70
358
450
111
252
147
25
482
124
412
326
348
37
163
0
352
5
485
487
285
58
19
121
390
403
305
22
298
446
32
339
495
366
1
499
411
2
9
8
510
9
476
1
301
364
4
214
384
446
496
480
139
65
470
294
391
143
164
48
375
410
445
155
464
499
488
484
464
472
149
459
114
434
487
17
29
74
467
258
54
468
49
174
398
460
347
374
335
326
21
397
261
58
78
376
484
3
414
426
295
388
337
323
73
150
95
160
416
206
491
207
496
430
258
355
174
410
491
486
113
307
0
467
357
77
4
242
500
352
291
419
0
65
161
86
153
458
93
339
276
113
3
224
165
381
130
71
501
472
140
484
475
486
483
111
489
277
430
285
435
290
251
68
466
487
313
75
437
309
0
379
116
74
247
132
345
41
275
17
257
429
31
320
81
450
417
168
438
359
370
488
205
448
426
151
45
489
124
457
405
398
216
264
287
119
210
50
170
439
8
159
355
27
322
18
330
404
276
177
27
68
272
90
185
492
57
153
447
461
418
476
402
489
288
48
498
13
430
162
0
374
473
44
429
265
196
283
384
222
226
337
39
27
332
3
7
487
465
34
105
212
117
128
490
255
386
422
497
126
383
9
152
468
380
63
416
463
298
428
216
432
496
97
294
470
241
3
115
376
45
445
270
0
36
181
150
385
188
394
329
184
379
116
447
116
92
279
5
320
13
101
421
257
138
32
416
259
373
407
419
419
1
36
266
23
417
268
402
391
267
186
161
2
414
357
368
14
388
43
444
392
0
269
323
31
36
222
433
174
472
190
9
397
193
416
344
485
157
425
96
160
443
447
366
0
500
411
119
205
503
69
101
310
489
389
289
274
445
482
360
176
126
134
335
49
207
268
70
292
76
166
74
261
132
288
438
266
481
385
510
301
387
83
307
409
266
111
504
477
16
21
490
465
181
155
384
182
497
397
380
468
93
418
270
412
0
287
134
312
229
193
397
439
27
167
241
44
437
337
0
71
450
106
504
45
304
457
366
244
31
321
343
320
332
211
417
205
501
118
429
420
320
491
399
485
498
305
1
7
420
146
3
323
469
415
373
89
470
248
236
51
181
269
11
472
430
384
463
280
86
3
211
231
352
102
91
147
214
432
442
441
250
33
328
179
392
16
247
480
435
227
415
473
487
489
145
119
241
178
431
462
421
244
502
178
445
300
165
4
436
143
433
484
168
211
98
438
438
471
392
410
322
227
439
330
433
478
56
0
179
496
152
5
313
194
499
457
433
5
136
46
341
414
291
3
7
156
478
92
126
34
463
20
392
49
72
504
163
265
375
2
10
327
268
239
15
499
73
460
95
261
256
23
355
299
309
432
61
370
4
0
482
196
491
64
260
409
412
478
45
4
435
109
320
452
462
206
407
244
228
326
116
167
325
105
459
2
230
62
273
451
112
467
505
430
400
302
152
461
128
460
467
464
445
227
411
494
376
17
337
124
69
223
98
282
371
142
329
179
72
371
198
352
324
254
121
441
447
244
30
284
474
208
16
214
385
365
391
469
235
45
12
449
333
179
46
397
448
465
57
39
129
329
20
481
419
120
347
385
297
169
431
360
463
231
444
443
498
315
321
57
388
42
224
460
216
281
504
101
386
38
320
243
153
26
48
440
1
503
348
97
174
73
193
407
214
211
125
277
196
225
440
57
503
1
382
499
335
309
180
410
506
300
146
214
171
304
406
482
203
33
298
435
468
470
292
455
432
106
69
54
48
285
235
446
16
461
438
505
487
106
85
298
433
367
454
65
32
435
31
405
105
129
464
71
192
445
78
370
474
2
465
119
368
371
171
425
438
198
281
1
391
265
294
474
300
6
437
199
199
435
287
87
102
490
155
91
457
269
154
13
417
408
39
106
501
175
441
27
192
46
21
110
476
355
410
457
103
240
439
43
359
342
489
108
361
4
135
1
90
80
7
480
86
47
190
412
377
380
452
23
493
108
369
308
427
445
393
313
161
451
318
386
174
293
476
405
13
47
160
98
16
2
416
113
58
192
52
396
440
52
488
493
0
49
97
314
45
123
314
209
307
168
239
47
215
467
244
0
182
465
444
403
451
457
235
83
461
394
26
17
160
367
283
435
222
417
28
232
230
0
356
379
474
172
320
476
115
326
30
421
5
449
221
258
4
430
474
59
296
9
424
199
34
303
134
121
331
214
458
301
13
3
29
447
287
62
468
86
97
172
161
148
471
368
187
2
260
19
184
439
305
293
243
343
104
285
198
245
450
431
215
489
112
489
378
119
444
382
278
214
382
279
107
480
93
466
465
495
364
471
52
60
202
461
501
20
393
433
41
277
142
401
370
453
466
1
225
130
284
51
461
489
92
210
447
471
344
113
18
345
219
46
113
398
32
415
26
507
358
118
103
456
13
433
484
434
379
501
10
355
0
30
319
337
288
491
453
471
482
22
493
146
459
83
496
469
212
67
300
330
458
445
5
291
252
55
179
22
393
384
74
81
1
476
354
10
491
62
495
492
397
432
187
41
462
400
448
464
288
29
114
40
208
474
486
257
476
464
340
184
119
150
426
12
247
150
481
98
413
465
89
102
212
466
111
493
44
412
471
201
53
12
63
221
53
495
5
464
337
60
346
443
468
8
109
79
1
461
217
405
498
384
270
449
245
465
458
346
287
372
459
180
436
277
456
282
416
1
431
261
374
329
97
326
499
218
447
496
315
213
294
445
406
116
328
393
395
366
200
425
194
445
487
333
26
307
150
497
446
0
219
209
296
470
235
434
411
354
420
287
53
416
203
461
163
5
446
39
178
10
377
497
441
30
497
472
429
150
214
416
2
313
75
454
394
0
62
500
300
346
474
230
182
455
264
153
118
207
1
440
392
395
169
313
332
88
434
493
480
57
11
156
280
448
392
54
78
189
447
431
303
334
287
488
366
471
87
129
375
186
462
141
150
299
440
372
16
5
454
445
390
463
383
46
386
304
417
402
368
332
299
426
298
51
90
391
53
369
371
428
434
26
214
442
418
450
380
198
28
1
202
370
72
30
494
488
342
279
435
4
422
439
444
383
399
60
416
456
9
498
440
523
316
240
477
27
246
332
226
478
447
472
240
243
8
499
502
232
292
84
335
225
405
241
242
208
334
430
399
429
101
226
480
169
182
426
106
453
4
456
37
289
429
0
308
23
184
95
199
441
5
413
441
440
395
42
194
109
395
245
308
449
357
440
228
39
243
399
336
399
376
436
457
464
442
468
344
42
353
316
509
97
242
37
27
494
335
432
80
58
362
261
431
455
222
194
50
495
30
477
257
10
388
6
208
162
213
215
0
151
422
397
122
475
212
47
170
59
308
282
484
74
419
288
180
376
45
265
367
95
59
54
369
3
499
243
309
12
178
419
213
438
292
408
23
484
148
252
403
490
433
262
0
93
488
450
351
461
200
475
25
465
446
1
442
292
37
182
6
377
492
336
344
430
188
202
31
68
237
441
3
77
109
334
27
32
66
434
383
83
33
187
66
381
486
196
452
446
204
420
488
359
424
447
338
481
103
416
48
463
294
482
467
415
434
449
176
228
336
487
86
235
409
290
155
433
495
4
361
474
0
118
433
483
240
420
313
165
377
461
182
150
419
215
457
472
38
26
151
506
20
286
225
470
399
239
0
482
35
255
370
118
482
463
181
195
184
418
471
170
491
429
151
443
371
332
301
416
284
443
478
132
361
387
59
61
504
486
383
15
378
304
182
239
277
240
314
453
158
429
361
476
487
450
289
176
154
366
120
9
12
437
199
479
5
13
131
82
322
448
199
405
1
376
20
13
393
271
0
369
10
255
401
395
434
468
224
7
72
355
383
423
7
452
263
149
463
0
9
292
32
11
494
503
4
419
432
272
96
1
418
337
193
294
321
469
157
396
370
438
298
171
371
444
466
319
89
452
409
481
437
224
236
260
1
188
96
14
411
118
296
174
56
334
338
199
486
59
167
376
403
106
300
228
450
97
424
122
111
269
478
269
312
448
0
50
418
86
395
88
405
237
116
486
225
411
389
180
498
4
397
459
392
269
0
374
501
239
352
458
155
378
459
477
505
503
386
16
216
299
314
460
398
426
356
464
40
367
435
233
21
430
444
9
35
250
7
489
119
436
17
231
4
0
352
473
3
428
219
334
391
23
464
439
128
399
75
417
434
500
393
16
112
326
178
280
214
125
35
470
399
370
8
116
301
90
98
65
336
85
66
391
317
294
130
318
444
15
15
460
111
39
375
453
389
386
166
96
390
165
1
74
9
59
429
373
45
425
405
124
194
326
159
145
314
464
340
318
25
163
452
335
10
15
310
377
397
486
255
48
484
493
18
424
8
501
215
199
42
31
84
380
245
142
279
10
337
32
200
312
183
323
155
430
158
20
255
468
462
451
222
494
155
45
304
224
410
390
44
134
293
396
239
331
316
0
470
458
324
15
274
97
488
344
216
317
195
121
181
486
338
191
465
412
3
22
389
458
307
204
423
46
328
430
394
115
409
65
104
1
221
118
124
357
440
294
166
393
248
8
135
249
448
96
154
333
38
184
463
276
372
497
480
496
210
34
19
462
177
319
14
111
323
251
419
348
469
145
210
466
326
81
85
417
164
441
450
420
0
432
429
354
111
222
332
67
137
376
5
462
98
343
47
409
55
483
64
399
448
471
470
75
5
477
106
495
2
337
347
397
491
420
280
403
434
144
216
485
51
408
384
6
246
375
137
414
279
196
153
478
368
328
218
65
65
246
483
15
10
183
212
331
89
481
386
234
427
464
252
125
28
404
495
460
152
407
436
482
434
162
413
1
116
432
439
378
6
29
342
418
498
102
246
418
435
419
348
388
280
448
46
479
490
357
63
242
45
192
69
108
279
254
282
245
325
437
67
200
429
405
382
239
383
399
5
97
507
275
461
392
399
332
16
150
310
99
148
167
6
381
262
446
5
177
277
179
111
25
194
488
70
204
365
505
436
473
505
49
373
401
385
278
140
438
53
180
60
47
471
335
390
307
43
201
375
288
338
41
449
284
491
256
464
118
459
99
4
496
187
101
375
107
390
346
123
392
441
196
449
272
285
410
511
448
123
28
407
432
267
99
501
447
487
33
307
462
503
82
489
471
273
445
494
15
442
463
55
447
267
428
322
215
40
77
383
2
70
470
40
375
241
6
141
144
459
452
192
459
102
27
89
340
86
475
136
390
298
321
465
177
15
484
362
461
319
97
330
491
45
283
0
2
327
371
362
460
288
480
428
60
341
435
466
137
390
176
1
230
422
32
465
170
450
7
465
70
115
207
27
176
323
199
174
220
348
394
504
443
450
10
457
269
472
177
62
75
218
26
158
395
379
463
157
148
443
155
493
479
136
162
140
418
434
319
81
363
8
141
336
2
230
469
36
215
169
289
406
215
448
289
504
497
277
489
207
403
11
450
460
477
499
363
2
506
347
499
38
19
506
54
63
392
271
244
394
465
107
452
381
341
334
457
395
322
408
30
390
4
433
488
32
57
193
184
48
11
247
391
281
465
172
399
316
349
411
46
214
46
295
475
407
409
147
360
12
47
113
371
333
361
0
165
424
471
35
92
335
110
440
0
437
502
108
416
239
4
440
13
481
434
86
77
133
195
18
306
23
0
456
125
177
7
282
345
8
425
51
478
306
82
128
157
504
299
178
494
0
168
290
333
335
380
243
264
444
235
454
149
224
91
243
336
84
490
459
359
471
503
446
338
459
469
5
99
496
34
427
289
192
107
30
291
370
277
262
382
23
290
126
407
495
258
200
455
408
153
331
107
494
483
257
235
405
300
401
204
414
237
48
58
419
16
364
7
210
276
408
473
87
354
206
174
412
376
136
111
380
23
422
29
248
465
11
88
2
398
322
327
230
82
192
25
1
503
460
49
308
269
10
353
281
198
336
54
384
457
443
252
1
303
338
3
413
251
326
472
346
92
100
322
64
426
67
490
452
130
86
458
221
321
291
231
7
193
438
139
192
207
279
425
488
1
336
388
391
392
500
309
413
499
105
385
132
473
397
495
72
413
104
420
264
485
478
137
496
328
358
218
335
158
261
454
6
283
467
421
89
419
455
29
439
377
225
492
421
493
386
227
7
285
142
463
168
257
42
347
247
460
0
311
130
473
366
424
111
22
291
0
489
32
233
1
325
0
58
332
225
455
246
167
491
503
308
480
121
332
470
266
251
455
142
488
2
416
470
115
367
430
109
367
269
10
254
3
464
11
28
61
0
182
415
239
478
470
421
156
446
227
1
344
19
462
130
221
217
126
505
123
457
388
413
32
13
502
342
328
11
72
501
73
86
181
5
442
348
236
358
24
401
309
365
452
397
312
383
453
302
158
40
368
145
185
305
145
388
96
230
208
264
402
10
344
52
466
33
40
43
25
466
53
490
470
504
288
234
39
484
286
498
0
345
485
261
27
2
429
460
500
486
460
5
469
502
64
48
475
363
319
459
435
327
215
439
166
445
408
75
441
483
250
341
0
53
463
22
227
472
415
65
486
10
403
116
52
229
482
300
53
293
463
354
221
261
369
344
434
119
101
455
6
351
127
283
493
361
277
169
480
463
207
205
32
16
482
481
364
162
500
458
172
445
179
439
182
58
429
6
293
194
427
488
434
414
272
130
57
353
461
419
31
376
12
38
488
247
400
143
440
330
316
285
79
456
336
364
250
419
242
0
504
392
285
257
182
490
204
408
383
426
149
7
186
8
70
492
1
328
380
432
167
90
404
353
12
16
210
79
6
23
166
348
370
336
405
231
238
23
362
176
281
370
149
487
0
69
458
483
51
436
448
249
467
44
276
37
0
199
137
352
460
397
230
515
482
424
493
299
458
425
450
89
364
74
2
483
4
489
483
434
281
67
479
456
365
451
300
72
456
411
343
287
460
225
381
457
323
451
2
0
29
81
15
419
473
464
161
3
234
328
0
482
449
310
432
494
409
432
469
84
420
498
456
473
418
326
344
127
443
99
9
114
225
325
434
461
426
83
62
460
64
440
184
444
180
491
33
460
480
271
356
394
193
356
365
484
223
376
92
276
469
0
126
412
15
349
413
486
348
453
306
278
300
503
452
464
112
458
380
294
123
104
28
323
126
173
0
306
380
77
488
94
306
349
290
0
164
499
226
342
188
426
479
249
314
484
24
421
181
154
293
375
456
0
228
304
431
370
271
324
502
412
135
398
200
475
323
221
295
131
492
398
453
260
74
129
392
478
277
83
384
163
241
33
109
33
418
310
9
279
315
269
374
170
266
133
483
20
318
420
122
187
229
446
119
299
251
405
224
389
17
10
0
255
150
118
244
402
500
140
419
468
303
108
192
485
341
425
132
470
178
449
442
118
65
3
477
449
362
271
3
169
215
501
462
426
211
134
458
334
461
361
274
465
58
411
265
231
475
58
485
385
436
238
256
58
351
0
434
262
4
372
446
128
41
412
338
395
0
430
471
34
2
380
286
215
230
6
400
5
398
145
463
335
311
404
452
423
93
25
451
456
461
219
460
194
352
47
51
44
253
370
98
225
358
265
399
422
419
96
301
263
250
201
368
350
432
265
493
4
460
511
0
354
403
344
71
213
418
244
300
424
116
420
503
425
438
329
458
498
177
446
376
44
242
304
227
78
247
252
402
276
173
450
345
416
297
402
487
328
231
316
109
204
269
421
10
24
377
166
82
347
289
80
516
325
148
302
413
457
231
350
28
266
361
168
38
387
395
28
409
0
408
488
448
67
501
239
411
83
442
460
413
362
429
117
69
409
404
32
114
265
302
281
452
320
419
426
399
150
435
443
185
0
39
17
402
420
77
77
459
409
41
381
424
106
221
470
106
317
261
113
261
451
471
433
21
499
442
440
441
420
346
2
22
486
445
319
186
429
304
21
359
337
449
407
481
466
26
420
353
459
462
25
386
396
197
386
55
195
229
172
501
86
75
10
432
84
367
64
74
1
227
462
186
267
474
352
29
257
62
382
68
495
16
237
283
105
321
386
89
429
430
133
31
450
355
387
337
23
154
454
342
12
58
446
452
168
459
33
24
85
18
445
142
273
500
88
409
222
135
436
127
119
327
2
428
343
107
376
8
441
0
51
125
369
433
279
85
293
245
124
33
202
442
363
47
376
260
386
46
402
376
52
500
278
251
454
364
11
174
303
7
50
77
374
0
166
410
84
59
342
71
14
484
176
205
101
489
262
373
457
242
206
376
370
257
453
287
5
373
174
355
338
419
333
16
389
425
466
57
334
3
268
309
141
2
264
481
32
405
66
336
1
448
224
432
435
370
135
400
462
459
498
248
281
401
0
465
13
271
93
103
493
119
4
373
384
1
222
333
230
459
34
328
1
32
137
257
502
480
381
295
156
151
197
301
19
502
328
280
333
171
417
15
429
4
228
474
440
116
20
16
462
385
334
479
64
17
424
90
255
482
157
330
184
233
270
410
378
191
6
9
465
1
424
139
471
57
133
277
83
214
34
209
233
344
0
343
442
448
6
353
37
40
322
402
468
65
415
195
165
188
373
456
94
414
421
459
330
250
493
67
481
400
457
359
180
156
260
236
503
397
444
423
475
60
390
37
460
231
39
193
453
29
375
131
386
281
17
456
114
23
145
246
414
367
373
8
340
29
17
464
503
0
322
78
4
13
164
332
177
197
467
294
217
338
287
33
468
289
486
383
347
257
4
199
127
66
469
15
398
492
188
487
458
13
501
492
133
240
98
36
187
199
240
488
504
282
367
493
108
43
318
154
477
0
101
322
420
295
396
394
232
4
427
217
421
311
10
395
331
101
1
315
362
18
436
288
296
439
328
192
478
397
389
338
343
280
417
508
154
217
3
291
409
57
106
387
470
494
352
12
0
432
9
168
268
269
280
96
56
428
348
2
491
200
439
184
267
199
467
42
381
464
297
318
423
492
46
0
247
430
22
255
135
4
296
344
501
157
151
500
341
157
495
164
370
108
1
427
282
250
450
268
1
256
108
79
489
236
499
192
324
422
453
208
326
509
454
170
304
485
410
255
283
413
105
363
1
438
461
300
494
442
491
76
131
197
456
352
454
325
86
209
267
482
49
508
431
347
236
131
339
511
198
486
315
298
282
401
434
461
119
411
487
491
293
100
371
399
494
396
332
0
474
10
499
30
388
449
488
196
359
476
99
414
316
210
206
336
275
298
433
61
229
332
239
465
338
94
176
5
171
13
5
100
460
5
307
406
447
373
5
358
12
372
148
26
306
5
0
383
224
209
