40
1
8
1
0
67
8
0
3
9
4
15
9
6
12
3
1
0
4
12
0
0
22
0
15
20
1
0
59
10
4
6
9
44
37
13
14
41
62
23
24
21
0
1
8
19
34
0
3
4
2
0
0
6
0
12
11
0
30
44
13
13
13
13
4
7
15
1
29
9
0
0
43
34
12
13
9
0
7
56
0
3
7
0
0
35
19
9
28
1
6
4
18
0
2
29
16
22
3
0
4
4
2
5
9
7
57
0
47
0
0
9
3
1
17
0
9
57
6
3
10
9
6
44
2
15
0
13
5
19
13
26
13
59
3
19
10
1
7
15
4
7
22
14
10
2
1
5
7
1
47
3
7
9
0
11
1
5
29
26
13
12
2
52
1
0
3
4
4
0
0
7
34
57
0
1
0
26
28
13
7
2
12
1
0
5
0
9
8
5
4
32
5
21
3
18
6
66
9
11
32
1
41
30
2
0
2
0
7
6
29
0
14
50
4
20
6
21
3
2
6
18
38
53
9
6
28
9
29
11
33
22
7
3
1
19
19
1
7
0
9
4
6
27
0
9
0
42
7
0
14
53
11
21
7
4
35
23
15
24
0
30
0
34
8
2
12
10
4
14
1
12
6
0
7
0
26
16
8
2
28
14
1
6
5
5
0
27
1
9
1
0
4
8
40
41
1
25
0
6
1
1
0
1
19
10
1
0
12
11
3
0
46
1
16
24
47
15
23
1
28
16
26
2
15
40
2
5
0
0
18
31
0
0
8
1
10
7
0
23
2
1
3
5
19
2
6
0
0
4
21
1
7
43
5
3
26
27
0
15
6
47
3
7
6
6
0
0
7
30
0
11
2
2
22
0
0
8
26
23
3
5
0
8
0
6
1
4
14
57
17
41
27
0
0
0
3
13
4
0
15
1
4
23
8
36
6
0
10
12
5
24
0
4
30
14
18
8
25
1
9
27
22
4
1
51
0
2
12
0
28
0
13
0
9
13
26
7
1
28
1
7
16
30
26
25
7
12
15
1
0
33
1
7
20
23
37
3
12
5
2
21
9
1
3
49
1
0
11
2
4
6
8
10
0
0
1
26
5
0
54
18
7
39
5
1
4
1
22
1
54
0
16
2
1
0
1
18
56
7
