500
494
466
492
248
450
306
502
430
437
39
244
28
441
179
468
18
467
285
276
488
348
488
436
50
459
516
460
431
380
514
443
80
211
18
490
499
426
4
21
504
521
510
230
380
505
457
363
369
489
407
125
508
274
309
512
500
417
25
123
515
524
219
538
211
415
370
460
147
496
485
504
488
509
454
453
486
505
494
3
527
390
490
2
414
382
477
426
516
291
77
495
398
139
12
491
188
38
510
413
230
412
507
519
479
492
497
363
477
442
476
490
447
142
476
270
506
440
506
140
493
44
501
514
213
17
490
273
323
498
352
480
507
467
212
178
483
512
419
478
138
472
484
352
478
505
502
411
482
494
516
500
415
343
315
497
33
212
507
426
509
498
515
501
409
275
153
496
498
459
418
77
493
393
487
525
428
401
122
531
309
344
121
212
465
504
472
205
496
45
251
297
487
484
141
256
508
472
0
494
483
433
531
511
183
185
395
143
468
80
524
516
446
492
441
342
392
515
507
271
511
421
476
499
479
506
503
498
333
482
387
470
365
468
531
463
465
462
505
469
468
474
518
318
479
128
504
362
313
505
13
132
243
410
497
300
406
493
459
108
124
458
99
489
510
455
498
93
497
479
472
505
452
449
14
228
415
45
71
542
14
508
494
474
518
432
517
485
152
231
398
509
287
127
353
164
435
433
472
481
72
111
501
476
517
416
127
508
492
511
325
353
408
444
370
495
238
358
0
510
469
238
303
490
236
481
76
218
293
493
398
455
526
491
146
340
346
485
495
504
259
478
492
493
500
497
481
332
151
477
387
11
483
515
307
219
188
249
479
5
245
396
211
503
352
502
0
217
499
376
486
512
495
71
510
493
346
374
278
167
457
491
475
2
505
284
476
416
333
35
26
241
504
487
469
494
498
429
1
496
1
207
20
524
511
466
510
463
28
416
225
313
389
296
477
89
254
472
498
524
461
407
472
514
470
285
488
431
146
484
478
299
473
178
298
462
494
504
32
520
481
389
221
450
439
233
173
508
15
430
303
402
484
468
235
311
494
479
396
340
279
354
478
260
226
475
75
470
450
524
502
514
437
499
12
516
519
464
110
528
7
424
65
333
84
292
84
309
475
498
476
353
472
523
524
490
478
468
97
464
34
490
500
31
496
62
523
524
246
495
497
480
315
489
487
451
515
470
266
58
428
496
524
469
137
449
481
437
329
231
252
80
449
479
510
137
375
317
482
105
499
520
69
19
489
474
381
503
502
499
246
487
309
423
472
511
234
507
501
501
497
482
187
314
383
14
488
85
465
504
503
67
34
482
427
93
494
513
506
64
427
490
469
505
491
7
505
478
368
483
398
322
73
457
461
485
280
521
502
477
445
483
491
498
476
483
502
0
526
463
419
8
99
512
471
482
286
422
475
503
505
314
471
495
481
481
489
504
165
522
344
479
481
512
382
511
354
475
369
397
509
204
115
457
409
507
399
244
479
164
524
339
442
499
415
30
342
384
480
490
282
512
297
446
442
522
515
31
485
454
495
415
223
478
187
312
64
494
0
500
361
23
506
498
93
358
499
506
489
477
237
503
519
107
514
459
371
407
435
509
158
484
506
457
487
138
471
481
504
310
468
474
453
380
458
500
1
236
387
151
367
504
308
37
306
357
492
360
370
444
510
130
500
329
377
504
509
502
469
528
47
508
468
0
499
58
135
428
491
433
0
430
505
325
491
462
496
488
454
504
132
318
517
476
519
466
487
14
508
193
327
157
479
388
225
517
543
153
462
494
99
474
211
489
514
119
504
500
509
513
370
497
489
408
509
70
504
492
86
363
81
464
478
133
481
478
509
509
58
473
203
169
403
228
376
31
239
524
487
508
468
526
84
374
330
503
512
507
12
312
150
306
63
502
238
74
499
499
502
417
509
173
401
493
521
394
503
514
267
482
396
398
256
351
488
465
492
398
497
490
487
326
124
288
508
483
0
406
105
359
18
523
106
498
473
497
506
95
498
512
113
511
459
512
505
513
520
498
481
164
145
290
393
434
262
430
233
309
478
465
216
227
469
176
489
522
93
298
114
342
457
485
505
408
100
106
184
504
171
1
41
474
451
484
478
503
372
167
500
89
137
310
40
415
439
446
3
518
489
469
507
364
294
436
235
457
0
438
22
492
503
510
473
186
514
266
455
377
395
13
209
501
478
487
454
217
455
485
76
512
490
505
433
506
416
496
21
479
476
104
64
514
464
483
224
494
405
473
139
499
490
59
461
480
445
510
383
263
469
312
401
238
470
495
390
281
27
468
478
499
125
475
457
506
487
21
251
368
520
467
392
480
391
489
502
488
134
443
126
501
41
502
189
470
349
117
492
497
370
285
453
451
368
326
169
466
471
513
246
477
291
455
492
537
319
36
364
485
507
471
523
47
466
457
194
194
486
461
485
130
454
519
459
504
521
538
384
64
519
489
322
523
410
27
485
72
446
475
499
5
324
486
318
58
489
355
201
499
508
0
498
506
493
487
466
475
455
193
38
310
473
483
481
483
240
385
484
489
113
2
325
502
474
236
496
492
486
95
126
401
501
350
522
454
504
90
20
489
507
496
77
175
468
275
508
470
488
503
303
439
275
467
287
461
18
453
481
225
526
110
407
468
218
442
36
332
472
487
462
398
526
470
501
512
425
493
470
478
507
294
447
479
380
508
202
484
341
65
23
540
526
502
164
511
383
510
404
513
487
504
497
132
401
475
507
500
310
485
513
500
192
93
477
408
357
392
210
145
503
463
410
0
313
533
497
530
322
323
511
194
485
65
500
372
456
488
196
380
523
208
431
483
499
498
519
184
115
345
0
222
159
504
446
435
505
47
494
361
178
332
469
374
492
459
508
530
429
458
487
495
403
5
481
175
416
61
0
508
516
511
504
509
29
467
9
383
481
196
196
502
436
482
2
125
484
456
4
471
520
81
354
528
503
131
507
365
121
469
496
360
479
64
348
470
448
252
481
497
0
480
505
436
64
498
506
478
453
494
476
467
286
483
380
508
380
114
122
52
229
468
356
488
465
232
77
280
499
377
443
486
261
198
183
70
479
493
461
504
502
498
524
330
415
357
469
404
491
188
470
494
501
526
465
461
232
450
434
170
145
439
507
139
431
508
22
53
510
31
491
504
477
489
491
151
516
227
515
1
174
324
126
16
411
121
464
423
399
467
214
290
499
506
439
53
371
481
383
506
397
500
494
327
487
198
376
206
45
317
57
422
475
515
12
464
485
203
503
471
152
220
367
510
325
500
264
353
421
484
517
446
493
481
489
450
500
473
391
469
481
350
151
506
111
483
495
347
357
397
96
117
339
477
43
504
91
361
207
505
512
493
488
188
475
446
452
35
347
514
500
3
495
451
498
499
306
212
433
479
309
11
486
498
453
386
495
321
5
496
289
508
491
205
282
500
488
186
293
347
524
384
304
256
361
474
350
465
521
487
10
319
217
493
27
480
364
478
437
431
519
488
176
7
159
95
472
455
308
492
376
379
492
363
507
66
515
480
439
494
514
506
491
512
477
473
505
464
486
436
495
205
443
259
459
483
246
488
435
11
511
475
493
530
6
491
258
4
489
185
501
495
391
445
498
499
469
498
483
85
447
503
455
339
468
500
163
82
486
355
421
51
455
446
460
255
449
454
469
422
310
14
357
504
498
154
498
21
448
407
499
507
476
4
158
522
467
452
479
290
380
508
145
213
180
266
520
157
452
359
405
60
105
469
510
463
473
13
64
518
495
488
510
481
454
485
475
416
0
474
0
485
508
162
317
26
159
396
455
377
374
324
425
482
144
503
40
191
476
502
141
215
469
423
247
474
495
509
393
436
390
121
26
358
514
495
510
329
50
518
505
230
493
59
266
387
92
42
468
148
493
131
462
293
188
492
191
475
420
68
330
25
123
502
489
4
185
498
243
261
511
498
302
501
490
512
106
498
498
471
435
458
409
24
501
506
448
69
451
470
355
463
525
518
536
453
490
218
492
489
486
498
147
457
438
217
453
13
77
481
46
396
241
372
503
14
520
490
540
343
493
481
2
169
371
78
473
231
490
66
478
342
425
506
33
436
76
496
333
493
138
307
496
112
295
29
398
510
449
487
518
313
506
430
486
486
431
487
506
366
210
461
464
395
55
519
486
455
421
505
453
18
119
443
54
424
24
493
389
448
45
102
517
484
481
233
160
517
531
500
516
13
512
121
500
94
493
407
477
471
98
455
502
24
461
481
488
481
484
524
505
80
356
470
477
437
493
387
490
505
454
523
468
244
11
513
506
493
377
331
491
125
344
152
484
486
503
490
506
510
474
503
471
2
440
355
504
474
243
502
177
498
516
411
498
32
470
509
435
448
266
507
474
465
36
451
543
32
485
510
480
155
450
485
457
514
510
474
499
493
457
480
268
262
369
337
140
353
490
141
181
387
480
443
495
485
462
12
200
518
477
508
324
324
478
462
487
471
282
473
422
24
450
472
218
486
481
310
453
514
276
317
289
505
490
83
1
297
469
418
204
454
444
518
517
79
29
470
416
316
514
36
436
498
228
509
523
490
489
75
335
514
504
498
66
520
2
452
511
473
497
446
478
158
310
486
33
482
117
514
490
398
484
208
484
71
462
88
478
191
353
443
489
503
474
441
398
12
501
521
283
491
490
253
108
506
512
466
479
184
265
222
461
501
329
211
493
422
506
495
458
493
409
93
494
241
183
478
509
388
501
381
494
500
256
464
468
348
441
432
499
20
491
277
490
421
501
504
95
482
375
458
388
409
464
503
471
512
450
0
132
509
521
476
390
248
508
202
483
487
487
504
489
499
110
496
277
518
487
0
206
504
201
476
492
515
484
507
193
378
239
473
513
389
478
440
479
502
484
493
222
448
465
495
461
498
486
379
410
362
428
508
521
13
504
379
190
494
482
329
493
508
411
297
483
33
59
506
518
480
53
96
279
431
163
110
68
325
45
200
479
515
393
0
450
476
517
462
100
498
483
461
384
193
4
479
210
245
363
146
474
488
450
141
486
290
187
519
65
493
527
244
500
468
232
471
4
455
504
505
447
267
528
119
123
424
498
487
427
493
398
365
226
293
289
144
465
12
342
26
298
504
432
477
514
436
336
263
434
464
473
52
421
456
393
510
260
472
495
360
178
356
500
506
479
489
492
163
340
494
517
508
430
90
383
413
0
481
428
488
504
486
486
511
512
484
517
194
516
490
511
510
176
512
413
511
481
485
127
337
503
39
438
464
512
21
490
372
192
507
487
166
96
512
492
1
477
403
343
5
511
510
77
506
375
514
345
421
50
507
468
470
258
495
503
313
337
151
300
4
491
33
506
478
484
490
518
544
339
508
488
159
489
492
498
460
70
512
282
500
350
516
450
468
488
496
102
488
478
475
0
236
479
497
423
502
320
37
487
400
497
515
53
99
303
16
490
403
366
480
134
509
333
157
370
230
459
457
499
58
491
501
522
316
481
490
40
151
170
466
466
432
400
453
331
156
483
349
431
225
471
461
380
250
494
390
533
328
467
446
135
448
446
501
417
518
371
294
491
186
462
496
140
503
488
510
475
493
381
77
475
461
414
511
433
471
291
489
492
160
433
322
335
492
495
492
508
469
138
247
207
519
479
14
1
197
449
460
258
487
395
495
487
32
437
425
91
456
16
467
464
35
499
457
532
1
223
331
217
11
502
506
7
495
501
514
523
499
435
483
283
452
529
356
486
233
478
521
87
396
259
134
484
286
181
473
254
0
291
497
436
505
477
437
488
463
295
352
478
506
518
522
496
0
57
361
253
498
454
504
170
411
508
415
483
115
477
364
468
239
380
506
500
0
484
481
279
141
470
519
285
444
268
464
56
525
259
496
431
472
147
301
519
181
509
436
503
464
470
371
237
478
529
47
511
499
480
307
503
452
503
486
149
496
143
461
416
302
457
198
0
498
509
508
491
457
464
408
474
496
470
60
424
457
246
513
474
445
497
518
465
463
386
277
388
213
385
405
501
474
492
243
194
239
316
497
156
459
323
493
498
492
427
481
531
92
525
336
500
421
122
58
110
471
452
439
502
494
440
487
493
376
527
223
319
8
409
482
530
501
433
499
451
508
468
464
141
365
108
392
207
538
89
501
46
461
484
478
478
316
162
502
63
385
128
497
460
372
153
495
12
441
18
458
203
48
433
499
505
66
483
507
388
18
482
412
71
281
468
516
5
264
233
508
273
509
54
455
424
400
482
415
470
231
302
495
287
488
110
521
489
517
476
195
478
1
286
504
81
413
352
30
12
448
493
460
374
381
491
481
410
489
478
473
385
472
325
503
535
474
35
520
408
505
186
269
527
247
504
501
462
460
267
35
495
228
504
480
447
509
131
283
381
64
485
498
499
193
357
112
105
513
515
473
12
451
461
505
499
520
510
455
495
453
500
2
501
437
197
352
96
253
417
195
506
1
456
34
479
491
489
255
505
498
215
521
481
491
512
483
515
467
140
241
178
499
482
463
211
497
487
324
506
259
183
505
53
512
339
471
499
248
499
509
100
474
484
0
511
412
515
499
367
284
340
511
213
513
139
351
509
41
181
494
503
496
389
503
296
361
323
436
470
495
514
508
81
498
52
511
504
504
446
524
453
276
502
449
497
519
482
514
492
480
374
517
493
436
491
165
282
492
524
488
497
282
177
461
45
397
185
356
460
466
198
340
465
452
34
460
375
347
342
247
341
243
477
502
455
505
298
387
316
74
506
501
278
513
492
75
0
121
404
467
496
498
302
497
408
282
409
363
31
503
506
471
149
482
475
0
490
257
501
535
173
497
381
458
460
389
398
424
494
68
362
35
500
475
23
512
534
152
269
302
490
415
234
515
484
367
65
381
498
488
165
505
379
452
464
320
486
363
519
511
510
492
353
535
507
459
495
517
512
375
235
99
446
405
83
47
482
456
492
496
164
499
120
297
468
22
476
272
484
199
491
476
523
445
498
301
267
475
468
517
453
7
519
473
454
485
502
512
501
421
392
266
487
92
494
520
526
297
261
442
344
494
513
482
0
529
295
215
208
161
489
3
468
500
488
150
115
485
516
176
35
406
484
486
472
505
496
264
491
27
127
465
471
343
468
58
464
443
471
479
0
503
405
489
3
458
506
520
154
483
79
0
58
409
188
413
2
494
3
9
505
501
441
522
37
476
506
508
516
122
517
13
434
511
11
77
363
288
452
499
441
515
488
488
497
512
485
507
498
473
177
495
520
265
421
489
410
478
25
447
6
476
511
490
458
1
492
511
101
468
83
394
121
474
378
13
529
471
497
505
493
492
0
121
302
509
200
523
502
471
443
486
153
437
516
91
452
246
279
423
513
521
474
509
507
491
454
518
459
373
277
489
476
494
516
327
469
274
520
233
327
9
345
52
317
455
198
513
338
238
477
110
499
478
502
477
0
22
515
513
458
166
230
233
485
493
501
191
472
471
148
371
467
446
50
248
498
489
180
515
498
375
485
370
361
509
93
456
480
509
93
463
352
497
374
29
490
391
482
471
499
323
512
468
121
475
489
482
26
479
478
487
505
509
491
459
454
187
510
492
394
156
0
1
319
430
491
267
470
39
482
451
495
6
202
275
458
253
507
471
495
429
236
77
494
497
334
506
508
484
92
488
240
486
515
494
477
423
476
153
308
85
486
472
169
263
507
144
13
454
459
339
471
491
486
296
463
514
455
491
507
170
525
406
27
337
485
21
502
258
490
507
0
228
298
497
117
2
515
288
10
472
120
372
104
1
481
449
491
386
332
462
383
31
234
495
273
357
511
475
35
191
461
467
494
155
493
505
510
515
482
503
13
187
177
391
502
496
100
504
459
260
422
498
489
172
421
453
37
453
7
450
438
91
201
503
321
467
493
391
218
108
0
434
395
453
497
504
357
498
407
405
374
460
104
15
392
450
509
205
459
6
483
506
240
502
431
433
180
473
430
213
511
237
426
502
105
88
509
511
531
13
98
238
471
509
433
318
33
510
309
335
480
407
511
482
186
502
476
501
481
193
336
515
227
505
117
483
497
299
335
405
509
224
364
289
357
83
114
496
512
307
6
43
518
144
392
478
470
412
493
509
512
484
117
521
494
474
75
484
473
480
501
385
326
22
491
216
492
231
485
203
483
509
498
48
481
510
427
484
449
437
514
514
203
503
495
504
67
489
501
485
479
481
441
310
484
0
459
468
106
104
472
494
502
259
502
81
448
451
518
189
499
256
479
500
505
499
369
475
19
464
460
360
462
456
193
40
525
510
466
515
481
371
381
169
453
494
444
482
498
476
395
508
376
53
374
114
297
416
475
72
500
491
18
417
487
464
366
2
501
263
120
360
209
3
43
499
529
477
446
90
507
71
504
399
405
271
518
0
515
216
504
463
271
511
462
307
499
446
513
510
461
495
480
479
414
505
480
74
473
490
452
227
471
500
484
152
485
507
496
503
493
492
234
474
470
496
278
58
410
138
6
64
489
500
352
505
497
477
227
505
455
306
491
497
509
498
365
385
345
456
141
508
507
523
487
469
504
493
388
478
508
543
513
35
81
501
485
476
100
499
476
52
54
60
164
407
501
471
404
444
500
386
477
480
208
459
522
360
490
181
514
235
18
517
78
517
485
512
361
479
481
456
510
505
499
424
506
473
416
382
461
92
486
383
204
508
488
511
504
486
53
416
5
463
489
505
531
59
36
492
508
129
500
488
241
504
379
485
141
468
521
498
376
479
59
55
470
508
532
433
504
478
399
232
401
300
321
83
449
323
393
35
105
327
460
513
400
485
520
382
498
474
477
519
152
453
87
326
490
507
486
509
201
526
534
509
479
339
53
241
464
217
54
3
493
476
409
503
405
516
484
493
46
468
520
469
489
508
80
490
9
137
531
482
477
360
492
398
360
469
480
421
464
305
213
385
43
24
444
498
374
514
464
470
477
32
522
95
498
372
511
425
3
7
510
474
456
277
493
53
188
406
475
513
475
542
520
486
360
442
463
525
471
426
486
100
316
494
492
412
505
506
456
486
512
95
512
529
500
486
0
454
185
372
520
453
433
143
464
161
199
460
477
108
229
436
481
479
314
24
172
527
499
361
513
469
374
384
36
125
483
140
362
340
305
481
142
364
242
453
379
397
443
372
488
514
309
504
509
223
417
224
485
529
435
490
393
514
487
434
488
455
487
510
513
487
196
477
453
505
337
211
469
88
513
446
471
496
354
422
507
219
294
461
480
103
500
485
35
62
220
370
510
442
514
485
273
277
493
505
444
504
467
504
217
387
497
128
11
484
169
443
508
496
505
0
495
507
289
0
492
516
298
413
272
301
480
319
167
465
476
486
265
379
527
354
507
462
502
506
509
528
345
49
225
0
494
493
422
258
512
351
497
379
287
493
453
364
15
480
495
529
500
205
511
280
66
497
484
28
101
20
501
479
441
529
442
488
493
375
475
516
346
488
184
489
364
171
488
498
213
495
84
479
493
504
143
484
498
40
489
420
492
472
17
443
327
17
522
426
275
522
487
368
501
4
527
0
477
380
0
488
475
501
496
458
517
483
527
5
338
494
326
440
481
223
0
453
489
487
8
468
17
78
46
521
433
468
165
495
484
432
97
488
502
435
468
453
502
0
485
483
19
448
499
513
359
449
472
456
480
409
501
245
447
221
495
359
442
501
490
485
397
500
89
456
493
413
25
412
190
432
500
85
1
495
37
472
438
518
236
491
307
538
466
471
123
487
434
208
479
489
497
477
474
488
487
463
462
519
487
433
508
514
400
349
439
185
485
513
520
523
7
449
494
492
474
527
148
493
456
487
473
7
510
1
506
496
496
497
513
504
191
495
7
367
497
496
460
511
242
181
183
345
429
388
441
466
11
514
527
474
482
495
482
178
329
298
455
489
468
440
83
474
179
143
314
490
508
487
496
283
490
339
354
188
48
70
26
487
502
496
1
480
257
434
506
491
3
369
424
463
100
492
505
476
467
455
349
69
447
487
496
148
492
13
486
494
425
466
516
395
4
511
274
436
202
97
512
26
469
460
491
149
462
412
498
215
54
438
494
496
293
356
498
287
484
513
528
500
18
7
237
527
519
511
461
118
37
496
435
459
495
494
497
481
0
34
363
438
79
493
160
52
515
76
49
422
506
504
45
178
492
494
2
507
87
473
498
495
123
516
489
320
496
478
520
513
381
278
76
493
1
301
427
497
175
270
521
258
284
501
532
290
466
406
481
495
505
538
7
465
30
287
461
514
310
85
468
341
276
521
0
482
500
466
478
70
489
496
511
335
209
474
383
514
492
498
510
505
370
495
379
458
505
19
391
401
482
455
474
23
332
491
460
481
525
404
499
473
424
260
363
328
423
0
441
451
194
448
501
321
470
435
302
466
1
508
496
505
507
365
263
471
247
502
349
512
503
485
467
523
510
430
457
357
4
471
484
457
378
500
302
512
284
397
415
537
488
456
386
0
446
520
488
154
496
498
156
149
83
343
455
507
367
492
498
512
489
503
280
449
269
370
409
504
4
0
18
483
471
434
468
494
481
336
493
203
460
479
439
334
264
73
336
77
273
354
439
240
184
311
489
472
8
169
400
502
493
466
152
435
10
483
505
389
11
348
384
506
317
367
489
488
465
307
512
419
480
490
505
245
6
484
480
500
411
290
472
82
490
377
320
501
505
21
458
488
458
514
495
463
97
130
473
448
417
412
499
428
383
242
488
2
497
268
370
334
182
502
2
452
416
262
486
249
211
523
76
494
107
494
449
342
476
473
210
521
304
517
22
492
500
95
150
520
490
338
485
421
499
530
398
216
500
94
494
355
499
99
499
11
496
481
431
345
182
493
502
521
48
197
474
347
483
483
510
296
490
470
14
421
482
8
104
352
294
11
508
526
406
504
345
237
215
32
469
475
509
470
225
425
511
28
71
488
522
495
442
484
97
484
464
409
303
309
30
498
234
360
139
331
303
499
63
484
0
31
492
285
502
97
236
470
502
473
506
471
508
421
533
284
78
471
254
534
315
502
2
513
331
501
511
496
497
4
367
499
415
483
2
504
142
107
507
286
376
296
265
325
501
456
499
496
463
312
498
36
507
141
348
490
405
512
507
474
482
194
521
507
459
511
393
481
284
475
499
441
40
254
394
489
446
400
503
489
415
15
395
181
499
270
511
255
387
432
108
356
490
72
454
525
188
394
493
379
260
264
204
276
508
43
511
28
216
53
485
521
499
9
494
508
536
387
508
85
41
485
507
514
458
498
9
433
490
427
498
173
464
379
122
364
498
457
500
403
39
500
473
77
6
455
486
501
480
448
0
479
498
388
245
337
508
169
393
509
41
237
509
304
509
221
364
468
477
476
441
491
301
502
522
238
513
430
448
55
70
293
503
515
422
452
526
49
72
494
158
494
473
496
358
309
492
406
472
357
384
509
524
428
452
496
20
525
17
449
426
235
357
16
3
503
322
77
160
456
488
376
205
525
483
494
470
17
444
129
500
503
394
437
337
511
253
520
420
247
306
453
125
90
474
481
107
473
488
412
437
503
327
494
520
285
505
488
500
266
21
237
506
432
113
199
483
495
269
498
476
175
219
154
27
510
482
230
460
190
275
524
482
5
510
499
476
480
499
405
482
344
458
17
498
438
62
518
494
516
471
505
336
478
433
524
270
356
484
477
514
517
373
514
512
297
263
385
397
490
487
371
318
0
487
514
277
512
122
250
514
280
505
368
506
380
511
508
10
482
498
321
466
501
290
0
0
101
500
491
309
372
45
489
507
83
64
147
469
387
478
499
526
513
496
339
495
517
182
103
412
519
446
115
469
10
472
510
500
198
122
528
271
118
512
10
228
219
0
489
390
214
463
238
244
513
290
517
152
188
517
491
257
201
395
479
205
369
368
101
0
3
17
237
202
501
393
497
204
475
334
75
325
486
0
194
27
0
472
512
476
405
501
505
480
497
6
526
477
476
504
516
293
273
350
511
482
351
2
512
413
391
492
466
150
505
472
239
348
448
461
508
217
468
480
512
468
514
18
252
470
481
485
519
475
533
510
329
172
166
528
305
289
521
520
479
302
52
506
363
198
486
416
38
83
66
76
257
24
526
279
510
27
90
401
243
99
79
520
135
504
476
379
491
493
521
167
373
495
286
503
488
40
237
309
308
398
498
512
430
498
435
464
498
522
492
480
93
349
402
508
291
155
417
321
343
496
348
302
496
495
85
536
114
471
507
512
261
109
521
501
201
0
455
485
57
75
284
513
491
146
402
441
493
475
503
442
500
466
495
106
504
516
478
401
499
63
521
469
541
156
517
429
365
508
511
458
454
493
491
412
453
499
493
257
497
496
283
508
519
230
81
485
441
389
507
463
142
106
369
249
85
466
356
506
469
507
465
166
462
150
491
143
120
188
211
446
91
523
91
3
498
148
500
484
462
88
518
483
469
312
497
448
445
502
475
499
325
507
388
279
3
353
478
464
347
504
466
483
492
489
501
476
475
336
513
127
501
510
503
8
527
81
506
303
480
351
509
447
44
500
501
490
212
112
442
481
473
509
474
519
466
506
514
491
527
78
474
512
499
111
497
108
478
408
480
457
495
35
154
338
377
129
375
31
33
491
491
211
252
502
486
515
508
494
232
177
0
525
13
342
472
131
185
131
280
198
41
450
473
500
483
23
378
397
496
510
512
414
489
500
492
337
517
492
11
459
184
187
496
110
504
488
500
493
475
438
520
305
478
508
260
152
364
443
435
488
396
237
87
327
491
513
347
505
518
490
496
64
244
496
504
491
18
500
500
504
503
478
474
191
45
2
386
518
490
510
328
517
119
349
501
520
460
444
500
425
0
408
39
254
457
511
499
499
336
385
495
278
496
354
496
397
452
507
455
230
466
345
371
373
490
510
512
502
115
329
373
487
473
391
461
5
377
421
473
347
498
163
511
502
429
338
119
18
451
477
484
451
428
361
395
430
499
320
496
518
185
70
486
463
42
260
13
3
149
507
362
377
296
511
489
244
486
460
83
491
469
27
472
176
504
266
311
455
365
423
60
345
431
7
354
4
385
509
487
189
507
339
507
41
414
472
486
500
144
435
70
511
69
476
540
485
71
501
496
495
351
478
478
254
477
514
458
494
178
491
426
207
528
489
193
409
463
507
491
480
480
483
361
501
495
482
200
75
114
486
487
28
481
402
487
472
230
303
358
460
202
449
499
8
400
490
118
485
404
449
484
470
348
510
469
471
395
470
15
295
497
368
479
376
484
17
512
452
37
413
466
500
446
492
510
515
158
483
380
496
381
523
416
468
519
219
2
500
428
22
390
483
513
506
505
482
463
369
407
463
457
87
490
398
153
511
505
483
412
506
518
524
515
408
70
350
493
501
442
406
520
519
261
468
478
352
490
510
523
371
370
502
503
451
514
2
490
418
459
498
495
502
322
477
109
497
505
2
400
498
510
489
61
502
483
468
5
488
246
185
378
460
484
509
508
51
484
512
2
66
384
495
489
256
245
134
500
51
518
370
492
125
97
448
24
474
1
3
148
391
352
489
142
471
510
471
352
421
479
320
498
25
210
430
10
495
136
11
244
510
502
488
2
362
271
458
418
161
462
475
473
496
464
313
492
515
393
473
110
443
509
266
315
481
513
493
361
449
496
350
106
501
485
493
53
456
403
466
505
159
504
214
498
492
527
142
506
499
510
492
185
498
360
317
99
201
528
505
45
445
487
498
156
498
19
232
341
508
85
286
516
438
5
356
364
515
451
504
451
77
7
499
526
512
444
478
404
485
513
194
494
360
370
97
6
115
127
498
337
493
281
494
526
51
68
496
528
508
528
461
461
499
455
489
346
467
0
511
507
346
502
376
510
509
460
520
104
473
489
423
416
254
505
503
314
486
490
497
9
512
517
63
473
514
443
171
423
482
437
3
2
482
161
172
480
478
498
248
255
243
472
501
508
484
497
20
417
495
509
1
479
498
281
17
500
478
496
477
524
180
535
31
491
265
489
504
429
497
363
504
155
233
282
48
327
144
495
491
389
479
477
493
496
447
455
513
486
493
62
511
399
508
436
226
495
420
494
501
301
496
500
510
218
454
484
474
370
483
121
369
432
484
408
427
510
478
454
527
469
272
500
7
232
475
436
154
186
462
407
498
271
490
209
479
458
315
341
167
497
478
272
460
293
14
75
143
490
502
509
380
468
481
492
521
466
520
482
545
493
440
528
2
499
253
511
498
144
483
430
510
64
329
287
10
489
491
449
516
514
502
297
495
258
499
513
499
513
269
420
478
283
477
494
184
288
484
488
498
0
401
245
301
304
493
496
383
437
496
498
409
500
514
461
284
299
3
504
498
25
507
480
493
488
285
356
500
329
275
412
443
513
481
337
491
496
499
99
495
509
495
478
479
327
516
519
116
208
481
409
291
501
487
496
502
324
426
264
311
506
494
314
500
233
477
0
518
497
122
357
525
406
1
382
160
313
496
517
39
151
196
380
506
36
479
507
275
440
264
499
189
514
502
477
494
476
503
23
513
270
491
480
492
453
476
18
396
486
515
14
505
501
402
351
495
107
459
479
498
363
79
487
514
501
150
493
510
492
486
74
142
492
251
410
445
244
527
367
62
443
185
493
528
412
525
377
469
435
481
5
45
388
489
490
434
466
528
526
228
510
3
486
492
222
512
498
275
482
473
503
470
500
415
193
486
512
384
491
6
172
499
508
472
0
474
494
500
473
440
485
489
504
421
424
511
456
483
55
266
481
473
3
431
522
319
444
300
484
438
519
290
504
516
87
494
438
438
508
14
491
369
6
249
506
494
483
486
475
302
487
241
175
498
238
482
405
464
354
458
462
478
500
502
520
8
469
353
104
445
489
95
484
6
476
198
439
495
517
482
493
368
461
500
421
41
487
155
1
480
477
480
501
90
454
102
495
514
528
509
464
235
491
490
359
20
257
69
427
277
503
325
523
489
496
196
473
485
486
506
341
489
439
498
475
435
507
419
399
501
72
375
164
489
74
495
304
503
502
510
504
493
493
441
464
495
9
89
18
478
367
48
408
510
376
466
477
518
448
472
486
440
399
101
80
491
490
463
60
243
194
236
508
481
495
467
494
344
195
467
334
462
2
507
157
495
45
487
491
462
489
471
201
300
483
88
498
364
514
472
65
501
73
3
505
235
80
522
493
273
521
485
40
196
479
469
506
496
476
277
495
492
296
509
444
250
142
227
325
514
450
472
207
435
512
214
63
516
412
487
4
385
117
381
254
417
0
521
43
331
505
491
46
0
425
115
486
403
516
85
412
324
118
500
150
509
141
483
484
328
109
480
41
54
11
502
455
3
510
483
495
440
526
434
466
473
494
169
210
400
210
87
141
443
429
504
24
96
459
206
479
457
74
457
435
499
254
425
468
312
11
471
497
503
60
487
485
501
519
381
523
262
495
47
486
112
473
316
407
482
500
395
494
218
234
494
493
183
453
506
513
185
469
520
542
347
212
233
331
233
443
215
255
443
0
60
488
348
467
493
207
160
484
269
498
196
479
408
451
376
114
15
89
240
388
10
503
498
481
509
527
499
187
0
439
367
345
262
496
315
248
490
496
430
409
489
490
488
265
499
153
480
522
477
464
404
387
130
506
121
500
452
211
268
503
45
487
335
289
469
2
195
2
319
104
482
5
485
135
458
72
480
419
123
508
78
505
172
121
441
496
506
450
109
494
503
405
432
238
247
326
255
490
258
269
415
484
514
137
490
481
515
505
516
502
496
491
542
154
483
278
14
480
468
494
144
481
146
157
491
199
451
469
307
531
482
529
453
46
365
489
474
328
120
0
464
487
436
514
106
371
453
265
336
495
489
38
0
494
308
478
47
243
399
495
224
4
503
471
499
464
34
446
479
471
461
17
272
477
415
505
274
502
280
212
70
207
512
521
479
300
511
402
496
477
8
467
472
465
450
475
428
489
199
520
445
461
496
509
122
505
214
479
487
6
495
416
499
480
490
513
487
326
502
76
114
494
485
393
307
310
524
0
410
223
505
445
497
507
483
489
30
507
495
24
207
513
340
322
498
495
435
412
494
410
444
480
468
513
103
251
485
340
50
523
495
27
226
272
460
501
504
248
504
491
118
351
505
137
93
205
527
170
88
531
449
324
500
491
521
498
88
470
506
176
290
455
223
486
400
506
432
485
195
226
334
493
507
498
325
212
67
55
51
392
513
503
35
494
456
482
524
458
522
518
460
477
254
512
488
488
135
491
501
462
494
513
509
439
477
203
1
235
496
328
502
497
501
500
502
515
496
521
62
15
483
469
471
14
1
134
329
333
379
499
271
306
509
395
500
403
466
97
104
491
470
473
160
524
301
480
452
497
179
487
530
475
15
49
498
496
106
142
459
483
461
382
479
481
472
49
170
514
260
504
498
514
321
503
532
272
44
472
483
515
512
384
390
418
512
200
521
311
493
494
275
191
194
533
502
166
419
485
513
322
500
38
459
501
494
487
339
506
277
492
510
489
2
390
142
469
480
374
470
377
491
513
482
2
79
50
482
476
472
491
474
501
5
513
347
244
493
385
532
483
498
504
161
491
446
494
476
513
405
446
48
478
189
529
65
363
0
504
10
105
444
263
65
499
486
473
456
1
279
448
323
447
97
368
486
350
121
405
22
525
503
476
438
426
491
421
105
255
512
488
394
154
476
483
486
6
486
502
536
508
452
458
462
188
23
498
358
320
484
371
511
495
514
424
478
151
23
465
495
497
275
241
415
505
445
8
448
10
500
282
427
476
496
146
150
488
230
10
502
512
486
506
136
421
390
472
491
472
297
416
509
465
367
473
505
493
413
514
205
499
505
41
16
26
240
3
534
242
487
475
468
504
498
15
421
13
485
461
501
482
436
452
522
421
0
503
327
506
507
71
83
485
504
51
439
495
224
485
466
507
475
377
474
497
519
493
25
488
496
382
195
323
278
443
244
329
227
489
461
346
512
512
501
48
393
304
137
501
463
489
454
470
503
143
536
513
144
500
496
403
359
513
102
221
395
452
392
495
508
511
321
499
449
443
234
497
512
114
480
22
451
499
475
486
491
497
470
165
132
531
499
497
465
432
498
498
504
503
382
58
476
479
453
244
473
494
407
445
74
377
434
497
482
533
402
525
434
417
141
312
217
507
371
390
454
54
511
510
461
471
496
154
480
171
487
394
479
49
86
4
268
407
519
464
310
339
143
448
523
105
496
452
16
463
490
11
317
540
83
492
495
304
522
491
494
201
367
531
5
484
0
512
506
496
262
235
447
501
434
157
454
487
369
497
93
470
49
508
215
142
2
455
459
530
508
340
489
490
359
473
491
433
516
507
486
476
512
485
499
506
11
287
510
426
449
163
107
493
507
491
212
134
500
513
438
503
426
509
435
388
501
28
283
506
18
198
83
529
475
411
3
500
495
509
433
43
374
506
498
521
171
525
474
390
503
482
474
364
16
511
521
452
362
510
485
2
305
358
519
491
489
494
523
480
209
503
71
491
446
322
481
415
187
502
496
257
504
504
234
259
132
525
489
110
493
496
467
500
531
55
510
1
42
3
285
537
520
82
450
281
163
501
434
247
392
132
96
513
53
367
352
426
499
475
6
116
152
232
498
491
449
334
473
340
500
416
206
16
505
487
436
413
226
366
478
516
182
413
519
368
241
77
358
473
139
518
494
524
46
427
499
466
296
513
494
522
134
472
527
374
460
482
496
69
504
532
536
526
432
168
5
425
470
4
176
475
475
489
476
497
438
434
504
487
285
431
492
506
500
190
354
497
490
504
475
488
4
499
493
204
18
293
517
465
35
481
340
448
512
503
303
489
384
502
485
502
421
313
0
27
521
468
496
33
497
495
455
517
385
515
433
464
179
374
31
342
203
419
196
504
364
371
476
516
446
491
477
492
197
471
420
478
494
29
505
472
217
521
518
465
531
312
448
499
411
304
200
499
29
519
481
408
476
159
523
480
486
521
513
400
473
506
271
489
472
331
375
341
272
365
490
11
483
493
524
243
259
479
200
460
0
470
476
345
500
504
497
469
522
487
447
460
41
513
241
181
503
331
470
513
500
434
349
320
1
450
183
499
514
152
437
510
502
495
491
457
126
139
474
506
462
476
348
352
490
502
234
369
497
449
500
495
378
478
215
472
503
418
10
498
99
514
317
311
480
491
445
494
518
166
508
465
430
481
486
200
13
452
340
480
348
265
357
348
196
506
470
46
71
40
521
449
491
476
368
493
364
220
491
495
209
389
523
460
501
82
450
495
0
391
251
130
275
507
27
504
491
495
511
416
472
167
456
254
433
52
497
477
477
70
521
421
491
22
489
501
0
487
512
22
44
441
499
417
461
516
389
271
478
65
448
477
472
335
105
473
99
382
113
520
479
507
541
531
458
487
454
519
503
504
406
525
497
494
377
247
440
483
202
503
342
5
500
469
318
504
484
491
269
481
445
443
481
175
19
507
492
519
474
487
0
488
386
503
480
44
501
501
468
480
493
506
14
476
221
73
494
477
180
490
60
512
439
393
259
523
505
452
466
501
497
509
379
510
48
22
514
349
1
414
0
463
96
484
2
304
511
0
258
499
461
314
21
471
168
518
199
484
479
194
88
466
520
521
347
499
95
70
505
345
492
56
102
503
110
484
514
162
492
202
475
479
480
495
415
33
445
481
264
385
21
498
497
27
504
452
503
509
501
4
343
502
143
520
509
406
136
507
519
421
479
456
495
485
514
81
505
385
522
444
461
311
501
333
142
467
185
471
281
269
501
518
357
507
499
510
313
42
513
11
18
503
512
502
344
441
137
127
307
468
332
0
8
465
440
475
501
457
90
483
192
523
521
501
490
518
474
482
244
434
407
146
520
1
482
455
484
484
138
497
513
450
457
155
275
418
502
471
492
488
473
508
492
478
471
415
401
467
94
499
184
493
431
378
346
527
487
207
196
21
519
77
481
501
341
497
400
519
498
38
501
471
503
479
473
423
210
270
21
408
166
511
297
513
164
481
508
429
388
504
409
500
65
535
131
385
525
496
487
452
520
455
505
479
22
221
497
491
297
480
168
499
453
426
496
401
454
438
225
407
498
318
513
433
502
515
228
92
187
467
269
505
529
310
483
543
534
484
475
35
489
378
489
471
228
504
265
516
489
447
508
490
489
458
472
21
84
520
484
496
300
1
520
513
508
254
471
501
8
246
491
508
457
288
409
498
421
505
432
502
397
13
82
505
239
11
394
528
165
486
10
385
517
132
195
393
326
191
459
494
513
482
496
507
433
453
511
442
493
496
348
496
40
501
377
480
479
506
500
502
487
489
357
500
423
534
505
122
511
500
460
487
240
463
471
520
183
445
529
98
498
225
484
221
503
334
463
90
504
456
3
478
469
29
190
496
399
79
279
476
494
503
453
335
500
192
378
83
503
408
191
513
519
512
267
125
385
469
398
286
227
534
386
127
474
501
253
61
504
490
462
509
97
492
282
283
394
279
504
486
336
276
484
510
380
491
501
458
360
446
427
503
498
512
508
467
1
479
269
2
189
503
500
37
128
504
7
160
485
517
462
487
503
16
30
497
148
473
481
511
425
492
149
485
369
107
109
500
499
507
172
3
207
0
28
196
353
489
454
495
364
485
42
491
455
420
27
476
307
433
326
339
212
429
509
1
464
524
182
494
470
0
522
456
167
478
357
491
41
254
425
464
511
419
11
191
98
480
0
496
510
230
10
330
360
387
502
236
483
507
449
490
262
65
482
508
259
123
512
442
182
124
493
496
506
321
470
470
510
463
503
524
214
1
520
490
499
429
471
223
486
127
482
226
498
521
493
470
2
539
509
362
488
512
506
480
230
476
448
479
111
485
22
393
492
511
496
275
172
523
501
378
168
432
11
514
496
223
25
4
520
327
299
260
502
21
150
438
355
225
351
335
422
450
2
394
316
493
503
529
469
443
514
494
527
442
3
459
163
448
477
463
405
505
489
235
430
395
472
357
435
20
18
505
460
473
68
423
521
148
505
501
427
494
73
501
472
115
490
479
387
516
108
513
363
516
376
499
506
487
507
516
510
503
370
509
468
198
461
484
22
450
90
99
480
486
155
475
462
2
480
513
414
312
506
449
382
243
333
53
475
458
158
518
31
487
488
507
481
518
233
491
431
461
505
6
492
503
432
496
514
516
489
501
511
493
478
495
56
510
506
519
286
445
265
513
132
124
336
502
477
482
450
116
524
466
155
344
71
490
466
510
54
452
372
90
508
466
496
358
383
378
255
46
469
463
0
102
486
503
517
495
502
516
275
513
36
470
485
141
499
468
2
114
475
129
439
465
519
514
457
381
436
496
526
538
506
488
92
342
299
512
287
237
486
510
166
354
512
10
470
445
501
222
454
498
404
501
142
504
511
188
522
20
466
25
355
162
491
513
497
513
247
479
124
350
481
473
503
214
517
516
506
434
361
488
236
492
525
96
439
483
501
467
457
491
126
348
506
485
466
492
301
99
495
503
80
498
504
196
12
504
21
450
53
3
255
176
486
516
291
473
299
521
484
490
485
389
431
77
428
497
488
267
357
457
40
499
488
537
382
504
399
508
402
312
211
523
122
438
366
499
425
447
501
68
322
506
260
445
498
502
491
493
300
252
432
515
485
183
29
496
499
505
489
424
479
474
374
45
208
438
296
511
503
501
83
476
390
465
510
504
152
440
187
242
485
211
401
485
522
378
483
499
498
354
203
99
410
0
470
462
282
506
422
502
236
133
372
475
513
465
496
408
445
487
527
485
490
383
408
522
525
233
506
468
486
489
139
278
485
453
501
498
493
354
465
422
430
495
493
490
384
458
505
3
10
458
128
469
504
293
393
475
508
422
477
424
509
509
396
506
478
496
518
501
293
279
504
518
515
473
463
3
491
362
420
458
361
494
476
509
3
513
469
502
505
509
504
165
430
491
145
495
183
229
503
457
489
387
390
515
495
3
199
513
35
495
320
221
68
385
447
425
152
3
42
371
50
8
470
487
474
495
282
402
395
207
53
497
240
473
520
503
525
504
495
507
479
514
477
492
534
514
131
441
306
478
13
0
516
99
455
520
505
508
503
526
522
482
508
506
320
405
46
125
45
527
506
220
412
30
267
496
246
15
485
365
19
11
421
474
341
450
467
470
479
126
134
472
478
260
405
478
408
463
496
182
389
508
7
266
463
263
275
396
454
408
407
500
243
470
480
466
481
13
471
484
481
513
428
527
325
266
515
505
480
456
32
286
13
529
224
497
130
408
8
9
349
497
221
313
221
215
402
503
460
485
284
517
466
517
512
293
333
446
494
520
119
412
315
227
491
479
522
305
514
523
265
510
448
147
0
492
316
49
469
509
158
4
509
211
466
30
500
453
482
413
303
389
272
466
75
504
192
518
483
503
492
469
174
498
501
478
500
331
78
514
500
366
496
355
438
485
492
219
501
72
460
501
31
308
211
186
497
242
466
536
9
495
498
412
525
394
19
468
512
448
490
499
10
461
503
6
276
439
475
429
69
19
497
379
464
482
457
354
16
209
489
508
61
498
496
527
502
344
511
259
242
525
487
15
154
507
501
484
446
179
354
480
15
8
523
493
378
486
507
490
509
46
109
483
464
466
145
513
495
482
46
479
428
473
492
496
459
447
485
457
494
494
343
506
52
520
497
112
484
66
456
503
512
206
501
496
410
493
487
318
29
313
338
506
268
463
482
449
61
499
518
197
405
431
453
467
514
460
485
469
519
236
268
486
215
424
318
297
305
14
478
524
415
0
347
499
511
514
375
412
474
363
432
471
499
461
446
401
292
509
494
465
479
481
115
518
458
507
17
98
516
505
224
468
531
2
276
471
519
481
375
483
440
500
491
513
431
262
66
495
402
499
164
497
333
469
337
82
449
481
487
320
501
255
137
468
489
155
438
481
523
492
322
462
335
502
299
474
512
85
525
471
430
272
40
285
479
115
32
514
497
488
197
474
492
487
298
458
278
234
498
466
381
79
341
486
208
315
104
489
505
326
486
512
489
518
112
178
126
164
528
505
507
12
53
475
501
488
491
456
431
6
362
500
400
466
357
10
444
250
344
392
514
490
418
481
489
47
490
512
414
27
500
364
504
329
471
479
468
358
509
449
375
391
508
47
426
467
46
21
355
20
481
262
488
80
495
503
358
527
187
497
183
314
489
465
336
411
428
492
527
136
212
464
364
502
488
501
507
482
473
489
472
4
539
513
222
390
86
500
493
246
513
1
502
428
353
280
200
257
43
484
500
512
471
317
128
459
281
513
476
309
497
484
360
498
227
497
204
473
186
489
499
450
237
405
317
359
487
239
440
162
62
489
440
105
495
512
368
481
315
513
453
510
516
514
63
496
316
56
156
454
123
42
370
469
380
516
492
505
487
474
252
443
468
513
451
114
488
513
495
350
524
453
230
500
497
434
520
93
8
378
443
467
465
498
454
526
41
422
421
493
465
475
494
498
431
394
386
370
483
507
56
177
506
505
489
482
4
449
470
507
400
435
479
265
439
323
13
493
31
517
488
177
240
514
493
495
501
521
512
523
