125
198
35
242
130
116
61
295
45
270
218
35
9
114
17
15
137
176
3
38
227
134
23
53
10
66
31
240
37
152
30
15
259
268
41
220
175
245
213
1
160
6
28
24
45
235
169
45
2
32
11
226
14
64
88
0
279
279
0
191
26
1
204
49
5
238
179
127
195
0
66
0
144
306
205
199
276
40
309
24
29
0
100
71
131
117
254
91
137
285
328
51
25
60
20
2
54
187
105
3
1
7
213
1
60
71
61
231
264
7
254
8
129
186
369
9
158
92
68
148
169
141
32
202
107
115
3
31
7
36
44
75
218
0
22
0
176
162
50
233
184
78
313
61
22
6
7
3
369
280
3
222
216
232
5
153
54
21
233
200
208
61
24
86
267
42
322
58
296
311
238
127
257
182
383
109
37
1
192
83
15
81
125
3
175
49
251
11
114
76
139
253
12
273
8
147
234
198
182
74
95
0
185
104
168
97
150
39
326
52
115
6
83
178
225
17
79
11
69
0
166
64
85
369
174
11
24
53
240
353
117
6
10
77
26
268
6
271
121
34
152
5
265
101
4
33
177
12
191
4
306
216
139
29
95
53
7
5
223
241
191
0
226
127
22
302
39
90
21
144
147
1
103
9
133
0
258
335
64
162
214
121
209
240
159
210
264
0
1
171
65
283
5
43
203
2
3
55
30
0
46
11
6
215
213
264
24
87
28
320
0
232
166
327
48
0
139
40
14
80
0
196
196
96
134
57
37
49
0
245
145
251
255
54
114
50
212
188
0
233
117
141
319
259
81
4
173
303
106
326
65
17
37
22
190
264
34
352
20
1
31
53
129
0
32
241
131
267
209
246
133
7
302
101
4
8
26
2
112
0
78
3
9
65
165
19
107
363
244
296
68
77
47
64
209
26
23
130
60
128
50
58
82
368
14
12
193
85
41
34
49
81
347
217
299
167
104
314
280
3
10
4
151
120
42
29
0
8
29
115
199
18
251
143
0
136
26
4
4
11
96
199
348
117
87
304
170
103
9
0
85
61
148
117
209
220
70
254
301
209
36
0
89
210
64
69
97
89
151
22
137
146
147
260
22
116
0
291
26
5
123
79
151
266
100
85
83
278
353
71
281
292
29
22
198
117
225
4
17
0
53
29
351
2
45
294
160
200
140
3
38
2
219
60
275
228
158
53
229
23
2
9
157
139
260
123
235
4
50
7
151
14
223
20
22
5
97
43
150
10
111
20
161
57
253
116
256
77
45
0
327
200
4
90
152
22
165
105
20
249
1
15
0
210
49
195
218
25
51
360
1
142
154
292
129
75
118
136
140
1
246
84
211
46
198
202
76
11
23
3
107
191
15
210
150
159
290
87
12
109
260
23
62
11
34
67
35
2
140
318
52
43
160
56
128
122
110
187
38
222
317
203
41
30
262
100
3
261
199
247
49
260
216
80
57
16
4
257
72
211
3
112
255
104
67
0
33
3
247
1
0
111
0
4
22
227
88
270
129
224
281
8
100
0
255
9
193
9
1
207
244
13
0
190
188
346
224
91
123
94
41
163
6
0
165
131
196
22
41
34
252
1
52
26
364
125
0
251
43
92
6
267
103
96
212
2
310
216
215
1
66
25
205
0
118
206
96
2
48
236
0
22
78
345
343
193
25
113
60
57
295
70
196
25
26
289
0
32
39
2
43
33
159
11
286
184
289
222
11
23
46
77
109
52
228
96
94
208
255
186
28
8
230
252
9
107
247
1
146
242
48
79
38
190
212
256
3
61
46
133
116
250
54
193
323
238
1
7
80
281
266
76
197
307
29
243
225
228
177
99
77
89
43
224
187
32
1
133
167
101
88
214
276
117
5
211
316
191
3
220
10
3
197
253
1
1
15
64
34
3
0
247
28
263
158
42
10
166
22
217
118
318
160
140
16
271
40
262
94
133
113
191
174
265
14
121
199
0
54
80
99
5
128
126
13
29
122
8
113
114
365
64
191
59
319
121
225
126
369
6
35
26
2
81
239
28
230
3
207
0
22
250
117
210
75
13
70
191
149
6
31
20
226
90
251
240
183
11
12
40
11
62
97
221
1
270
11
12
40
14
84
10
283
170
0
160
209
56
1
277
278
199
202
155
134
84
298
0
74
38
181
132
0
300
97
2
231
48
2
126
97
230
9
175
181
128
304
13
200
127
107
235
76
362
49
50
114
60
111
258
14
174
15
305
252
110
259
5
360
52
81
90
179
115
55
234
271
176
122
133
180
56
231
244
213
233
94
76
44
30
0
43
84
308
101
9
287
287
94
114
291
153
12
15
110
42
54
61
0
276
107
267
23
228
163
11
253
6
1
2
9
0
0
47
25
192
173
9
18
155
84
42
322
54
213
54
3
8
255
40
179
235
24
92
40
331
4
9
21
66
20
107
134
71
324
24
139
169
2
271
343
48
77
345
74
231
28
24
123
68
47
4
106
17
5
47
102
225
0
158
71
34
26
0
105
131
108
137
242
64
92
161
197
149
13
52
197
20
189
171
205
20
23
32
212
106
181
171
34
21
7
0
172
67
286
111
45
296
106
182
216
94
188
16
373
28
337
1
91
9
238
37
47
365
42
15
266
222
318
156
302
55
212
189
56
284
2
219
25
16
130
262
10
4
97
11
132
81
93
217
146
5
23
0
114
21
148
0
263
244
131
141
257
181
189
59
84
2
0
191
10
30
131
65
111
221
0
122
99
25
161
145
59
57
122
199
188
267
297
15
70
260
48
50
16
42
195
83
106
21
23
248
48
75
31
169
73
0
7
145
71
62
151
77
166
328
0
8
114
1
233
15
347
181
33
64
300
241
3
159
0
157
6
125
204
116
170
52
0
350
79
5
24
277
25
199
138
167
81
58
202
0
173
204
28
19
14
210
75
239
96
5
263
57
154
311
133
223
258
0
46
121
29
265
122
74
196
9
38
217
283
25
169
17
115
261
170
275
91
22
115
290
1
123
266
166
0
211
133
18
32
22
105
134
196
3
66
104
95
197
96
269
1
107
146
172
334
172
205
106
35
131
149
319
54
89
16
221
163
5
127
144
61
260
139
256
1
111
179
278
90
136
80
146
8
5
270
32
3
224
3
155
270
202
123
27
90
227
82
249
312
297
295
163
0
7
156
183
107
182
70
135
15
160
113
207
34
70
17
153
52
126
13
165
197
293
10
144
196
145
248
21
280
95
0
3
41
15
136
267
97
311
46
319
216
262
306
68
126
11
29
96
289
128
4
137
135
265
3
49
43
72
240
49
28
354
9
103
53
42
26
181
132
274
283
29
305
231
42
56
177
58
264
242
65
0
17
87
16
231
211
27
172
1
228
73
176
209
183
238
22
100
2
10
61
201
361
30
234
190
157
85
79
49
27
79
195
301
256
34
26
200
35
17
26
73
201
123
19
139
187
244
152
154
182
121
1
0
11
33
144
16
43
69
248
119
29
121
11
190
321
160
235
2
66
196
65
30
0
172
181
101
0
286
20
2
1
112
119
310
11
199
204
53
69
7
23
4
20
4
42
40
86
241
92
88
6
274
0
11
227
169
82
10
143
111
158
127
301
224
110
253
72
37
306
36
4
93
62
98
16
22
86
18
1
84
261
0
64
8
245
11
298
164
174
230
149
94
65
210
26
54
22
45
91
242
60
68
361
131
247
250
66
232
295
330
2
297
1
112
293
12
1
10
286
17
0
13
116
115
59
5
5
323
207
0
331
18
219
53
118
263
12
157
12
3
227
257
53
217
91
41
71
7
222
74
83
253
119
0
27
114
238
272
73
54
152
316
2
303
24
3
134
104
220
199
117
163
260
16
0
13
117
226
0
138
242
3
33
282
4
115
56
157
186
9
92
54
240
141
39
257
200
49
74
2
53
286
21
166
62
59
108
1
50
13
46
117
238
12
230
207
11
122
196
192
18
25
191
293
225
51
20
353
323
51
201
371
213
16
6
76
151
335
33
167
2
322
8
98
214
42
52
59
178
15
170
50
96
136
111
264
224
259
9
43
221
9
277
287
91
149
100
60
9
130
14
67
286
2
52
14
145
153
28
147
115
66
82
88
203
202
168
266
61
59
258
63
136
133
187
4
200
55
8
2
215
189
115
10
43
269
8
73
30
55
53
218
55
160
199
103
248
122
118
216
75
86
208
180
42
3
0
112
5
291
248
35
26
92
277
136
115
2
0
56
25
4
332
85
108
1
120
246
48
61
137
332
296
92
245
9
19
37
223
52
41
96
335
255
24
154
314
45
295
36
23
95
288
7
67
190
11
343
77
136
160
3
248
222
2
40
18
241
52
327
13
117
225
359
180
66
74
217
356
203
59
160
83
76
10
210
198
78
180
187
194
42
171
9
2
79
266
159
147
215
27
125
30
327
14
227
41
361
1
25
307
226
357
11
0
83
96
241
82
0
2
143
78
42
67
264
109
81
74
254
20
48
38
3
264
91
124
8
0
163
33
118
165
71
248
38
197
2
177
14
135
180
243
278
128
0
1
98
309
152
201
118
73
57
