2
96542
88775
1
93033
1
2
1
94815
1
2
97304
95319
2
2
95946
2
2
93482
91411
2
92925
91024
2
1
1
2
96153
92473
88482
3
2
93904
95512
1
90305
2
2
90047
92395
95690
93486
1
91342
2
2
89340
97396
88807
89342
87882
90066
95961
95415
3
89090
2
2
89623
2
2
2
2
2
1
2
2
93952
96945
2
95018
92573
1
96077
95561
90798
2
91992
89249
92597
1
3
92792
92785
2
95748
1
90295
91948
2
2
94860
2
91686
2
92462
90027
96645
1
90102
1
31427449
30968718
191
30174548
32034825
129
30227315
32529929
75
201
12
1
50
32755570
32756692
245
266
226
1
1
31225611
32820165
30325734
1
9
366
366
32879504
1
30314532
30447971
31716634
31918908
5
154
30783367
356
1
1
33113803
1
177
22
156
157
92
31003368
30743792
299
31694916
1
303
31471063
62
32290442
1
30603006
30730003
31193521
59
1
265
200
31774959
1
32652585
33022875
32005946
180
32221096
317
97
32195356
29929700
332
1
32580732
1
1
31857771
29925034
1
31326801
1
31999985
31489952
31553261
227
1
30598864
114
292
186
246
425
1
133
31524565
30764306
1
25809207
229
24066674
1
25186101
24242090
66
191
7
26266294
1
1
25984308
175
44
1
26546509
25906506
26471839
206
1
110
24520256
170
26564457
156
32
234
26299404
25048609
190
24947592
24353742
4
1
243
25138378
2
122
24003893
40
1
25698746
147
1
1
1
49
25105443
26520667
25579587
21
24548519
1
134
24424819
1
26002075
24521391
24530062
25168999
26296371
1
26294312
24747272
24307446
147
15
24986914
1
1
24243683
24234196
26109886
24588248
1
21
9
1
1
24968187
25914227
212
171
24091272
26182806
148
155
217
25802170
25994881
1
128
25273751
26144374
89
26307295
124
86
79204
84810
1
80514
2
86079
83854
83835
84724
1
86479
2
2
1
2
81809
84405
83452
84456
81103
2
81301
2
2
2
85130
84939
81839
2
78520
83243
79455
80431
82909
1
1
81691
82818
2
84436
2
83293
82685
85927
78592
80635
79631
2
80211
1
2
78686
2
83089
2
2
2
1
80284
82583
81251
2
86765
2
86568
1
3
2
2
2
1
82080
2
85033
79612
82504
2
2
85351
1
2
2
80254
82262
82913
79926
78877
2
2
2
82903
82306
2
83871
1
86558
1
79149
79708
1
2
2
2
1
80798
86131
2
2
1
84318
2
85819
1
2
3
2
79128
2
2
2
1
82822
81538
82829
1
83196
2
83226
81143
2
2
78840
80220
2
84470
82565
3
80095
2
81303
2
78636
84758
81015
81914
79617
81522
1
2
2
1
77933
2
79908
2
2
3
84461
80972
1
1
84367
2
78724
82989
83482
2
1
84892
2
2
1
79005
85524
84136
2
85774
82648
81923
77770
2
78364
2
2
85877
2
2
82425
80081
2
1
2
2
2
84288
81649
1
2
2
2
127759
127554
2
122763
117088
124734
3
2
2
2
124675
121700
2
1
3
123052
118101
2
2
2
125891
2
1
125339
2
2
122560
122587
126352
123872
115609
127892
115215
126935
2
2
120073
2
2
2
123588
127961
2
121374
2
118323
126014
116537
1
125477
2
1
124358
120336
2
126949
2
1
2
124231
126194
122948
117277
121077
125480
2
125631
2
2
2
3
3
116866
116340
2
2
2
125931
124101
2
2
122710
126681
2
120754
2
2
119736
1
1
2
2
126503
127152
3
125785
1
117217
115713
121683
1
166957
163168
164895
3
157750
1
171599
2
163378
1
159411
1
2
158006
1
2
163797
3
2
4
162568
2
170456
155911
1
1
1
1
1
168556
166064
2
168259
1
3
2
171865
1
2
166805
2
161799
171202
162757
160934
1
4
163050
158878
2
159342
161536
2
158105
160540
166992
165685
2
3
1
169036
160088
163742
2
168213
161021
170685
2
2
169931
158412
169806
2
4
1
162374
158633
172621
1
158174
158478
169582
158527
2
1
157409
3
1
2
1
167079
164492
156549
165427
172611
2
3
1
2
126
28798682
327
30090796
29664713
263
29925656
29889404
30732404
28696926
31560132
305
117
31415762
30670452
1
136
30027941
260
29136127
31597895
28669378
30028787
135
339
247
29206149
341
1
29674154
349
196
201
29230489
230
1
1
188
31495670
26
31835233
1
177
178
233
31452069
31750631
95
126
30318558
237
30794524
30022142
248
29149416
29733762
298
32
30443783
198
1
1
29005843
29429649
88
31188859
198
1
157
146
31470664
29496691
28667253
31275742
1
1
392
115
163
233
97
1
31743457
31041801
1
224
30365697
30316971
29805937
244
31083980
31038925
204
29897437
31312272
204
46
29180710
156
130
34461368
98
35436664
344
420
36342585
1
35192903
37721135
35755677
36727574
1
1
342
35886811
36246814
36731900
264
37028422
34240485
126
64
208
36586691
34763483
34958497
170
68
34147010
36840109
36798796
35143253
298
35250822
223
37698059
1
36019504
229
34110466
233
127
36497530
37769250
1
36258992
37870620
1
35100285
34484588
260
37372179
34204830
1
186
36621591
35607606
34616690
34708176
37872508
233
36108302
34942424
343
36523601
36953513
36549322
9
1
34368809
36678099
120
34656722
35992336
37637057
37674805
229
171
194
34839047
34454590
36053183
34491893
224
35006774
1
94
1
172
37605603
34318661
1
1
58
37840416
435
36355918
37645571
316
35138914
41877484
299
1
162
44025337
355
502
40703445
44117013
82
43959356
41676668
40664211
399
43505135
42992780
43460612
42098163
42176580
42307200
42725353
424
1
43999875
42420218
42979874
44353088
42089587
215
42616579
43652665
225
40531669
31
121
41638695
92
41444378
306
43026875
40451958
43814551
41206623
402
384
206
89
157
40100987
42196920
1
137
45
43421123
242
40736390
42327440
63
41998226
40731366
40939988
280
40962661
41332222
1
43136160
344
41487498
1
41569439
43939857
40242032
185
40265923
41619171
1
96
45
40470841
264
42607627
40129327
1
40731041
28
295
42524475
43978005
44168907
40160915
42202295
40494595
1
41851348
42294017
589
42577254
41529907
44286767
496
