29790
119039
155149
171874
81590
105188
75011
124570
32878
95351
95969
125860
16713
141847
49653
67582
7907
29484
62767
91332
63576
72858
167422
195251
54865
118197
93134
93436
201018
68829
36793
39928
35665
135018
55079
94208
145513
44259
160806
77715
124645
19595
96455
30693
66151
95511
126351
9081
187256
162448
71696
60746
180561
31444
66794
161697
26729
122210
81986
154502
182702
98425
168104
47730
191215
111327
25732
42025
45993
63112
180943
159553
11119
34609
158756
82315
130272
11345
187892
194631
199908
143301
104294
154617
146989
42002
156648
90328
155764
70700
153163
181087
101790
157951
231150
208205
44913
84809
177377
7840
177955
209372
32369
37956
36687
101269
233301
27159
10801
23313
131928
68950
8009
38146
93488
152169
226284
82492
149804
90131
63966
122652
38805
145286
8608
112332
184409
67837
72883
167626
159124
89088
64319
30078
55932
65677
80974
145201
39326
155693
119276
3530
140753
123833
112164
28001
119528
49080
55815
174587
43256
94076
170810
47014
6144
101004
157878
127227
36619
132802
131392
173526
100745
172723
178462
120235
181126
97090
67009
169196
96010
155794
95411
102952
170511
136024
46670
36123
160008
62684
169860
157229
31413
163899
23010
29235
201127
147548
180066
135582
185767
165872
35702
45421
154042
219281
12879
120731
60839
173097
109706
148892
144173
76369
179320
111754
101132
156860
38043
167795
107343
14720
101515
61634
70291
27208
202568
8541
29096
86387
26505
27219
1793
50969
31699
179480
20624
100696
29639
194301
64101
55503
43951
195456
94110
139919
8678
14839
203898
209008
86141
106553
91188
113064
15353
74600
177727
116309
118545
132611
81414
66967
40635
45006
122963
111840
70857
67136
167713
56657
130337
37875
11418
134470
109395
39203
142519
134611
182986
55220
52344
119288
67500
117846
21898
60253
147066
156335
71122
126208
42028
136369
168651
155785
132373
49209
60860
132578
184453
30958
91732
126545
187731
153022
28602
52261
128309
13866
174482
166565
170920
112082
188556
161780
144194
206719
61740
22095
3070
51802
177381
203929
36072
46515
92751
31415
149282
220424
46458
124404
87375
117512
127197
196309
159442
5704
75070
1189
32137
183790
158565
178609
33469
77801
35014
166973
217720
31194
134774
179046
225319
161749
115169
73730
172516
103826
53790
46200
208426
68455
77898
34486
142968
146844
131239
98734
145759
66250
149794
130587
25673
34934
133800
149493
10203
48456
21617
50906
70107
23520
176800
2375
132995
44423
123703
148355
128914
160187
210784
23378
71161
108885
55160
135016
174025
174695
20788
107506
35342
182042
92892
82670
29258
15788
164377
34563
27792
16641
41699
149953
77615
16751
163919
134035
142985
98205
3716
118637
138935
174935
46726
167793
147880
141647
170254
150644
187680
167924
149939
38861
57400
194066
94794
160970
55428
198032
110802
96450
98187
134988
148343
168781
22516
59690
148344
162258
16615
137657
129601
195157
174876
30635
48780
84618
84310
42540
147139
185308
89986
168463
50119
152637
118731
58282
37168
165744
44126
27384
29707
44987
47015
83066
136799
161250
220145
146278
196255
193106
195806
6737
90586
76013
119768
218112
14866
75778
164179
13667
137729
193165
56708
81545
107913
138983
96989
38181
3760
132271
63916
46934
70664
75134
61898
163051
64646
114635
165970
41275
27805
136883
229646
53602
202555
101114
33013
157753
36989
44821
86996
189045
154237
23600
190967
157092
73194
95500
89718
56531
138901
34734
142251
43894
71346
174585
32068
23759
92781
177424
172798
121234
38323
93533
14414
140218
48199
154060
134897
179691
130814
17720
23801
90205
108189
148613
109994
19306
27660
21574
62816
92493
20092
20032
58815
180371
177210
153715
491
16261
6351
33116
41400
171517
141470
17795
196930
66498
100620
24255
7254
199419
20767
113509
179313
34733
11419
108505
28813
199214
112412
194001
43393
31239
80777
165848
159934
65398
61635
158403
95982
161200
43557
50489
87409
125378
188841
203077
158008
200200
120990
4553
105266
96053
188505
33034
161786
165680
24198
65541
122684
17873
94779
91924
107882
36263
101448
43807
12077
72777
186090
13423
160447
74539
126641
133451
80170
102743
124738
156580
42147
64609
190183
53382
61396
66878
113753
88614
98512
33283
3089
30182
53932
183146
17871
27744
1518
85486
145329
7314
30548
177029
131691
123699
150675
181762
129143
174441
17655
57416
119265
61638
113240
181835
69814
140689
88909
24347
130915
7049
75665
195375
102294
24213
59711
139067
137847
91887
57447
81810
1379
75937
43816
122313
39398
163684
166734
41801
140505
139089
114387
87687
92723
145634
177275
60505
62857
45810
69204
92958
14001
197297
91642
194296
143834
58165
54524
188326
112856
126555
121331
135777
102175
148410
100306
148353
160472
63388
84368
7144
49622
108551
182165
176405
96446
58683
10060
173173
13640
81083
213090
41426
152705
155153
151158
183791
33953
108588
181075
114621
183526
192688
138347
1257
33480
108198
94950
127196
151112
74617
81214
167352
82720
45615
80031
85013
96223
126827
45960
58086
186543
115276
46004
72830
76510
64645
6091
126276
45610
223082
171158
171403
86197
124479
55177
54034
92237
47957
139020
145819
150334
148673
152101
62641
81305
114241
36783
117921
196413
7041
135640
58908
138633
160124
200745
84646
79377
4003
29878
175902
51784
123999
98672
9876
167873
203458
113925
179870
11785
131395
50351
106056
43904
98396
46418
79293
44677
139892
9320
153900
141463
61479
122837
175185
117834
56543
39521
134667
156907
159184
63302
183068
127733
31305
162305
98731
149936
100839
52360
137464
187542
32732
237683
128899
30490
160208
137976
209195
48175
99112
13116
40946
174161
151853
38080
81941
136989
68925
18441
64449
24452
155068
47085
29158
208174
41587
176837
151447
113926
178525
5052
67426
110816
33660
17777
146634
84941
89223
35583
139081
79062
98760
66583
198662
97131
17489
87399
161755
48880
4751
109526
11932
65654
10150
38537
37166
121465
10477
95199
179408
25596
25671
14584
164284
131781
17932
198386
63169
75144
123527
170902
233808
33136
209081
133506
116833
190267
89951
29986
72903
96900
24976
89180
156480
40088
198134
8487
145351
37837
171723
145275
1600
104977
34435
154394
165736
52880
18983
106372
11971
134210
48215
63189
96010
84859
163966
101011
111052
43809
22070
80117
199025
147498
177061
176915
128427
115582
12414
39557
93951
2316
183242
154387
22507
17824
160553
79915
114283
127622
173741
12929
44072
69792
167599
230955
219992
38800
127164
33565
24533
128252
112185
57735
118247
30830
17086
83305
87558
9935
190323
183368
191741
33190
36264
47054
177733
160555
15718
50242
65962
81876
106536
20195
136277
96810
96996
39963
97597
10329
180686
18685
67839
180573
191754
91316
184719
93391
27543
17839
45469
92321
121282
51787
187250
106232
98457
194271
50527
105154
189888
24785
135827
123065
180922
55049
145876
195531
140896
28581
87272
112916
66508
200182
36591
111516
126131
197394
155562
110522
79121
167314
13955
35256
24730
155159
128731
53220
180881
147269
170293
104772
143476
111483
209444
145118
122313
196898
86615
46756
177137
178309
198621
205241
41299
98358
8814
74233
138006
88590
217472
190433
184163
66794
92976
105457
50107
108767
87442
182956
164094
138136
64424
111793
72525
189654
59609
154104
32794
197874
114769
32384
85401
176286
135164
61508
107534
77584
38790
174469
64357
172526
69581
10500
120243
43965
123249
149954
161112
140395
46617
115048
7329
82420
170952
188157
126960
157767
165967
75997
143998
196356
126630
41890
41998
181978
28213
87861
179858
137750
99498
99968
146828
183718
102098
72296
158391
132453
6943
146706
50854
29002
93508
34475
64949
47210
8453
190921
29181
9522
149274
180087
78696
151047
189505
72781
104685
72155
4976
8159
73356
175364
172195
16429
21139
21708
134456
173605
78612
129282
131424
142930
185097
26342
49491
32302
120441
67396
102616
37307
127991
35428
42628
38249
95102
172967
130574
164009
118243
185142
52116
159861
170831
57260
63298
47822
29706
180962
189575
26919
57456
84790
112799
189369
48470
28479
70217
168309
20721
133996
62965
51563
167925
120098
177318
196795
83336
20907
55433
162455
63993
111991
66416
189870
91339
17281
149211
23779
209794
218890
69259
47038
152153
22426
94173
42143
174281
193760
129199
50290
177600
62693
94612
94393
234945
135430
94979
216806
203261
13757
4903
52188
89229
119792
133890
15097
169588
186912
186274
121114
44002
57325
193891
123622
146250
173949
112654
31325
153252
98070
49842
60653
41426
71907
175557
115511
147098
33904
153490
80886
126500
53190
180873
127099
80471
13429
156447
173299
145916
47144
9941
44088
202184
87885
80702
211369
155463
19096
26435
49225
196231
205957
106002
68283
212576
41425
35398
22064
65207
103490
42815
131166
23511
57718
122689
106142
172008
69174
127126
39112
136159
2836
145553
188760
82262
87576
90586
110698
85160
108676
48745
196927
100529
49571
153647
201427
166907
142209
3419
139145
136156
40601
161761
101919
27285
63103
34862
165606
90474
72011
7231
74094
64717
140240
71287
157701
17006
39289
70355
21562
95768
162141
34063
218592
125366
44182
144589
194405
40894
97977
70474
99629
103389
61612
80741
49243
131592
4058
122135
171080
120474
96531
169572
47203
82074
46653
130542
106329
17442
61873
2757
19515
119543
179297
188675
183657
119031
109432
27535
117857
58686
53634
58331
141178
156065
106581
8772
169824
102373
153318
34510
11140
107935
56771
126414
138276
112156
60056
63328
23339
191398
86635
93045
164366
122033
111330
23833
22718
131134
152144
153234
147350
198470
190637
173439
166731
64362
102650
39815
174133
185620
147783
104376
6090
110143
189718
161320
56000
161683
144592
83951
179869
113629
106447
180457
14915
47761
136567
22303
89399
73447
12089
172261
189848
33520
154113
89908
10874
224247
34328
95477
119448
57501
48364
124787
88506
18979
4008
42997
152351
142635
29831
158645
173782
161295
132642
93532
137304
69731
220269
161034
29007
13792
215463
2169
48775
155856
138028
49793
90749
8349
86464
102192
17237
76473
128382
161526
84451
147627
9715
190120
87860
65523
20954
164686
24432
63836
5441
105717
28516
183439
194807
15414
161629
171037
12699
7476
42542
121463
177727
53954
189162
140045
150172
84800
118446
144857
2497
25215
157908
68841
22513
45797
174844
113171
188771
46308
145816
129656
156670
90120
13160
171512
204293
30646
114308
125152
64830
211045
34663
155259
132140
48473
101119
29554
171403
23877
174637
33147
14981
199815
130152
103013
117839
127278
145816
49210
83048
68736
31734
86287
182659
192049
13151
188350
101312
171714
181445
30028
98852
35263
57946
128719
147208
63673
168495
104889
107943
139627
171071
150344
52555
130634
114152
83470
131187
34449
89839
67357
64292
116190
106341
180083
171991
6529
9317
231233
158203
145498
51016
12348
16844
2395
47336
103186
84833
167090
85473
79120
189759
76197
44710
124436
31102
144731
151920
83403
43356
25002
81728
119612
22751
41279
172905
212178
12189
61929
16802
132588
95083
48147
180080
40701
118184
172566
39294
156990
133131
98722
167500
84490
66217
152950
150155
39194
68790
164814
113477
154424
45784
161813
68523
70459
33430
62366
108705
123890
68383
59300
180298
80004
59659
19851
77232
9039
155459
217654
140448
171643
94881
147146
72106
191729
189465
128232
164893
193024
237331
51804
107210
152971
36761
57448
152581
36673
63097
57929
62075
66298
11927
188538
147425
65200
154414
101705
105192
95693
223016
40093
55644
925
85172
41016
87537
75291
14419
33132
76194
59048
127299
4798
54184
146530
170672
168108
206176
122466
116515
89630
188288
138947
45404
177862
145165
96370
79990
163896
187697
133873
101175
16548
122563
159810
111215
182156
155605
6352
184872
185064
102696
52639
65983
51017
6075
94794
54269
50613
234783
28098
119957
183166
162095
64658
166396
10021
179651
34528
73673
200475
97299
96436
85501
120885
154152
178257
101605
91721
179161
29208
112430
122230
122870
48705
178613
53157
146579
32274
187812
182867
102545
9982
180607
88407
81575
126152
97242
28944
139780
87182
17315
160613
189491
64945
81336
12069
36851
203235
67891
120610
163553
69475
169921
30868
78617
174076
24438
110465
159347
121170
11928
35984
143758
116726
10074
110414
201018
82850
90350
135653
19463
116816
127835
107558
49905
144060
60379
174231
162901
164393
19331
186709
127900
131571
142930
137577
80303
10150
152388
31284
15538
43082
104264
20184
176457
89177
132565
5092
30667
188808
51822
31458
95145
18332
150700
205464
153112
35051
116549
40097
56198
101523
141029
190530
181133
69819
80070
97160
97591
27301
69810
179135
48879
140792
135016
181664
74167
63493
38013
31860
79371
119981
175910
199453
36674
126860
119945
14487
152013
137139
139653
171262
135699
91000
37407
65203
83260
26371
141392
112013
21420
20305
89939
14349
40089
46251
76875
218185
83707
31175
150165
188806
80149
139152
78042
38110
91523
161744
173971
84776
165579
105223
181876
43743
52460
46606
20247
45041
87751
70951
53178
117601
152647
137931
112621
175818
150167
46283
106749
149858
119281
123383
49222
13615
92697
127793
94367
165059
32351
173071
37635
70769
9890
6124
51793
128811
74892
112833
158227
88849
84633
85261
53871
23409
26788
143474
177699
185160
87078
49230
99024
118934
215826
185862
142660
50236
163683
105375
204005
58304
166224
56054
22536
186902
80824
179756
117478
202391
42633
211156
140313
67851
145282
75241
73849
102349
6439
180916
47178
75527
153275
111185
111116
178243
190283
33415
123629
88171
102908
162682
94485
48448
66514
191177
119670
4373
190406
57010
106333
131024
24217
174377
81795
143107
110153
186683
184709
193557
92364
210775
104305
129222
154642
71597
105478
16667
57771
32965
119241
94777
39086
76851
168878
114849
42881
178341
42915
171294
181412
132293
158610
70910
40861
161608
113775
141377
40134
75699
149494
145587
109559
185461
7888
131131
75945
15390
48188
13441
94963
74631
23190
62679
160205
161843
119177
86707
190969
109390
75896
123736
122233
185386
179182
45904
170474
99428
74510
38527
196284
17436
186627
33640
55122
109843
9618
10546
148706
163349
323
44615
45137
125085
133876
66554
34788
7369
192775
186531
61424
123591
126790
33321
139106
146621
97811
180756
185171
90356
59420
49396
163324
107900
99214
100299
45093
49728
57691
25973
74343
28238
50520
22425
86097
62296
49625
183515
235983
117806
121959
102259
29497
142739
40335
102623
40020
55595
167540
185054
168992
96227
23667
64973
189257
11834
61482
129917
200769
91877
121076
26320
58625
49901
174874
51249
117939
220182
81519
105998
157725
13045
71536
224330
186394
53808
156829
75451
65947
143761
38746
71945
56115
27423
150643
76060
165369
186219
148284
2449
60325
130817
139254
12025
25956
72700
57794
189003
217124
158797
183143
107443
65457
36710
5876
119416
166471
73410
140515
125350
21186
29859
167863
146294
50600
24634
130836
79025
210253
160066
2496
125829
46423
38544
18915
164431
183539
78094
99004
184748
59066
178621
101900
104746
199810
80545
49368
173498
42211
14406
98660
156447
133531
175276
132483
99880
182784
150177
96466
59517
25604
149201
19463
10648
37160
175513
159327
234275
136537
16792
173564
80143
174847
215547
82095
16190
154667
37792
27085
184228
67197
131143
91238
52715
116835
12588
102320
195601
164385
20305
152744
201603
214752
189278
125435
97490
57277
99765
13519
50635
176827
150522
119069
182512
45752
145304
168736
19141
98166
103111
62198
87630
165446
55419
181010
177457
160080
25741
109361
158759
57789
50134
21755
30239
77056
60977
46135
35181
122740
134299
79920
39737
111396
95900
113642
200405
120415
117817
29545
186339
49440
43681
146082
76951
12578
22176
185287
25490
54150
179969
52805
63165
50419
92950
44202
158288
191328
10823
190044
28799
52165
86162
33099
37591
52894
64163
122142
171447
45721
155716
16454
84420
24964
18641
101083
182002
153346
165577
128395
133132
81875
86312
82423
153938
132375
166899
19783
77152
179744
45304
172319
73576
164482
82107
68683
82100
56162
189241
106368
85210
75862
29076
109185
20139
39978
45459
120658
55903
87780
198777
147669
120220
14491
4120
115075
24784
140099
32240
5642
28192
126681
175271
75825
215501
142185
117506
27958
91006
81416
31164
99462
133506
69392
59536
55471
145109
172503
81658
32770
72319
143328
2693
143542
27269
188892
42620
172628
73325
142420
37017
120445
165568
162193
30403
163479
25228
190407
8173
47566
54770
38129
35667
20911
31699
134540
176862
176859
1612
26443
175069
190705
59923
172238
176039
62496
83812
114997
133937
94386
169340
225797
57659
35273
82088
114839
34267
9513
54166
65419
57188
87296
91105
161739
111387
68383
242799
167540
156209
182655
94193
161840
123419
120981
170230
122110
44871
85443
134376
14159
4150
146496
64141
127574
183505
43488
144223
176451
90747
57112
2988
192444
135631
20214
107147
66594
27621
57975
180947
187265
12820
174558
170803
96121
185417
178854
48385
30645
145435
64624
164045
175674
32418
160532
44091
97780
58311
94362
50584
78086
148345
228711
47665
83141
91014
56602
12449
40622
155201
147057
60520
58104
120416
119579
57302
98119
57894
80757
144116
20894
129943
132971
46653
160661
131673
161860
24369
131370
214181
61448
1893
181908
97493
206150
44495
164438
9610
186328
79337
99047
128384
46520
72956
149705
19932
156129
188716
14807
19918
201947
43548
52331
122261
45675
188576
141260
167675
18937
138454
161530
186385
66822
55796
217974
134881
95440
58132
159862
24999
109083
145253
174538
109049
125392
189995
107157
37849
131597
47399
105153
29069
189581
47149
38462
133247
38142
86992
46860
28208
120101
100934
34746
23658
89693
135582
180415
128851
167749
79491
55997
3339
138710
200359
233651
61702
77769
173264
13203
58388
172595
4365
4924
49507
75986
137536
168683
91102
36902
221942
106915
198038
199483
14774
219593
4929
73947
107985
158473
26416
129426
156540
119237
157838
68688
4224
160499
150433
138460
67343
39733
117602
146121
48897
51762
154802
118187
78943
74031
141686
64557
43746
106216
98478
7030
45161
121367
111563
59625
203226
54779
143004
67874
57436
113232
4174
21564
3678
112886
51939
52593
67044
41165
18313
33961
53730
42568
39099
163806
58838
183985
75330
100961
147055
20061
188940
105194
56175
137833
23936
62985
19620
33376
118268
110343
14550
84947
37586
108794
143009
114515
190396
70168
139554
46937
178987
31271
29794
163655
114967
176246
104132
50718
105275
38967
83494
93835
209596
122216
2097
206768
109581
74311
62690
111814
10324
28726
45597
106116
190603
55321
158408
213437
140806
24951
37402
102833
77874
163306
112729
96954
160339
21623
112630
102352
157779
24116
31214
164968
9722
165003
36080
88410
34034
13345
27542
37587
45731
37489
37403
59417
179289
154274
116440
78662
165275
62454
162370
72812
159412
82160
109566
36639
191359
108983
150106
156625
44626
185933
220882
132541
140635
142265
234534
189959
137762
98025
116982
61805
86171
162270
7141
44503
198822
67495
176168
145284
29987
167687
58171
81144
219471
78078
114218
75854
144368
177360
179270
161370
125311
45088
91122
155727
54668
9744
125071
180793
55396
212962
33688
97565
16972
13265
4528
59213
116041
13094
140015
181063
154676
140183
144664
54939
232390
187408
102096
133440
33844
135470
195211
124500
65836
1184
186425
187199
83685
60936
162383
6474
40804
84173
65574
180990
90295
127963
104225
51253
10939
137208
30246
48534
144069
29992
134012
23322
77351
205510
188354
198908
160424
167387
210994
142312
31625
62903
143666
84658
115942
1228
33103
205384
29721
132018
187686
138069
104679
59906
151073
118991
185033
137736
19002
162212
42229
110546
186382
106668
45893
34600
190650
7361
36921
34064
149863
27027
30967
62204
178973
122306
35793
41601
31888
207528
89701
57379
124745
172507
161702
41826
82610
78390
187268
37851
30262
45749
117650
5024
88690
50476
186475
124575
166570
66928
81663
33474
22837
108332
7150
93881
66227
171510
101359
52313
203137
163531
35724
172963
42054
185297
69372
99656
101365
176172
15751
107594
161297
29806
102846
42892
31834
37311
81457
99705
5838
3561
105954
160431
47948
82988
39611
13013
84384
79748
56210
150059
46467
206975
76226
72187
41963
70964
179384
217141
139667
60745
177588
96357
80325
96995
80420
104404
55977
93042
118506
13476
118466
55819
74402
163056
144586
102739
136172
151696
86413
146985
120204
38748
187181
169059
29726
210790
1974
60656
98789
15066
154049
9274
26007
4508
68537
183047
131752
64578
77969
156286
75974
197601
128323
118334
109442
132135
115135
30470
154842
49875
67591
142420
103132
77086
182469
139683
53012
76994
145002
183338
85625
169015
83318
184326
12085
56799
149690
60652
12154
160964
27457
25969
88792
185745
65882
27568
172516
61129
92022
81188
110705
71631
1720
164778
83065
90330
127541
71030
163282
178779
170376
149065
35635
135499
34474
158005
77021
118650
73028
32164
130171
97235
4969
167678
156519
145016
73525
206393
174325
111339
114514
131320
138920
16061
100983
73213
94336
127294
102608
118817
40401
157252
198198
169014
135222
89613
183222
139790
45196
116551
120687
134673
75173
143336
71402
112574
130343
74249
86791
84936
34004
129033
32516
158474
26674
196543
12750
115113
92773
142053
86991
152885
63356
96276
82671
183505
185091
2239
71378
128746
60584
163253
131822
58263
125628
87170
191140
35677
161002
177722
61555
101211
36226
60924
180477
13107
62128
133360
63862
162922
134799
14494
156856
24325
164867
174437
136104
5263
122018
18487
182883
47870
133510
122810
183816
95773
115250
150393
69568
64178
88665
185495
108633
43614
171936
51765
178274
46672
194810
40137
67786
231309
115180
128136
182247
22095
188372
155035
10157
210083
31956
44285
60939
144523
39908
62986
135823
165773
32065
11850
48732
180100
156295
198186
79312
33218
30082
110756
161770
153288
186514
214979
86153
171730
74150
148916
69906
141286
20650
162122
171265
7397
44998
159215
4814
87000
87554
187687
112218
19901
11156
94356
25417
15210
105959
166350
48755
84109
191011
191348
190626
112827
101136
182528
114982
14719
142490
134013
102107
26291
117464
135075
120863
196622
189353
51128
84128
190764
108154
78434
52505
184576
122688
175229
131483
129192
82353
62456
52519
74446
63289
179122
61748
145261
92603
134040
15768
3188
70710
48837
178595
74451
150557
158282
142910
95780
12024
35421
47887
162729
24276
43833
142935
26836
53157
91889
47704
17708
142104
166334
28499
223614
33186
82760
207007
53238
162377
115406
36745
154315
166215
57639
130508
198781
209740
99204
93341
91124
206767
74475
14682
22525
30550
45230
88725
97171
186619
173158
58034
1246
212232
82338
86518
170884
88674
29618
61007
2160
46636
81780
57065
73410
144239
42854
66850
79250
33936
95994
53447
125571
36573
80578
86758
103385
79550
163202
192828
113109
18527
43936
36679
178220
135974
38688
144761
3096
178615
23072
132222
69095
193949
72248
156831
109686
115061
87277
189093
126679
50787
138397
189138
162357
62346
58178
88552
84082
85475
129414
158446
81030
73107
134106
85568
41775
21812
104901
40096
127739
142313
110783
64017
141168
55694
189839
166366
113474
120338
177915
48104
114386
80539
118547
179521
30083
128125
33190
188501
217319
22880
51249
105644
94908
53581
159792
81226
70299
45539
109075
73897
140763
19833
99621
53252
172652
178756
30545
172520
156520
51275
61294
176296
200582
162548
129827
122715
181611
196499
101306
62287
60478
164234
63331
42224
65104
196357
119173
158108
115808
11451
111371
22314
11674
9128
50023
46966
39658
5112
69412
43511
175258
195868
241516
81616
165697
151752
59865
19779
182800
164343
111533
90681
97712
45559
79936
13731
134024
170470
56265
158663
63974
22950
78188
95457
171576
45568
72493
112134
35900
56561
85148
69621
183002
145403
148063
123051
143253
121958
112141
178273
69829
56474
199295
30981
122209
128953
185311
133645
192299
27893
30224
110480
30744
100408
5992
60857
42543
57738
47467
117874
212880
3924
14800
63358
83365
67808
28296
119272
18284
34479
145821
42019
154202
66735
1655
117217
144491
88756
73081
150142
95598
117180
28753
3051
72858
37699
593
87539
204110
123062
85367
206565
163598
187286
32600
145590
151136
195290
140079
102970
122220
193690
9667
23184
131520
187911
92945
27197
171031
94736
12652
149394
16873
71645
168841
25422
171961
39200
5134
4663
8801
59862
61106
183963
83182
180755
21159
93320
55304
161125
166436
112099
164555
57020
66542
21010
175730
94427
26808
104372
126489
512
127364
127374
218052
163037
124357
130823
72634
200554
144841
139970
34490
119795
123825
383
149449
2441
37588
30405
19953
81529
127145
162186
167670
185314
48830
64848
72894
85803
80216
51729
30380
72944
94439
146912
3442
188203
18807
115813
176609
28279
72437
74324
68706
144189
104924
89799
110911
191717
85576
28631
39765
124203
201892
88862
189401
173680
156414
100082
55793
42189
62310
174434
129361
33683
38255
158953
95073
50244
157103
54069
146292
57877
23380
24929
98679
192884
186629
69127
44294
154687
128750
25758
41255
165197
178327
136401
63197
44018
71724
27394
170638
67897
63662
35170
99783
175034
17922
176132
4917
158746
211553
140112
123317
82026
93004
137304
122038
105046
95170
76569
83221
142914
175544
56144
56757
191738
41230
164178
31515
10098
40826
140918
45701
74655
186940
122421
186298
88888
177406
85654
46795
86824
188356
138094
43540
200182
125090
117917
165774
163768
204410
118620
168178
100514
54293
20806
137321
61444
102149
61385
46431
13583
45688
123307
182116
42653
8741
73281
53880
49091
94552
53322
12582
7374
39222
97388
175359
13854
122600
155419
42324
82202
3820
135996
61880
116477
104763
156193
62410
118847
119755
46102
182032
68965
70168
153194
163590
48018
41202
45093
78431
190008
191011
52976
182686
174744
6786
139104
63213
63606
94294
190722
62197
169979
156246
208277
51144
162466
33895
30016
68865
16330
114416
67502
51605
189694
113994
47138
84582
194148
32728
81955
156428
57745
85983
94012
82934
67810
72866
88473
25388
87336
202963
1485
15045
163955
34129
94167
187381
168302
160758
111329
122991
65147
189553
98890
8198
80392
139467
38878
18353
64175
66770
85964
114780
87599
111043
139056
16923
28051
13636
3451
187757
170529
31517
218258
32822
53035
47198
185748
30363
163409
186677
140364
161319
150979
155451
73970
66467
91472
104685
229841
60815
136387
92694
73606
20158
44471
195823
52969
71943
23083
189112
12714
209001
31603
63072
185882
80818
102372
24718
97900
88691
32759
171645
153144
18997
68511
137176
184187
59545
187534
108864
132707
37053
113035
88551
13158
15325
112474
117415
49301
50014
189626
172613
11185
8447
62134
142863
48527
138391
36957
107475
93016
78842
148904
185253
136205
33423
99259
1006
55103
154707
114560
86755
98066
161925
168853
173211
68087
38336
72938
48045
19335
158277
148556
51613
82559
31723
56218
215431
207082
157865
81205
113665
41844
56115
91158
157306
123735
111786
46101
39408
39786
32755
115289
108181
41968
158953
180031
88563
177598
77249
20450
79438
172088
208396
102084
62874
193361
176732
141994
144835
160324
190079
19535
528
87308
30018
159087
32060
150419
137945
16650
131927
189363
55514
110815
189523
65163
186522
48730
165919
115889
64193
142356
90323
92111
60887
88734
119006
68199
54368
114684
162851
77273
155722
42314
26170
93680
76283
117213
40046
88616
68250
7719
11628
64625
169552
71908
162445
15537
169287
184341
158700
194987
63627
71369
184451
46385
8179
46410
161869
76646
186324
94278
127464
85675
71383
30521
103745
27553
128593
159797
28908
213220
67487
96856
105821
156160
51967
159687
192457
14932
143276
26436
201785
10033
79559
106415
153699
186529
27842
167169
31198
88802
66351
28550
229444
182861
135846
94773
106592
24336
7891
203545
132174
170008
63143
131066
64925
118434
66274
6797
169878
132323
50622
108840
47361
143508
21144
31965
39459
122642
23244
186253
204203
108908
81917
33899
138859
20870
153184
102564
217073
178130
99540
197618
123250
163404
122480
168901
128156
2244
47697
136265
108792
78283
70536
64138
75832
175565
70682
15107
40518
87976
31364
12467
52519
98371
137353
167938
105278
177261
82814
19660
159795
23397
151757
59087
174867
27755
141471
95312
111187
200833
183482
79514
136859
52981
139245
89159
28455
24689
85396
49320
92461
117207
81662
102158
117839
36024
187977
186362
91009
7816
94689
68306
174848
165218
201645
23459
116380
36684
207883
74966
95793
112199
77552
185796
5581
58902
84216
43905
11790
29619
67715
102772
95104
8686
48589
28593
5756
101927
119358
43242
7556
31936
231574
58346
72645
182643
143822
223149
14819
149889
108404
67020
134033
63980
190011
162425
88523
131007
156610
89775
142435
172634
120519
169950
43688
141538
130544
45289
80454
19729
134052
80355
45950
177799
110609
20005
85804
43299
82925
140589
189876
132034
136386
106502
48792
170766
98421
4112
62965
151902
166192
4697
26724
96286
19884
204941
105739
31076
109792
71109
67939
119681
201969
41934
147798
125417
20942
85446
15007
171816
19430
73331
121401
44505
54561
48410
176150
59251
110406
149016
28204
192056
24109
132743
70671
119624
199979
168446
77227
154659
59864
52320
35918
31009
25877
124538
68094
134708
105974
93494
209103
65083
149616
139503
187406
18631
112494
92938
95044
26362
162370
230
25870
182879
52336
142707
20550
181587
158572
56213
179030
75776
28523
177655
121542
19927
59404
162749
191967
47012
76888
102607
185822
121377
51658
50522
78263
96600
9175
155977
180732
157283
34137
68153
180089
93789
35910
103101
85437
121541
140797
205100
176923
122365
39798
99314
100377
24422
77850
82241
101429
167218
119056
142484
74303
72704
73735
68594
177406
174008
21866
135988
76437
180277
120655
46212
35872
150150
171147
105844
37387
165674
87166
154808
60845
72318
23404
68734
22450
52898
106782
43525
13402
72449
68353
41897
132334
151201
159164
121848
156786
82809
51230
203065
140925
187301
54393
50174
205266
114309
171544
49119
39223
98570
185563
188969
338
76424
119756
12599
50549
137707
104142
49116
190778
129377
129503
65760
16473
75900
64973
56207
179346
178920
155880
143217
177102
116161
51489
49941
71569
7968
136238
139523
33852
67954
110888
79214
138801
82650
36779
85290
69078
78181
81296
68389
202944
177106
140123
42195
84727
32087
34942
179836
53782
34146
160119
17718
165404
174244
124134
158820
121672
140752
122616
165920
13671
190828
41039
149697
11134
99583
202591
213972
67191
129462
34588
139069
155703
64677
146633
87178
107709
43862
87277
175737
123214
30768
39116
85173
105469
42194
35894
82622
131751
36332
136088
81232
76691
226210
139103
102750
89366
59004
53998
6954
403
184469
14775
102557
155040
202071
28273
115270
106639
161192
135368
147988
37785
157190
65530
161900
110346
64576
57444
112450
181545
141764
210500
141324
117246
35245
27151
68404
38593
8715
89536
193530
107368
157524
214845
117527
75538
63508
20868
173734
10325
113194
134089
131546
38824
30643
20566
29711
48982
13236
196832
92771
71069
179848
131467
111751
123492
66242
117104
170920
36751
153895
160123
158608
190408
104413
105909
192106
11213
208180
133764
90712
151166
99123
97566
148101
11964
107124
142617
55868
79367
57479
194681
188838
89044
29282
91944
171833
36814
139941
114096
47319
51969
71849
177819
85754
106190
29011
128769
150790
107594
167862
44044
219543
35300
12141
10771
143433
129879
150885
3217
124065
66569
128434
65340
168024
24293
151403
163299
4269
76069
97434
129528
28717
128213
73198
104685
164834
132958
65281
131625
75506
66266
84505
53117
3643
150182
75952
49504
70637
15146
171280
137774
150680
15831
108519
159645
102958
175160
949
121177
164284
38717
104693
26550
179933
105955
14588
85139
28597
36181
1103
15375
114512
93703
96298
192463
32004
943
146778
19069
120520
38665
139093
185261
186717
33569
42244
190225
76127
20835
185259
68229
22403
120087
167138
114268
92171
178912
63861
172117
113616
159682
170503
118853
54245
22538
37009
164737
129934
170370
52292
89307
40696
159018
135675
670
107885
106795
16534
24683
88051
12507
72704
102801
93526
78545
121358
94440
174330
21825
169315
64837
65445
134723
131463
214574
8815
85733
45466
55880
120876
67112
204475
174065
109657
30511
165115
74452
133610
87488
39325
121103
115972
138007
73734
95090
158976
151530
130651
99043
121703
166510
31403
127596
44462
144683
73236
23558
58232
192381
186591
158531
132222
34144
178114
23929
189955
124351
19481
114060
206676
105663
110793
197385
89181
18972
119077
165551
12762
132472
170700
124599
62202
182320
32230
154176
200556
128111
4673
123017
56059
28994
140980
16190
210068
166769
130183
84358
25644
131120
92150
76012
26076
102664
173319
150098
47508
91110
188490
161352
3938
97779
111581
103440
45201
124512
159670
180644
12367
109489
197204
165004
129710
177957
167550
134824
203138
223832
112067
36365
154122
53457
163339
181068
30292
42082
50095
33695
75621
31064
64623
143963
15587
30844
48242
41797
43014
123056
116736
27448
181643
35258
63687
190521
152921
143789
133068
49514
139106
88849
147523
107843
35839
52915
173980
65199
199560
95059
131836
80579
105533
66073
69694
95636
21219
68536
95442
67360
71270
31220
137675
119520
140164
156552
31966
205793
212991
147567
154606
111628
176378
103208
52626
115493
186439
51689
136831
7864
24464
24785
154728
74762
188970
68606
57059
171601
49797
200582
123330
76421
189643
13017
181287
59652
155025
17359
162494
130565
116813
45062
95307
177320
27142
51260
3118
110269
106246
115405
188648
189326
6742
26714
186524
26854
118290
67591
67222
67599
176176
182561
72245
167853
152371
69934
88496
148478
15056
131601
107620
58249
135415
57763
99928
179642
171518
21053
56076
51411
105761
147468
171257
53654
114974
15488
143533
159964
82160
215131
186064
109350
106759
184123
189266
126648
88154
25276
11087
83263
171619
35048
176594
41431
75079
61122
167984
125603
189924
156590
186185
70459
25327
9581
153073
174889
156986
73505
24619
190097
68309
60531
173399
201784
54274
109422
155513
33713
154952
218430
25762
35797
103019
65174
208334
101181
37728
41644
62059
162530
169868
165727
36062
91874
68494
108617
93818
201341
211597
88461
58006
61306
147221
118058
179969
139054
166316
174957
56842
59688
18661
91028
43928
90636
189676
163063
73226
19725
148319
240217
173185
140104
33639
152595
56339
16379
178916
27655
48002
69198
119405
125386
65976
62284
83288
151287
47689
81274
142509
93713
9796
66246
144143
51575
181444
115018
7436
140273
12753
94475
142205
73534
173034
123786
121404
48104
38399
117612
184046
180947
95334
176643
111859
207757
80196
40910
131149
3646
79340
63688
83157
201657
183728
226858
145264
66635
179905
69652
104497
176566
113331
16586
103114
173836
52115
68396
80735
81992
177173
161834
157670
137527
209488
43712
112646
100934
69555
51991
80540
143561
150430
185728
72917
123431
95416
64825
145205
60503
96172
108026
109224
171555
122202
114458
4513
176161
135247
158623
65621
175673
173726
98676
82459
191348
36107
18538
164877
183347
25047
37046
124502
97528
127719
210547
31240
109858
167517
61789
34504
53936
181789
95116
200594
135011
21974
70488
189197
51278
138803
99950
60724
161825
206156
207087
114337
204614
38189
55639
66683
189390
90067
52063
165961
68385
15708
59970
157168
22206
148854
125619
87483
42046
129282
159882
72150
180882
100116
130828
92672
161254
55784
53559
28995
45662
206997
160577
188887
28237
186394
53289
174967
106766
181403
154140
104013
117465
26995
189956
22971
5490
159681
169369
172712
80004
7773
55531
188252
44473
132905
132773
27281
112781
180666
39076
81225
98925
43989
95222
62859
21193
8248
29172
156133
105893
150502
229449
15581
131782
109901
121942
98186
149224
153537
66089
105145
179235
150724
63892
120839
81163
35031
88625
146682
106446
17928
190313
166906
50403
3647
50260
38751
19304
52399
153072
167027
28763
10033
102945
209114
94985
208535
167685
188552
215369
157961
178539
101508
62238
138433
14432
62780
75644
45493
198068
63918
117725
88255
172250
52186
152097
173047
131786
204966
174031
83688
57856
14778
101685
148965
77913
125958
51608
27635
111763
47564
5904
170707
105395
200669
10951
140282
132135
187098
164392
68319
140791
46026
109698
55889
81638
208581
184884
67674
80228
67458
80374
145693
118487
45996
26013
95569
177657
181171
19086
7158
164613
35751
139609
137402
46016
74771
55683
175341
92620
110968
25784
175140
145057
82870
158602
163694
22727
162799
198798
187000
17976
127893
156106
162830
23529
125209
49756
187907
145772
11362
33681
69918
89000
127448
33622
129615
66811
146385
162174
133607
46261
10323
62814
118979
97522
190329
33628
199898
57826
75321
174572
28067
46190
157582
24910
50192
17856
165631
67486
105693
37382
52174
201314
176005
73211
190
42472
122472
110148
7603
28501
81149
70212
59458
149649
134339
119116
23861
151064
166279
151674
107495
201747
102844
62985
67035
57182
163353
184922
109570
39576
127647
44994
214559
61170
99882
19224
127993
51180
145218
144015
5957
212829
118367
90517
112523
170426
92633
134021
57064
24998
52924
37272
99293
180608
68812
158250
226582
155544
173954
85252
76776
169613
110019
78650
24684
64638
168495
121548
189793
129406
69954
131371
121750
180947
73131
42428
57024
41514
182651
83230
63829
4553
187277
52347
91748
30286
195859
138896
17856
118275
166819
139686
98366
55722
76420
173403
210367
166218
169691
116046
39750
8356
128640
13637
155863
182032
34014
134922
88262
161082
38574
61755
73920
12415
66064
71778
184120
23123
89620
95922
199452
175898
95935
95465
10628
156555
166467
109735
73392
12389
16665
93053
103702
31295
126273
112083
94663
79906
122021
67045
71038
114388
166158
173435
121954
109295
49789
88617
116205
169570
151157
176096
102664
98567
148075
190079
44956
137978
34249
82350
63133
57519
156009
49616
232596
111944
211878
34468
26514
35717
43559
55486
63336
111968
163935
106284
139661
88434
47757
31617
45049
106089
44134
29413
48388
231262
44824
40051
107756
44375
78852
103552
42178
181025
170928
83189
62227
36270
11930
114856
63402
169049
33069
173340
175317
77134
50855
142779
92207
11284
164984
90635
96250
162040
28620
54950
180347
6504
41274
69140
155986
210520
42428
60125
154858
101850
184673
45999
1791
33255
163129
26610
162893
114496
74305
147102
63643
152970
55428
39139
121978
137894
120362
145328
48099
114723
61141
56089
68249
171740
149304
175152
80677
69906
123695
12843
146832
112176
36780
78819
201997
20909
75919
28503
11675
88727
92780
42471
65429
177590
35370
159908
42772
46327
168046
50540
169805
86496
109130
139092
157085
186927
149782
21843
16706
77325
150866
53245
114833
120587
44869
86318
1103
189880
104731
96964
115835
128755
43236
178344
73111
151333
6930
7156
209945
18523
79759
199965
149788
73287
134804
110467
21985
3818
116523
191997
75237
51356
146876
35361
185109
43976
148109
192433
99322
28832
28017
203522
59487
715
148759
7258
56246
54234
201531
18827
45234
75059
23934
113435
73321
120120
174505
147674
100052
127181
149728
88987
204542
39612
189819
40585
4887
36049
78750
50108
117265
71611
84385
87939
171574
38102
127939
170647
56486
68156
2561
120775
77920
77584
37093
176859
98111
114777
191158
105561
56694
49522
31975
56772
45769
56797
163284
69715
93489
14346
137995
102919
134315
142909
26329
4039
131368
46250
135866
7345
181819
209766
59917
109985
149502
183385
127831
50671
169562
124101
142864
48157
162020
125797
161978
108450
150958
84180
178661
184666
71713
172726
104146
45260
49816
184111
144280
167584
78797
106324
162111
86772
42462
63041
140240
133123
163240
75121
96479
120097
134758
176132
64773
112256
82114
163699
173683
84654
103874
232643
25789
40960
53694
77581
16650
175807
55146
151788
14033
85283
74540
92344
51652
18584
11667
73718
154578
35633
179999
226753
120692
183372
128624
69360
49658
90546
71663
47261
83589
137251
49662
233821
45655
89503
190127
193361
167403
49354
196503
25352
179134
48048
20421
37999
125
136618
98219
75581
141562
146018
29581
32641
177576
31789
101995
13906
164456
89798
31879
146477
45699
38526
185373
67649
25683
147550
48231
63471
190989
52242
43297
17198
78705
115716
31564
36678
73608
108186
82186
37489
72317
145863
100827
29043
7879
81566
145032
30176
49988
55163
33197
71371
125789
70520
174194
72359
160619
150634
143417
52309
169029
131118
140412
38701
123366
78660
221138
37257
182478
66863
63606
95314
148107
193197
34117
48954
114135
38411
143292
183782
77889
181044
58948
92575
113634
144968
30291
118668
36834
25943
45693
110255
91486
154078
30241
101070
110638
60096
42511
138218
147862
179224
78125
106477
80848
49420
12461
146343
180504
88670
157122
45317
94571
151985
89266
85373
163884
22354
53947
185754
60748
2457
48976
96266
170838
83439
87936
74595
181863
98105
170631
16943
179177
220613
124251
38170
170207
82999
155966
196068
36062
136197
177942
102817
24903
9812
169210
160628
126551
156123
141068
194404
193188
80398
15964
193309
154868
146657
157916
177077
24720
203259
155669
40749
76783
161229
116643
184852
190603
100635
67486
63692
165773
190853
20127
54050
154853
188586
32823
60675
1780
6464
116981
90796
189575
32673
154181
229389
42100
144847
2576
9115
77190
67928
96971
102280
92598
53979
153010
135078
131301
140629
145213
157005
204982
44981
131891
131182
205739
11301
49542
174276
185868
130157
66137
30465
192763
52875
33310
84740
9205
120969
132024
181835
143986
90958
50917
86501
187271
170154
175327
76363
37144
64439
113404
130601
216794
184209
172599
116244
64396
13158
122164
169072
73617
67074
44220
105883
47255
43815
30478
190701
11016
121287
118590
57865
170890
11953
154204
70129
186005
54056
191176
121332
124506
181726
122798
93376
130285
70705
99664
187992
23052
55476
164185
60995
148889
27756
167813
119828
124788
711
132589
159167
35838
100233
22899
70072
226461
7646
164865
72598
96206
143633
132646
210464
119729
157952
111842
149413
24959
181284
141617
128504
153888
184872
81843
109672
12872
53660
101256
120606
144278
44320
51752
154217
165750
39813
137074
160661
162141
171562
184240
79182
171524
30549
166706
221705
93968
124279
24979
165905
189227
161607
51898
190072
125869
15885
118747
106909
107227
190378
66692
24601
188508
43751
21797
28602
124415
143082
14149
59665
28958
166554
204972
118654
64482
86310
169583
7907
31905
31061
111489
104635
18531
17192
134194
9735
53707
144642
89967
144808
72670
182580
173889
47693
146011
189050
3554
67351
180096
114439
78871
26960
34212
188427
43311
24272
230508
38691
191478
37782
90057
101642
103462
9785
187933
155888
133911
132380
162205
24443
169876
98028
193828
140308
202397
25772
136221
187781
16381
144162
191971
184864
53108
150583
150344
79483
40714
58063
100742
83667
39685
74589
63319
56516
81547
171154
163684
47212
145996
116124
42019
65735
126697
153174
121885
78916
141888
37567
50723
37110
179419
155380
63521
66412
83934
63534
105831
123693
76341
55163
180298
74503
30357
95191
160177
196285
66250
27174
14446
103667
63426
184814
10379
157126
167920
164890
35502
91595
206953
950
21929
34149
85269
110221
154991
204173
198724
98732
22601
120201
112929
202042
152177
44108
55653
40714
145786
159242
38647
104083
100423
76464
187700
178121
50555
116022
55077
62858
63541
161567
44998
7299
130416
31971
74502
150889
96861
145997
75388
168801
92678
799
152862
185389
165592
81402
58149
122347
66440
224983
108982
163015
45032
28809
176613
127497
98469
132983
66251
131310
157479
205257
10031
62489
69755
46142
44934
1446
20923
189448
18910
81002
37039
12020
68036
82234
186275
201236
95577
209359
46704
178140
209496
108325
135353
125638
84948
119506
139721
191247
202656
13310
5104
160896
149958
207800
106544
55975
175690
40074
60149
146077
38238
163172
43977
160765
32876
57308
176442
30539
216859
77633
114226
212643
181618
139239
171032
133140
38140
26306
73643
101411
211589
56262
99258
122241
171502
26745
10065
112826
52115
131853
190277
26280
63840
2997
177682
133634
27814
152799
186893
90973
69305
144960
115568
191200
132057
205242
39822
75968
93958
154711
32748
187686
58141
73786
54748
131590
208430
164319
179403
119285
123009
152252
145830
47264
183171
96183
133261
35139
35712
123258
2909
117853
89220
55971
135779
90570
155418
95406
81778
37236
196692
161225
10130
54813
56225
81410
135469
122073
137162
168786
128959
40166
51512
157148
31179
9888
208427
25466
159017
196366
139899
42037
75966
40387
10770
97933
46080
140225
63144
182863
4899
27148
12902
34909
57797
101038
178662
199687
7944
153425
191508
202570
101
53083
29807
30218
157844
186051
7260
15520
61041
20779
43293
78262
346
207975
89363
60571
146900
173967
134481
47850
2993
89163
72539
74352
163245
82174
163687
69835
135806
177309
159354
53696
176900
43612
140912
121499
21028
34262
64362
198042
61945
173928
40918
31372
114830
57861
154550
182747
3955
99331
40957
16794
98962
98537
154095
48725
9714
69828
101645
61641
186029
49898
153315
32620
41276
177385
39536
188280
99981
185452
9955
46325
17114
36478
194043
36520
18416
166580
122463
226334
132545
86824
53427
130302
219209
90160
156835
3278
105526
192779
199622
22872
186333
22818
122504
119495
71858
95582
207380
111176
74950
169748
155844
159525
154530
52675
42677
178922
153302
48320
86966
18760
64461
160873
95939
188721
59294
167373
215882
23037
21773
173520
129421
9269
178458
109740
209589
194713
59782
152295
158603
62516
108959
87233
72366
111732
78617
160975
166747
182050
129914
115985
72112
90471
74079
20492
228304
101287
51999
98581
68295
64593
101111
108922
95373
57353
59946
29925
183333
164692
60169
52235
39587
186749
25992
142910
6546
49573
44900
111051
84834
138074
52399
116216
142598
114410
2622
56124
18986
184558
106230
35980
7856
58932
51590
16669
55963
36623
182100
25340
25373
20179
54148
66684
186565
180164
25645
143070
58316
177745
26386
82105
123032
138383
201272
97136
53073
154209
16599
21726
15702
7763
190310
157726
74364
211947
116439
98443
126017
98974
193274
85619
42287
127584
14970
14798
91904
47206
111944
217091
137668
131057
184435
171429
80787
16960
68466
78413
116182
87694
112043
114391
125142
25521
43238
48223
126569
60999
59243
141972
137273
66076
152686
180757
174329
35119
209597
164551
184674
179378
65240
84530
97977
3041
114179
13786
222329
181363
99949
33959
33441
91038
199097
157842
32035
15388
131861
65885
29346
55955
168676
161417
79873
186042
15409
194323
149107
49384
159097
217890
18925
84659
166315
27842
16470
81374
149249
177130
153151
190795
219746
37265
188437
76957
113357
76594
191267
39589
30743
119264
164891
137254
189270
25859
151140
10720
215937
161123
188168
125464
146945
145277
108471
154805
32309
80364
73005
69797
11937
123477
15726
57445
167298
118600
199256
13617
150363
20790
197089
71321
59636
95807
122569
172094
153242
142379
132357
23553
129275
32398
206659
154877
95173
39031
163311
183809
167585
178923
133666
113317
166265
83639
235
13969
188884
202642
188291
34423
91573
83479
25600
191989
173360
190076
43556
149055
162113
18691
141655
132108
54472
81267
51366
123859
90235
150114
103230
183483
166841
147266
146879
1428
33035
30195
14491
52311
47650
34482
96513
147237
10961
148604
68125
113009
13550
53635
61526
88119
119881
59700
181706
177243
28524
204390
65821
66357
5960
57511
36443
166996
66246
569
145655
40829
100113
146248
149612
65927
149881
94442
70295
54203
150857
24889
22052
36615
167554
139841
42388
52351
103540
186807
174696
112478
144405
168565
71824
94359
22972
95987
1673
74867
46354
164579
101522
206527
88662
18132
102954
149581
77058
27084
82310
121837
48089
107531
121062
163063
183380
161610
104352
168920
22351
16979
9216
186899
144057
91253
14492
55499
175330
190043
35303
9357
119923
73880
70334
81154
74378
80569
120817
143436
4364
87087
209987
120995
41366
112962
35634
17552
127598
60935
47548
165656
74022
124709
169038
214479
56292
26618
202191
21938
89016
26657
11266
124645
91862
22537
172301
80150
150848
31288
177966
83496
18061
159739
145158
151517
18623
210040
124704
215302
108566
165875
98735
136563
167668
17404
21390
42793
448
214129
71082
55324
92627
79064
51897
102326
105405
189665
158116
131301
99964
159886
16234
33525
108787
123669
194589
179821
91411
61880
148013
174234
3727
183832
61867
76233
29840
45924
168753
143492
205269
16783
44870
124041
178063
79884
159323
52089
53211
181543
156664
88905
146814
94570
51264
87710
43279
47680
79263
129624
63646
65402
156496
131598
186970
44798
27874
57016
164099
21977
59154
195183
222547
14354
19263
51721
109015
137183
203555
61219
36659
32493
53058
206604
33921
60828
204827
128924
178357
59118
144108
208735
84939
27574
52515
21071
64092
187551
63175
165146
141662
114273
20576
124753
238144
55700
70161
123405
215890
35428
16016
111919
198631
7636
66091
82466
35373
12692
178896
132425
63178
106123
87773
163211
45675
164352
177193
131739
110356
128942
56118
24324
21177
19156
71236
63734
135050
9529
91888
141624
110794
154159
105699
208486
241316
78342
96876
22411
100226
17898
31366
53307
46253
18959
25767
64628
151335
104865
104144
175081
156262
169325
112186
33925
125148
164318
163657
164133
107916
43404
178079
146780
127194
78423
33230
155904
92461
123525
62195
65038
153127
39347
132892
80971
83807
30642
123573
25031
82198
95013
107021
22497
29295
20963
39202
105670
86172
63615
53273
8384
154500
61994
136685
35693
1467
70273
164180
30649
25764
81867
77734
192056
31367
139440
147739
18799
9204
154254
145262
215080
136979
162246
23168
42105
169586
123079
30936
43056
220919
153368
194525
69625
32486
181057
9354
46182
37020
185020
96616
156296
128132
47130
180520
237691
204047
108599
149082
42275
133273
89576
36413
77412
161717
179402
16707
78223
19689
15511
177294
128572
85412
110488
145766
192725
220451
148174
149004
144394
192492
58266
41627
57229
184378
124892
71996
35751
148869
213940
37623
120463
47597
41728
4120
180778
126871
58207
93431
171691
126588
165541
131064
54935
1202
174512
178319
169159
12799
22786
181288
66565
97363
73050
35100
66724
27980
79974
20037
115650
127732
35610
4190
141284
23927
76405
181962
164516
186789
38407
66474
18739
71801
2187
11943
45362
17546
123864
92078
9123
185024
159543
173017
113987
176282
100004
180335
196394
56253
82539
115528
188368
151216
130959
73114
172877
36243
111680
227272
76814
31314
156868
131412
44825
90394
87644
152212
78711
106340
29809
118256
85566
72231
162148
33807
90246
166149
129909
21440
175397
52871
8055
47868
174295
180611
189685
142697
10634
78592
21553
98030
56539
39988
36722
120889
124964
166087
25580
40409
20690
32282
68600
104141
130391
72000
114806
8991
158845
164287
130604
199304
67294
21300
1959
26182
177993
9404
136190
182777
200396
153669
64716
72175
131929
23752
168951
150596
64077
1584
55669
94867
33710
140071
187209
25469
61206
28805
29501
85268
32931
9545
64075
180453
62005
136693
106959
53868
2652
38782
108340
49242
61624
152322
7404
187892
73445
78170
95729
66293
48150
70319
34523
147939
203019
144959
92258
128748
38538
147299
54537
48588
171103
117156
35360
59933
60804
20520
133680
163860
132019
41076
45576
65685
196749
150503
48003
68444
184960
128925
61807
34187
182901
148865
47585
2295
23556
93339
76950
143673
161765
45631
116476
94774
51140
61297
31041
168029
68941
100023
80611
186539
105530
125586
132634
44359
152975
44425
116561
24211
161285
55984
52388
105904
109412
36138
152418
140778
160620
22358
67705
34998
120732
156426
193103
109820
105597
214891
44660
60427
30266
189775
39805
20478
114074
170839
151708
169610
94568
28445
155407
160463
212164
48003
161188
60648
117585
171494
171692
148178
128291
163444
70015
122174
36064
37049
39844
20079
114019
178759
227611
23411
149997
28690
36096
115894
186203
171389
161371
25087
125406
169997
128053
162113
2647
148406
70123
190036
190499
21819
51595
38498
190319
73740
19710
115071
4295
8829
16649
166894
145585
92519
58491
153689
105288
170940
34593
76907
4234
1755
134000
132456
112138
222272
90795
102483
180544
177233
56297
166230
133977
190751
47417
80370
24855
198751
205885
87167
57390
48675
162368
164958
140750
99207
98932
44205
127569
49834
123730
145498
38982
117394
110972
233068
217984
159431
26067
7318
45842
200953
3741
63097
36456
99512
216046
22808
62242
188814
13513
20247
65852
102923
74327
130761
130970
138671
198504
31603
35426
131941
74409
165770
233511
65134
30372
130947
66258
91960
183513
89694
119016
114706
89416
101287
79313
173759
102966
115716
195864
130485
47651
73710
112941
147369
109227
83617
95277
87320
205
29027
171178
171389
137012
80087
113805
55351
23690
62773
143612
33650
44385
214109
160528
84287
9064
174090
164346
58782
150951
47182
124427
22830
82212
45503
245
181856
36084
166051
46193
110346
156924
73880
99155
164274
22121
155385
127065
201944
78563
134828
92152
24846
25539
104992
183449
19812
173598
41200
13424
131879
47569
180684
106670
130547
1233
13188
143656
47218
106646
98013
199490
125485
155566
115247
85512
51358
180135
194987
170704
1744
121086
83910
2379
69470
45668
148169
78284
52013
681
50734
39331
132131
75548
126940
15363
56149
109677
59421
76417
104273
130142
104947
6772
176280
35146
145494
33414
32592
88146
162265
141759
67357
45901
177934
131692
134861
155257
22021
12020
63752
181244
21419
86120
62848
129329
142471
49450
158529
78032
523
26953
107058
25078
76783
48258
136873
151952
86091
163375
196367
151003
92078
41371
167019
42943
76292
21064
91751
90317
31061
159002
75313
190563
231263
27089
73292
38521
143405
171156
17490
38311
197859
165804
112084
159412
71578
91725
47559
48495
154140
199349
152275
87535
95802
101912
104159
235384
170165
29048
170431
150830
182629
165446
100655
82593
88221
49058
183422
72042
127043
154064
140682
5313
10034
125430
104770
169691
90954
127839
160511
193869
214844
138217
32293
170857
104825
140365
149794
45035
183756
14098
100286
52855
61672
161409
25454
38862
25224
111147
101885
121413
190019
156854
7758
193849
172433
99495
43968
138158
3598
55385
57917
100641
52067
96603
91280
165371
171384
92581
111113
68571
195352
23028
25011
163876
95928
153173
155704
124291
5140
32569
106132
1232
46998
104819
67977
168108
75888
137742
111950
106858
31815
142642
112113
107624
118257
33608
120070
178130
95851
87218
96933
176471
48512
74242
145829
25906
46107
72550
51192
181570
28341
63729
134900
155330
48459
163743
471
159646
122320
169573
150172
148458
101662
164227
137300
114566
166910
192014
12779
42679
118028
93891
186218
16119
140344
164086
18792
195394
20988
176629
93669
103310
126484
158018
161590
68675
166147
97123
202950
150764
91981
7882
170226
150422
109538
42955
113544
190667
139839
63676
174613
170663
7123
152075
55623
163450
39474
22976
31897
73631
62163
181071
149366
69194
78762
144805
64565
113676
151494
67779
134655
186740
68936
32170
155453
72091
227894
88659
76134
232280
204857
96665
83237
154252
179127
162224
7441
57083
47196
16572
190189
136697
43451
29500
164645
128645
149164
108068
158514
70123
38273
134304
149804
49727
64243
19588
182385
6446
68486
98718
181037
219501
190646
7860
103263
106246
14237
33232
29422
165812
174440
24124
51394
50298
31532
117943
106059
78037
93238
153463
155851
176814
201346
35230
150254
116742
139406
120590
59882
128106
148206
78855
185513
25353
64553
139321
175379
78053
40669
1301
82250
172193
66478
24039
210002
159557
46395
101464
82483
120454
173036
115227
56284
32658
7022
47817
196912
112030
91521
83098
174964
130707
211514
179182
86699
107427
22387
106659
167374
109670
146276
131922
145249
71075
15665
38919
181449
129257
68613
103494
56015
200969
153019
199446
10153
146946
23355
99832
163025
187750
181914
57543
70162
139087
106311
197864
71629
215501
57597
143856
40985
180416
98711
42923
57029
197401
14438
48357
62791
118933
140815
189298
12031
58518
153165
65047
28805
63083
24096
15946
84920
130058
177522
10411
56387
13633
162584
23615
151100
133852
180841
143727
2262
35747
98595
67994
16661
34999
50223
99647
125308
64725
13443
103112
49397
176820
96511
185439
183913
180194
193183
135134
54669
31217
219258
56819
119449
85257
57154
26044
63868
22293
129504
166650
7014
97904
35251
67942
171187
190626
95277
194807
185581
10600
183840
129231
132602
66307
196489
106903
80614
195566
103369
32619
105451
86366
33016
97300
143742
181615
117327
13843
64636
143880
54146
45618
176619
145092
198936
43302
34093
62493
50063
80400
11461
151278
34829
103457
115742
136012
75102
199476
119602
19812
95612
111252
144174
61256
35737
56744
19891
173417
204223
54995
22250
97843
186388
49147
52606
180693
148641
79206
74281
28351
57492
58779
181843
7794
74495
21487
87564
64384
215470
174005
184519
73751
180343
50289
118165
123184
15406
84761
130721
74654
143941
155582
177837
111543
28163
129510
172595
27904
23073
83056
51697
102313
74824
60654
96340
222375
156133
161152
234364
189757
45667
179778
54424
111432
138517
40190
103529
76911
132111
181487
367
125916
172820
63071
81691
136076
80932
70921
23628
146655
168912
129500
83204
170306
21416
167653
190547
122228
231623
88676
200567
97317
174812
157707
74749
141512
180872
80476
223304
1873
63397
206784
95399
102883
86355
143069
152082
27960
69316
212641
41580
169605
84712
58914
14345
182974
29639
23139
103986
34943
161240
67159
109708
94018
43132
43854
172099
133945
77491
27837
69941
100202
153290
42024
2500
97097
40910
75169
175222
76710
16532
240395
216848
48738
985
93615
61049
58555
17591
21342
180239
162641
94130
141908
139284
151936
184531
152489
60436
152061
101461
38284
71144
23401
30176
159805
135357
134690
57032
62122
170299
156162
52363
113879
122174
98921
58056
77822
56462
16883
114037
169298
40183
121034
117250
51725
138651
153977
151322
65163
170510
29521
30408
149741
118574
184778
67098
23441
42121
34704
10560
70465
152828
166207
183119
161241
140720
147438
67441
84260
1501
27138
185787
37946
131266
115074
122865
115889
140430
126168
178076
112134
181974
163974
68442
53813
161981
22610
89412
44784
196992
43378
141696
82757
207855
40643
154842
157790
167312
120297
67992
44976
27805
34623
117727
48802
69456
165159
102666
41409
215362
182697
61168
128644
48747
127484
108864
53632
25602
98860
200545
109334
90255
159761
140394
12484
169129
120731
204078
163965
11553
76534
196018
139813
14750
173295
125260
174518
55893
3422
34721
20510
155447
167374
58409
35603
51797
20268
4695
9868
58897
62312
9454
112679
7929
13492
50584
190075
175565
32968
151715
100861
58488
183014
111143
161965
187929
112289
73469
164067
168337
178215
122849
130101
40804
99674
149140
175278
165699
107333
166948
67215
86032
21714
139408
120046
79310
188247
133851
195038
32264
182556
179116
31644
142904
171551
139132
201118
39601
18135
154349
89064
40182
27299
182772
61441
116329
64828
89670
188458
34527
60994
111377
167084
171868
2397
122472
58282
53264
63976
215105
74804
174302
156528
84048
9135
191854
177549
175481
201080
129252
172947
27806
99685
17371
175669
120494
83730
27409
159239
83679
16852
138064
49317
154385
67056
23369
67225
113469
78109
134935
158236
167059
19182
18140
167108
152219
33976
74850
185012
50852
126701
27286
50458
132818
94910
96044
40070
95533
196013
113230
156454
204714
30128
154442
165750
149484
11469
31453
122644
100117
214293
59153
79886
154601
166511
7171
33532
50570
38910
157598
166313
8479
79905
83044
126833
132469
142316
40041
47446
160145
85050
125090
128913
57613
136078
131601
121786
79387
42948
198611
173881
237987
7819
128265
76461
169202
24637
169497
83688
104730
166470
126006
89410
46385
125863
117616
155807
181973
77337
184698
194089
55171
94622
4207
139808
28815
8765
44852
16963
5966
106820
152584
136673
163738
85775
144104
136614
79235
139029
54404
77583
189614
151062
134912
117662
204731
88169
68574
154393
114211
134103
121615
148967
158778
9595
12455
9162
117169
179790
67099
190459
41187
143217
34010
103735
161199
102378
166873
115380
166977
177059
50835
48048
64145
3280
53053
118377
47956
68008
42595
217318
50006
146384
65922
207007
4976
77373
48387
48968
128875
102609
4492
164899
131432
107017
89965
81118
78778
82846
182616
92444
92593
148078
143804
20355
134937
42529
201810
201117
77065
149630
90344
186663
177505
90552
92432
153016
164541
168160
29666
168354
25184
177949
56749
85800
89459
28599
154214
8641
111886
114111
200495
186097
186489
209970
86014
18963
71481
3906
87093
13773
196862
171547
114068
13829
110490
101615
65304
96538
105008
16079
63438
148352
101815
187150
77041
104881
15624
136066
12772
188050
119028
100900
80409
7834
128085
67723
167416
154873
164750
66848
31238
113863
154854
82057
20610
48607
136553
31098
7282
210560
74002
47683
57657
64410
118152
134696
194667
15633
54492
71218
44764
194393
168447
159559
137519
194388
183846
122084
63824
132393
25612
5999
80600
109302
43478
178336
118364
97635
190526
149791
30781
101408
189306
111552
49355
118173
98871
176525
45080
178512
42501
52346
176587
137549
139970
3789
104941
171727
22158
58799
41582
98194
170355
21636
145058
235196
156746
152500
238431
38875
99590
120874
27535
173789
159306
201049
112570
28204
24227
29934
117571
77392
114731
33603
167984
216531
172520
4135
43219
51393
65339
143093
107659
100376
124195
123035
171898
107977
120227
8005
119763
10399
147185
82271
76569
108003
170676
81790
7768
79741
40160
111553
189267
196272
219972
1436
54233
81852
52788
16567
49309
92419
182364
83884
121017
179504
97738
118503
177123
46543
33899
183715
44568
197656
111916
21872
13545
203155
189894
181280
151207
107615
124463
117188
38038
174798
111873
23916
155056
73678
80693
201845
60135
18389
145285
76424
18578
166423
41762
29308
79420
49119
144930
88536
25880
67807
48752
100106
205653
200291
72545
76753
233282
24417
4935
127350
152551
89186
117054
171817
169574
102656
100560
33810
48011
85620
98054
80320
38646
15456
48371
29181
118813
26315
172494
188886
184580
165149
69273
200142
145231
123764
135898
45541
97570
33133
189042
111487
42425
188865
45274
77767
164973
83146
175942
174765
33785
82907
24687
163008
4292
141500
123345
213034
37046
178837
157209
133570
70445
157654
93125
183100
29796
53091
95042
176344
45744
123934
74185
151971
46446
24961
154243
182438
146423
63596
57453
156574
161171
170040
57381
168829
167400
68327
8296
58807
51546
128393
196139
88440
212304
125850
32708
157579
36518
180724
230004
56080
172219
197991
166532
92999
144747
92141
185326
28514
41820
183772
179735
107482
111772
54660
52584
401
