87
1 
-1061109481
1 2 
-1061109481
1 3 
-1061109481
1 2 3 
-1061109481
1 4 
-1061109481
1 2 4 
-1061109481
1 3 4 
-1061109481
1 2 3 4 
-1061109481
1 5 
-1061109481
1 2 5 
-1061109481
1 3 5 
-1061109481
1 2 3 5 
-1061109481
1 4 5 
-1061109481
1 2 4 5 
-1061109481
1 3 4 5 
-1061109481
1 2 3 4 5 
-1061109481
1 6 
-1061109481
1 2 6 
-1061109481
1 3 6 
-1061109481
1 2 3 6 
-1061109481
1 4 6 
-1061109481
1 2 4 6 
-1061109481
1 3 4 6 
-1061109481
1 2 3 4 6 
-1061109481
1 5 6 
-1061109481
1 2 5 6 
-1061109481
1 3 5 6 
-1061109481
1 2 3 5 6 
-1061109481
1 4 5 6 
-1061109481
1 2 4 5 6 
-1061109481
1 3 4 5 6 
-1061109481
1 2 3 4 5 6 
-1061109481
1 7 
-1061109481
1 2 7 
-1061109481
1 3 7 
-1061109481
1 2 3 7 
-1061109481
1 4 7 
-1061109481
1 2 4 7 
-1061109481
1 3 4 7 
-1061109481
1 2 3 4 7 
-1061109481
1 5 7 
-1061109481
1 2 5 7 
-1061109481
1 3 5 7 
-1061109481
1 2 3 5 7 
-1061109481
1 4 5 7 
-1061109481
1 2 4 5 7 
-1061109481
1 3 4 5 7 
-1061109481
1 2 3 4 5 7 
-1061109481
1 6 7 
-1061109481
1 2 6 7 
-1061109481
1 3 6 7 
-1061109481
1 2 3 6 7 
-1061109481
1 4 6 7 
-1061109481
1 2 4 6 7 
-1061109481
1 3 4 6 7 
-1061109481
1 2 3 4 6 7 
-1061109481
1 5 6 7 
-1061109481
1 2 5 6 7 
-1061109481
1 3 5 6 7 
-1061109481
1 2 3 5 6 7 
-1061109481
1 4 5 6 7 
-1061109481
1 2 4 5 6 7 
-1061109481
1 3 4 5 6 7 
-1061109481
1 2 3 4 5 6 7 
-1061109481
1 8 
-1061109481
1 2 8 
-1061109481
1 3 8 
-1061109481
1 2 3 8 
-1061109481
1 4 8 
-1061109481
1 2 4 8 
-1061109481
1 3 4 8 
-1061109481
1 2 3 4 8 
-1061109481
1 5 8 
-1061109481
1 2 5 8 
-1061109481
1 3 5 8 
-1061109481
1 2 3 5 8 
-1061109481
1 4 5 8 
-1061109481
1 2 4 5 8 
-1061109481
1 3 4 5 8 
-1061109481
1 2 3 4 5 8 
-1061109481
1 6 8 
-1061109481
1 2 6 8 
-1061109481
1 3 6 8 
-1061109481
1 2 3 6 8 
-1061109481
1 4 6 8 
-1061109481
1 2 4 6 8 
-1061109481
1 3 4 6 8 
-1061109481
1 2 3 4 6 8 
-1061109481
1 5 6 8 
-1061109481
1 2 5 6 8 
-1061109481
1 3 5 6 8 
-1061109481
1 2 3 5 6 8 
-1061109481
1 4 5 6 8 
-1061109481
1 2 4 5 6 8 
-1061109481
1 3 4 5 6 8 
-1061109481
1 2 3 4 5 6 8 
-1061109481
1 7 8 
-1061109481
1 2 7 8 
-1061109481
1 3 7 8 
-1061109481
1 2 3 7 8 
-1061109481
1 4 7 8 
-1061109481
1 2 4 7 8 
-1061109481
1 3 4 7 8 
-1061109481
1 2 3 4 7 8 
-1061109481
1 5 7 8 
-1061109481
1 2 5 7 8 
-1061109481
1 3 5 7 8 
-1061109481
1 2 3 5 7 8 
-1061109481
1 4 5 7 8 
-1061109481
1 2 4 5 7 8 
-1061109481
1 3 4 5 7 8 
-1061109481
1 2 3 4 5 7 8 
-1061109481
1 6 7 8 
-1061109481
1 2 6 7 8 
-1061109481
1 3 6 7 8 
-1061109481
1 2 3 6 7 8 
-1061109481
1 4 6 7 8 
-1061109481
1 2 4 6 7 8 
-1061109481
1 3 4 6 7 8 
-1061109481
1 2 3 4 6 7 8 
-1061109481
1 5 6 7 8 
-1061109481
1 2 5 6 7 8 
-1061109481
1 3 5 6 7 8 
-1061109481
1 2 3 5 6 7 8 
-1061109481
1 4 5 6 7 8 
-1061109481
1 2 4 5 6 7 8 
-1061109481
1 3 4 5 6 7 8 
-1061109481
1 2 3 4 5 6 7 8 
-1061109481
1 9 
-1061109481
1 2 9 
-1061109481
1 3 9 
-1061109481
1 2 3 9 
-1061109481
1 4 9 
-1061109481
1 2 4 9 
-1061109481
1 3 4 9 
-1061109481
1 2 3 4 9 
-1061109481
1 5 9 
-1061109481
1 2 5 9 
-1061109481
1 3 5 9 
-1061109481
1 2 3 5 9 
-1061109481
1 4 5 9 
-1061109481
1 2 4 5 9 
-1061109481
1 3 4 5 9 
-1061109481
1 2 3 4 5 9 
-1061109481
1 6 9 
-1061109481
1 2 6 9 
-1061109481
1 3 6 9 
-1061109481
1 2 3 6 9 
-1061109481
1 4 6 9 
-1061109481
1 2 4 6 9 
-1061109481
1 3 4 6 9 
-1061109481
1 2 3 4 6 9 
-1061109481
1 5 6 9 
-1061109481
1 2 5 6 9 
-1061109481
1 3 5 6 9 
-1061109481
1 2 3 5 6 9 
-1061109481
1 4 5 6 9 
-1061109481
1 2 4 5 6 9 
-1061109481
1 3 4 5 6 9 
-1061109481
1 2 3 4 5 6 9 
-1061109481
1 7 9 
-1061109481
1 2 7 9 
-1061109481
1 3 7 9 
-1061109481
1 2 3 7 9 
-1061109481
1 4 7 9 
-1061109481
1 2 4 7 9 
-1061109481
1 3 4 7 9 
-1061109481
1 2 3 4 7 9 
-1061109481
1 5 7 9 
-1061109481
1 2 5 7 9 
-1061109481
1 3 5 7 9 
-1061109481
1 2 3 5 7 9 
-1061109481
1 4 5 7 9 
-1061109481
1 2 4 5 7 9 
-1061109481
1 3 4 5 7 9 
-1061109481
1 2 3 4 5 7 9 
-1061109481
1 6 7 9 
-1061109481
1 2 6 7 9 
-1061109481
1 3 6 7 9 
-1061109481
1 2 3 6 7 9 
-1061109481
1 4 6 7 9 
-1061109481
1 2 4 6 7 9 
-1061109481
1 3 4 6 7 9 
-1061109481
1 2 3 4 6 7 9 
-1061109481
1 5 6 7 9 
-1061109481
1 2 5 6 7 9 
-1061109481
1 3 5 6 7 9 
-1061109481
1 2 3 5 6 7 9 
-1061109481
1 4 5 6 7 9 
-1061109481
1 2 4 5 6 7 9 
-1061109481
1 3 4 5 6 7 9 
-1061109481
1 2 3 4 5 6 7 9 
-1061109481
1 8 9 
-1061109481
1 2 8 9 
-1061109481
1 3 8 9 
-1061109481
1 2 3 8 9 
-1061109481
1 4 8 9 
-1061109481
1 2 4 8 9 
-1061109481
1 3 4 8 9 
-1061109481
1 2 3 4 8 9 
-1061109481
1 5 8 9 
-1061109481
1 2 5 8 9 
-1061109481
1 3 5 8 9 
-1061109481
1 2 3 5 8 9 
-1061109481
1 4 5 8 9 
-1061109481
1 2 4 5 8 9 
-1061109481
1 3 4 5 8 9 
-1061109481
1 2 3 4 5 8 9 
-1061109481
1 6 8 9 
-1061109481
1 2 6 8 9 
-1061109481
1 3 6 8 9 
-1061109481
1 2 3 6 8 9 
-1061109481
1 4 6 8 9 
-1061109481
1 2 4 6 8 9 
-1061109481
1 3 4 6 8 9 
-1061109481
1 2 3 4 6 8 9 
-1061109481
1 5 6 8 9 
-1061109481
1 2 5 6 8 9 
-1061109481
1 3 5 6 8 9 
-1061109481
1 2 3 5 6 8 9 
-1061109481
1 4 5 6 8 9 
-1061109481
1 2 4 5 6 8 9 
-1061109481
1 3 4 5 6 8 9 
-1061109481
1 2 3 4 5 6 8 9 
-1061109481
1 7 8 9 
-1061109481
1 2 7 8 9 
-1061109481
1 3 7 8 9 
-1061109481
1 2 3 7 8 9 
-1061109481
1 4 7 8 9 
-1061109481
1 2 4 7 8 9 
-1061109481
1 3 4 7 8 9 
-1061109481
1 2 3 4 7 8 9 
-1061109481
1 5 7 8 9 
-1061109481
1 2 5 7 8 9 
-1061109481
1 3 5 7 8 9 
-1061109481
1 2 3 5 7 8 9 
-1061109481
1 4 5 7 8 9 
-1061109481
1 2 4 5 7 8 9 
-1061109481
1 3 4 5 7 8 9 
-1061109481
1 2 3 4 5 7 8 9 
-1061109481
1 6 7 8 9 
-1061109481
1 2 6 7 8 9 
-1061109481
1 3 6 7 8 9 
-1061109481
1 2 3 6 7 8 9 
-1061109481
1 4 6 7 8 9 
-1061109481
1 2 4 6 7 8 9 
-1061109481
1 3 4 6 7 8 9 
-1061109481
1 2 3 4 6 7 8 9 
-1061109481
1 5 6 7 8 9 
-1061109481
1 2 5 6 7 8 9 
-1061109481
1 3 5 6 7 8 9 
-1061109481
1 2 3 5 6 7 8 9 
-1061109481
1 4 5 6 7 8 9 
-1061109481
1 2 4 5 6 7 8 9 
-1061109481
1 3 4 5 6 7 8 9 
-1061109481
1 2 3 4 5 6 7 8 9 
-1061109481
1 10 
-1061109481
1 2 10 
-1061109481
1 3 10 
-1061109481
1 2 3 10 
-1061109481
1 4 10 
-1061109481
1 2 4 10 
-1061109481
1 3 4 10 
-1061109481
1 2 3 4 10 
-1061109481
1 5 10 
-1061109481
1 2 5 10 
-1061109481
1 3 5 10 
-1061109481
1 2 3 5 10 
-1061109481
1 4 5 10 
-1061109481
1 2 4 5 10 
-1061109481
1 3 4 5 10 
-1061109481
1 2 3 4 5 10 
-1061109481
1 6 10 
-1061109481
1 2 6 10 
-1061109481
1 3 6 10 
-1061109481
1 2 3 6 10 
-1061109481
1 4 6 10 
-1061109481
1 2 4 6 10 
-1061109481
1 3 4 6 10 
-1061109481
1 2 3 4 6 10 
-1061109481
1 5 6 10 
-1061109481
1 2 5 6 10 
-1061109481
1 3 5 6 10 
-1061109481
1 2 3 5 6 10 
-1061109481
1 4 5 6 10 
-1061109481
1 2 4 5 6 10 
-1061109481
1 3 4 5 6 10 
-1061109481
1 2 3 4 5 6 10 
-1061109481
1 7 10 
-1061109481
1 2 7 10 
-1061109481
1 3 7 10 
-1061109481
1 2 3 7 10 
-1061109481
1 4 7 10 
-1061109481
1 2 4 7 10 
-1061109481
1 3 4 7 10 
-1061109481
1 2 3 4 7 10 
-1061109481
1 5 7 10 
-1061109481
1 2 5 7 10 
-1061109481
1 3 5 7 10 
-1061109481
1 2 3 5 7 10 
-1061109481
1 4 5 7 10 
-1061109481
1 2 4 5 7 10 
-1061109481
1 3 4 5 7 10 
-1061109481
1 2 3 4 5 7 10 
-1061109481
1 6 7 10 
-1061109481
1 2 6 7 10 
-1061109481
1 3 6 7 10 
-1061109481
1 2 3 6 7 10 
-1061109481
1 4 6 7 10 
-1061109481
1 2 4 6 7 10 
-1061109481
1 3 4 6 7 10 
-1061109481
1 2 3 4 6 7 10 
-1061109481
1 5 6 7 10 
-1061109481
1 2 5 6 7 10 
-1061109481
1 3 5 6 7 10 
-1061109481
1 2 3 5 6 7 10 
-1061109481
1 4 5 6 7 10 
-1061109481
1 2 4 5 6 7 10 
-1061109481
1 3 4 5 6 7 10 
-1061109481
1 2 3 4 5 6 7 10 
-1061109481
1 8 10 
-1061109481
1 2 8 10 
-1061109481
1 3 8 10 
-1061109481
1 2 3 8 10 
-1061109481
1 4 8 10 
-1061109481
1 2 4 8 10 
-1061109481
1 3 4 8 10 
-1061109481
1 2 3 4 8 10 
-1061109481
1 5 8 10 
-1061109481
1 2 5 8 10 
-1061109481
1 3 5 8 10 
-1061109481
1 2 3 5 8 10 
-1061109481
1 4 5 8 10 
-1061109481
1 2 4 5 8 10 
-1061109481
1 3 4 5 8 10 
-1061109481
1 2 3 4 5 8 10 
-1061109481
1 6 8 10 
-1061109481
1 2 6 8 10 
-1061109481
1 3 6 8 10 
-1061109481
1 2 3 6 8 10 
-1061109481
1 4 6 8 10 
-1061109481
1 2 4 6 8 10 
-1061109481
1 3 4 6 8 10 
-1061109481
1 2 3 4 6 8 10 
-1061109481
1 5 6 8 10 
-1061109481
1 2 5 6 8 10 
-1061109481
1 3 5 6 8 10 
-1061109481
1 2 3 5 6 8 10 
-1061109481
1 4 5 6 8 10 
-1061109481
1 2 4 5 6 8 10 
-1061109481
1 3 4 5 6 8 10 
-1061109481
1 2 3 4 5 6 8 10 
-1061109481
1 7 8 10 
-1061109481
1 2 7 8 10 
-1061109481
1 3 7 8 10 
-1061109481
1 2 3 7 8 10 
-1061109481
1 4 7 8 10 
-1061109481
1 2 4 7 8 10 
-1061109481
1 3 4 7 8 10 
-1061109481
1 2 3 4 7 8 10 
-1061109481
1 5 7 8 10 
-1061109481
1 2 5 7 8 10 
-1061109481
1 3 5 7 8 10 
-1061109481
1 2 3 5 7 8 10 
-1061109481
1 4 5 7 8 10 
-1061109481
1 2 4 5 7 8 10 
-1061109481
1 3 4 5 7 8 10 
-1061109481
1 2 3 4 5 7 8 10 
-1061109481
1 6 7 8 10 
-1061109481
1 2 6 7 8 10 
-1061109481
1 3 6 7 8 10 
-1061109481
1 2 3 6 7 8 10 
-1061109481
1 4 6 7 8 10 
-1061109481
1 2 4 6 7 8 10 
-1061109481
1 3 4 6 7 8 10 
-1061109481
1 2 3 4 6 7 8 10 
-1061109481
1 5 6 7 8 10 
-1061109481
1 2 5 6 7 8 10 
-1061109481
1 3 5 6 7 8 10 
-1061109481
1 2 3 5 6 7 8 10 
-1061109481
1 4 5 6 7 8 10 
-1061109481
1 2 4 5 6 7 8 10 
-1061109481
1 3 4 5 6 7 8 10 
-1061109481
1 2 3 4 5 6 7 8 10 
-1061109481
1 9 10 
-1061109481
1 2 9 10 
-1061109481
1 3 9 10 
-1061109481
1 2 3 9 10 
-1061109481
1 4 9 10 
-1061109481
1 2 4 9 10 
-1061109481
1 3 4 9 10 
-1061109481
1 2 3 4 9 10 
-1061109481
1 5 9 10 
-1061109481
1 2 5 9 10 
-1061109481
1 3 5 9 10 
-1061109481
1 2 3 5 9 10 
-1061109481
1 4 5 9 10 
-1061109481
1 2 4 5 9 10 
-1061109481
1 3 4 5 9 10 
-1061109481
1 2 3 4 5 9 10 
-1061109481
1 6 9 10 
-1061109481
1 2 6 9 10 
-1061109481
1 3 6 9 10 
-1061109481
1 2 3 6 9 10 
-1061109481
1 4 6 9 10 
-1061109481
1 2 4 6 9 10 
-1061109481
1 3 4 6 9 10 
-1061109481
1 2 3 4 6 9 10 
-1061109481
1 5 6 9 10 
-1061109481
1 2 5 6 9 10 
-1061109481
1 3 5 6 9 10 
-1061109481
1 2 3 5 6 9 10 
-1061109481
1 4 5 6 9 10 
-1061109481
1 2 4 5 6 9 10 
-1061109481
1 3 4 5 6 9 10 
-1061109481
1 2 3 4 5 6 9 10 
-1061109481
1 7 9 10 
-1061109481
1 2 7 9 10 
-1061109481
1 3 7 9 10 
-1061109481
1 2 3 7 9 10 
-1061109481
1 4 7 9 10 
-1061109481
1 2 4 7 9 10 
-1061109481
1 3 4 7 9 10 
-1061109481
1 2 3 4 7 9 10 
-1061109481
1 5 7 9 10 
-1061109481
1 2 5 7 9 10 
-1061109481
1 3 5 7 9 10 
-1061109481
1 2 3 5 7 9 10 
-1061109481
1 4 5 7 9 10 
-1061109481
1 2 4 5 7 9 10 
-1061109481
1 3 4 5 7 9 10 
-1061109481
1 2 3 4 5 7 9 10 
-1061109481
1 6 7 9 10 
-1061109481
1 2 6 7 9 10 
-1061109481
1 3 6 7 9 10 
-1061109481
1 2 3 6 7 9 10 
-1061109481
1 4 6 7 9 10 
-1061109481
1 2 4 6 7 9 10 
-1061109481
1 3 4 6 7 9 10 
-1061109481
1 2 3 4 6 7 9 10 
-1061109481
1 5 6 7 9 10 
-1061109481
1 2 5 6 7 9 10 
-1061109481
1 3 5 6 7 9 10 
-1061109481
1 2 3 5 6 7 9 10 
-1061109481
1 4 5 6 7 9 10 
-1061109481
1 2 4 5 6 7 9 10 
-1061109481
1 3 4 5 6 7 9 10 
-1061109481
1 2 3 4 5 6 7 9 10 
-1061109481
1 8 9 10 
-1061109481
1 2 8 9 10 
-1061109481
1 3 8 9 10 
-1061109481
1 2 3 8 9 10 
-1061109481
1 4 8 9 10 
-1061109481
1 2 4 8 9 10 
-1061109481
1 3 4 8 9 10 
-1061109481
1 2 3 4 8 9 10 
-1061109481
1 5 8 9 10 
-1061109481
1 2 5 8 9 10 
-1061109481
1 3 5 8 9 10 
-1061109481
1 2 3 5 8 9 10 
-1061109481
1 4 5 8 9 10 
-1061109481
1 2 4 5 8 9 10 
-1061109481
1 3 4 5 8 9 10 
-1061109481
1 2 3 4 5 8 9 10 
-1061109481
1 6 8 9 10 
-1061109481
1 2 6 8 9 10 
-1061109481
1 3 6 8 9 10 
-1061109481
1 2 3 6 8 9 10 
-1061109481
1 4 6 8 9 10 
-1061109481
1 2 4 6 8 9 10 
-1061109481
1 3 4 6 8 9 10 
-1061109481
1 2 3 4 6 8 9 10 
-1061109481
1 5 6 8 9 10 
-1061109481
1 2 5 6 8 9 10 
-1061109481
1 3 5 6 8 9 10 
-1061109481
1 2 3 5 6 8 9 10 
-1061109481
1 4 5 6 8 9 10 
-1061109481
1 2 4 5 6 8 9 10 
-1061109481
1 3 4 5 6 8 9 10 
-1061109481
1 2 3 4 5 6 8 9 10 
-1061109481
1 7 8 9 10 
-1061109481
1 2 7 8 9 10 
-1061109481
1 3 7 8 9 10 
-1061109481
1 2 3 7 8 9 10 
-1061109481
1 4 7 8 9 10 
-1061109481
1 2 4 7 8 9 10 
-1061109481
1 3 4 7 8 9 10 
-1061109481
1 2 3 4 7 8 9 10 
-1061109481
1 5 7 8 9 10 
-1061109481
1 2 5 7 8 9 10 
-1061109481
1 3 5 7 8 9 10 
-1061109481
1 2 3 5 7 8 9 10 
-1061109481
1 4 5 7 8 9 10 
-1061109481
1 2 4 5 7 8 9 10 
-1061109481
1 3 4 5 7 8 9 10 
-1061109481
1 2 3 4 5 7 8 9 10 
-1061109481
1 6 7 8 9 10 
-1061109481
1 2 6 7 8 9 10 
-1061109481
1 3 6 7 8 9 10 
-1061109481
1 2 3 6 7 8 9 10 
-1061109481
1 4 6 7 8 9 10 
-1061109481
1 2 4 6 7 8 9 10 
-1061109481
1 3 4 6 7 8 9 10 
-1061109481
1 2 3 4 6 7 8 9 10 
-1061109481
1 5 6 7 8 9 10 
-1061109481
1 2 5 6 7 8 9 10 
-1061109481
1 3 5 6 7 8 9 10 
-1061109481
1 2 3 5 6 7 8 9 10 
-1061109481
1 4 5 6 7 8 9 10 
-1061109481
1 2 4 5 6 7 8 9 10 
-1061109481
1 3 4 5 6 7 8 9 10 
-1061109481
1 2 3 4 5 6 7 8 9 10 
-51
3 
36
1 3 
-1061109568
2 3 
-1061109481
1 2 3 
-1061109568
3 4 
-1061109481
1 3 4 
-1061109568
2 3 4 
-1061109481
1 2 3 4 
-1061109568
3 5 
-1061109481
1 3 5 
-1061109568
2 3 5 
-1061109481
1 2 3 5 
-1061109568
3 4 5 
-1061109481
1 3 4 5 
-1061109568
2 3 4 5 
-1061109481
1 2 3 4 5 
-1061109568
3 6 
-1061109481
1 3 6 
-1061109568
2 3 6 
-1061109481
1 2 3 6 
-1061109568
3 4 6 
-1061109481
1 3 4 6 
-1061109568
2 3 4 6 
-1061109481
1 2 3 4 6 
-1061109568
3 5 6 
-1061109481
1 3 5 6 
-1061109568
2 3 5 6 
-1061109481
1 2 3 5 6 
-1061109568
3 4 5 6 
-1061109481
1 3 4 5 6 
-1061109568
2 3 4 5 6 
-1061109481
1 2 3 4 5 6 
-1061109568
3 7 
-1061109481
1 3 7 
-1061109568
2 3 7 
-1061109481
1 2 3 7 
-1061109568
3 4 7 
-1061109481
1 3 4 7 
-1061109568
2 3 4 7 
-1061109481
1 2 3 4 7 
-1061109568
3 5 7 
-1061109481
1 3 5 7 
-1061109568
2 3 5 7 
-1061109481
1 2 3 5 7 
-1061109568
3 4 5 7 
-1061109481
1 3 4 5 7 
-1061109568
2 3 4 5 7 
-1061109481
1 2 3 4 5 7 
-1061109568
3 6 7 
-1061109481
1 3 6 7 
-1061109568
2 3 6 7 
-1061109481
1 2 3 6 7 
-1061109568
3 4 6 7 
-1061109481
1 3 4 6 7 
-1061109568
2 3 4 6 7 
-1061109481
1 2 3 4 6 7 
-1061109568
3 5 6 7 
-1061109481
1 3 5 6 7 
-1061109568
2 3 5 6 7 
-1061109481
1 2 3 5 6 7 
-1061109568
3 4 5 6 7 
-1061109481
1 3 4 5 6 7 
-1061109568
2 3 4 5 6 7 
-1061109481
1 2 3 4 5 6 7 
-1061109568
3 8 
-1061109481
1 3 8 
-1061109568
2 3 8 
-1061109481
1 2 3 8 
-1061109568
3 4 8 
-1061109481
1 3 4 8 
-1061109568
2 3 4 8 
-1061109481
1 2 3 4 8 
-1061109568
3 5 8 
-1061109481
1 3 5 8 
-1061109568
2 3 5 8 
-1061109481
1 2 3 5 8 
-1061109568
3 4 5 8 
-1061109481
1 3 4 5 8 
-1061109568
2 3 4 5 8 
-1061109481
1 2 3 4 5 8 
-1061109568
3 6 8 
-1061109481
1 3 6 8 
-1061109568
2 3 6 8 
-1061109481
1 2 3 6 8 
-1061109568
3 4 6 8 
-1061109481
1 3 4 6 8 
-1061109568
2 3 4 6 8 
-1061109481
1 2 3 4 6 8 
-1061109568
3 5 6 8 
-1061109481
1 3 5 6 8 
-1061109568
2 3 5 6 8 
-1061109481
1 2 3 5 6 8 
-1061109568
3 4 5 6 8 
-1061109481
1 3 4 5 6 8 
-1061109568
2 3 4 5 6 8 
-1061109481
1 2 3 4 5 6 8 
-1061109568
3 7 8 
-1061109481
1 3 7 8 
-1061109568
2 3 7 8 
-1061109481
1 2 3 7 8 
-1061109568
3 4 7 8 
-1061109481
1 3 4 7 8 
-1061109568
2 3 4 7 8 
-1061109481
1 2 3 4 7 8 
-1061109568
3 5 7 8 
-1061109481
1 3 5 7 8 
-1061109568
2 3 5 7 8 
-1061109481
1 2 3 5 7 8 
-1061109568
3 4 5 7 8 
-1061109481
1 3 4 5 7 8 
-1061109568
2 3 4 5 7 8 
-1061109481
1 2 3 4 5 7 8 
-1061109568
3 6 7 8 
-1061109481
1 3 6 7 8 
-1061109568
2 3 6 7 8 
-1061109481
1 2 3 6 7 8 
-1061109568
3 4 6 7 8 
-1061109481
1 3 4 6 7 8 
-1061109568
2 3 4 6 7 8 
-1061109481
1 2 3 4 6 7 8 
-1061109568
3 5 6 7 8 
-1061109481
1 3 5 6 7 8 
-1061109568
2 3 5 6 7 8 
-1061109481
1 2 3 5 6 7 8 
-1061109568
3 4 5 6 7 8 
-1061109481
1 3 4 5 6 7 8 
-1061109568
2 3 4 5 6 7 8 
-1061109481
1 2 3 4 5 6 7 8 
-1061109568
3 9 
-1061109481
1 3 9 
-1061109568
2 3 9 
-1061109481
1 2 3 9 
-1061109568
3 4 9 
-1061109481
1 3 4 9 
-1061109568
2 3 4 9 
-1061109481
1 2 3 4 9 
-1061109568
3 5 9 
-1061109481
1 3 5 9 
-1061109568
2 3 5 9 
-1061109481
1 2 3 5 9 
-1061109568
3 4 5 9 
-1061109481
1 3 4 5 9 
-1061109568
2 3 4 5 9 
-1061109481
1 2 3 4 5 9 
-1061109568
3 6 9 
-1061109481
1 3 6 9 
-1061109568
2 3 6 9 
-1061109481
1 2 3 6 9 
-1061109568
3 4 6 9 
-1061109481
1 3 4 6 9 
-1061109568
2 3 4 6 9 
-1061109481
1 2 3 4 6 9 
-1061109568
3 5 6 9 
-1061109481
1 3 5 6 9 
-1061109568
2 3 5 6 9 
-1061109481
1 2 3 5 6 9 
-1061109568
3 4 5 6 9 
-1061109481
1 3 4 5 6 9 
-1061109568
2 3 4 5 6 9 
-1061109481
1 2 3 4 5 6 9 
-1061109568
3 7 9 
-1061109481
1 3 7 9 
-1061109568
2 3 7 9 
-1061109481
1 2 3 7 9 
-1061109568
3 4 7 9 
-1061109481
1 3 4 7 9 
-1061109568
2 3 4 7 9 
-1061109481
1 2 3 4 7 9 
-1061109568
3 5 7 9 
-1061109481
1 3 5 7 9 
-1061109568
2 3 5 7 9 
-1061109481
1 2 3 5 7 9 
-1061109568
3 4 5 7 9 
-1061109481
1 3 4 5 7 9 
-1061109568
2 3 4 5 7 9 
-1061109481
1 2 3 4 5 7 9 
-1061109568
3 6 7 9 
-1061109481
1 3 6 7 9 
-1061109568
2 3 6 7 9 
-1061109481
1 2 3 6 7 9 
-1061109568
3 4 6 7 9 
-1061109481
1 3 4 6 7 9 
-1061109568
2 3 4 6 7 9 
-1061109481
1 2 3 4 6 7 9 
-1061109568
3 5 6 7 9 
-1061109481
1 3 5 6 7 9 
-1061109568
2 3 5 6 7 9 
-1061109481
1 2 3 5 6 7 9 
-1061109568
3 4 5 6 7 9 
-1061109481
1 3 4 5 6 7 9 
-1061109568
2 3 4 5 6 7 9 
-1061109481
1 2 3 4 5 6 7 9 
-1061109568
3 8 9 
-1061109481
1 3 8 9 
-1061109568
2 3 8 9 
-1061109481
1 2 3 8 9 
-1061109568
3 4 8 9 
-1061109481
1 3 4 8 9 
-1061109568
2 3 4 8 9 
-1061109481
1 2 3 4 8 9 
-1061109568
3 5 8 9 
-1061109481
1 3 5 8 9 
-1061109568
2 3 5 8 9 
-1061109481
1 2 3 5 8 9 
-1061109568
3 4 5 8 9 
-1061109481
1 3 4 5 8 9 
-1061109568
2 3 4 5 8 9 
-1061109481
1 2 3 4 5 8 9 
-1061109568
3 6 8 9 
-1061109481
1 3 6 8 9 
-1061109568
2 3 6 8 9 
-1061109481
1 2 3 6 8 9 
-1061109568
3 4 6 8 9 
-1061109481
1 3 4 6 8 9 
-1061109568
2 3 4 6 8 9 
-1061109481
1 2 3 4 6 8 9 
-1061109568
3 5 6 8 9 
-1061109481
1 3 5 6 8 9 
-1061109568
2 3 5 6 8 9 
-1061109481
1 2 3 5 6 8 9 
-1061109568
3 4 5 6 8 9 
-1061109481
1 3 4 5 6 8 9 
-1061109568
2 3 4 5 6 8 9 
-1061109481
1 2 3 4 5 6 8 9 
-1061109568
3 7 8 9 
-1061109481
1 3 7 8 9 
-1061109568
2 3 7 8 9 
-1061109481
1 2 3 7 8 9 
-1061109568
3 4 7 8 9 
-1061109481
1 3 4 7 8 9 
-1061109568
2 3 4 7 8 9 
-1061109481
1 2 3 4 7 8 9 
-1061109568
3 5 7 8 9 
-1061109481
1 3 5 7 8 9 
-1061109568
2 3 5 7 8 9 
-1061109481
1 2 3 5 7 8 9 
-1061109568
3 4 5 7 8 9 
-1061109481
1 3 4 5 7 8 9 
-1061109568
2 3 4 5 7 8 9 
-1061109481
1 2 3 4 5 7 8 9 
-1061109568
3 6 7 8 9 
-1061109481
1 3 6 7 8 9 
-1061109568
2 3 6 7 8 9 
-1061109481
1 2 3 6 7 8 9 
-1061109568
3 4 6 7 8 9 
-1061109481
1 3 4 6 7 8 9 
-1061109568
2 3 4 6 7 8 9 
-1061109481
1 2 3 4 6 7 8 9 
-1061109568
3 5 6 7 8 9 
-1061109481
1 3 5 6 7 8 9 
-1061109568
2 3 5 6 7 8 9 
-1061109481
1 2 3 5 6 7 8 9 
-1061109568
3 4 5 6 7 8 9 
-1061109481
1 3 4 5 6 7 8 9 
-1061109568
2 3 4 5 6 7 8 9 
-1061109481
1 2 3 4 5 6 7 8 9 
-1061109568
3 10 
-1061109481
1 3 10 
-1061109568
2 3 10 
-1061109481
1 2 3 10 
-1061109568
3 4 10 
-1061109481
1 3 4 10 
-1061109568
2 3 4 10 
-1061109481
1 2 3 4 10 
-1061109568
3 5 10 
-1061109481
1 3 5 10 
-1061109568
2 3 5 10 
-1061109481
1 2 3 5 10 
-1061109568
3 4 5 10 
-1061109481
1 3 4 5 10 
-1061109568
2 3 4 5 10 
-1061109481
1 2 3 4 5 10 
-1061109568
3 6 10 
-1061109481
1 3 6 10 
-1061109568
2 3 6 10 
-1061109481
1 2 3 6 10 
-1061109568
3 4 6 10 
-1061109481
1 3 4 6 10 
-1061109568
2 3 4 6 10 
-1061109481
1 2 3 4 6 10 
-1061109568
3 5 6 10 
-1061109481
1 3 5 6 10 
-1061109568
2 3 5 6 10 
-1061109481
1 2 3 5 6 10 
-1061109568
3 4 5 6 10 
-1061109481
1 3 4 5 6 10 
-1061109568
2 3 4 5 6 10 
-1061109481
1 2 3 4 5 6 10 
-1061109568
3 7 10 
-1061109481
1 3 7 10 
-1061109568
2 3 7 10 
-1061109481
1 2 3 7 10 
-1061109568
3 4 7 10 
-1061109481
1 3 4 7 10 
-1061109568
2 3 4 7 10 
-1061109481
1 2 3 4 7 10 
-1061109568
3 5 7 10 
-1061109481
1 3 5 7 10 
-1061109568
2 3 5 7 10 
-1061109481
1 2 3 5 7 10 
-1061109568
3 4 5 7 10 
-1061109481
1 3 4 5 7 10 
-1061109568
2 3 4 5 7 10 
-1061109481
1 2 3 4 5 7 10 
-1061109568
3 6 7 10 
-1061109481
1 3 6 7 10 
-1061109568
2 3 6 7 10 
-1061109481
1 2 3 6 7 10 
-1061109568
3 4 6 7 10 
-1061109481
1 3 4 6 7 10 
-1061109568
2 3 4 6 7 10 
-1061109481
1 2 3 4 6 7 10 
-1061109568
3 5 6 7 10 
-1061109481
1 3 5 6 7 10 
-1061109568
2 3 5 6 7 10 
-1061109481
1 2 3 5 6 7 10 
-1061109568
3 4 5 6 7 10 
-1061109481
1 3 4 5 6 7 10 
-1061109568
2 3 4 5 6 7 10 
-1061109481
1 2 3 4 5 6 7 10 
-1061109568
3 8 10 
-1061109481
1 3 8 10 
-1061109568
2 3 8 10 
-1061109481
1 2 3 8 10 
-1061109568
3 4 8 10 
-1061109481
1 3 4 8 10 
-1061109568
2 3 4 8 10 
-1061109481
1 2 3 4 8 10 
-1061109568
3 5 8 10 
-1061109481
1 3 5 8 10 
-1061109568
2 3 5 8 10 
-1061109481
1 2 3 5 8 10 
-1061109568
3 4 5 8 10 
-1061109481
1 3 4 5 8 10 
-1061109568
2 3 4 5 8 10 
-1061109481
1 2 3 4 5 8 10 
-1061109568
3 6 8 10 
-1061109481
1 3 6 8 10 
-1061109568
2 3 6 8 10 
-1061109481
1 2 3 6 8 10 
-1061109568
3 4 6 8 10 
-1061109481
1 3 4 6 8 10 
-1061109568
2 3 4 6 8 10 
-1061109481
1 2 3 4 6 8 10 
-1061109568
3 5 6 8 10 
-1061109481
1 3 5 6 8 10 
-1061109568
2 3 5 6 8 10 
-1061109481
1 2 3 5 6 8 10 
-1061109568
3 4 5 6 8 10 
-1061109481
1 3 4 5 6 8 10 
-1061109568
2 3 4 5 6 8 10 
-1061109481
1 2 3 4 5 6 8 10 
-1061109568
3 7 8 10 
-1061109481
1 3 7 8 10 
-1061109568
2 3 7 8 10 
-1061109481
1 2 3 7 8 10 
-1061109568
3 4 7 8 10 
-1061109481
1 3 4 7 8 10 
-1061109568
2 3 4 7 8 10 
-1061109481
1 2 3 4 7 8 10 
-1061109568
3 5 7 8 10 
-1061109481
1 3 5 7 8 10 
-1061109568
2 3 5 7 8 10 
-1061109481
1 2 3 5 7 8 10 
-1061109568
3 4 5 7 8 10 
-1061109481
1 3 4 5 7 8 10 
-1061109568
2 3 4 5 7 8 10 
-1061109481
1 2 3 4 5 7 8 10 
-1061109568
3 6 7 8 10 
-1061109481
1 3 6 7 8 10 
-1061109568
2 3 6 7 8 10 
-1061109481
1 2 3 6 7 8 10 
-1061109568
3 4 6 7 8 10 
-1061109481
1 3 4 6 7 8 10 
-1061109568
2 3 4 6 7 8 10 
-1061109481
1 2 3 4 6 7 8 10 
-1061109568
3 5 6 7 8 10 
-1061109481
1 3 5 6 7 8 10 
-1061109568
2 3 5 6 7 8 10 
-1061109481
1 2 3 5 6 7 8 10 
-1061109568
3 4 5 6 7 8 10 
-1061109481
1 3 4 5 6 7 8 10 
-1061109568
2 3 4 5 6 7 8 10 
-1061109481
1 2 3 4 5 6 7 8 10 
-1061109568
3 9 10 
-1061109481
1 3 9 10 
-1061109568
2 3 9 10 
-1061109481
1 2 3 9 10 
-1061109568
3 4 9 10 
-1061109481
1 3 4 9 10 
-1061109568
2 3 4 9 10 
-1061109481
1 2 3 4 9 10 
-1061109568
3 5 9 10 
-1061109481
1 3 5 9 10 
-1061109568
2 3 5 9 10 
-1061109481
1 2 3 5 9 10 
-1061109568
3 4 5 9 10 
-1061109481
1 3 4 5 9 10 
-1061109568
2 3 4 5 9 10 
-1061109481
1 2 3 4 5 9 10 
-1061109568
3 6 9 10 
-1061109481
1 3 6 9 10 
-1061109568
2 3 6 9 10 
-1061109481
1 2 3 6 9 10 
-1061109568
3 4 6 9 10 
-1061109481
1 3 4 6 9 10 
-1061109568
2 3 4 6 9 10 
-1061109481
1 2 3 4 6 9 10 
-1061109568
3 5 6 9 10 
-1061109481
1 3 5 6 9 10 
-1061109568
2 3 5 6 9 10 
-1061109481
1 2 3 5 6 9 10 
-1061109568
3 4 5 6 9 10 
-1061109481
1 3 4 5 6 9 10 
-1061109568
2 3 4 5 6 9 10 
-1061109481
1 2 3 4 5 6 9 10 
-1061109568
3 7 9 10 
-1061109481
1 3 7 9 10 
-1061109568
2 3 7 9 10 
-1061109481
1 2 3 7 9 10 
-1061109568
3 4 7 9 10 
-1061109481
1 3 4 7 9 10 
-1061109568
2 3 4 7 9 10 
-1061109481
1 2 3 4 7 9 10 
-1061109568
3 5 7 9 10 
-1061109481
1 3 5 7 9 10 
-1061109568
2 3 5 7 9 10 
-1061109481
1 2 3 5 7 9 10 
-1061109568
3 4 5 7 9 10 
-1061109481
1 3 4 5 7 9 10 
-1061109568
2 3 4 5 7 9 10 
-1061109481
1 2 3 4 5 7 9 10 
-1061109568
3 6 7 9 10 
-1061109481
1 3 6 7 9 10 
-1061109568
2 3 6 7 9 10 
-1061109481
1 2 3 6 7 9 10 
-1061109568
3 4 6 7 9 10 
-1061109481
1 3 4 6 7 9 10 
-1061109568
2 3 4 6 7 9 10 
-1061109481
1 2 3 4 6 7 9 10 
-1061109568
3 5 6 7 9 10 
-1061109481
1 3 5 6 7 9 10 
-1061109568
2 3 5 6 7 9 10 
-1061109481
1 2 3 5 6 7 9 10 
-1061109568
3 4 5 6 7 9 10 
-1061109481
1 3 4 5 6 7 9 10 
-1061109568
2 3 4 5 6 7 9 10 
-1061109481
1 2 3 4 5 6 7 9 10 
-1061109568
3 8 9 10 
-1061109481
1 3 8 9 10 
-1061109568
2 3 8 9 10 
-1061109481
1 2 3 8 9 10 
-1061109568
3 4 8 9 10 
-1061109481
1 3 4 8 9 10 
-1061109568
2 3 4 8 9 10 
-1061109481
1 2 3 4 8 9 10 
-1061109568
3 5 8 9 10 
-1061109481
1 3 5 8 9 10 
-1061109568
2 3 5 8 9 10 
-1061109481
1 2 3 5 8 9 10 
-1061109568
3 4 5 8 9 10 
-1061109481
1 3 4 5 8 9 10 
-1061109568
2 3 4 5 8 9 10 
-1061109481
1 2 3 4 5 8 9 10 
-1061109568
3 6 8 9 10 
-1061109481
1 3 6 8 9 10 
-1061109568
2 3 6 8 9 10 
-1061109481
1 2 3 6 8 9 10 
-1061109568
3 4 6 8 9 10 
-1061109481
1 3 4 6 8 9 10 
-1061109568
2 3 4 6 8 9 10 
-1061109481
1 2 3 4 6 8 9 10 
-1061109568
3 5 6 8 9 10 
-1061109481
1 3 5 6 8 9 10 
-1061109568
2 3 5 6 8 9 10 
-1061109481
1 2 3 5 6 8 9 10 
-1061109568
3 4 5 6 8 9 10 
-1061109481
1 3 4 5 6 8 9 10 
-1061109568
2 3 4 5 6 8 9 10 
-1061109481
1 2 3 4 5 6 8 9 10 
-1061109568
3 7 8 9 10 
-1061109481
1 3 7 8 9 10 
-1061109568
2 3 7 8 9 10 
-1061109481
1 2 3 7 8 9 10 
-1061109568
3 4 7 8 9 10 
-1061109481
1 3 4 7 8 9 10 
-1061109568
2 3 4 7 8 9 10 
-1061109481
1 2 3 4 7 8 9 10 
-1061109568
3 5 7 8 9 10 
-1061109481
1 3 5 7 8 9 10 
-1061109568
2 3 5 7 8 9 10 
-1061109481
1 2 3 5 7 8 9 10 
-1061109568
3 4 5 7 8 9 10 
-1061109481
1 3 4 5 7 8 9 10 
-1061109568
2 3 4 5 7 8 9 10 
-1061109481
1 2 3 4 5 7 8 9 10 
-1061109568
3 6 7 8 9 10 
-1061109481
1 3 6 7 8 9 10 
-1061109568
2 3 6 7 8 9 10 
-1061109481
1 2 3 6 7 8 9 10 
-1061109568
3 4 6 7 8 9 10 
-1061109481
1 3 4 6 7 8 9 10 
-1061109568
2 3 4 6 7 8 9 10 
-1061109481
1 2 3 4 6 7 8 9 10 
-1061109568
3 5 6 7 8 9 10 
-1061109481
1 3 5 6 7 8 9 10 
-1061109568
2 3 5 6 7 8 9 10 
-1061109481
1 2 3 5 6 7 8 9 10 
-1061109568
3 4 5 6 7 8 9 10 
-1061109481
1 3 4 5 6 7 8 9 10 
-1061109568
2 3 4 5 6 7 8 9 10 
-1061109481
1 2 3 4 5 6 7 8 9 10 
-61
4 
26
1 4 
-1061109568
2 4 
-1061109481
1 2 4 
-112
3 4 
-25
1 3 4 
-1061109568
2 3 4 
-1061109481
1 2 3 4 
-1061109568
4 5 
-1061109481
1 4 5 
-1061109568
2 4 5 
-1061109481
1 2 4 5 
-1061109568
3 4 5 
-1061109481
1 3 4 5 
-1061109568
2 3 4 5 
-1061109481
1 2 3 4 5 
-1061109568
4 6 
-1061109481
1 4 6 
-1061109568
2 4 6 
-1061109481
1 2 4 6 
-1061109568
3 4 6 
-1061109481
1 3 4 6 
-1061109568
2 3 4 6 
-1061109481
1 2 3 4 6 
-1061109568
4 5 6 
-1061109481
1 4 5 6 
-1061109568
2 4 5 6 
-1061109481
1 2 4 5 6 
-1061109568
3 4 5 6 
-1061109481
1 3 4 5 6 
-1061109568
2 3 4 5 6 
-1061109481
1 2 3 4 5 6 
-1061109568
4 7 
-1061109481
1 4 7 
-1061109568
2 4 7 
-1061109481
1 2 4 7 
-1061109568
3 4 7 
-1061109481
1 3 4 7 
-1061109568
2 3 4 7 
-1061109481
1 2 3 4 7 
-1061109568
4 5 7 
-1061109481
1 4 5 7 
-1061109568
2 4 5 7 
-1061109481
1 2 4 5 7 
-1061109568
3 4 5 7 
-1061109481
1 3 4 5 7 
-1061109568
2 3 4 5 7 
-1061109481
1 2 3 4 5 7 
-1061109568
4 6 7 
-1061109481
1 4 6 7 
-1061109568
2 4 6 7 
-1061109481
1 2 4 6 7 
-1061109568
3 4 6 7 
-1061109481
1 3 4 6 7 
-1061109568
2 3 4 6 7 
-1061109481
1 2 3 4 6 7 
-1061109568
4 5 6 7 
-1061109481
1 4 5 6 7 
-1061109568
2 4 5 6 7 
-1061109481
1 2 4 5 6 7 
-1061109568
3 4 5 6 7 
-1061109481
1 3 4 5 6 7 
-1061109568
2 3 4 5 6 7 
-1061109481
1 2 3 4 5 6 7 
-1061109568
4 8 
-1061109481
1 4 8 
-1061109568
2 4 8 
-1061109481
1 2 4 8 
-1061109568
3 4 8 
-1061109481
1 3 4 8 
-1061109568
2 3 4 8 
-1061109481
1 2 3 4 8 
-1061109568
4 5 8 
-1061109481
1 4 5 8 
-1061109568
2 4 5 8 
-1061109481
1 2 4 5 8 
-1061109568
3 4 5 8 
-1061109481
1 3 4 5 8 
-1061109568
2 3 4 5 8 
-1061109481
1 2 3 4 5 8 
-1061109568
4 6 8 
-1061109481
1 4 6 8 
-1061109568
2 4 6 8 
-1061109481
1 2 4 6 8 
-1061109568
3 4 6 8 
-1061109481
1 3 4 6 8 
-1061109568
2 3 4 6 8 
-1061109481
1 2 3 4 6 8 
-1061109568
4 5 6 8 
-1061109481
1 4 5 6 8 
-1061109568
2 4 5 6 8 
-1061109481
1 2 4 5 6 8 
-1061109568
3 4 5 6 8 
-1061109481
1 3 4 5 6 8 
-1061109568
2 3 4 5 6 8 
-1061109481
1 2 3 4 5 6 8 
-1061109568
4 7 8 
-1061109481
1 4 7 8 
-1061109568
2 4 7 8 
-1061109481
1 2 4 7 8 
-1061109568
3 4 7 8 
-1061109481
1 3 4 7 8 
-1061109568
2 3 4 7 8 
-1061109481
1 2 3 4 7 8 
-1061109568
4 5 7 8 
-1061109481
1 4 5 7 8 
-1061109568
2 4 5 7 8 
-1061109481
1 2 4 5 7 8 
-1061109568
3 4 5 7 8 
-1061109481
1 3 4 5 7 8 
-1061109568
2 3 4 5 7 8 
-1061109481
1 2 3 4 5 7 8 
-1061109568
4 6 7 8 
-1061109481
1 4 6 7 8 
-1061109568
2 4 6 7 8 
-1061109481
1 2 4 6 7 8 
-1061109568
3 4 6 7 8 
-1061109481
1 3 4 6 7 8 
-1061109568
2 3 4 6 7 8 
-1061109481
1 2 3 4 6 7 8 
-1061109568
4 5 6 7 8 
-1061109481
1 4 5 6 7 8 
-1061109568
2 4 5 6 7 8 
-1061109481
1 2 4 5 6 7 8 
-1061109568
3 4 5 6 7 8 
-1061109481
1 3 4 5 6 7 8 
-1061109568
2 3 4 5 6 7 8 
-1061109481
1 2 3 4 5 6 7 8 
-1061109568
4 9 
-1061109481
1 4 9 
-1061109568
2 4 9 
-1061109481
1 2 4 9 
-1061109568
3 4 9 
-1061109481
1 3 4 9 
-1061109568
2 3 4 9 
-1061109481
1 2 3 4 9 
-1061109568
4 5 9 
-1061109481
1 4 5 9 
-1061109568
2 4 5 9 
-1061109481
1 2 4 5 9 
-1061109568
3 4 5 9 
-1061109481
1 3 4 5 9 
-1061109568
2 3 4 5 9 
-1061109481
1 2 3 4 5 9 
-1061109568
4 6 9 
-1061109481
1 4 6 9 
-1061109568
2 4 6 9 
-1061109481
1 2 4 6 9 
-1061109568
3 4 6 9 
-1061109481
1 3 4 6 9 
-1061109568
2 3 4 6 9 
-1061109481
1 2 3 4 6 9 
-1061109568
4 5 6 9 
-1061109481
1 4 5 6 9 
-1061109568
2 4 5 6 9 
-1061109481
1 2 4 5 6 9 
-1061109568
3 4 5 6 9 
-1061109481
1 3 4 5 6 9 
-1061109568
2 3 4 5 6 9 
-1061109481
1 2 3 4 5 6 9 
-1061109568
4 7 9 
-1061109481
1 4 7 9 
-1061109568
2 4 7 9 
-1061109481
1 2 4 7 9 
-1061109568
3 4 7 9 
-1061109481
1 3 4 7 9 
-1061109568
2 3 4 7 9 
-1061109481
1 2 3 4 7 9 
-1061109568
4 5 7 9 
-1061109481
1 4 5 7 9 
-1061109568
2 4 5 7 9 
-1061109481
1 2 4 5 7 9 
-1061109568
3 4 5 7 9 
-1061109481
1 3 4 5 7 9 
-1061109568
2 3 4 5 7 9 
-1061109481
1 2 3 4 5 7 9 
-1061109568
4 6 7 9 
-1061109481
1 4 6 7 9 
-1061109568
2 4 6 7 9 
-1061109481
1 2 4 6 7 9 
-1061109568
3 4 6 7 9 
-1061109481
1 3 4 6 7 9 
-1061109568
2 3 4 6 7 9 
-1061109481
1 2 3 4 6 7 9 
-1061109568
4 5 6 7 9 
-1061109481
1 4 5 6 7 9 
-1061109568
2 4 5 6 7 9 
-1061109481
1 2 4 5 6 7 9 
-1061109568
3 4 5 6 7 9 
-1061109481
1 3 4 5 6 7 9 
-1061109568
2 3 4 5 6 7 9 
-1061109481
1 2 3 4 5 6 7 9 
-1061109568
4 8 9 
-1061109481
1 4 8 9 
-1061109568
2 4 8 9 
-1061109481
1 2 4 8 9 
-1061109568
3 4 8 9 
-1061109481
1 3 4 8 9 
-1061109568
2 3 4 8 9 
-1061109481
1 2 3 4 8 9 
-1061109568
4 5 8 9 
-1061109481
1 4 5 8 9 
-1061109568
2 4 5 8 9 
-1061109481
1 2 4 5 8 9 
-1061109568
3 4 5 8 9 
-1061109481
1 3 4 5 8 9 
-1061109568
2 3 4 5 8 9 
-1061109481
1 2 3 4 5 8 9 
-1061109568
4 6 8 9 
-1061109481
1 4 6 8 9 
-1061109568
2 4 6 8 9 
-1061109481
1 2 4 6 8 9 
-1061109568
3 4 6 8 9 
-1061109481
1 3 4 6 8 9 
-1061109568
2 3 4 6 8 9 
-1061109481
1 2 3 4 6 8 9 
-1061109568
4 5 6 8 9 
-1061109481
1 4 5 6 8 9 
-1061109568
2 4 5 6 8 9 
-1061109481
1 2 4 5 6 8 9 
-1061109568
3 4 5 6 8 9 
-1061109481
1 3 4 5 6 8 9 
-1061109568
2 3 4 5 6 8 9 
-1061109481
1 2 3 4 5 6 8 9 
-1061109568
4 7 8 9 
-1061109481
1 4 7 8 9 
-1061109568
2 4 7 8 9 
-1061109481
1 2 4 7 8 9 
-1061109568
3 4 7 8 9 
-1061109481
1 3 4 7 8 9 
-1061109568
2 3 4 7 8 9 
-1061109481
1 2 3 4 7 8 9 
-1061109568
4 5 7 8 9 
-1061109481
1 4 5 7 8 9 
-1061109568
2 4 5 7 8 9 
-1061109481
1 2 4 5 7 8 9 
-1061109568
3 4 5 7 8 9 
-1061109481
1 3 4 5 7 8 9 
-1061109568
2 3 4 5 7 8 9 
-1061109481
1 2 3 4 5 7 8 9 
-1061109568
4 6 7 8 9 
-1061109481
1 4 6 7 8 9 
-1061109568
2 4 6 7 8 9 
-1061109481
1 2 4 6 7 8 9 
-1061109568
3 4 6 7 8 9 
-1061109481
1 3 4 6 7 8 9 
-1061109568
2 3 4 6 7 8 9 
-1061109481
1 2 3 4 6 7 8 9 
-1061109568
4 5 6 7 8 9 
-1061109481
1 4 5 6 7 8 9 
-1061109568
2 4 5 6 7 8 9 
-1061109481
1 2 4 5 6 7 8 9 
-1061109568
3 4 5 6 7 8 9 
-1061109481
1 3 4 5 6 7 8 9 
-1061109568
2 3 4 5 6 7 8 9 
-1061109481
1 2 3 4 5 6 7 8 9 
-1061109568
4 10 
-1061109481
1 4 10 
-1061109568
2 4 10 
-1061109481
1 2 4 10 
-1061109568
3 4 10 
-1061109481
1 3 4 10 
-1061109568
2 3 4 10 
-1061109481
1 2 3 4 10 
-1061109568
4 5 10 
-1061109481
1 4 5 10 
-1061109568
2 4 5 10 
-1061109481
1 2 4 5 10 
-1061109568
3 4 5 10 
-1061109481
1 3 4 5 10 
-1061109568
2 3 4 5 10 
-1061109481
1 2 3 4 5 10 
-1061109568
4 6 10 
-1061109481
1 4 6 10 
-1061109568
2 4 6 10 
-1061109481
1 2 4 6 10 
-1061109568
3 4 6 10 
-1061109481
1 3 4 6 10 
-1061109568
2 3 4 6 10 
-1061109481
1 2 3 4 6 10 
-1061109568
4 5 6 10 
-1061109481
1 4 5 6 10 
-1061109568
2 4 5 6 10 
-1061109481
1 2 4 5 6 10 
-1061109568
3 4 5 6 10 
-1061109481
1 3 4 5 6 10 
-1061109568
2 3 4 5 6 10 
-1061109481
1 2 3 4 5 6 10 
-1061109568
4 7 10 
-1061109481
1 4 7 10 
-1061109568
2 4 7 10 
-1061109481
1 2 4 7 10 
-1061109568
3 4 7 10 
-1061109481
1 3 4 7 10 
-1061109568
2 3 4 7 10 
-1061109481
1 2 3 4 7 10 
-1061109568
4 5 7 10 
-1061109481
1 4 5 7 10 
-1061109568
2 4 5 7 10 
-1061109481
1 2 4 5 7 10 
-1061109568
3 4 5 7 10 
-1061109481
1 3 4 5 7 10 
-1061109568
2 3 4 5 7 10 
-1061109481
1 2 3 4 5 7 10 
-1061109568
4 6 7 10 
-1061109481
1 4 6 7 10 
-1061109568
2 4 6 7 10 
-1061109481
1 2 4 6 7 10 
-1061109568
3 4 6 7 10 
-1061109481
1 3 4 6 7 10 
-1061109568
2 3 4 6 7 10 
-1061109481
1 2 3 4 6 7 10 
-1061109568
4 5 6 7 10 
-1061109481
1 4 5 6 7 10 
-1061109568
2 4 5 6 7 10 
-1061109481
1 2 4 5 6 7 10 
-1061109568
3 4 5 6 7 10 
-1061109481
1 3 4 5 6 7 10 
-1061109568
2 3 4 5 6 7 10 
-1061109481
1 2 3 4 5 6 7 10 
-1061109568
4 8 10 
-1061109481
1 4 8 10 
-1061109568
2 4 8 10 
-1061109481
1 2 4 8 10 
-1061109568
3 4 8 10 
-1061109481
1 3 4 8 10 
-1061109568
2 3 4 8 10 
-1061109481
1 2 3 4 8 10 
-1061109568
4 5 8 10 
-1061109481
1 4 5 8 10 
-1061109568
2 4 5 8 10 
-1061109481
1 2 4 5 8 10 
-1061109568
3 4 5 8 10 
-1061109481
1 3 4 5 8 10 
-1061109568
2 3 4 5 8 10 
-1061109481
1 2 3 4 5 8 10 
-1061109568
4 6 8 10 
-1061109481
1 4 6 8 10 
-1061109568
2 4 6 8 10 
-1061109481
1 2 4 6 8 10 
-1061109568
3 4 6 8 10 
-1061109481
1 3 4 6 8 10 
-1061109568
2 3 4 6 8 10 
-1061109481
1 2 3 4 6 8 10 
-1061109568
4 5 6 8 10 
-1061109481
1 4 5 6 8 10 
-1061109568
2 4 5 6 8 10 
-1061109481
1 2 4 5 6 8 10 
-1061109568
3 4 5 6 8 10 
-1061109481
1 3 4 5 6 8 10 
-1061109568
2 3 4 5 6 8 10 
-1061109481
1 2 3 4 5 6 8 10 
-1061109568
4 7 8 10 
-1061109481
1 4 7 8 10 
-1061109568
2 4 7 8 10 
-1061109481
1 2 4 7 8 10 
-1061109568
3 4 7 8 10 
-1061109481
1 3 4 7 8 10 
-1061109568
2 3 4 7 8 10 
-1061109481
1 2 3 4 7 8 10 
-1061109568
4 5 7 8 10 
-1061109481
1 4 5 7 8 10 
-1061109568
2 4 5 7 8 10 
-1061109481
1 2 4 5 7 8 10 
-1061109568
3 4 5 7 8 10 
-1061109481
1 3 4 5 7 8 10 
-1061109568
2 3 4 5 7 8 10 
-1061109481
1 2 3 4 5 7 8 10 
-1061109568
4 6 7 8 10 
-1061109481
1 4 6 7 8 10 
-1061109568
2 4 6 7 8 10 
-1061109481
1 2 4 6 7 8 10 
-1061109568
3 4 6 7 8 10 
-1061109481
1 3 4 6 7 8 10 
-1061109568
2 3 4 6 7 8 10 
-1061109481
1 2 3 4 6 7 8 10 
-1061109568
4 5 6 7 8 10 
-1061109481
1 4 5 6 7 8 10 
-1061109568
2 4 5 6 7 8 10 
-1061109481
1 2 4 5 6 7 8 10 
-1061109568
3 4 5 6 7 8 10 
-1061109481
1 3 4 5 6 7 8 10 
-1061109568
2 3 4 5 6 7 8 10 
-1061109481
1 2 3 4 5 6 7 8 10 
-1061109568
4 9 10 
-1061109481
1 4 9 10 
-1061109568
2 4 9 10 
-1061109481
1 2 4 9 10 
-1061109568
3 4 9 10 
-1061109481
1 3 4 9 10 
-1061109568
2 3 4 9 10 
-1061109481
1 2 3 4 9 10 
-1061109568
4 5 9 10 
-1061109481
1 4 5 9 10 
-1061109568
2 4 5 9 10 
-1061109481
1 2 4 5 9 10 
-1061109568
3 4 5 9 10 
-1061109481
1 3 4 5 9 10 
-1061109568
2 3 4 5 9 10 
-1061109481
1 2 3 4 5 9 10 
-1061109568
4 6 9 10 
-1061109481
1 4 6 9 10 
-1061109568
2 4 6 9 10 
-1061109481
1 2 4 6 9 10 
-1061109568
3 4 6 9 10 
-1061109481
1 3 4 6 9 10 
-1061109568
2 3 4 6 9 10 
-1061109481
1 2 3 4 6 9 10 
-1061109568
4 5 6 9 10 
-1061109481
1 4 5 6 9 10 
-1061109568
2 4 5 6 9 10 
-1061109481
1 2 4 5 6 9 10 
-1061109568
3 4 5 6 9 10 
-1061109481
1 3 4 5 6 9 10 
-1061109568
2 3 4 5 6 9 10 
-1061109481
1 2 3 4 5 6 9 10 
-1061109568
4 7 9 10 
-1061109481
1 4 7 9 10 
-1061109568
2 4 7 9 10 
-1061109481
1 2 4 7 9 10 
-1061109568
3 4 7 9 10 
-1061109481
1 3 4 7 9 10 
-1061109568
2 3 4 7 9 10 
-1061109481
1 2 3 4 7 9 10 
-1061109568
4 5 7 9 10 
-1061109481
1 4 5 7 9 10 
-1061109568
2 4 5 7 9 10 
-1061109481
1 2 4 5 7 9 10 
-1061109568
3 4 5 7 9 10 
-1061109481
1 3 4 5 7 9 10 
-1061109568
2 3 4 5 7 9 10 
-1061109481
1 2 3 4 5 7 9 10 
-1061109568
4 6 7 9 10 
-1061109481
1 4 6 7 9 10 
-1061109568
2 4 6 7 9 10 
-1061109481
1 2 4 6 7 9 10 
-1061109568
3 4 6 7 9 10 
-1061109481
1 3 4 6 7 9 10 
-1061109568
2 3 4 6 7 9 10 
-1061109481
1 2 3 4 6 7 9 10 
-1061109568
4 5 6 7 9 10 
-1061109481
1 4 5 6 7 9 10 
-1061109568
2 4 5 6 7 9 10 
-1061109481
1 2 4 5 6 7 9 10 
-1061109568
3 4 5 6 7 9 10 
-1061109481
1 3 4 5 6 7 9 10 
-1061109568
2 3 4 5 6 7 9 10 
-1061109481
1 2 3 4 5 6 7 9 10 
-1061109568
4 8 9 10 
-1061109481
1 4 8 9 10 
-1061109568
2 4 8 9 10 
-1061109481
1 2 4 8 9 10 
-1061109568
3 4 8 9 10 
-1061109481
1 3 4 8 9 10 
-1061109568
2 3 4 8 9 10 
-1061109481
1 2 3 4 8 9 10 
-1061109568
4 5 8 9 10 
-1061109481
1 4 5 8 9 10 
-1061109568
2 4 5 8 9 10 
-1061109481
1 2 4 5 8 9 10 
-1061109568
3 4 5 8 9 10 
-1061109481
1 3 4 5 8 9 10 
-1061109568
2 3 4 5 8 9 10 
-1061109481
1 2 3 4 5 8 9 10 
-1061109568
4 6 8 9 10 
-1061109481
1 4 6 8 9 10 
-1061109568
2 4 6 8 9 10 
-1061109481
1 2 4 6 8 9 10 
-1061109568
3 4 6 8 9 10 
-1061109481
1 3 4 6 8 9 10 
-1061109568
2 3 4 6 8 9 10 
-1061109481
1 2 3 4 6 8 9 10 
-1061109568
4 5 6 8 9 10 
-1061109481
1 4 5 6 8 9 10 
-1061109568
2 4 5 6 8 9 10 
-1061109481
1 2 4 5 6 8 9 10 
-1061109568
3 4 5 6 8 9 10 
-1061109481
1 3 4 5 6 8 9 10 
-1061109568
2 3 4 5 6 8 9 10 
-1061109481
1 2 3 4 5 6 8 9 10 
-1061109568
4 7 8 9 10 
-1061109481
1 4 7 8 9 10 
-1061109568
2 4 7 8 9 10 
-1061109481
1 2 4 7 8 9 10 
-1061109568
3 4 7 8 9 10 
-1061109481
1 3 4 7 8 9 10 
-1061109568
2 3 4 7 8 9 10 
-1061109481
1 2 3 4 7 8 9 10 
-1061109568
4 5 7 8 9 10 
-1061109481
1 4 5 7 8 9 10 
-1061109568
2 4 5 7 8 9 10 
-1061109481
1 2 4 5 7 8 9 10 
-1061109568
3 4 5 7 8 9 10 
-1061109481
1 3 4 5 7 8 9 10 
-1061109568
2 3 4 5 7 8 9 10 
-1061109481
1 2 3 4 5 7 8 9 10 
-1061109568
4 6 7 8 9 10 
-1061109481
1 4 6 7 8 9 10 
-1061109568
2 4 6 7 8 9 10 
-1061109481
1 2 4 6 7 8 9 10 
-1061109568
3 4 6 7 8 9 10 
-1061109481
1 3 4 6 7 8 9 10 
-1061109568
2 3 4 6 7 8 9 10 
-1061109481
1 2 3 4 6 7 8 9 10 
-1061109568
4 5 6 7 8 9 10 
-1061109481
1 4 5 6 7 8 9 10 
-1061109568
2 4 5 6 7 8 9 10 
-1061109481
1 2 4 5 6 7 8 9 10 
-1061109568
3 4 5 6 7 8 9 10 
-1061109481
1 3 4 5 6 7 8 9 10 
-1061109568
2 3 4 5 6 7 8 9 10 
-1061109481
1 2 3 4 5 6 7 8 9 10 
25
2 
112
1 2 
-26
2 3 
61
1 2 3 
-36
2 4 
51
1 2 4 
-87
2 3 4 
0
1 2 3 4 
-1061109543
2 5 
-1061109456
1 2 5 
-1061109543
2 3 5 
-1061109456
1 2 3 5 
-1061109543
2 4 5 
-1061109456
1 2 4 5 
-1061109543
2 3 4 5 
-1061109456
1 2 3 4 5 
-1061109543
2 6 
-1061109456
1 2 6 
-1061109543
2 3 6 
-1061109456
1 2 3 6 
-1061109543
2 4 6 
-1061109456
1 2 4 6 
-1061109543
2 3 4 6 
-1061109456
1 2 3 4 6 
-1061109543
2 5 6 
-1061109456
1 2 5 6 
-1061109543
2 3 5 6 
-1061109456
1 2 3 5 6 
-1061109543
2 4 5 6 
-1061109456
1 2 4 5 6 
-1061109543
2 3 4 5 6 
-1061109456
1 2 3 4 5 6 
-1061109543
2 7 
-1061109456
1 2 7 
-1061109543
2 3 7 
-1061109456
1 2 3 7 
-1061109543
2 4 7 
-1061109456
1 2 4 7 
-1061109543
2 3 4 7 
-1061109456
1 2 3 4 7 
-1061109543
2 5 7 
-1061109456
1 2 5 7 
-1061109543
2 3 5 7 
-1061109456
1 2 3 5 7 
-1061109543
2 4 5 7 
-1061109456
1 2 4 5 7 
-1061109543
2 3 4 5 7 
-1061109456
1 2 3 4 5 7 
-1061109543
2 6 7 
-1061109456
1 2 6 7 
-1061109543
2 3 6 7 
-1061109456
1 2 3 6 7 
-1061109543
2 4 6 7 
-1061109456
1 2 4 6 7 
-1061109543
2 3 4 6 7 
-1061109456
1 2 3 4 6 7 
-1061109543
2 5 6 7 
-1061109456
1 2 5 6 7 
-1061109543
2 3 5 6 7 
-1061109456
1 2 3 5 6 7 
-1061109543
2 4 5 6 7 
-1061109456
1 2 4 5 6 7 
-1061109543
2 3 4 5 6 7 
-1061109456
1 2 3 4 5 6 7 
-1061109543
2 8 
-1061109456
1 2 8 
-1061109543
2 3 8 
-1061109456
1 2 3 8 
-1061109543
2 4 8 
-1061109456
1 2 4 8 
-1061109543
2 3 4 8 
-1061109456
1 2 3 4 8 
-1061109543
2 5 8 
-1061109456
1 2 5 8 
-1061109543
2 3 5 8 
-1061109456
1 2 3 5 8 
-1061109543
2 4 5 8 
-1061109456
1 2 4 5 8 
-1061109543
2 3 4 5 8 
-1061109456
1 2 3 4 5 8 
-1061109543
2 6 8 
-1061109456
1 2 6 8 
-1061109543
2 3 6 8 
-1061109456
1 2 3 6 8 
-1061109543
2 4 6 8 
-1061109456
1 2 4 6 8 
-1061109543
2 3 4 6 8 
-1061109456
1 2 3 4 6 8 
-1061109543
2 5 6 8 
-1061109456
1 2 5 6 8 
-1061109543
2 3 5 6 8 
-1061109456
1 2 3 5 6 8 
-1061109543
2 4 5 6 8 
-1061109456
1 2 4 5 6 8 
-1061109543
2 3 4 5 6 8 
-1061109456
1 2 3 4 5 6 8 
-1061109543
2 7 8 
-1061109456
1 2 7 8 
-1061109543
2 3 7 8 
-1061109456
1 2 3 7 8 
-1061109543
2 4 7 8 
-1061109456
1 2 4 7 8 
-1061109543
2 3 4 7 8 
-1061109456
1 2 3 4 7 8 
-1061109543
2 5 7 8 
-1061109456
1 2 5 7 8 
-1061109543
2 3 5 7 8 
-1061109456
1 2 3 5 7 8 
-1061109543
2 4 5 7 8 
-1061109456
1 2 4 5 7 8 
-1061109543
2 3 4 5 7 8 
-1061109456
1 2 3 4 5 7 8 
-1061109543
2 6 7 8 
-1061109456
1 2 6 7 8 
-1061109543
2 3 6 7 8 
-1061109456
1 2 3 6 7 8 
-1061109543
2 4 6 7 8 
-1061109456
1 2 4 6 7 8 
-1061109543
2 3 4 6 7 8 
-1061109456
1 2 3 4 6 7 8 
-1061109543
2 5 6 7 8 
-1061109456
1 2 5 6 7 8 
-1061109543
2 3 5 6 7 8 
-1061109456
1 2 3 5 6 7 8 
-1061109543
2 4 5 6 7 8 
-1061109456
1 2 4 5 6 7 8 
-1061109543
2 3 4 5 6 7 8 
-1061109456
1 2 3 4 5 6 7 8 
-1061109543
2 9 
-1061109456
1 2 9 
-1061109543
2 3 9 
-1061109456
1 2 3 9 
-1061109543
2 4 9 
-1061109456
1 2 4 9 
-1061109543
2 3 4 9 
-1061109456
1 2 3 4 9 
-1061109543
2 5 9 
-1061109456
1 2 5 9 
-1061109543
2 3 5 9 
-1061109456
1 2 3 5 9 
-1061109543
2 4 5 9 
-1061109456
1 2 4 5 9 
-1061109543
2 3 4 5 9 
-1061109456
1 2 3 4 5 9 
-1061109543
2 6 9 
-1061109456
1 2 6 9 
-1061109543
2 3 6 9 
-1061109456
1 2 3 6 9 
-1061109543
2 4 6 9 
-1061109456
1 2 4 6 9 
-1061109543
2 3 4 6 9 
-1061109456
1 2 3 4 6 9 
-1061109543
2 5 6 9 
-1061109456
1 2 5 6 9 
-1061109543
2 3 5 6 9 
-1061109456
1 2 3 5 6 9 
-1061109543
2 4 5 6 9 
-1061109456
1 2 4 5 6 9 
-1061109543
2 3 4 5 6 9 
-1061109456
1 2 3 4 5 6 9 
-1061109543
2 7 9 
-1061109456
1 2 7 9 
-1061109543
2 3 7 9 
-1061109456
1 2 3 7 9 
-1061109543
2 4 7 9 
-1061109456
1 2 4 7 9 
-1061109543
2 3 4 7 9 
-1061109456
1 2 3 4 7 9 
-1061109543
2 5 7 9 
-1061109456
1 2 5 7 9 
-1061109543
2 3 5 7 9 
-1061109456
1 2 3 5 7 9 
-1061109543
2 4 5 7 9 
-1061109456
1 2 4 5 7 9 
-1061109543
2 3 4 5 7 9 
-1061109456
1 2 3 4 5 7 9 
-1061109543
2 6 7 9 
-1061109456
1 2 6 7 9 
-1061109543
2 3 6 7 9 
-1061109456
1 2 3 6 7 9 
-1061109543
2 4 6 7 9 
-1061109456
1 2 4 6 7 9 
-1061109543
2 3 4 6 7 9 
-1061109456
1 2 3 4 6 7 9 
-1061109543
2 5 6 7 9 
-1061109456
1 2 5 6 7 9 
-1061109543
2 3 5 6 7 9 
-1061109456
1 2 3 5 6 7 9 
-1061109543
2 4 5 6 7 9 
-1061109456
1 2 4 5 6 7 9 
-1061109543
2 3 4 5 6 7 9 
-1061109456
1 2 3 4 5 6 7 9 
-1061109543
2 8 9 
-1061109456
1 2 8 9 
-1061109543
2 3 8 9 
-1061109456
1 2 3 8 9 
-1061109543
2 4 8 9 
-1061109456
1 2 4 8 9 
-1061109543
2 3 4 8 9 
-1061109456
1 2 3 4 8 9 
-1061109543
2 5 8 9 
-1061109456
1 2 5 8 9 
-1061109543
2 3 5 8 9 
-1061109456
1 2 3 5 8 9 
-1061109543
2 4 5 8 9 
-1061109456
1 2 4 5 8 9 
-1061109543
2 3 4 5 8 9 
-1061109456
1 2 3 4 5 8 9 
-1061109543
2 6 8 9 
-1061109456
1 2 6 8 9 
-1061109543
2 3 6 8 9 
-1061109456
1 2 3 6 8 9 
-1061109543
2 4 6 8 9 
-1061109456
1 2 4 6 8 9 
-1061109543
2 3 4 6 8 9 
-1061109456
1 2 3 4 6 8 9 
-1061109543
2 5 6 8 9 
-1061109456
1 2 5 6 8 9 
-1061109543
2 3 5 6 8 9 
-1061109456
1 2 3 5 6 8 9 
-1061109543
2 4 5 6 8 9 
-1061109456
1 2 4 5 6 8 9 
-1061109543
2 3 4 5 6 8 9 
-1061109456
1 2 3 4 5 6 8 9 
-1061109543
2 7 8 9 
-1061109456
1 2 7 8 9 
-1061109543
2 3 7 8 9 
-1061109456
1 2 3 7 8 9 
-1061109543
2 4 7 8 9 
-1061109456
1 2 4 7 8 9 
-1061109543
2 3 4 7 8 9 
-1061109456
1 2 3 4 7 8 9 
-1061109543
2 5 7 8 9 
-1061109456
1 2 5 7 8 9 
-1061109543
2 3 5 7 8 9 
-1061109456
1 2 3 5 7 8 9 
-1061109543
2 4 5 7 8 9 
-1061109456
1 2 4 5 7 8 9 
-1061109543
2 3 4 5 7 8 9 
-1061109456
1 2 3 4 5 7 8 9 
-1061109543
2 6 7 8 9 
-1061109456
1 2 6 7 8 9 
-1061109543
2 3 6 7 8 9 
-1061109456
1 2 3 6 7 8 9 
-1061109543
2 4 6 7 8 9 
-1061109456
1 2 4 6 7 8 9 
-1061109543
2 3 4 6 7 8 9 
-1061109456
1 2 3 4 6 7 8 9 
-1061109543
2 5 6 7 8 9 
-1061109456
1 2 5 6 7 8 9 
-1061109543
2 3 5 6 7 8 9 
-1061109456
1 2 3 5 6 7 8 9 
-1061109543
2 4 5 6 7 8 9 
-1061109456
1 2 4 5 6 7 8 9 
-1061109543
2 3 4 5 6 7 8 9 
-1061109456
1 2 3 4 5 6 7 8 9 
-1061109543
2 10 
-1061109456
1 2 10 
-1061109543
2 3 10 
-1061109456
1 2 3 10 
-1061109543
2 4 10 
-1061109456
1 2 4 10 
-1061109543
2 3 4 10 
-1061109456
1 2 3 4 10 
-1061109543
2 5 10 
-1061109456
1 2 5 10 
-1061109543
2 3 5 10 
-1061109456
1 2 3 5 10 
-1061109543
2 4 5 10 
-1061109456
1 2 4 5 10 
-1061109543
2 3 4 5 10 
-1061109456
1 2 3 4 5 10 
-1061109543
2 6 10 
-1061109456
1 2 6 10 
-1061109543
2 3 6 10 
-1061109456
1 2 3 6 10 
-1061109543
2 4 6 10 
-1061109456
1 2 4 6 10 
-1061109543
2 3 4 6 10 
-1061109456
1 2 3 4 6 10 
-1061109543
2 5 6 10 
-1061109456
1 2 5 6 10 
-1061109543
2 3 5 6 10 
-1061109456
1 2 3 5 6 10 
-1061109543
2 4 5 6 10 
-1061109456
1 2 4 5 6 10 
-1061109543
2 3 4 5 6 10 
-1061109456
1 2 3 4 5 6 10 
-1061109543
2 7 10 
-1061109456
1 2 7 10 
-1061109543
2 3 7 10 
-1061109456
1 2 3 7 10 
-1061109543
2 4 7 10 
-1061109456
1 2 4 7 10 
-1061109543
2 3 4 7 10 
-1061109456
1 2 3 4 7 10 
-1061109543
2 5 7 10 
-1061109456
1 2 5 7 10 
-1061109543
2 3 5 7 10 
-1061109456
1 2 3 5 7 10 
-1061109543
2 4 5 7 10 
-1061109456
1 2 4 5 7 10 
-1061109543
2 3 4 5 7 10 
-1061109456
1 2 3 4 5 7 10 
-1061109543
2 6 7 10 
-1061109456
1 2 6 7 10 
-1061109543
2 3 6 7 10 
-1061109456
1 2 3 6 7 10 
-1061109543
2 4 6 7 10 
-1061109456
1 2 4 6 7 10 
-1061109543
2 3 4 6 7 10 
-1061109456
1 2 3 4 6 7 10 
-1061109543
2 5 6 7 10 
-1061109456
1 2 5 6 7 10 
-1061109543
2 3 5 6 7 10 
-1061109456
1 2 3 5 6 7 10 
-1061109543
2 4 5 6 7 10 
-1061109456
1 2 4 5 6 7 10 
-1061109543
2 3 4 5 6 7 10 
-1061109456
1 2 3 4 5 6 7 10 
-1061109543
2 8 10 
-1061109456
1 2 8 10 
-1061109543
2 3 8 10 
-1061109456
1 2 3 8 10 
-1061109543
2 4 8 10 
-1061109456
1 2 4 8 10 
-1061109543
2 3 4 8 10 
-1061109456
1 2 3 4 8 10 
-1061109543
2 5 8 10 
-1061109456
1 2 5 8 10 
-1061109543
2 3 5 8 10 
-1061109456
1 2 3 5 8 10 
-1061109543
2 4 5 8 10 
-1061109456
1 2 4 5 8 10 
-1061109543
2 3 4 5 8 10 
-1061109456
1 2 3 4 5 8 10 
-1061109543
2 6 8 10 
-1061109456
1 2 6 8 10 
-1061109543
2 3 6 8 10 
-1061109456
1 2 3 6 8 10 
-1061109543
2 4 6 8 10 
-1061109456
1 2 4 6 8 10 
-1061109543
2 3 4 6 8 10 
-1061109456
1 2 3 4 6 8 10 
-1061109543
2 5 6 8 10 
-1061109456
1 2 5 6 8 10 
-1061109543
2 3 5 6 8 10 
-1061109456
1 2 3 5 6 8 10 
-1061109543
2 4 5 6 8 10 
-1061109456
1 2 4 5 6 8 10 
-1061109543
2 3 4 5 6 8 10 
-1061109456
1 2 3 4 5 6 8 10 
-1061109543
2 7 8 10 
-1061109456
1 2 7 8 10 
-1061109543
2 3 7 8 10 
-1061109456
1 2 3 7 8 10 
-1061109543
2 4 7 8 10 
-1061109456
1 2 4 7 8 10 
-1061109543
2 3 4 7 8 10 
-1061109456
1 2 3 4 7 8 10 
-1061109543
2 5 7 8 10 
-1061109456
1 2 5 7 8 10 
-1061109543
2 3 5 7 8 10 
-1061109456
1 2 3 5 7 8 10 
-1061109543
2 4 5 7 8 10 
-1061109456
1 2 4 5 7 8 10 
-1061109543
2 3 4 5 7 8 10 
-1061109456
1 2 3 4 5 7 8 10 
-1061109543
2 6 7 8 10 
-1061109456
1 2 6 7 8 10 
-1061109543
2 3 6 7 8 10 
-1061109456
1 2 3 6 7 8 10 
-1061109543
2 4 6 7 8 10 
-1061109456
1 2 4 6 7 8 10 
-1061109543
2 3 4 6 7 8 10 
-1061109456
1 2 3 4 6 7 8 10 
-1061109543
2 5 6 7 8 10 
-1061109456
1 2 5 6 7 8 10 
-1061109543
2 3 5 6 7 8 10 
-1061109456
1 2 3 5 6 7 8 10 
-1061109543
2 4 5 6 7 8 10 
-1061109456
1 2 4 5 6 7 8 10 
-1061109543
2 3 4 5 6 7 8 10 
-1061109456
1 2 3 4 5 6 7 8 10 
-1061109543
2 9 10 
-1061109456
1 2 9 10 
-1061109543
2 3 9 10 
-1061109456
1 2 3 9 10 
-1061109543
2 4 9 10 
-1061109456
1 2 4 9 10 
-1061109543
2 3 4 9 10 
-1061109456
1 2 3 4 9 10 
-1061109543
2 5 9 10 
-1061109456
1 2 5 9 10 
-1061109543
2 3 5 9 10 
-1061109456
1 2 3 5 9 10 
-1061109543
2 4 5 9 10 
-1061109456
1 2 4 5 9 10 
-1061109543
2 3 4 5 9 10 
-1061109456
1 2 3 4 5 9 10 
-1061109543
2 6 9 10 
-1061109456
1 2 6 9 10 
-1061109543
2 3 6 9 10 
-1061109456
1 2 3 6 9 10 
-1061109543
2 4 6 9 10 
-1061109456
1 2 4 6 9 10 
-1061109543
2 3 4 6 9 10 
-1061109456
1 2 3 4 6 9 10 
-1061109543
2 5 6 9 10 
-1061109456
1 2 5 6 9 10 
-1061109543
2 3 5 6 9 10 
-1061109456
1 2 3 5 6 9 10 
-1061109543
2 4 5 6 9 10 
-1061109456
1 2 4 5 6 9 10 
-1061109543
2 3 4 5 6 9 10 
-1061109456
1 2 3 4 5 6 9 10 
-1061109543
2 7 9 10 
-1061109456
1 2 7 9 10 
-1061109543
2 3 7 9 10 
-1061109456
1 2 3 7 9 10 
-1061109543
2 4 7 9 10 
-1061109456
1 2 4 7 9 10 
-1061109543
2 3 4 7 9 10 
-1061109456
1 2 3 4 7 9 10 
-1061109543
2 5 7 9 10 
-1061109456
1 2 5 7 9 10 
-1061109543
2 3 5 7 9 10 
-1061109456
1 2 3 5 7 9 10 
-1061109543
2 4 5 7 9 10 
-1061109456
1 2 4 5 7 9 10 
-1061109543
2 3 4 5 7 9 10 
-1061109456
1 2 3 4 5 7 9 10 
-1061109543
2 6 7 9 10 
-1061109456
1 2 6 7 9 10 
-1061109543
2 3 6 7 9 10 
-1061109456
1 2 3 6 7 9 10 
-1061109543
2 4 6 7 9 10 
-1061109456
1 2 4 6 7 9 10 
-1061109543
2 3 4 6 7 9 10 
-1061109456
1 2 3 4 6 7 9 10 
-1061109543
2 5 6 7 9 10 
-1061109456
1 2 5 6 7 9 10 
-1061109543
2 3 5 6 7 9 10 
-1061109456
1 2 3 5 6 7 9 10 
-1061109543
2 4 5 6 7 9 10 
-1061109456
1 2 4 5 6 7 9 10 
-1061109543
2 3 4 5 6 7 9 10 
-1061109456
1 2 3 4 5 6 7 9 10 
-1061109543
2 8 9 10 
-1061109456
1 2 8 9 10 
-1061109543
2 3 8 9 10 
-1061109456
1 2 3 8 9 10 
-1061109543
2 4 8 9 10 
-1061109456
1 2 4 8 9 10 
-1061109543
2 3 4 8 9 10 
-1061109456
1 2 3 4 8 9 10 
-1061109543
2 5 8 9 10 
-1061109456
1 2 5 8 9 10 
-1061109543
2 3 5 8 9 10 
-1061109456
1 2 3 5 8 9 10 
-1061109543
2 4 5 8 9 10 
-1061109456
1 2 4 5 8 9 10 
-1061109543
2 3 4 5 8 9 10 
-1061109456
1 2 3 4 5 8 9 10 
-1061109543
2 6 8 9 10 
-1061109456
1 2 6 8 9 10 
-1061109543
2 3 6 8 9 10 
-1061109456
1 2 3 6 8 9 10 
-1061109543
2 4 6 8 9 10 
-1061109456
1 2 4 6 8 9 10 
-1061109543
2 3 4 6 8 9 10 
-1061109456
1 2 3 4 6 8 9 10 
-1061109543
2 5 6 8 9 10 
-1061109456
1 2 5 6 8 9 10 
-1061109543
2 3 5 6 8 9 10 
-1061109456
1 2 3 5 6 8 9 10 
-1061109543
2 4 5 6 8 9 10 
-1061109456
1 2 4 5 6 8 9 10 
-1061109543
2 3 4 5 6 8 9 10 
-1061109456
1 2 3 4 5 6 8 9 10 
-1061109543
2 7 8 9 10 
-1061109456
1 2 7 8 9 10 
-1061109543
2 3 7 8 9 10 
-1061109456
1 2 3 7 8 9 10 
-1061109543
2 4 7 8 9 10 
-1061109456
1 2 4 7 8 9 10 
-1061109543
2 3 4 7 8 9 10 
-1061109456
1 2 3 4 7 8 9 10 
-1061109543
2 5 7 8 9 10 
-1061109456
1 2 5 7 8 9 10 
-1061109543
2 3 5 7 8 9 10 
-1061109456
1 2 3 5 7 8 9 10 
-1061109543
2 4 5 7 8 9 10 
-1061109456
1 2 4 5 7 8 9 10 
-1061109543
2 3 4 5 7 8 9 10 
-1061109456
1 2 3 4 5 7 8 9 10 
-1061109543
2 6 7 8 9 10 
-1061109456
1 2 6 7 8 9 10 
-1061109543
2 3 6 7 8 9 10 
-1061109456
1 2 3 6 7 8 9 10 
-1061109543
2 4 6 7 8 9 10 
-1061109456
1 2 4 6 7 8 9 10 
-1061109543
2 3 4 6 7 8 9 10 
-1061109456
1 2 3 4 6 7 8 9 10 
-1061109543
2 5 6 7 8 9 10 
-1061109456
1 2 5 6 7 8 9 10 
-1061109543
2 3 5 6 7 8 9 10 
-1061109456
1 2 3 5 6 7 8 9 10 
-1061109543
2 4 5 6 7 8 9 10 
-1061109456
1 2 4 5 6 7 8 9 10 
-1061109543
2 3 4 5 6 7 8 9 10 
-1061109456
1 2 3 4 5 6 7 8 9 10 
32
5 
57
2 5 
-19
3 5 
6
2 3 5 
-29
4 5 
58
1 4 5 
-4
2 4 5 
83
1 2 4 5 
-80
3 4 5 
7
1 3 4 5 
-55
2 3 4 5 
32
1 2 3 4 5 
-1061109536
5 6 
-1061109511
2 5 6 
-1061109536
3 5 6 
-1061109511
2 3 5 6 
-1061109536
4 5 6 
-1061109449
1 4 5 6 
-1061109511
2 4 5 6 
-1061109424
1 2 4 5 6 
-1061109536
3 4 5 6 
-1061109449
1 3 4 5 6 
-1061109511
2 3 4 5 6 
-1061109424
1 2 3 4 5 6 
-1061109536
5 7 
-1061109511
2 5 7 
-1061109536
3 5 7 
-1061109511
2 3 5 7 
-1061109536
4 5 7 
-1061109449
1 4 5 7 
-1061109511
2 4 5 7 
-1061109424
1 2 4 5 7 
-1061109536
3 4 5 7 
-1061109449
1 3 4 5 7 
-1061109511
2 3 4 5 7 
-1061109424
1 2 3 4 5 7 
-1061109536
5 6 7 
-1061109511
2 5 6 7 
-1061109536
3 5 6 7 
-1061109511
2 3 5 6 7 
-1061109536
4 5 6 7 
-1061109449
1 4 5 6 7 
-1061109511
2 4 5 6 7 
-1061109424
1 2 4 5 6 7 
-1061109536
3 4 5 6 7 
-1061109449
1 3 4 5 6 7 
-1061109511
2 3 4 5 6 7 
-1061109424
1 2 3 4 5 6 7 
-1061109536
5 8 
-1061109511
2 5 8 
-1061109536
3 5 8 
-1061109511
2 3 5 8 
-1061109536
4 5 8 
-1061109449
1 4 5 8 
-1061109511
2 4 5 8 
-1061109424
1 2 4 5 8 
-1061109536
3 4 5 8 
-1061109449
1 3 4 5 8 
-1061109511
2 3 4 5 8 
-1061109424
1 2 3 4 5 8 
-1061109536
5 6 8 
-1061109511
2 5 6 8 
-1061109536
3 5 6 8 
-1061109511
2 3 5 6 8 
-1061109536
4 5 6 8 
-1061109449
1 4 5 6 8 
-1061109511
2 4 5 6 8 
-1061109424
1 2 4 5 6 8 
-1061109536
3 4 5 6 8 
-1061109449
1 3 4 5 6 8 
-1061109511
2 3 4 5 6 8 
-1061109424
1 2 3 4 5 6 8 
-1061109536
5 7 8 
-1061109511
2 5 7 8 
-1061109536
3 5 7 8 
-1061109511
2 3 5 7 8 
-1061109536
4 5 7 8 
-1061109449
1 4 5 7 8 
-1061109511
2 4 5 7 8 
-1061109424
1 2 4 5 7 8 
-1061109536
3 4 5 7 8 
-1061109449
1 3 4 5 7 8 
-1061109511
2 3 4 5 7 8 
-1061109424
1 2 3 4 5 7 8 
-1061109536
5 6 7 8 
-1061109511
2 5 6 7 8 
-1061109536
3 5 6 7 8 
-1061109511
2 3 5 6 7 8 
-1061109536
4 5 6 7 8 
-1061109449
1 4 5 6 7 8 
-1061109511
2 4 5 6 7 8 
-1061109424
1 2 4 5 6 7 8 
-1061109536
3 4 5 6 7 8 
-1061109449
1 3 4 5 6 7 8 
-1061109511
2 3 4 5 6 7 8 
-1061109424
1 2 3 4 5 6 7 8 
-1061109536
5 9 
-1061109511
2 5 9 
-1061109536
3 5 9 
-1061109511
2 3 5 9 
-1061109536
4 5 9 
-1061109449
1 4 5 9 
-1061109511
2 4 5 9 
-1061109424
1 2 4 5 9 
-1061109536
3 4 5 9 
-1061109449
1 3 4 5 9 
-1061109511
2 3 4 5 9 
-1061109424
1 2 3 4 5 9 
-1061109536
5 6 9 
-1061109511
2 5 6 9 
-1061109536
3 5 6 9 
-1061109511
2 3 5 6 9 
-1061109536
4 5 6 9 
-1061109449
1 4 5 6 9 
-1061109511
2 4 5 6 9 
-1061109424
1 2 4 5 6 9 
-1061109536
3 4 5 6 9 
-1061109449
1 3 4 5 6 9 
-1061109511
2 3 4 5 6 9 
-1061109424
1 2 3 4 5 6 9 
-1061109536
5 7 9 
-1061109511
2 5 7 9 
-1061109536
3 5 7 9 
-1061109511
2 3 5 7 9 
-1061109536
4 5 7 9 
-1061109449
1 4 5 7 9 
-1061109511
2 4 5 7 9 
-1061109424
1 2 4 5 7 9 
-1061109536
3 4 5 7 9 
-1061109449
1 3 4 5 7 9 
-1061109511
2 3 4 5 7 9 
-1061109424
1 2 3 4 5 7 9 
-1061109536
5 6 7 9 
-1061109511
2 5 6 7 9 
-1061109536
3 5 6 7 9 
-1061109511
2 3 5 6 7 9 
-1061109536
4 5 6 7 9 
-1061109449
1 4 5 6 7 9 
-1061109511
2 4 5 6 7 9 
-1061109424
1 2 4 5 6 7 9 
-1061109536
3 4 5 6 7 9 
-1061109449
1 3 4 5 6 7 9 
-1061109511
2 3 4 5 6 7 9 
-1061109424
1 2 3 4 5 6 7 9 
-1061109536
5 8 9 
-1061109511
2 5 8 9 
-1061109536
3 5 8 9 
-1061109511
2 3 5 8 9 
-1061109536
4 5 8 9 
-1061109449
1 4 5 8 9 
-1061109511
2 4 5 8 9 
-1061109424
1 2 4 5 8 9 
-1061109536
3 4 5 8 9 
-1061109449
1 3 4 5 8 9 
-1061109511
2 3 4 5 8 9 
-1061109424
1 2 3 4 5 8 9 
-1061109536
5 6 8 9 
-1061109511
2 5 6 8 9 
-1061109536
3 5 6 8 9 
-1061109511
2 3 5 6 8 9 
-1061109536
4 5 6 8 9 
-1061109449
1 4 5 6 8 9 
-1061109511
2 4 5 6 8 9 
-1061109424
1 2 4 5 6 8 9 
-1061109536
3 4 5 6 8 9 
-1061109449
1 3 4 5 6 8 9 
-1061109511
2 3 4 5 6 8 9 
-1061109424
1 2 3 4 5 6 8 9 
-1061109536
5 7 8 9 
-1061109511
2 5 7 8 9 
-1061109536
3 5 7 8 9 
-1061109511
2 3 5 7 8 9 
-1061109536
4 5 7 8 9 
-1061109449
1 4 5 7 8 9 
-1061109511
2 4 5 7 8 9 
-1061109424
1 2 4 5 7 8 9 
-1061109536
3 4 5 7 8 9 
-1061109449
1 3 4 5 7 8 9 
-1061109511
2 3 4 5 7 8 9 
-1061109424
1 2 3 4 5 7 8 9 
-1061109536
5 6 7 8 9 
-1061109511
2 5 6 7 8 9 
-1061109536
3 5 6 7 8 9 
-1061109511
2 3 5 6 7 8 9 
-1061109536
4 5 6 7 8 9 
-1061109449
1 4 5 6 7 8 9 
-1061109511
2 4 5 6 7 8 9 
-1061109424
1 2 4 5 6 7 8 9 
-1061109536
3 4 5 6 7 8 9 
-1061109449
1 3 4 5 6 7 8 9 
-1061109511
2 3 4 5 6 7 8 9 
-1061109424
1 2 3 4 5 6 7 8 9 
-1061109536
5 10 
-1061109511
2 5 10 
-1061109536
3 5 10 
-1061109511
2 3 5 10 
-1061109536
4 5 10 
-1061109449
1 4 5 10 
-1061109511
2 4 5 10 
-1061109424
1 2 4 5 10 
-1061109536
3 4 5 10 
-1061109449
1 3 4 5 10 
-1061109511
2 3 4 5 10 
-1061109424
1 2 3 4 5 10 
-1061109536
5 6 10 
-1061109511
2 5 6 10 
-1061109536
3 5 6 10 
-1061109511
2 3 5 6 10 
-1061109536
4 5 6 10 
-1061109449
1 4 5 6 10 
-1061109511
2 4 5 6 10 
-1061109424
1 2 4 5 6 10 
-1061109536
3 4 5 6 10 
-1061109449
1 3 4 5 6 10 
-1061109511
2 3 4 5 6 10 
-1061109424
1 2 3 4 5 6 10 
-1061109536
5 7 10 
-1061109511
2 5 7 10 
-1061109536
3 5 7 10 
-1061109511
2 3 5 7 10 
-1061109536
4 5 7 10 
-1061109449
1 4 5 7 10 
-1061109511
2 4 5 7 10 
-1061109424
1 2 4 5 7 10 
-1061109536
3 4 5 7 10 
-1061109449
1 3 4 5 7 10 
-1061109511
2 3 4 5 7 10 
-1061109424
1 2 3 4 5 7 10 
-1061109536
5 6 7 10 
-1061109511
2 5 6 7 10 
-1061109536
3 5 6 7 10 
-1061109511
2 3 5 6 7 10 
-1061109536
4 5 6 7 10 
-1061109449
1 4 5 6 7 10 
-1061109511
2 4 5 6 7 10 
-1061109424
1 2 4 5 6 7 10 
-1061109536
3 4 5 6 7 10 
-1061109449
1 3 4 5 6 7 10 
-1061109511
2 3 4 5 6 7 10 
-1061109424
1 2 3 4 5 6 7 10 
-1061109536
5 8 10 
-1061109511
2 5 8 10 
-1061109536
3 5 8 10 
-1061109511
2 3 5 8 10 
-1061109536
4 5 8 10 
-1061109449
1 4 5 8 10 
-1061109511
2 4 5 8 10 
-1061109424
1 2 4 5 8 10 
-1061109536
3 4 5 8 10 
-1061109449
1 3 4 5 8 10 
-1061109511
2 3 4 5 8 10 
-1061109424
1 2 3 4 5 8 10 
-1061109536
5 6 8 10 
-1061109511
2 5 6 8 10 
-1061109536
3 5 6 8 10 
-1061109511
2 3 5 6 8 10 
-1061109536
4 5 6 8 10 
-1061109449
1 4 5 6 8 10 
-1061109511
2 4 5 6 8 10 
-1061109424
1 2 4 5 6 8 10 
-1061109536
3 4 5 6 8 10 
-1061109449
1 3 4 5 6 8 10 
-1061109511
2 3 4 5 6 8 10 
-1061109424
1 2 3 4 5 6 8 10 
-1061109536
5 7 8 10 
-1061109511
2 5 7 8 10 
-1061109536
3 5 7 8 10 
-1061109511
2 3 5 7 8 10 
-1061109536
4 5 7 8 10 
-1061109449
1 4 5 7 8 10 
-1061109511
2 4 5 7 8 10 
-1061109424
1 2 4 5 7 8 10 
-1061109536
3 4 5 7 8 10 
-1061109449
1 3 4 5 7 8 10 
-1061109511
2 3 4 5 7 8 10 
-1061109424
1 2 3 4 5 7 8 10 
-1061109536
5 6 7 8 10 
-1061109511
2 5 6 7 8 10 
-1061109536
3 5 6 7 8 10 
-1061109511
2 3 5 6 7 8 10 
-1061109536
4 5 6 7 8 10 
-1061109449
1 4 5 6 7 8 10 
-1061109511
2 4 5 6 7 8 10 
-1061109424
1 2 4 5 6 7 8 10 
-1061109536
3 4 5 6 7 8 10 
-1061109449
1 3 4 5 6 7 8 10 
-1061109511
2 3 4 5 6 7 8 10 
-1061109424
1 2 3 4 5 6 7 8 10 
-1061109536
5 9 10 
-1061109511
2 5 9 10 
-1061109536
3 5 9 10 
-1061109511
2 3 5 9 10 
-1061109536
4 5 9 10 
-1061109449
1 4 5 9 10 
-1061109511
2 4 5 9 10 
-1061109424
1 2 4 5 9 10 
-1061109536
3 4 5 9 10 
-1061109449
1 3 4 5 9 10 
-1061109511
2 3 4 5 9 10 
-1061109424
1 2 3 4 5 9 10 
-1061109536
5 6 9 10 
-1061109511
2 5 6 9 10 
-1061109536
3 5 6 9 10 
-1061109511
2 3 5 6 9 10 
-1061109536
4 5 6 9 10 
-1061109449
1 4 5 6 9 10 
-1061109511
2 4 5 6 9 10 
-1061109424
1 2 4 5 6 9 10 
-1061109536
3 4 5 6 9 10 
-1061109449
1 3 4 5 6 9 10 
-1061109511
2 3 4 5 6 9 10 
-1061109424
1 2 3 4 5 6 9 10 
-1061109536
5 7 9 10 
-1061109511
2 5 7 9 10 
-1061109536
3 5 7 9 10 
-1061109511
2 3 5 7 9 10 
-1061109536
4 5 7 9 10 
-1061109449
1 4 5 7 9 10 
-1061109511
2 4 5 7 9 10 
-1061109424
1 2 4 5 7 9 10 
-1061109536
3 4 5 7 9 10 
-1061109449
1 3 4 5 7 9 10 
-1061109511
2 3 4 5 7 9 10 
-1061109424
1 2 3 4 5 7 9 10 
-1061109536
5 6 7 9 10 
-1061109511
2 5 6 7 9 10 
-1061109536
3 5 6 7 9 10 
-1061109511
2 3 5 6 7 9 10 
-1061109536
4 5 6 7 9 10 
-1061109449
1 4 5 6 7 9 10 
-1061109511
2 4 5 6 7 9 10 
-1061109424
1 2 4 5 6 7 9 10 
-1061109536
3 4 5 6 7 9 10 
-1061109449
1 3 4 5 6 7 9 10 
-1061109511
2 3 4 5 6 7 9 10 
-1061109424
1 2 3 4 5 6 7 9 10 
-1061109536
5 8 9 10 
-1061109511
2 5 8 9 10 
-1061109536
3 5 8 9 10 
-1061109511
2 3 5 8 9 10 
-1061109536
4 5 8 9 10 
-1061109449
1 4 5 8 9 10 
-1061109511
2 4 5 8 9 10 
-1061109424
1 2 4 5 8 9 10 
-1061109536
3 4 5 8 9 10 
-1061109449
1 3 4 5 8 9 10 
-1061109511
2 3 4 5 8 9 10 
-1061109424
1 2 3 4 5 8 9 10 
-1061109536
5 6 8 9 10 
-1061109511
2 5 6 8 9 10 
-1061109536
3 5 6 8 9 10 
-1061109511
2 3 5 6 8 9 10 
-1061109536
4 5 6 8 9 10 
-1061109449
1 4 5 6 8 9 10 
-1061109511
2 4 5 6 8 9 10 
-1061109424
1 2 4 5 6 8 9 10 
-1061109536
3 4 5 6 8 9 10 
-1061109449
1 3 4 5 6 8 9 10 
-1061109511
2 3 4 5 6 8 9 10 
-1061109424
1 2 3 4 5 6 8 9 10 
-1061109536
5 7 8 9 10 
-1061109511
2 5 7 8 9 10 
-1061109536
3 5 7 8 9 10 
-1061109511
2 3 5 7 8 9 10 
-1061109536
4 5 7 8 9 10 
-1061109449
1 4 5 7 8 9 10 
-1061109511
2 4 5 7 8 9 10 
-1061109424
1 2 4 5 7 8 9 10 
-1061109536
3 4 5 7 8 9 10 
-1061109449
1 3 4 5 7 8 9 10 
-1061109511
2 3 4 5 7 8 9 10 
-1061109424
1 2 3 4 5 7 8 9 10 
-1061109536
5 6 7 8 9 10 
-1061109511
2 5 6 7 8 9 10 
-1061109536
3 5 6 7 8 9 10 
-1061109511
2 3 5 6 7 8 9 10 
-1061109536
4 5 6 7 8 9 10 
-1061109449
1 4 5 6 7 8 9 10 
-1061109511
2 4 5 6 7 8 9 10 
-1061109424
1 2 4 5 6 7 8 9 10 
-1061109536
3 4 5 6 7 8 9 10 
-1061109449
1 3 4 5 6 7 8 9 10 
-1061109511
2 3 4 5 6 7 8 9 10 
-1061109424
1 2 3 4 5 6 7 8 9 10 
-9
7 
16
2 7 
-60
3 7 
-35
2 3 7 
-70
4 7 
17
1 4 7 
-45
2 4 7 
42
1 2 4 7 
-121
3 4 7 
-34
1 3 4 7 
-96
2 3 4 7 
-9
1 2 3 4 7 
23
5 7 
48
2 5 7 
-28
3 5 7 
-3
2 3 5 7 
-38
4 5 7 
49
1 4 5 7 
-13
2 4 5 7 
74
1 2 4 5 7 
-89
3 4 5 7 
-2
1 3 4 5 7 
-64
2 3 4 5 7 
23
1 2 3 4 5 7 
-1061109568
6 7 
-1061109543
2 6 7 
-1061109568
3 6 7 
-1061109543
2 3 6 7 
-1061109568
4 6 7 
-1061109481
1 4 6 7 
-1061109543
2 4 6 7 
-1061109456
1 2 4 6 7 
-1061109568
3 4 6 7 
-1061109481
1 3 4 6 7 
-1061109543
2 3 4 6 7 
-1061109456
1 2 3 4 6 7 
-1061109536
5 6 7 
-1061109511
2 5 6 7 
-1061109536
3 5 6 7 
-1061109511
2 3 5 6 7 
-1061109536
4 5 6 7 
-1061109449
1 4 5 6 7 
-1061109511
2 4 5 6 7 
-1061109424
1 2 4 5 6 7 
-1061109536
3 4 5 6 7 
-1061109449
1 3 4 5 6 7 
-1061109511
2 3 4 5 6 7 
-1061109424
1 2 3 4 5 6 7 
-1061109568
7 8 
-1061109543
2 7 8 
-1061109568
3 7 8 
-1061109543
2 3 7 8 
-1061109568
4 7 8 
-1061109481
1 4 7 8 
-1061109543
2 4 7 8 
-1061109456
1 2 4 7 8 
-1061109568
3 4 7 8 
-1061109481
1 3 4 7 8 
-1061109543
2 3 4 7 8 
-1061109456
1 2 3 4 7 8 
-1061109536
5 7 8 
-1061109511
2 5 7 8 
-1061109536
3 5 7 8 
-1061109511
2 3 5 7 8 
-1061109536
4 5 7 8 
-1061109449
1 4 5 7 8 
-1061109511
2 4 5 7 8 
-1061109424
1 2 4 5 7 8 
-1061109536
3 4 5 7 8 
-1061109449
1 3 4 5 7 8 
-1061109511
2 3 4 5 7 8 
-1061109424
1 2 3 4 5 7 8 
-1061109568
6 7 8 
-1061109543
2 6 7 8 
-1061109568
3 6 7 8 
-1061109543
2 3 6 7 8 
-1061109568
4 6 7 8 
-1061109481
1 4 6 7 8 
-1061109543
2 4 6 7 8 
-1061109456
1 2 4 6 7 8 
-1061109568
3 4 6 7 8 
-1061109481
1 3 4 6 7 8 
-1061109543
2 3 4 6 7 8 
-1061109456
1 2 3 4 6 7 8 
-1061109536
5 6 7 8 
-1061109511
2 5 6 7 8 
-1061109536
3 5 6 7 8 
-1061109511
2 3 5 6 7 8 
-1061109536
4 5 6 7 8 
-1061109449
1 4 5 6 7 8 
-1061109511
2 4 5 6 7 8 
-1061109424
1 2 4 5 6 7 8 
-1061109536
3 4 5 6 7 8 
-1061109449
1 3 4 5 6 7 8 
-1061109511
2 3 4 5 6 7 8 
-1061109424
1 2 3 4 5 6 7 8 
-1061109568
7 9 
-1061109543
2 7 9 
-1061109568
3 7 9 
-1061109543
2 3 7 9 
-1061109568
4 7 9 
-1061109481
1 4 7 9 
-1061109543
2 4 7 9 
-1061109456
1 2 4 7 9 
-1061109568
3 4 7 9 
-1061109481
1 3 4 7 9 
-1061109543
2 3 4 7 9 
-1061109456
1 2 3 4 7 9 
-1061109536
5 7 9 
-1061109511
2 5 7 9 
-1061109536
3 5 7 9 
-1061109511
2 3 5 7 9 
-1061109536
4 5 7 9 
-1061109449
1 4 5 7 9 
-1061109511
2 4 5 7 9 
-1061109424
1 2 4 5 7 9 
-1061109536
3 4 5 7 9 
-1061109449
1 3 4 5 7 9 
-1061109511
2 3 4 5 7 9 
-1061109424
1 2 3 4 5 7 9 
-1061109568
6 7 9 
-1061109543
2 6 7 9 
-1061109568
3 6 7 9 
-1061109543
2 3 6 7 9 
-1061109568
4 6 7 9 
-1061109481
1 4 6 7 9 
-1061109543
2 4 6 7 9 
-1061109456
1 2 4 6 7 9 
-1061109568
3 4 6 7 9 
-1061109481
1 3 4 6 7 9 
-1061109543
2 3 4 6 7 9 
-1061109456
1 2 3 4 6 7 9 
-1061109536
5 6 7 9 
-1061109511
2 5 6 7 9 
-1061109536
3 5 6 7 9 
-1061109511
2 3 5 6 7 9 
-1061109536
4 5 6 7 9 
-1061109449
1 4 5 6 7 9 
-1061109511
2 4 5 6 7 9 
-1061109424
1 2 4 5 6 7 9 
-1061109536
3 4 5 6 7 9 
-1061109449
1 3 4 5 6 7 9 
-1061109511
2 3 4 5 6 7 9 
-1061109424
1 2 3 4 5 6 7 9 
-1061109568
7 8 9 
-1061109543
2 7 8 9 
-1061109568
3 7 8 9 
-1061109543
2 3 7 8 9 
-1061109568
4 7 8 9 
-1061109481
1 4 7 8 9 
-1061109543
2 4 7 8 9 
-1061109456
1 2 4 7 8 9 
-1061109568
3 4 7 8 9 
-1061109481
1 3 4 7 8 9 
-1061109543
2 3 4 7 8 9 
-1061109456
1 2 3 4 7 8 9 
-1061109536
5 7 8 9 
-1061109511
2 5 7 8 9 
-1061109536
3 5 7 8 9 
-1061109511
2 3 5 7 8 9 
-1061109536
4 5 7 8 9 
-1061109449
1 4 5 7 8 9 
-1061109511
2 4 5 7 8 9 
-1061109424
1 2 4 5 7 8 9 
-1061109536
3 4 5 7 8 9 
-1061109449
1 3 4 5 7 8 9 
-1061109511
2 3 4 5 7 8 9 
-1061109424
1 2 3 4 5 7 8 9 
-1061109568
6 7 8 9 
-1061109543
2 6 7 8 9 
-1061109568
3 6 7 8 9 
-1061109543
2 3 6 7 8 9 
-1061109568
4 6 7 8 9 
-1061109481
1 4 6 7 8 9 
-1061109543
2 4 6 7 8 9 
-1061109456
1 2 4 6 7 8 9 
-1061109568
3 4 6 7 8 9 
-1061109481
1 3 4 6 7 8 9 
-1061109543
2 3 4 6 7 8 9 
-1061109456
1 2 3 4 6 7 8 9 
-1061109536
5 6 7 8 9 
-1061109511
2 5 6 7 8 9 
-1061109536
3 5 6 7 8 9 
-1061109511
2 3 5 6 7 8 9 
-1061109536
4 5 6 7 8 9 
-1061109449
1 4 5 6 7 8 9 
-1061109511
2 4 5 6 7 8 9 
-1061109424
1 2 4 5 6 7 8 9 
-1061109536
3 4 5 6 7 8 9 
-1061109449
1 3 4 5 6 7 8 9 
-1061109511
2 3 4 5 6 7 8 9 
-1061109424
1 2 3 4 5 6 7 8 9 
-1061109568
7 10 
-1061109543
2 7 10 
-1061109568
3 7 10 
-1061109543
2 3 7 10 
-1061109568
4 7 10 
-1061109481
1 4 7 10 
-1061109543
2 4 7 10 
-1061109456
1 2 4 7 10 
-1061109568
3 4 7 10 
-1061109481
1 3 4 7 10 
-1061109543
2 3 4 7 10 
-1061109456
1 2 3 4 7 10 
-1061109536
5 7 10 
-1061109511
2 5 7 10 
-1061109536
3 5 7 10 
-1061109511
2 3 5 7 10 
-1061109536
4 5 7 10 
-1061109449
1 4 5 7 10 
-1061109511
2 4 5 7 10 
-1061109424
1 2 4 5 7 10 
-1061109536
3 4 5 7 10 
-1061109449
1 3 4 5 7 10 
-1061109511
2 3 4 5 7 10 
-1061109424
1 2 3 4 5 7 10 
-1061109568
6 7 10 
-1061109543
2 6 7 10 
-1061109568
3 6 7 10 
-1061109543
2 3 6 7 10 
-1061109568
4 6 7 10 
-1061109481
1 4 6 7 10 
-1061109543
2 4 6 7 10 
-1061109456
1 2 4 6 7 10 
-1061109568
3 4 6 7 10 
-1061109481
1 3 4 6 7 10 
-1061109543
2 3 4 6 7 10 
-1061109456
1 2 3 4 6 7 10 
-1061109536
5 6 7 10 
-1061109511
2 5 6 7 10 
-1061109536
3 5 6 7 10 
-1061109511
2 3 5 6 7 10 
-1061109536
4 5 6 7 10 
-1061109449
1 4 5 6 7 10 
-1061109511
2 4 5 6 7 10 
-1061109424
1 2 4 5 6 7 10 
-1061109536
3 4 5 6 7 10 
-1061109449
1 3 4 5 6 7 10 
-1061109511
2 3 4 5 6 7 10 
-1061109424
1 2 3 4 5 6 7 10 
-1061109568
7 8 10 
-1061109543
2 7 8 10 
-1061109568
3 7 8 10 
-1061109543
2 3 7 8 10 
-1061109568
4 7 8 10 
-1061109481
1 4 7 8 10 
-1061109543
2 4 7 8 10 
-1061109456
1 2 4 7 8 10 
-1061109568
3 4 7 8 10 
-1061109481
1 3 4 7 8 10 
-1061109543
2 3 4 7 8 10 
-1061109456
1 2 3 4 7 8 10 
-1061109536
5 7 8 10 
-1061109511
2 5 7 8 10 
-1061109536
3 5 7 8 10 
-1061109511
2 3 5 7 8 10 
-1061109536
4 5 7 8 10 
-1061109449
1 4 5 7 8 10 
-1061109511
2 4 5 7 8 10 
-1061109424
1 2 4 5 7 8 10 
-1061109536
3 4 5 7 8 10 
-1061109449
1 3 4 5 7 8 10 
-1061109511
2 3 4 5 7 8 10 
-1061109424
1 2 3 4 5 7 8 10 
-1061109568
6 7 8 10 
-1061109543
2 6 7 8 10 
-1061109568
3 6 7 8 10 
-1061109543
2 3 6 7 8 10 
-1061109568
4 6 7 8 10 
-1061109481
1 4 6 7 8 10 
-1061109543
2 4 6 7 8 10 
-1061109456
1 2 4 6 7 8 10 
-1061109568
3 4 6 7 8 10 
-1061109481
1 3 4 6 7 8 10 
-1061109543
2 3 4 6 7 8 10 
-1061109456
1 2 3 4 6 7 8 10 
-1061109536
5 6 7 8 10 
-1061109511
2 5 6 7 8 10 
-1061109536
3 5 6 7 8 10 
-1061109511
2 3 5 6 7 8 10 
-1061109536
4 5 6 7 8 10 
-1061109449
1 4 5 6 7 8 10 
-1061109511
2 4 5 6 7 8 10 
-1061109424
1 2 4 5 6 7 8 10 
-1061109536
3 4 5 6 7 8 10 
-1061109449
1 3 4 5 6 7 8 10 
-1061109511
2 3 4 5 6 7 8 10 
-1061109424
1 2 3 4 5 6 7 8 10 
-1061109568
7 9 10 
-1061109543
2 7 9 10 
-1061109568
3 7 9 10 
-1061109543
2 3 7 9 10 
-1061109568
4 7 9 10 
-1061109481
1 4 7 9 10 
-1061109543
2 4 7 9 10 
-1061109456
1 2 4 7 9 10 
-1061109568
3 4 7 9 10 
-1061109481
1 3 4 7 9 10 
-1061109543
2 3 4 7 9 10 
-1061109456
1 2 3 4 7 9 10 
-1061109536
5 7 9 10 
-1061109511
2 5 7 9 10 
-1061109536
3 5 7 9 10 
-1061109511
2 3 5 7 9 10 
-1061109536
4 5 7 9 10 
-1061109449
1 4 5 7 9 10 
-1061109511
2 4 5 7 9 10 
-1061109424
1 2 4 5 7 9 10 
-1061109536
3 4 5 7 9 10 
-1061109449
1 3 4 5 7 9 10 
-1061109511
2 3 4 5 7 9 10 
-1061109424
1 2 3 4 5 7 9 10 
-1061109568
6 7 9 10 
-1061109543
2 6 7 9 10 
-1061109568
3 6 7 9 10 
-1061109543
2 3 6 7 9 10 
-1061109568
4 6 7 9 10 
-1061109481
1 4 6 7 9 10 
-1061109543
2 4 6 7 9 10 
-1061109456
1 2 4 6 7 9 10 
-1061109568
3 4 6 7 9 10 
-1061109481
1 3 4 6 7 9 10 
-1061109543
2 3 4 6 7 9 10 
-1061109456
1 2 3 4 6 7 9 10 
-1061109536
5 6 7 9 10 
-1061109511
2 5 6 7 9 10 
-1061109536
3 5 6 7 9 10 
-1061109511
2 3 5 6 7 9 10 
-1061109536
4 5 6 7 9 10 
-1061109449
1 4 5 6 7 9 10 
-1061109511
2 4 5 6 7 9 10 
-1061109424
1 2 4 5 6 7 9 10 
-1061109536
3 4 5 6 7 9 10 
-1061109449
1 3 4 5 6 7 9 10 
-1061109511
2 3 4 5 6 7 9 10 
-1061109424
1 2 3 4 5 6 7 9 10 
-1061109568
7 8 9 10 
-1061109543
2 7 8 9 10 
-1061109568
3 7 8 9 10 
-1061109543
2 3 7 8 9 10 
-1061109568
4 7 8 9 10 
-1061109481
1 4 7 8 9 10 
-1061109543
2 4 7 8 9 10 
-1061109456
1 2 4 7 8 9 10 
-1061109568
3 4 7 8 9 10 
-1061109481
1 3 4 7 8 9 10 
-1061109543
2 3 4 7 8 9 10 
-1061109456
1 2 3 4 7 8 9 10 
-1061109536
5 7 8 9 10 
-1061109511
2 5 7 8 9 10 
-1061109536
3 5 7 8 9 10 
-1061109511
2 3 5 7 8 9 10 
-1061109536
4 5 7 8 9 10 
-1061109449
1 4 5 7 8 9 10 
-1061109511
2 4 5 7 8 9 10 
-1061109424
1 2 4 5 7 8 9 10 
-1061109536
3 4 5 7 8 9 10 
-1061109449
1 3 4 5 7 8 9 10 
-1061109511
2 3 4 5 7 8 9 10 
-1061109424
1 2 3 4 5 7 8 9 10 
-1061109568
6 7 8 9 10 
-1061109543
2 6 7 8 9 10 
-1061109568
3 6 7 8 9 10 
-1061109543
2 3 6 7 8 9 10 
-1061109568
4 6 7 8 9 10 
-1061109481
1 4 6 7 8 9 10 
-1061109543
2 4 6 7 8 9 10 
-1061109456
1 2 4 6 7 8 9 10 
-1061109568
3 4 6 7 8 9 10 
-1061109481
1 3 4 6 7 8 9 10 
-1061109543
2 3 4 6 7 8 9 10 
-1061109456
1 2 3 4 6 7 8 9 10 
-1061109536
5 6 7 8 9 10 
-1061109511
2 5 6 7 8 9 10 
-1061109536
3 5 6 7 8 9 10 
-1061109511
2 3 5 6 7 8 9 10 
-1061109536
4 5 6 7 8 9 10 
-1061109449
1 4 5 6 7 8 9 10 
-1061109511
2 4 5 6 7 8 9 10 
-1061109424
1 2 4 5 6 7 8 9 10 
-1061109536
3 4 5 6 7 8 9 10 
-1061109449
1 3 4 5 6 7 8 9 10 
-1061109511
2 3 4 5 6 7 8 9 10 
-1061109424
1 2 3 4 5 6 7 8 9 10 
52
6 
77
2 6 
1
3 6 
26
2 3 6 
84
5 6 
109
2 5 6 
33
3 5 6 
58
2 3 5 6 
23
4 5 6 
48
2 4 5 6 
135
1 2 4 5 6 
-28
3 4 5 6 
-3
2 3 4 5 6 
84
1 2 3 4 5 6 
43
6 7 
68
2 6 7 
-8
3 6 7 
17
2 3 6 7 
75
5 6 7 
100
2 5 6 7 
24
3 5 6 7 
49
2 3 5 6 7 
14
4 5 6 7 
39
2 4 5 6 7 
126
1 2 4 5 6 7 
-37
3 4 5 6 7 
-12
2 3 4 5 6 7 
75
1 2 3 4 5 6 7 
-1061109516
6 8 
-1061109491
2 6 8 
-1061109516
3 6 8 
-1061109491
2 3 6 8 
-1061109484
5 6 8 
-1061109459
2 5 6 8 
-1061109484
3 5 6 8 
-1061109459
2 3 5 6 8 
-1061109484
4 5 6 8 
-1061109459
2 4 5 6 8 
-1061109372
1 2 4 5 6 8 
-1061109484
3 4 5 6 8 
-1061109459
2 3 4 5 6 8 
-1061109372
1 2 3 4 5 6 8 
-1061109516
6 7 8 
-1061109491
2 6 7 8 
-1061109516
3 6 7 8 
-1061109491
2 3 6 7 8 
-1061109484
5 6 7 8 
-1061109459
2 5 6 7 8 
-1061109484
3 5 6 7 8 
-1061109459
2 3 5 6 7 8 
-1061109484
4 5 6 7 8 
-1061109459
2 4 5 6 7 8 
-1061109372
1 2 4 5 6 7 8 
-1061109484
3 4 5 6 7 8 
-1061109459
2 3 4 5 6 7 8 
-1061109372
1 2 3 4 5 6 7 8 
-1061109516
6 9 
-1061109491
2 6 9 
-1061109516
3 6 9 
-1061109491
2 3 6 9 
-1061109484
5 6 9 
-1061109459
2 5 6 9 
-1061109484
3 5 6 9 
-1061109459
2 3 5 6 9 
-1061109484
4 5 6 9 
-1061109459
2 4 5 6 9 
-1061109372
1 2 4 5 6 9 
-1061109484
3 4 5 6 9 
-1061109459
2 3 4 5 6 9 
-1061109372
1 2 3 4 5 6 9 
-1061109516
6 7 9 
-1061109491
2 6 7 9 
-1061109516
3 6 7 9 
-1061109491
2 3 6 7 9 
-1061109484
5 6 7 9 
-1061109459
2 5 6 7 9 
-1061109484
3 5 6 7 9 
-1061109459
2 3 5 6 7 9 
-1061109484
4 5 6 7 9 
-1061109459
2 4 5 6 7 9 
-1061109372
1 2 4 5 6 7 9 
-1061109484
3 4 5 6 7 9 
-1061109459
2 3 4 5 6 7 9 
-1061109372
1 2 3 4 5 6 7 9 
-1061109516
6 8 9 
-1061109491
2 6 8 9 
-1061109516
3 6 8 9 
-1061109491
2 3 6 8 9 
-1061109484
5 6 8 9 
-1061109459
2 5 6 8 9 
-1061109484
3 5 6 8 9 
-1061109459
2 3 5 6 8 9 
-1061109484
4 5 6 8 9 
-1061109459
2 4 5 6 8 9 
-1061109372
1 2 4 5 6 8 9 
-1061109484
3 4 5 6 8 9 
-1061109459
2 3 4 5 6 8 9 
-1061109372
1 2 3 4 5 6 8 9 
-1061109516
6 7 8 9 
-1061109491
2 6 7 8 9 
-1061109516
3 6 7 8 9 
-1061109491
2 3 6 7 8 9 
-1061109484
5 6 7 8 9 
-1061109459
2 5 6 7 8 9 
-1061109484
3 5 6 7 8 9 
-1061109459
2 3 5 6 7 8 9 
-1061109484
4 5 6 7 8 9 
-1061109459
2 4 5 6 7 8 9 
-1061109372
1 2 4 5 6 7 8 9 
-1061109484
3 4 5 6 7 8 9 
-1061109459
2 3 4 5 6 7 8 9 
-1061109372
1 2 3 4 5 6 7 8 9 
-1061109516
6 10 
-1061109491
2 6 10 
-1061109516
3 6 10 
-1061109491
2 3 6 10 
-1061109484
5 6 10 
-1061109459
2 5 6 10 
-1061109484
3 5 6 10 
-1061109459
2 3 5 6 10 
-1061109484
4 5 6 10 
-1061109459
2 4 5 6 10 
-1061109372
1 2 4 5 6 10 
-1061109484
3 4 5 6 10 
-1061109459
2 3 4 5 6 10 
-1061109372
1 2 3 4 5 6 10 
-1061109516
6 7 10 
-1061109491
2 6 7 10 
-1061109516
3 6 7 10 
-1061109491
2 3 6 7 10 
-1061109484
5 6 7 10 
-1061109459
2 5 6 7 10 
-1061109484
3 5 6 7 10 
-1061109459
2 3 5 6 7 10 
-1061109484
4 5 6 7 10 
-1061109459
2 4 5 6 7 10 
-1061109372
1 2 4 5 6 7 10 
-1061109484
3 4 5 6 7 10 
-1061109459
2 3 4 5 6 7 10 
-1061109372
1 2 3 4 5 6 7 10 
-1061109516
6 8 10 
-1061109491
2 6 8 10 
-1061109516
3 6 8 10 
-1061109491
2 3 6 8 10 
-1061109484
5 6 8 10 
-1061109459
2 5 6 8 10 
-1061109484
3 5 6 8 10 
-1061109459
2 3 5 6 8 10 
-1061109484
4 5 6 8 10 
-1061109459
2 4 5 6 8 10 
-1061109372
1 2 4 5 6 8 10 
-1061109484
3 4 5 6 8 10 
-1061109459
2 3 4 5 6 8 10 
-1061109372
1 2 3 4 5 6 8 10 
-1061109516
6 7 8 10 
-1061109491
2 6 7 8 10 
-1061109516
3 6 7 8 10 
-1061109491
2 3 6 7 8 10 
-1061109484
5 6 7 8 10 
-1061109459
2 5 6 7 8 10 
-1061109484
3 5 6 7 8 10 
-1061109459
2 3 5 6 7 8 10 
-1061109484
4 5 6 7 8 10 
-1061109459
2 4 5 6 7 8 10 
-1061109372
1 2 4 5 6 7 8 10 
-1061109484
3 4 5 6 7 8 10 
-1061109459
2 3 4 5 6 7 8 10 
-1061109372
1 2 3 4 5 6 7 8 10 
-1061109516
6 9 10 
-1061109491
2 6 9 10 
-1061109516
3 6 9 10 
-1061109491
2 3 6 9 10 
-1061109484
5 6 9 10 
-1061109459
2 5 6 9 10 
-1061109484
3 5 6 9 10 
-1061109459
2 3 5 6 9 10 
-1061109484
4 5 6 9 10 
-1061109459
2 4 5 6 9 10 
-1061109372
1 2 4 5 6 9 10 
-1061109484
3 4 5 6 9 10 
-1061109459
2 3 4 5 6 9 10 
-1061109372
1 2 3 4 5 6 9 10 
-1061109516
6 7 9 10 
-1061109491
2 6 7 9 10 
-1061109516
3 6 7 9 10 
-1061109491
2 3 6 7 9 10 
-1061109484
5 6 7 9 10 
-1061109459
2 5 6 7 9 10 
-1061109484
3 5 6 7 9 10 
-1061109459
2 3 5 6 7 9 10 
-1061109484
4 5 6 7 9 10 
-1061109459
2 4 5 6 7 9 10 
-1061109372
1 2 4 5 6 7 9 10 
-1061109484
3 4 5 6 7 9 10 
-1061109459
2 3 4 5 6 7 9 10 
-1061109372
1 2 3 4 5 6 7 9 10 
-1061109516
6 8 9 10 
-1061109491
2 6 8 9 10 
-1061109516
3 6 8 9 10 
-1061109491
2 3 6 8 9 10 
-1061109484
5 6 8 9 10 
-1061109459
2 5 6 8 9 10 
-1061109484
3 5 6 8 9 10 
-1061109459
2 3 5 6 8 9 10 
-1061109484
4 5 6 8 9 10 
-1061109459
2 4 5 6 8 9 10 
-1061109372
1 2 4 5 6 8 9 10 
-1061109484
3 4 5 6 8 9 10 
-1061109459
2 3 4 5 6 8 9 10 
-1061109372
1 2 3 4 5 6 8 9 10 
-1061109516
6 7 8 9 10 
-1061109491
2 6 7 8 9 10 
-1061109516
3 6 7 8 9 10 
-1061109491
2 3 6 7 8 9 10 
-1061109484
5 6 7 8 9 10 
-1061109459
2 5 6 7 8 9 10 
-1061109484
3 5 6 7 8 9 10 
-1061109459
2 3 5 6 7 8 9 10 
-1061109484
4 5 6 7 8 9 10 
-1061109459
2 4 5 6 7 8 9 10 
-1061109372
1 2 4 5 6 7 8 9 10 
-1061109484
3 4 5 6 7 8 9 10 
-1061109459
2 3 4 5 6 7 8 9 10 
-1061109372
1 2 3 4 5 6 7 8 9 10 
17
8 
42
2 8 
-34
3 8 
-9
2 3 8 
49
5 8 
74
2 5 8 
-2
3 5 8 
23
2 3 5 8 
69
6 8 
94
2 6 8 
18
3 6 8 
43
2 3 6 8 
101
5 6 8 
126
2 5 6 8 
50
3 5 6 8 
75
2 3 5 6 8 
8
7 8 
33
2 7 8 
-43
3 7 8 
-18
2 3 7 8 
40
5 7 8 
65
2 5 7 8 
-11
3 5 7 8 
14
2 3 5 7 8 
-21
4 5 7 8 
66
1 4 5 7 8 
4
2 4 5 7 8 
91
1 2 4 5 7 8 
-72
3 4 5 7 8 
15
1 3 4 5 7 8 
-47
2 3 4 5 7 8 
40
1 2 3 4 5 7 8 
60
6 7 8 
85
2 6 7 8 
9
3 6 7 8 
34
2 3 6 7 8 
92
5 6 7 8 
117
2 5 6 7 8 
41
3 5 6 7 8 
66
2 3 5 6 7 8 
31
4 5 6 7 8 
-1061109432
1 4 5 6 7 8 
56
2 4 5 6 7 8 
143
1 2 4 5 6 7 8 
-20
3 4 5 6 7 8 
-1061109432
1 3 4 5 6 7 8 
5
2 3 4 5 6 7 8 
92
1 2 3 4 5 6 7 8 
-1061109551
8 9 
-1061109526
2 8 9 
-1061109551
3 8 9 
-1061109526
2 3 8 9 
-1061109519
5 8 9 
-1061109494
2 5 8 9 
-1061109519
3 5 8 9 
-1061109494
2 3 5 8 9 
-1061109499
6 8 9 
-1061109474
2 6 8 9 
-1061109499
3 6 8 9 
-1061109474
2 3 6 8 9 
-1061109467
5 6 8 9 
-1061109442
2 5 6 8 9 
-1061109467
3 5 6 8 9 
-1061109442
2 3 5 6 8 9 
-1061109551
7 8 9 
-1061109526
2 7 8 9 
-1061109551
3 7 8 9 
-1061109526
2 3 7 8 9 
-1061109519
5 7 8 9 
-1061109494
2 5 7 8 9 
-1061109519
3 5 7 8 9 
-1061109494
2 3 5 7 8 9 
-1061109519
4 5 7 8 9 
-1061109432
1 4 5 7 8 9 
-1061109494
2 4 5 7 8 9 
-1061109407
1 2 4 5 7 8 9 
-1061109519
3 4 5 7 8 9 
-1061109432
1 3 4 5 7 8 9 
-1061109494
2 3 4 5 7 8 9 
-1061109407
1 2 3 4 5 7 8 9 
-1061109499
6 7 8 9 
-1061109474
2 6 7 8 9 
-1061109499
3 6 7 8 9 
-1061109474
2 3 6 7 8 9 
-1061109467
5 6 7 8 9 
-1061109442
2 5 6 7 8 9 
-1061109467
3 5 6 7 8 9 
-1061109442
2 3 5 6 7 8 9 
-1061109467
4 5 6 7 8 9 
-1061109432
1 4 5 6 7 8 9 
-1061109442
2 4 5 6 7 8 9 
-1061109355
1 2 4 5 6 7 8 9 
-1061109467
3 4 5 6 7 8 9 
-1061109432
1 3 4 5 6 7 8 9 
-1061109442
2 3 4 5 6 7 8 9 
-1061109355
1 2 3 4 5 6 7 8 9 
-1061109551
8 10 
-1061109526
2 8 10 
-1061109551
3 8 10 
-1061109526
2 3 8 10 
-1061109519
5 8 10 
-1061109494
2 5 8 10 
-1061109519
3 5 8 10 
-1061109494
2 3 5 8 10 
-1061109499
6 8 10 
-1061109474
2 6 8 10 
-1061109499
3 6 8 10 
-1061109474
2 3 6 8 10 
-1061109467
5 6 8 10 
-1061109442
2 5 6 8 10 
-1061109467
3 5 6 8 10 
-1061109442
2 3 5 6 8 10 
-1061109551
7 8 10 
-1061109526
2 7 8 10 
-1061109551
3 7 8 10 
-1061109526
2 3 7 8 10 
-1061109519
5 7 8 10 
-1061109494
2 5 7 8 10 
-1061109519
3 5 7 8 10 
-1061109494
2 3 5 7 8 10 
-1061109519
4 5 7 8 10 
-1061109432
1 4 5 7 8 10 
-1061109494
2 4 5 7 8 10 
-1061109407
1 2 4 5 7 8 10 
-1061109519
3 4 5 7 8 10 
-1061109432
1 3 4 5 7 8 10 
-1061109494
2 3 4 5 7 8 10 
-1061109407
1 2 3 4 5 7 8 10 
-1061109499
6 7 8 10 
-1061109474
2 6 7 8 10 
-1061109499
3 6 7 8 10 
-1061109474
2 3 6 7 8 10 
-1061109467
5 6 7 8 10 
-1061109442
2 5 6 7 8 10 
-1061109467
3 5 6 7 8 10 
-1061109442
2 3 5 6 7 8 10 
-1061109467
4 5 6 7 8 10 
-1061109432
1 4 5 6 7 8 10 
-1061109442
2 4 5 6 7 8 10 
-1061109355
1 2 4 5 6 7 8 10 
-1061109467
3 4 5 6 7 8 10 
-1061109432
1 3 4 5 6 7 8 10 
-1061109442
2 3 4 5 6 7 8 10 
-1061109355
1 2 3 4 5 6 7 8 10 
-1061109551
8 9 10 
-1061109526
2 8 9 10 
-1061109551
3 8 9 10 
-1061109526
2 3 8 9 10 
-1061109519
5 8 9 10 
-1061109494
2 5 8 9 10 
-1061109519
3 5 8 9 10 
-1061109494
2 3 5 8 9 10 
-1061109499
6 8 9 10 
-1061109474
2 6 8 9 10 
-1061109499
3 6 8 9 10 
-1061109474
2 3 6 8 9 10 
-1061109467
5 6 8 9 10 
-1061109442
2 5 6 8 9 10 
-1061109467
3 5 6 8 9 10 
-1061109442
2 3 5 6 8 9 10 
-1061109551
7 8 9 10 
-1061109526
2 7 8 9 10 
-1061109551
3 7 8 9 10 
-1061109526
2 3 7 8 9 10 
-1061109519
5 7 8 9 10 
-1061109494
2 5 7 8 9 10 
-1061109519
3 5 7 8 9 10 
-1061109494
2 3 5 7 8 9 10 
-1061109519
4 5 7 8 9 10 
-1061109432
1 4 5 7 8 9 10 
-1061109494
2 4 5 7 8 9 10 
-1061109407
1 2 4 5 7 8 9 10 
-1061109519
3 4 5 7 8 9 10 
-1061109432
1 3 4 5 7 8 9 10 
-1061109494
2 3 4 5 7 8 9 10 
-1061109407
1 2 3 4 5 7 8 9 10 
-1061109499
6 7 8 9 10 
-1061109474
2 6 7 8 9 10 
-1061109499
3 6 7 8 9 10 
-1061109474
2 3 6 7 8 9 10 
-1061109467
5 6 7 8 9 10 
-1061109442
2 5 6 7 8 9 10 
-1061109467
3 5 6 7 8 9 10 
-1061109442
2 3 5 6 7 8 9 10 
-1061109467
4 5 6 7 8 9 10 
-1061109432
1 4 5 6 7 8 9 10 
-1061109442
2 4 5 6 7 8 9 10 
-1061109355
1 2 4 5 6 7 8 9 10 
-1061109467
3 4 5 6 7 8 9 10 
-1061109432
1 3 4 5 6 7 8 9 10 
-1061109442
2 3 4 5 6 7 8 9 10 
-1061109355
1 2 3 4 5 6 7 8 9 10 
-56
9 
-4
6 9 
21
2 6 9 
-39
8 9 
-90
3 8 9 
13
6 8 9 
38
2 6 8 9 
-38
3 6 8 9 
-13
2 3 6 8 9 
45
5 6 8 9 
70
2 5 6 8 9 
-6
3 5 6 8 9 
19
2 3 5 6 8 9 
-48
7 8 9 
-99
3 7 8 9 
4
6 7 8 9 
29
2 6 7 8 9 
-47
3 6 7 8 9 
-22
2 3 6 7 8 9 
36
5 6 7 8 9 
61
2 5 6 7 8 9 
-15
3 5 6 7 8 9 
10
2 3 5 6 7 8 9 
-25
4 5 6 7 8 9 
0
2 4 5 6 7 8 9 
87
1 2 4 5 6 7 8 9 
-76
3 4 5 6 7 8 9 
-51
2 3 4 5 6 7 8 9 
36
1 2 3 4 5 6 7 8 9 
-1061109568
9 10 
-1061109516
6 9 10 
-1061109491
2 6 9 10 
-1061109551
8 9 10 
-1061109551
3 8 9 10 
-1061109499
6 8 9 10 
-1061109474
2 6 8 9 10 
-1061109499
3 6 8 9 10 
-1061109474
2 3 6 8 9 10 
-1061109467
5 6 8 9 10 
-1061109442
2 5 6 8 9 10 
-1061109467
3 5 6 8 9 10 
-1061109442
2 3 5 6 8 9 10 
-1061109551
7 8 9 10 
-1061109551
3 7 8 9 10 
-1061109499
6 7 8 9 10 
-1061109474
2 6 7 8 9 10 
-1061109499
3 6 7 8 9 10 
-1061109474
2 3 6 7 8 9 10 
-1061109467
5 6 7 8 9 10 
-1061109442
2 5 6 7 8 9 10 
-1061109467
3 5 6 7 8 9 10 
-1061109442
2 3 5 6 7 8 9 10 
-1061109467
4 5 6 7 8 9 10 
-1061109442
2 4 5 6 7 8 9 10 
-1061109355
1 2 4 5 6 7 8 9 10 
-1061109467
3 4 5 6 7 8 9 10 
-1061109442
2 3 4 5 6 7 8 9 10 
-1061109355
1 2 3 4 5 6 7 8 9 10 
89
10 
33
9 10 
85
6 9 10 
110
2 6 9 10 
50
8 9 10 
-1
3 8 9 10 
102
6 8 9 10 
127
2 6 8 9 10 
51
3 6 8 9 10 
76
2 3 6 8 9 10 
134
5 6 8 9 10 
159
2 5 6 8 9 10 
83
3 5 6 8 9 10 
108
2 3 5 6 8 9 10 
41
7 8 9 10 
-10
3 7 8 9 10 
93
6 7 8 9 10 
118
2 6 7 8 9 10 
42
3 6 7 8 9 10 
67
2 3 6 7 8 9 10 
125
5 6 7 8 9 10 
150
2 5 6 7 8 9 10 
74
3 5 6 7 8 9 10 
99
2 3 5 6 7 8 9 10 
64
4 5 6 7 8 9 10 
89
2 4 5 6 7 8 9 10 
176
1 2 4 5 6 7 8 9 10 
13
3 4 5 6 7 8 9 10 
38
2 3 4 5 6 7 8 9 10 
125
1 2 3 4 5 6 7 8 9 10 
176