4
3
3
29440
21877
4714
25968
50195
24884
21086
23652
49231
41082
18851
43545
2138
34706
6289
5720
15313
15313
37083
36481
3755
30994
28850
1104
12127
35632
9823
9252
17886
17886
20487
5331
27215
881
881
28519
46238
3420
25489
2674
44319
22356
36323
15902
16791
8390
49461
11272
11821
18961
4220
37855
18033
37880
21232
6516
19026
4139
13353
48378
45966
42755
29152
2278
50817
35947
40999
47999
34905
14954
10416
41139
23596
21007
9838
24352
36981
24315
20636
32120
35414
39835
50527
33302
678
40332
36703
14948
12474
26217
21168
2990
1767
37164
40098
43253
37164
27789
2018
17471
44410
13536
25384
38510
15689
64
30031
23802
6723
37110
19436
46043
27986
45258
43806
22676
37077
20261
9153
4797
48477
18135
46181
23816
23316
20285
41017
6102
20321
45229
28940
22485
20016
27509
44766
4055
41240
37578
6619
22583
27267
3284
20645
7464
2853
3152
31147
3201
31708
12366
29774
22663
49199
26075
37873
41839
15314
39049
34076
12458
30083
20551
17636
7102
1887
49135
24090
9778
18919
48734
16697
24325
30544
37927
10358
27553
23885
6585
31629
16059
21773
49860
18945
17051
34032
33966
22698
39681
1376
42099
48613
485
5727
22114
9888
27615
5269
16787
318
18113
10076
7636
3977
39230
5615
6894
49029
33351
9268
6362
13840
1880
15215
35173
17841
17510
49369
26161
50280
6718
11846
38349
25145
11868
29864
45499
2906
46399
44614
21320
39625
27581
4530
25705
29649
41548
2520
17971
39131
33899
32516
36351
48103
8165
10231
40442
38633
44841
43265
38192
6798
11162
27799
29129
36746
11772
38003
2182
47846
28897
45705
6938
11421
25609
41702
18421
7029
9754
22386
17355
23087
28797
47051
18945
23655
35374
30654
5914
25701
44483
29254
49031
25988
34553
37885
23758
49995
13290
16496
17773
6727
1050
36070
40881
35524
7676
44965
36892
47355
32714
44668
49757
35586
37983
14245
1343
45433
2458
5048
39032
39613
48967
6118
3180
51036
30134
20917
48293
4288
35795
35424
13180
2581
19169
32927
4330
17891
33466
47881
10129
32013
45958
13908
7611
18301
11527
28638
42128
24087
33763
9110
30908
43302
35333
38153
22333
31390
16410
32034
31047
1224
38423
2243
36984
10183
12200
40864
40900
47247
242
29988
34120
16044
48167
26778
29145
11930
27386
18735
49509
33119
17848
21645
35675
24900
8014
47385
38768
49565
22300
5508
34938
14574
46859
37714
47519
7596
42319
3702
50548
22236
22927
43492
50226
8391
18516
8281
46243
28153
30973
35633
2323
21695
12218
48646
13872
40992
35243
28721
48251
23998
37346
1123
19721
31622
26682
1552
21140
32355
39371
40004
9672
17371
8130
25276
18114
5493
19183
46131
45386
8647
30436
10318
34151
49855
3990
22694
20793
41769
46307
16315
46460
27528
15846
22827
4454
2230
14771
36972
15902
23465
9005
35396
41776
17128
24937
17728
22130
39603
21234
49451
24879
30529
48311
39423
19781
34813
8317
47456
19920
7627
48341
46059
18039
31653
21166
42607
34682
31706
32345
3263
2368
37675
12036
28272
29569
35186
31020
41073
24417
39701
48807
49431
21267
39600
21290
39831
43774
37040
21552
21980
28541
11071
48752
26535
38411
15267
23790
41574
3288
38501
30092
45732
8384
35430
24277
50274
28599
13865
34487
22645
17606
41097
20663
4577
9878
39876
27994
36214
80
22771
36328
30288
18594
18302
18494
6445
39285
10910
10599
17790
5526
30806
29582
20672
10031
39074
18535
28473
20406
30475
44670
19210
41568
12336
44845
42683
6806
45672
21560
45559
6653
32528
30279
2577
3280
9465
308
27801
17024
35307
25083
10436
3993
26921
28491
40702
30768
9898
35581
39864
49254
16351
28614
36025
42098
27005
26052
16050
19069
28670
36490
26782
2492
42951
43110
24016
27149
3418
12269
29625
44634
49725
3184
34954
21439
47404
5221
11628
11305
21497
7116
46049
1514
28581
50254
7730
23971
8986
44136
25260
28468
42068
6998
42086
3956
17108
46349
1905
1646
2583
19436
24295
50970
45885
9280
49915
18286
22450
23130
19769
48669
47359
2166
14904
16821
48542
781
14238
33660
35515
36889
13664
8945
18211
2975
29362
2736
17905
1723
22817
7289
29890
30374
6100
18211
10692
38711
32298
18733
18904
8865
37152
25652
16439
39245
47383
24321
19894
26745
14869
35742
23533
256
31837
24915
17189
1014
40152
43028
6042
1065
40341
20630
3010
27755
43182
11591
48665
22883
31038
19552
11757
9703
19874
44064
30798
30129
46496
29197
37528
13287
30446
5509
35811
15429
26439
1513
17981
47343
14351
25491
36342
15435
39541
3849
24907
2276
12890
38608
25365
20389
5240
43916
50891
9065
13681
49785
35659
43204
34238
31125
36257
36844
31634
39412
40660
29167
41215
27865
9639
4346
28448
16175
42087
43330
20739
22468
31605
22309
31834
43934
47033
16626
2311
44669
25371
50568
26605
17029
19749
986
47200
8218
9960
36994
41099
36106
33525
35741
14406
42659
24641
17639
45231
45760
26628
46398
25844
5036
18063
22517
28007
48616
36714
30314
6154
28944
20794
44724
23976
42679
13750
33788
48879
45718
34862
19773
5222
43833
44484
1748
34107
6631
50995
27210
27990
13201
19052
48534
10082
48969
30260
9875
26402
30088
4183
29885
34033
6790
12814
44647
19999
9933
19255
36943
36809
14401
13820
28654
38651
21052
19005
43290
30540
26716
22831
14411
44747
14415
47173
34626
25296
12347
43468
19712
15239
46097
8821
6375
23357
44814
9844
6287
14931
37025
3462
37543
40556
14311
13610
13840
24178
6465
40795
12221
23201
2046
8940
30947
26121
49735
40809
40764
5086
35814
31410
38409
44555
702
20739
24989
39748
34668
41697
27172
23522
10952
27536
32044
2259
37190
23235
9531
34201
4288
23788
34686
23689
41706
2761
17137
46128
39048
35851
11445
13691
32213
32959
21757
39576
12782
39985
42552
33808
41846
27872
1873
15188
15089
8543
24253
37383
18597
11191
27718
49073
44576
13357
13152
16463
25977
28640
36264
47795
31421
39956
22562
40675
15816
2962
2583
23895
41866
18686
900
49220
37685
25265
25650
26520
31930
20308
9210
30712
6889
39590
22802
20428
36248
5874
17672
26908
14217
19593
35663
12249
36182
27789
9161
44099
2931
38728
36007
8702
33158
49984
43246
36597
6942
21226
31056
36387
506
24109
49361
24410
14755
46906
39042
43709
44025
37426
21987
26252
48255
28394
38500
9286
17939
39988
43025
12347
32991
33551
13281
22188
37090
5929
33411
42736
48891
16051
29728
19332
21103
5465
16344
22820
3577
7875
17281
18608
8054
27053
17176
35274
13896
7038
42282
25645
24106
648
37748
11182
50312
7733
10862
6562
45032
13590
30037
35054
26713
10384
35473
47329
25309
4308
36273
38954
2763
36827
9835
49799
23484
15802
4386
49108
49388
24248
2614
3733
8929
28858
34386
6334
35080
45392
15471
29944
24597
45056
26297
37316
32097
36617
2630
24303
1321
5146
12272
49900
22095
45839
41710
5118
43041
36490
18366
5050
24880
35515
3590
46247
26735
4740
49699
5375
2983
710
33945
11750
5492
5209
11322
23659
11906
9541
48695
31666
23414
9726
38335
23901
44690
10868
14816
10379
35248
32385
12879
34893
13297
23777
48982
7425
2848
4093
37338
26177
44411
18391
33228
3319
319
26946
24146
3162
36437
44258
32087
28573
43894
45553
48923
45607
867
49699
23175
47431
25767
14141
44868
50082
4050
1963
40657
38249
11811
46303
21206
28906
48503
17256
44697
26889
7105
43222
49611
43514
25047
15436
49200
39410
12463
10197
49620
8917
42341
18511
28166
16425
16196
25265
42059
5151
42699
32181
47204
25431
39363
47095
25616
26925
28273
16690
8348
50115
48955
50034
19558
24845
19151
5468
46767
11441
22177
35612
10294
11528
46421
34426
37430
3899
51032
45020
43712
37660
36775
22235
2582
48144
31955
1627
23144
30074
7352
17144
11266
12055
4078
15981
38423
39956
15097
14256
43503
26008
46158
23306
25869
11118
48307
11460
38643
42732
55
17490
1714
12662
25029
42802
43394
27015
6325
6175
20261
25377
34779
15058
43364
12776
24836
32930
10966
18788
37835
11544
43246
40420
37539
6678
17824
9792
36674
21492
43029
15816
1918
31073
18252
737
12578
47419
28007
46373
1675
33579
4882
43056
36071
35155
22560
41920
24768
7214
49189
25718
22373
44261
39259
18615
16958
3597
2337
14899
32921
5726
30020
17666
37810
31462
7923
45391
30682
3458
36259
7404
2943
9830
9265
24345
49615
38700
26923
6228
43707
24405
23611
39985
10353
48026
10838
10613
7647
5089
8887
3755
25383
40562
20155
27930
44340
6129
50398
33289
15838
42796
32101
28753
3108
2933
870
40700
16646
14149
29059
18801
45230
34920
31782
10597
14883
48811
13664
14093
38581
122
21819
36643
41851
45416
40852
16919
48282
13396
18435
35355
40857
38054
45333
24214
42735
14968
44814
11106
18988
25264
45421
33230
598
4511
22526
17860
7627
4715
18881
21056
10785
48307
24637
7687
6096
21080
11577
12732
4297
25089
49010
22644
48354
10555
39783
41913
19981
39428
924
44086
35238
40255
44085
2163
9347
41860
27909
30705
19264
2419
49116
47715
49762
30234
11212
8953
38677
14029
20817
37869
37923
48471
43987
23262
2551
30359
26337
18871
29977
23604
49680
10788
18735
9487
7206
9011
40883
31740
16930
48112
38593
40167
33290
28313
29747
3465
40351
23162
711
34075
36437
26288
2065
17464
30153
35069
27754
42481
40511
17717
20635
896
13121
45777
23670
8720
39690
5378
36884
35538
18011
44527
40173
10842
9155
30089
48188
23246
40034
7337
3698
11367
31281
3191
42634
23160
15385
19986
31567
44909
42355
32585
18620
27611
27518
1259
40900
2806
767
17361
42488
5513
47101
13190
30834
1941
302
18358
16603
48165
19795
44541
47364
8326
15615
34594
2154
26948
28652
7902
27512
17573
5530
37199
20987
22750
40695
22442
45038
50688
34042
39438
26492
25098
32599
16407
11125
45322
30376
43195
35162
10055
2877
7520
18966
9258
29948
35946
43663
43752
40492
41694
23138
18554
5668
5028
37187
48784
4810
926
19982
26803
50294
5548
1931
20919
16609
35888
2204
2583
10286
14243
47031
31828
3864
19322
47417
28778
41267
41249
5437
46394
47004
31345
11723
37595
34677
18455
40499
48976
40043
36859
28983
47490
3000
12762
8126
45154
3611
12488
10851
9522
566
23989
12263
1383
15251
35713
37988
26354
19771
18436
674
24009
11932
47279
48648
24547
41746
27193
49280
30395
33385
38714
11575
18499
26153
15987
12095
15416
30046
12244
21182
18636
28837
47933
3187
27605
30894
41019
9852
14321
49442
33481
18641
29112
22719
31715
47956
31125
22648
4166
10510
18767
43556
25170
32822
46506
11205
1636
23842
39714
50906
25992
16466
30747
46982
8020
45540
5719
24354
33936
31255
26013
21211
16007
35057
38229
31493
32471
50008
38246
24297
868
20124
35769
13850
7317
23240
38390
17953
8448
34941
15162
22535
48593
47280
43297
26005
24844
35881
40602
18830
33783
47759
41746
13117
8868
11217
37527
22980
46366
17083
24022
33452
29580
26583
11777
27809
23868
28162
5327
44024
38357
26315
39166
14236
43425
4565
343
39854
22379
38448
28352
43095
29665
30504
343
39473
9500
14521
2239
50848
40956
26577
11509
28772
46734
117
12841
44277
5429
2148
32580
9792
42591
35968
43062
50672
8244
50568
30265
12245
48839
42848
4060
45716
4757
31633
42262
38490
11968
44950
4343
27091
14439
39050
39044
2057
12596
40929
32147
46360
38314
5271
47942
4921
50021
46120
37545
28521
34836
7324
24791
316
6534
29767
4595
12807
33048
32353
9501
657
38297
12412
1829
9551
47815
28808
37470
5275
20857
3621
9137
5753
44522
2584
25544
50378
3826
37230
45744
24614
31123
42006
44105
6
45134
41313
1119
2353
48246
7817
31820
17566
25807
2667
15640
44234
45785
4628
42718
34069
16708
27762
34416
24432
12567
28297
14875
29044
13331
12703
59
12078
8991
47630
31929
1523
6212
45534
44067
49038
38749
48895
27695
233
34639
6442
41092
27244
27163
29727
42820
8123
30571
46900
24142
8998
29801
13631
2504
38408
26900
41150
44586
37280
26607
4140
4255
19819
46231
23072
41554
34627
17615
51022
614
46018
46531
30521
44296
10434
32640
40973
21580
26901
10233
42257
23852
22413
6475
19418
49859
7519
15186
23750
23082
37427
47852
20519
35902
48549
9732
24894
7209
8434
32552
28606
1221
6623
28628
17695
15927
34735
21357
32038
44587
40917
21815
49390
36122
45432
24405
10728
21474
32787
23415
11574
26086
40925
38952
30534
45685
20234
30892
4285
26005
47119
12078
37515
377
43569
28239
19322
22644
29520
17245
3836
44222
23975
1789
44945
11104
34233
14022
29197
14945
4094
13762
17033
6319
41643
47543
1849
43475
19990
38259
1523
24407
20056
1129
29763
8231
21309
31728
22853
6405
8972
33521
37504
47022
44047
46785
39190
22657
15446
22813
22164
14453
40594
6045
47447
31134
37979
40723
33867
24542
40073
3849
39008
35331
25875
28303
6487
10327
16649
1474
31012
23521
20019
30721
96
16295
19171
29211
12358
23221
41754
47972
32012
46128
50926
25038
37933
26002
27235
50012
5630
32648
35782
479
42389
16212
19499
33076
15936
40975
9214
37790
30601
9532
16779
31987
35658
45147
21719
34105
41362
3121
26858
38612
46848
13745
14418
50690
43125
15430
3079
6150
16833
31237
20316
39516
8723
43000
29907
17348
45758
19606
36682
31407
38600
19664
46071
31230
2038
10684
4690
24368
4602
42470
46155
40441
4652
28055
18115
42395
5760
15483
13136
19392
30403
45256
34079
36526
3179
38522
49257
11545
42139
12805
38360
46443
21657
34757
36913
11860
12116
26168
38741
30043
16220
31068
37536
21047
4460
45172
31682
32176
38522
22846
22984
7791
6211
45800
10887
11583
16113
19575
32444
8597
23892
48469
1391
28184
9815
9152
38680
4863
26184
33573
10641
2345
3950
30571
25072
5483
8978
47331
30799
33035
7436
12019
38512
11424
4802
18799
19079
19318
15240
42515
50549
13022
31516
2485
18141
15836
41144
1750
45900
25775
39075
4627
31344
33921
40805
28070
21311
13815
10361
42137
1840
32926
18405
49954
4721
39810
46465
20552
37255
48815
41025
3221
735
15683
48376
43119
44428
25894
25330
9043
31077
18845
35411
46211
16725
8369
11304
49004
28569
14641
40531
25747
42255
13001
45656
38563
42539
25078
28018
49861
45465
18949
27294
14152
8063
45908
4825
10808
2761
45504
31549
20974
12715
40003
19575
4820
1553
29580
21154
48311
46043
4870
8013
33839
3551
10950
24638
30116
35412
27807
9603
8161
40206
25723
16133
47249
862
4379
6193
38654
42163
5884
21267
18735
35775
7688
42717
18838
39119
39050
5791
43582
27118
14026
40391
2208
17719
21024
36077
45436
34560
5072
14014
9308
34586
15584
25740
11312
38758
46250
48719
17960
31201
43580
40455
2526
30021
26601
43468
27897
34200
12466
42827
33822
11838
48120
44082
6606
12665
43958
22088
25838
11576
19823
41011
11941
21857
32383
11354
35280
16223
24089
413
38672
41137
26577
35214
35530
34700
15176
6178
15854
34554
35536
1246
390
25188
48958
43784
49783
30859
36550
2357
33303
9473
43315
5517
18214
44654
5262
34971
10850
10061
41533
12901
43395
14692
5496
9650
43784
14280
30402
23184
48904
16158
49217
30885
42340
35794
38213
50592
41628
16305
40498
30024
50913
22611
39456
21755
40771
22397
3502
18181
35742
32539
17519
45827
35201
17583
40545
35267
10317
30614
19960
38895
38152
447
12694
48355
31023
5093
46560
28127
27253
7432
37723
42847
18998
4512
45870
13590
34939
39755
41932
163
35295
17213
12230
40017
38143
27361
33400
29364
4657
10006
15971
35760
31336
33849
44214
283
1602
47784
16524
41597
39945
49412
1600
24225
43359
27313
24566
42548
30187
37989
28318
2004
47501
1683
29074
32545
2115
46224
2232
33295
49736
8459
42255
34290
24301
11386
7027
6998
17593
41468
667
12927
43652
12316
42116
8600
40800
24889
45660
38765
5535
26416
38633
11846
13791
28581
50793
27134
1890
39629
46072
37749
4070
6506
50910
2594
43376
50495
37292
17455
31248
15615
26226
6662
11943
6145
2452
4193
46371
23120
20175
27923
2420
28842
1533
48180
13516
40398
13843
12101
34871
26762
42501
16279
24139
39656
38231
40533
25495
47821
35114
14583
24494
25578
969
14874
34974
49347
14128
3090
4682
19687
4055
28714
48932
39443
2681
28465
16171
44716
40808
17456
40348
26854
36883
38278
41256
47309
26297
38993
32663
40445
39670
43233
18183
28181
17655
50235
44109
6150
6918
46330
2435
9628
44425
16973
38783
50724
12492
35613
29188
30744
23824
14916
26533
24895
20568
21722
35071
28271
50450
49216
11484
12829
47693
35313
16497
26652
42088
38061
45097
23021
44016
26476
12973
15960
26174
15899
25199
37329
28551
4951
9981
13920
33175
10612
21468
28403
22880
44857
14211
9701
6101
18216
19205
8793
32559
32805
50958
36983
9188
45982
44881
25002
32386
28778
938
26159
46864
9479
10049
5811
47597
3353
17806
33175
19481
47068
47214
12446
4910
24715
28321
13389
7724
44405
6470
12539
46733
50755
26428
38411
22985
31917
10285
22214
14661
46468
5203
45796
24349
41946
17476
47419
50837
135
33204
13890
22007
37774
41333
553
21050
12892
16825
45842
13638
6746
23789
2852
36853
48746
24369
35279
47140
25058
10121
21996
13253
38591
1474
22723
25204
29673
42138
43294
26908
41079
39475
46764
749
10387
44894
7262
12216
28512
50486
43031
6205
23169
42621
42044
35167
48617
32264
29924
18452
6761
36993
21201
11808
31419
31250
16286
15176
13219
43389
27223
36272
27512
20743
40756
15129
18044
1174
23499
33381
5405
26103
24541
1676
3845
27421
8114
34159
50957
1082
29899
41600
30586
43046
3351
39300
25001
8515
42791
26536
45299
18089
11144
46498
38704
36511
11563
48858
16403
11551
7935
23816
34322
28365
11163
36584
50958
14835
18574
40426
32022
14463
33189
241
27186
3241
35760
37155
50426
4447
43890
3824
18668
2628
3634
20992
1780
45046
26940
45049
19093
37303
31779
3706
45288
31562
33984
27833
10133
4142
2791
12052
9921
9406
7126
39616
15380
41073
43362
21930
4377
25757
22671
36565
20431
8303
8897
31331
9962
1183
4124
35904
23716
33292
1886
50093
47891
10278
23888
10672
28179
29459
28285
13243
1843
38939
16807
8818
27903
24363
18804
13191
14395
43986
20852
25486
2225
4370
9847
14397
39505
3046
16535
6904
33394
2615
32661
39107
19738
19168
21453
37893
13221
43078
545
23341
13964
2706
47076
5679
36372
40890
27113
25231
50264
25259
20559
33947
14550
8349
13469
35378
23107
30166
29306
4233
39452
2159
43313
41449
17593
7847
47320
46323
23151
3274
12757
11724
31562
11201
19565
29459
31387
20366
47277
22693
49731
24572
3925
40327
40928
19285
2083
9062
50016
26593
33202
38129
13415
48750
13112
23664
49619
19056
29375
12711
6286
41495
6271
26245
32377
6057
5150
45126
21806
13976
50292
25821
1896
24196
25230
20638
8353
38422
48817
46743
9907
19021
5411
14271
44818
14324
43930
14610
2851
47066
23472
37109
32614
12455
765
44852
29179
40470
8805
4415
22460
38041
19080
25277
48682
41602
31559
42661
31405
21844
21602
13874
48458
10669
22431
28800
25887
23889
38109
19175
38133
39902
36381
4726
18457
378
21954
43596
25102
34885
36450
11411
4234
46122
48511
49347
13006
28591
41895
9812
10336
10181
50182
45045
4046
45034
41595
42501
44955
48393
36944
27460
11780
19617
43602
1434
42115
7991
41492
38598
35618
19994
26344
444
37826
50332
15721
14244
24157
13243
42488
20415
434
19420
38810
20412
23558
28692
50966
8795
48899
42691
12412
30425
42105
36168
33267
31659
25919
8508
46466
50853
38382
26264
18825
26063
39409
36030
29728
29454
13438
45450
46958
40727
34934
47460
13996
34699
37020
34073
19879
29447
43698
40836
32390
34195
33203
27665
49341
37268
13695
13240
29980
27623
14534
16799
23029
30498
18384
49160
44375
24516
38872
23479
42794
28252
34427
41170
2503
32037
11208
43268
47396
33752
34546
31636
30427
48724
28315
2545
8366
12428
26521
5461
22268
5115
45076
32509
16424
7731
33656
30373
36337
9863
31301
35895
5658
32207
34627
20998
5592
49079
10624
48502
44611
5415
45627
32583
13289
7018
19441
6231
2692
6589
18562
2014
13511
32854
44849
2114
9397
48810
38484
49501
46421
4554
47430
35861
38860
37662
28607
45672
23338
30045
24158
20546
31525
16771
26768
43233
11620
3578
27768
5580
41867
42449
22152
33095
3250
22755
27216
13316
37290
43567
39811
16402
47219
21415
10353
49374
30367
22957
25208
11862
36920
41879
41854
24643
42172
22989
16000
23287
4298
39889
38872
24032
30198
49626
17482
45610
46747
8370
10406
19408
20360
34158
38600
8497
38917
36999
48190
31283
8918
49754
5456
14167
17090
14158
11866
7699
21123
15909
27455
220
13301
50613
5290
37754
41737
16869
41446
11192
13290
43544
16973
25550
3260
940
25221
42650
41161
49153
50799
2035
44677
26028
8813
34642
146
23179
33616
40152
33214
35803
1172
8439
8910
13089
33685
20921
40451
43973
48717
37343
30452
14582
38791
50732
23570
35493
44524
43737
24235
18600
26261
22614
17752
12665
16103
11745
26544
43710
41906
34751
27806
45224
12505
2242
47692
43520
37824
30620
30598
44540
6788
39009
44979
29448
36053
30851
8977
1188
36102
31993
27763
366
17024
23264
12656
27367
38966
33543
20989
37632
6626
30059
7551
18579
32505
19502
42185
6198
34284
45214
29379
49920
27422
36191
43684
8751
38067
47702
20755
35997
16972
50465
15353
6650
37368
48176
38102
33862
38831
3190
10124
38294
10535
48942
2489
6413
26880
12906
26872
742
16753
37758
44606
48324
35395
1000
21802
17271
13959
48149
33279
38762
25020
48726
39566
30158
27907
8277
2027
18940
35306
20518
30618
22733
15028
37380
26402
40420
17997
35900
43572
37070
49786
32238
9941
3994
19827
94
44966
19687
35803
26311
9213
44663
10147
47457
20415
40964
35594
40942
12212
19425
33487
36885
5311
48048
45577
6176
33877
10066
25332
29989
23672
38825
24053
27181
32867
6484
3896
46445
41470
4774
43237
33405
2013
3354
47483
44137
4474
25220
23514
30804
49341
3772
44631
50350
22990
14165
20281
22115
30063
28314
20330
26651
7993
35788
32621
20434
4849
46525
25169
44774
43043
31066
8053
36755
2785
2122
18572
44232
5471
4599
636
41803
21738
1479
15019
45206
3809
12582
24296
5266
18297
17795
22833
523
16637
2081
47293
32873
11674
34143
773
12102
27173
48161
36932
42997
39281
16822
42358
41378
37606
27378
34539
48922
21643
5217
13186
12826
4601
3526
19872
47857
5150
26213
5017
26158
45593
23270
4538
45854
44648
20330
22934
47869
50990
39908
6884
21801
21752
5642
6861
34522
26187
38130
43239
2990
36302
15244
14769
50739
33418
28118
11540
30274
40314
9934
48173
8149
26305
35630
36613
41420
32509
43172
21433
32341
18211
18150
1897
13717
28237
41600
49621
18845
36330
17504
18647
6815
34953
50472
46498
19607
22773
16
42070
43310
10878
32797
30622
50282
40860
18097
24370
47942
3745
42845
1769
21219
24127
27669
44457
49621
9820
28417
36197
11194
31217
21785
10502
1172
15391
18052
20800
24054
11473
16974
29784
38261
38929
21299
402
22079
13872
13915
14157
16611
494
35401
15703
1505
29849
25529
36441
37274
18472
12531
47820
2105
24479
43486
30836
28312
46088
41855
9035
50486
25035
33302
50260
29963
2664
38044
39107
43270
41834
18528
44861
17391
11355
39822
2162
48424
35729
4927
43482
5336
2875
37758
44023
23704
8876
48981
46241
3119
8174
35483
22841
27061
24255
29636
19780
3165
48254
31086
32328
14155
42359
32308
23138
24148
40133
25272
9761
1718
7783
37416
41674
39172
54
9719
3895
17853
11462
46927
31021
38869
21507
11639
15133
50902
26340
47548
34788
6733
28921
10734
43646
49044
24590
6078
44505
43637
50899
48111
23659
31748
50258
8929
35833
16339
23508
10690
43225
2199
25071
21320
21559
16816
23323
6077
24538
20955
40464
15148
30023
13744
9323
13
28360
32776
16490
7348
32595
46383
21861
8623
6168
50639
36790
7523
10035
23086
23326
31034
44664
23001
4608
41606
43397
40071
48365
34901
8360
3705
48384
17568
23534
41661
45986
12539
46075
22406
1450
28790
33835
13911
141
14801
25339
22271
11963
10183
31826
6183
46120
35310
7992
28157
35930
11183
30584
19350
3636
49264
1027
46968
10130
30663
36305
10978
19512
38414
28534
3583
12512
49322
42302
17211
43095
2285
48353
49226
35667
43108
34472
25809
9767
38065
4110
8970
8810
48760
41541
28578
43228
9547
26576
9606
39018
28894
1366
33873
7501
15250
6413
23771
35735
37666
32615
43640
14387
8769
29388
33525
50614
29970
36875
45752
36743
49570
38908
4544
29684
32704
39114
36579
5547
22110
15512
47007
24051
20702
6557
36554
32159
16120
34837
2459
13259
20155
39474
7975
33242
47992
20034
24270
5582
32215
45697
20721
22390
9109
2700
50070
8709
4719
30383
11895
7569
40601
36919
18106
38343
12287
47509
42771
30217
27553
14839
37479
48823
29669
44537
50028
12769
6811
46882
15836
25873
33155
28484
14621
32289
20912
26511
33342
31868
29942
16283
10150
6816
42691
50629
4701
47948
9859
20580
8361
33211
39642
30340
42078
16653
22593
44793
4793
18479
10720
10279
3273
43739
36085
35294
29799
767
6806
9589
34663
50486
27734
3909
33617
5507
6837
33092
10723
22500
31870
10415
32549
40958
50392
2567
48327
11827
27312
28910
38494
5891
15517
19875
1972
37632
29744
23539
44509
14757
32703
29799
2574
48756
46104
4682
41218
31878
849
13916
22120
48206
18728
20613
40216
12464
29481
46752
13129
30587
15952
9290
33634
21441
33105
35226
40323
50288
47480
35811
24990
8312
10302
38553
32204
47685
5719
43824
19719
7204
49366
30228
25161
11704
30778
43129
31188
13638
9026
18779
49299
47424
35102
43003
1305
26215
27733
28892
41422
9339
34497
19726
7614
44392
5023
49339
38306
8329
39141
25890
3696
44216
33795
42788
16606
39901
11989
24175
41308
3617
9126
39598
30190
30043
38265
25482
43108
39843
41549
30311
38736
16693
14515
47471
13051
32761
14005
50626
27936
48269
29690
750
5688
39560
38627
39993
17006
35047
31202
20215
38830
33313
21269
47313
49754
16586
25569
44838
14189
36746
27529
989
39712
39261
36967
5135
40838
1975
293
22206
3519
5247
39880
23675
40971
31294
32876
10740
23991
8701
32019
21009
6044
34958
38284
28485
50788
50291
37502
28621
14337
36703
44044
40990
45080
17194
46121
40103
27606
2146
27649
15049
3248
13946
39850
32743
17861
11928
43826
31865
34083
10813
42660
10998
25635
12620
2750
21478
18181
18072
47318
39194
21612
42115
2584
3732
20155
47652
212
18313
40712
35703
21056
15322
3774
49040
46031
7769
1532
29312
6727
36198
33656
13872
50896
7043
3537
8774
16616
3796
19906
36956
3076
40672
16932
29817
48748
43208
27549
36344
42904
23173
46960
33984
10955
9703
11535
4630
45903
10988
19396
38302
27244
40450
17527
18364
28177
30800
44525
47630
43462
24108
9115
25527
28401
3857
32287
17786
9771
20379
39112
33676
46828
35698
3872
2868
49915
6061
18369
3898
5406
42032
40755
47821
6741
13907
2382
48426
8731
32617
39809
46387
2315
20890
21939
14826
26166
16590
50182
8067
15709
33684
16743
42018
18921
15177
35166
21505
29162
23175
5571
13973
50053
33742
46022
6586
46748
41497
4978
5464
21810
48520
30050
24127
7465
44069
31567
37095
47781
19190
35925
37449
18519
3443
5021
3644
36665
33061
20469
41633
23344
40382
15990
20922
44873
29593
9720
1129
18644
43573
27956
18262
23584
23327
33789
27920
23376
32178
7451
29465
4088
8292
16023
46911
50234
12286
17868
36443
39285
26147
27579
44127
819
30465
27337
2662
50810
19946
1919
25814
39962
2871
47208
23960
35378
13028
1119
49027
38192
46260
33481
46511
7745
16948
30025
5802
27907
33298
29081
38416
17446
29795
15528
25938
44096
18756
41215
20848
11268
26214
38736
17225
10273
31651
12722
2537
29084
12754
3969
43788
2804
29621
15031
12880
37208
15971
3308
47754
29967
29981
24544
31932
30823
619
16210
43246
9052
47993
24580
40754
3658
1682
13891
8910
8357
39492
951
41868
8286
16939
49993
15942
20473
37151
15976
8781
45582
47403
48229
13455
49398
50713
51012
33838
17910
19427
25112
10482
5248
34092
50076
10154
11696
7651
46012
36928
19826
49915
24530
21806
5324
34639
42147
27910
3869
9319
22043
23450
19984
20128
2604
38857
38635
35425
27017
50057
30254
43362
25633
25868
20090
19589
41065
23919
50382
28150
32334
46515
19785
20632
13493
21914
43878
25919
4719
29439
25599
24537
22197
43253
49990
28497
14022
50792
3430
25270
50269
23667
7358
6919
47038
38973
176
15272
9315
22765
25047
33984
30185
46475
47125
26508
46435
46748
22617
26475
20537
28524
44820
13574
44548
11827
41687
17636
24795
4129
9061
8772
27125
30526
28414
39013
46126
35801
11619
3679
34142
28658
25658
28278
28309
16241
40239
15733
956
1655
1124
31357
25332
6949
10334
12960
25239
26232
35831
32154
48072
32861
35898
27401
47739
28797
29464
21648
48946
2259
23574
34615
4889
4982
21200
30279
14417
15494
6215
39288
25204
9103
46690
27928
17247
38954
29227
35347
39943
25106
20259
49725
31294
28279
38900
3045
18815
7445
50845
26075
29421
10689
10556
14723
28054
26215
49854
44532
33299
35032
34652
19380
6222
6005
13201
32269
9682
7547
46879
15264
42397
37176
50874
2997
37847
49942
39955
41721
16851
16991
48815
8421
34115
41612
314
41107
13839
2698
28977
22511
32832
4175
10651
6357
11351
50362
7884
38451
35120
2178
20027
11964
48325
19151
31353
41711
20463
17434
37241
38858
12527
24974
51028
49293
17250
1917
23454
20025
30690
27835
29214
19834
43413
2509
38883
13703
10571
41087
48921
40985
8203
39334
26588
954
22954
37647
31383
25057
114
26304
39468
38206
42239
38699
16043
9595
50681
20104
13827
11193
10733
47943
13610
29805
19468
28736
10097
11908
33383
49437
3182
48706
17713
37000
19414
13620
37609
43343
39873
49594
33207
8681
50568
7521
40682
17738
9415
40849
36144
22595
5053
5488
41988
48487
57
13692
29996
40937
26157
38418
35807
31316
48710
41900
38358
32400
10395
43506
19312
14508
36224
13618
28072
23008
7380
4682
13979
47687
9268
1109
44466
15061
1608
15184
7210
18702
4863
3929
9225
25487
36198
31605
38879
39419
41865
3216
34112
27654
41770
39237
6679
8798
22370
22453
3499
15829
26129
2376
4869
11047
50375
41975
23824
4707
44617
50755
18554
5281
18630
49465
40810
13801
28552
29865
44663
44866
6479
14787
1023
36589
34930
39973
11739
28461
19734
21682
41738
41287
49974
9796
44525
28575
34912
32158
503
12835
22572
10686
31537
2604
37920
31772
11598
50991
50343
43487
21529
31838
10760
13654
46188
36839
4684
20794
17816
50428
15095
37457
23685
13994
33514
46213
4288
50047
39788
10478
23193
39482
33695
45188
17847
39107
2765
14716
47071
12280
33351
46052
33837
41249
44734
49774
41936
19931
30113
32841
47488
4618
43024
45993
9579
41943
37193
4625
5650
24627
10024
47293
36179
13682
15684
39568
1211
27179
7580
15818
42009
50922
18757
8474
1688
18454
22863
24376
35104
2739
35413
41943
27199
31087
40212
8068
38021
28228
16304
19088
42303
13286
31140
47476
12131
16482
12025
13409
1544
783
26465
16603
3572
21660
12015
14478
40738
40534
16265
32167
11717
43169
35259
20029
49027
1784
49026
7552
3945
49173
8782
36822
48962
20542
20200
125
36376
32857
31181
14653
43762
27370
29712
14793
11871
26023
31829
329
4784
32128
37444
29949
23302
5223
42185
19565
19568
17861
7704
14009
31133
26927
37383
43366
46680
40626
32644
23139
33042
1207
26481
12154
5790
45901
12283
39187
26923
50093
16234
29230
31507
28240
45129
3564
49489
1258
3231
32601
1973
22169
27923
4442
31807
27628
49669
18434
7951
15168
35500
5036
5500
18633
6744
39999
18101
22788
3541
19638
27800
49198
39015
957
16701
9315
42246
25344
9386
23427
1949
10688
28624
40448
3686
4392
48046
44161
5060
45274
38775
10977
46670
7985
10042
39024
8616
31464
9028
41793
1803
44919
15630
29967
39042
876
20693
15476
50097
50019
14051
4387
19067
16980
13461
40806
30276
40416
48145
39834
28269
50880
39889
9537
48769
29893
586
23390
3020
42175
25366
23918
8913
24553
40346
46090
38575
37104
48280
10484
2096
14935
20604
10357
50268
16157
27113
47271
17127
43445
10848
23490
10182
34606
37400
13142
22690
11705
10532
34792
34287
50398
30550
23493
25163
28782
33566
38683
26136
19466
48157
28637
46610
11271
7452
35324
46290
14
41108
31189
28267
26765
20112
39888
34594
33167
12403
9638
4390
13901
29055
47599
48109
23819
15701
49878
12662
44450
1288
36787
12915
27712
46057
4611
42013
34220
32627
39165
22303
34610
37488
5176
36746
31880
34342
37911
28951
38956
41401
45536
21911
28152
12124
26772
36183
28594
41749
33872
22457
33180
1250
20282
46351
45073
37612
23620
50874
763
23982
7713
41241
1392
47062
24759
18799
14579
5664
22348
253
12477
45207
24486
37681
32722
22741
4614
28321
18867
3659
1529
14393
48402
27810
51024
34936
38562
29352
11984
14281
25733
43525
26571
13490
17368
49108
43958
46448
3843
32577
14898
10262
2952
12588
20266
49721
5640
27411
39333
6082
3412
21272
39844
15494
40593
34544
48381
25450
42579
18295
48321
13936
24281
38601
29609
12976
31288
35172
25917
10444
25582
3926
25085
43781
29591
35363
49953
13268
9692
20406
5042
39455
32599
17588
1804
36384
17608
913
41201
32986
29824
19539
19406
40906
26240
35940
6023
38089
28578
33580
14205
49819
24493
16870
33238
737
49971
37687
48952
28640
30840
43748
38832
30695
31306
29339
37402
23887
42296
28444
10143
43661
19813
22097
7341
35835
10441
13366
10507
14329
32358
16777
24521
25852
45417
16558
32553
8863
6954
13443
24942
917
48059
31977
23295
25710
36989
29947
10329
6563
22504
2631
41053
20608
49627
19519
16365
34641
30748
10505
45253
38164
399
5336
49685
39670
34959
26009
17474
37410
25268
19207
32059
19627
11563
34158
41540
32975
779
28683
15196
22732
11178
9973
12315
42424
22143
14039
2052
15910
18934
40403
10463
1034
16777
40838
47160
5357
19742
38612
10720
16691
41132
36474
13592
26633
9528
49587
34285
283
34695
30241
22635
24730
44907
33979
8994
26780
39414
21459
38732
25211
12709
14383
50495
17771
31983
43147
33575
35415
23704
32971
44999
43297
20278
6769
3673
35777
45336
44006
29645
21311
41016
40582
1543
23096
24405
7054
44485
22176
13915
32997
1401
49316
13359
23456
18872
13889
3206
18058
45578
49003
21644
49263
36416
9048
6961
28444
25810
17634
23758
40795
15951
38045
37892
11808
1248
37828
19857
24437
30201
48624
2838
4630
6705
7118
8429
34048
24525
38723
22263
44764
44769
15239
13420
44931
22416
27322
335
36687
39496
21492
37905
43554
11719
35719
9229
32800
49873
10132
21778
32006
34735
27010
31465
39097
51053
23903
16243
15334
30699
29976
45524
19974
28461
34123
25298
25374
36033
34434
36446
981
11292
39327
41606
36594
42639
45509
8470
5075
27545
3398
4850
21274
24455
29679
4552
49197
26124
40351
14293
6429
20248
29822
33243
10969
36447
36006
35018
798
43010
41712
9368
40882
22534
25555
49849
25137
46032
15795
36645
31458
44681
26112
39477
19166
19724
37848
21945
1181
48453
46803
42920
9105
31918
18853
2983
38546
3004
33321
7466
4980
31472
32774
6861
31236
39331
18391
24707
37426
4809
31939
22505
22763
45102
9582
38668
36251
24409
31488
25342
42046
29776
41017
28759
50836
16540
1526
23841
25822
26960
49577
18983
9868
11966
26242
26360
8519
22442
45191
35012
20416
22129
10549
14759
5418
23740
18573
4999
12868
11286
25092
29987
8284
34564
13703
28941
13183
42209
21553
49408
28383
40994
37509
42386
23764
38619
28444
35591
43807
21946
9020
26279
47484
35725
46790
2360
33464
25856
14413
32755
43269
43281
21616
12992
24471
47469
11418
24829
28826
17059
13802
32235
49361
43427
14676
47093
43681
16366
14838
35162
1681
37467
23083
34464
38567
16222
33400
41355
30133
24021
36955
12004
6106
19396
9426
14118
33708
48492
27680
25005
48491
18886
36335
9216
28079
284
22321
28293
31272
45552
48006
31477
37456
47146
14246
43811
40096
10334
20707
21751
15139
8298
42170
21003
36546
24149
6098
964
10892
37932
6041
8540
13635
2445
18733
30669
20798
25874
1032
21564
34674
8330
13271
35038
30664
15637
46755
28547
37742
39687
3260
13236
43027
32118
25332
30438
17714
4283
17709
36342
17609
32036
32775
23486
1666
47009
13258
19582
22934
7524
27899
50913
37797
36858
43747
29764
17754
20744
20390
49631
12725
46975
49717
25318
46752
21299
28283
36262
27891
17763
26685
12289
10106
7045
36636
1092
8808
46625
50946
17301
8258
984
7112
25195
38241
33727
620
17113
2849
18615
36214
43471
13341
4963
3448
39566
50157
31841
1460
9943
25763
8796
12541
33458
27523
6665
16423
6203
44871
26428
9911
51053
21833
3048
24589
28642
16123
47973
41544
31405
35797
4019
13690
21943
27023
35902
10428
45782
22702
30929
42082
30131
2789
11128
21078
21663
47824
13276
48644
41984
17393
2176
21045
44484
35103
43735
48065
30363
1844
18479
44319
48826
395
27871
12587
9033
12030
32226
33800
10633
45382
35069
48308
14015
579
33154
23572
19481
23347
14438
26614
17671
38630
16975
44093
25060
30736
7816
48670
11495
7887
9522
47971
16307
14753
13929
49551
17179
37453
43770
45235
49068
18915
11618
13699
20975
42439
44978
33803
23186
33950
31267
4577
33469
11561
18712
19334
18937
40496
36494
23776
42173
44977
34854
17171
21108
40857
24797
49662
37704
46283
31931
1948
3671
47638
21679
49855
32355
48929
50667
7641
7612
43113
31059
6519
5301
40310
9800
41593
37038
41477
41419
12363
15585
19078
30912
26402
9187
38211
1037
28125
45417
27197
23378
2391
10253
37549
41166
47122
24846
38560
40717
45529
3685
26503
8122
33484
1626
15436
19935
15771
22818
48426
46464
281
39917
4708
9497
48187
27138
23228
29657
5422
29777
29083
32785
45338
29666
22083
41183
27230
21330
34442
13624
8924
46816
39849
50558
45558
26364
8208
39617
39753
41798
36464
9986
19389
3295
43102
41598
37944
26284
49361
21305
4282
44150
11891
11617
2764
44473
6196
16006
45548
11964
33490
32287
12438
40486
37985
21594
49420
1000
34243
34329
17941
24116
44137
6719
15688
13402
20854
29333
45013
6617
1803
5929
18555
32269
42418
10848
11568
33830
14864
42146
23236
12265
46852
23503
46642
8260
5556
26089
25445
50334
4971
25284
27178
41183
48822
37007
33616
13566
15238
36390
36891
44668
7499
20506
7200
629
12029
30143
30968
1110
9301
16385
26862
5791
20178
9895
36922
35850
40444
29699
37095
47869
22480
34613
9049
7739
30951
37425
42092
47745
48392
45025
17904
9002
17508
24903
27888
38342
30301
2695
9022
2699
21344
36099
38663
2416
11156
4877
40957
49656
40327
13544
8359
1032
22685
36280
10399
28182
35573
38391
46302
40375
8901
18410
19751
37714
32304
23563
12153
25524
10386
28800
19693
45055
8374
989
2205
49998
48275
40031
35630
46251
1668
33613
7603
47567
17225
29466
1942
27468
38582
11136
31140
48933
16620
24801
7505
32581
20557
48750
13549
35096
49865
25075
25165
40204
34998
19916
29730
36692
3842
1661
33789
43202
40055
34199
32459
3940
21642
31898
14983
38001
49236
10295
42579
37931
50208
32752
27985
47867
38028
1315
48870
36640
17453
10999
12982
46297
30085
28019
10801
2614
50511
40190
275
4924
17475
8049
27694
41394
49593
45538
40687
47996
26200
18364
35451
33450
40672
9544
20142
2591
12611
44919
22464
32353
1008
32116
22796
28214
11712
8863
43399
5819
48719
14539
5216
34515
8501
18299
25896
42236
5315
43560
35726
15033
39958
28861
49242
46687
48292
34280
31230
27071
33865
27670
2902
43891
8240
46397
50438
20829
48708
35606
22694
2747
22883
29095
3058
46814
4681
34400
26026
31016
21965
3871
1256
15599
4214
10645
47074
34116
47041
30687
46079
8353
36772
7807
45061
13174
18014
32374
28919
42511
36043
41607
33788
45617
46379
34516
17889
14951
15402
9341
28527
28524
42094
13880
19631
46877
33846
21293
16368
33475
4960
801
5799
49816
39417
3972
34775
12402
1055
11110
38414
45994
38967
32264
47926
36889
14283
31761
16805
36243
20163
17048
7088
48411
3728
39662
30170
46443
15951
11930
47388
42759
16856
4760
27537
39273
26795
38149
46694
1586
48471
12125
47734
621
27640
16218
35033
11854
19885
24905
6003
23515
45187
17810
35266
25155
31216
20476
34396
5970
47000
44419
12171
20291
6974
9616
22117
10519
18716
27308
18653
1255
1305
30225
50424
23205
10849
44308
29912
24372
18962
40735
36164
49043
924
48262
18358
1065
30309
45226
10844
30669
883
24264
10957
2635
48054
22557
48332
31790
49597
4026
17496
2199
50881
31489
28660
12086
39339
36760
30693
49607
24140
41035
30840
3560
40796
48887
33431
14860
37312
49493
41512
7720
46368
49783
47682
26085
25647
49312
9452
41481
7994
16769
48730
3256
14313
46239
35793
18880
44216
8204
29689
9425
7993
46749
31502
35643
24604
47207
44473
49788
36694
49482
29113
46964
2623
45469
35981
6566
35262
30281
25784
19168
24675
10087
48394
46069
9037
35699
7698
27851
44541
27662
18273
41640
48301
15799
49568
6444
16492
25347
38616
34000
46054
4916
20423
31104
18690
19272
30310
39662
2681
2235
9915
46245
12781
43513
25734
11204
11043
40334
1402
20065
15200
12693
15576
8548
20532
517
3443
13576
15589
48146
44462
29283
27842
5062
18732
36183
33000
43060
8355
7211
10287
30732
40441
21435
6915
6034
37598
50276
29044
47090
26867
49679
28694
43666
19224
4768
11685
8240
36640
9591
19083
43576
31232
39457
7451
47798
22827
37834
39484
24679
1974
47115
10149
5117
7879
40707
21830
48340
42271
47301
39344
19068
50531
60
10648
22870
24845
12994
24091
48397
31551
47577
30904
50280
43216
9897
22990
14631
18254
17903
6643
29172
4069
5730
39803
42878
17513
41930
36179
3999
39705
42078
26084
39704
40477
806
19817
45036
7163
22159
43052
34619
39561
3566
46984
4619
43070
22069
32145
1227
40661
18393
42921
19776
39995
4037
23227
21395
25870
19362
32550
27147
17144
5726
37694
10917
25572
34776
38836
47058
42900
23932
36863
48448
51011
22489
23070
20297
36799
40560
23282
36378
32911
37954
11484
21200
16157
33823
42902
13789
39615
20928
35016
40590
9209
37681
5271
17527
6387
25040
3807
29543
10802
26311
16951
48172
23915
29969
2508
6458
23944
1510
36191
26428
13778
148
21326
46313
24755
26466
9576
48747
9988
46723
30167
35188
44202
5738
32564
6371
41488
24485
7866
23651
13460
32862
40513
14781
31236
48813
26544
15939
35895
34706
27746
46269
654
50302
1847
22928
9796
29093
50495
34561
4046
25808
24487
6907
34796
19048
29239
22524
23575
165
2962
21489
46973
3479
27047
43363
30380
37338
34336
18408
2314
27635
34425
13354
41269
41103
18234
25438
5
46146
45138
50113
37702
49502
15045
15390
47705
18553
43126
37210
41291
27611
4919
28782
49925
43608
18487
5618
35841
23358
7730
2737
35249
32603
10316
2456
46773
39377
43194
20064
46361
23765
22984
37304
44333
31740
8590
49984
17256
47287
37812
46944
28037
50268
42868
15658
15093
24212
38382
45173
48350
44883
1884
29233
32762
4058
35140
10229
42231
1708
6681
32582
6216
25080
17237
33509
26395
10887
22732
11525
35399
40230
7398
5793
28853
24754
14776
34724
27362
39176
41992
10089
43833
15480
3884
5069
13704
31832
49911
32583
46334
28147
45941
5088
37501
5543
16761
29792
765
28404
36416
17792
5264
37738
47037
4609
4998
4263
7232
13816
1590
33568
37927
21404
21401
16381
24591
29926
35620
46256
41447
50414
11408
46806
6500
49769
50597
13815
36672
19392
9876
1352
20674
39536
43727
35221
25739
38409
45389
9820
48587
6739
122
21867
6864
15853
44284
46892
1958
27049
23898
37678
42646
23388
44388
4988
47625
5330
482
39303
40986
19897
50207
39866
34305
36508
50980
17658
19041
4860
50298
28354
48956
39410
15989
298
48486
37300
11790
47956
34415
39471
10594
10405
3428
47428
10326
43094
39509
39878
35346
33245
31947
20291
18139
10991
25837
24385
50339
32079
22606
47947
46111
2857
28687
19080
35507
38825
28938
14055
35868
7096
34593
32136
4834
46245
45228
18851
35745
45097
30975
18353
15717
36546
34228
4741
3516
11045
44164
5771
4727
45190
41568
18380
2310
11164
12384
34139
2993
46514
41372
47786
33099
2425
26693
1520
10635
24339
12513
37138
337
31757
44519
1556
2454
7902
16468
13816
45329
2628
30248
35845
49845
39366
35021
13121
30398
4137
22397
12055
49523
18284
15328
5240
10733
27796
4270
12151
5292
48995
31124
2324
15707
11298
8238
38140
39591
47300
23576
28390
32859
49905
2380
11780
4719
11645
26524
17225
27554
31559
45240
48021
40459
44793
5936
33083
7234
36835
41715
41145
43615
8206
19166
50973
6912
32577
3603
19965
35799
33610
47464
11150
8857
41071
47373
36615
11398
12701
6791
22279
26172
4114
20436
20665
30773
11336
28355
4950
5081
49876
38990
20482
22765
45818
46893
4213
1527
30968
10826
21511
17243
43293
22206
45615
23537
27949
48343
42131
27842
2407
18436
33399
33659
33732
9664
23920
48479
50485
18613
18449
30991
49066
31425
15028
5872
34025
29427
19340
19801
36580
28805
39695
38272
41490
2113
48042
31791
17956
8986
15332
35731
10169
32965
33824
39451
41862
33310
50488
4808
11257
26063
39261
8720
49565
8483
11963
34566
34665
17029
18496
3589
43730
12856
39752
11415
32698
12019
29561
41986
16400
32636
1129
44334
27076
19118
12881
971
32738
38976
32918
35897
15452
45316
49514
49843
29016
25858
12708
32016
15819
34506
30419
46729
5271
32986
39169
38492
47846
2903
16875
631
24113
9240
29101
23491
3794
47717
26742
41957
25797
11423
477
803
23855
10307
35438
21348
37858
42240
9425
45570
833
38295
10167
31889
42151
40031
23566
27684
23826
43082
11687
32878
4249
16096
29319
13423
32793
3404
10606
17923
26134
22814
35664
13324
16476
15834
4256
45648
46204
6311
47576
36309
28527
6016
9489
2243
33446
12259
12456
7919
27690
11087
10282
49242
50883
45239
14007
43428
25196
5213
10132
31342
43310
4032
38484
5835
6331
30060
24653
47450
19310
4308
1300
3747
41760
42009
32217
40497
3064
48229
47119
2236
45006
45567
46146
26825
39181
34947
47271
31317
40623
23759
22095
30891
18753
12204
2820
13271
49682
36791
30015
46841
48311
20552
16358
36398
15648
15403
6780
41931
29257
42210
32809
31494
26562
20699
29276
50646
18745
23444
11939
22648
29839
30462
3342
5844
12419
34424
24468
31405
442
23285
13551
23988
8304
44425
40831
30625
20556
6653
4212
8616
50771
49794
42473
25316
12896
17648
8951
32825
48480
42109
22247
26884
34174
20051
49938
50308
14488
42728
4526
43831
36035
30924
36807
32036
39310
29111
26090
35875
44816
8591
28709
12641
27991
6520
22847
22141
41160
49063
30586
13324
43423
34269
46682
27953
34420
29563
29018
24722
27393
31099
27622
17063
7035
42860
9242
38505
50613
5628
40058
12900
44313
32253
11361
44865
35064
181
1275
48818
43583
17244
23516
19857
40593
1663
23810
7321
50067
21610
34247
5390
20717
22707
46321
5329
25203
28101
34900
49224
23313
50273
8402
33973
46310
28847
831
33081
2490
11703
10508
38933
743
21014
32462
40924
31164
12990
21127
21514
26015
46411
47542
33699
50284
4899
25086
17117
32970
36533
3149
32300
26120
1898
46897
48261
47896
2935
38078
40206
42326
231
8865
42105
5961
30087
50112
7377
2577
9382
20831
20453
19768
24835
49352
16566
33751
40023
21076
4807
24158
6629
13841
2884
40815
32991
25829
4460
44925
9843
27406
37772
16552
4014
10517
7734
3738
31130
13093
20349
15095
29995
8110
24745
31286
43265
37924
18618
21962
13071
41757
43138
43851
31538
10350
33976
25382
9109
46041
32046
15527
24588
41589
40325
44055
29311
10531
36228
35483
33151
39669
4167
18618
1412
11634
6857
14949
6543
39269
27237
1231
13598
17292
22333
34454
24224
551
41103
2917
25006
39925
34793
42390
14783
21116
3136
49702
30050
4086
24177
41396
33276
3212
32970
11551
24314
28817
2497
15776
45462
6942
43148
13337
29634
27240
35263
32528
3979
40402
26191
47211
3772
20976
28735
50846
35711
13574
24540
36277
41889
19682
12331
40819
43299
45551
33131
32441
34764
47185
35108
44496
45202
26208
31938
37655
36479
49570
4476
20732
1472
23974
23369
28216
34613
10327
38916
25386
32055
15462
37332
16207
22238
24377
13399
16447
21043
32749
1345
38779
6642
37070
11143
9007
25782
44308
47189
26908
36654
47534
42182
4028
2186
49623
10831
45790
50381
44968
35101
27965
38181
21782
3951
12379
30244
32459
512
23362
25957
12605
40800
30529
31273
46380
39400
45324
20504
39628
36130
14504
24731
37986
7394
30189
24263
2322
11542
17057
48689
15716
28036
21160
38091
7902
41453
15260
13744
11228
19883
41138
10354
39855
44943
8041
29263
23728
11839
7981
9355
44168
8272
31133
5073
1197
43538
20870
8362
18868
50622
5175
14712
35209
39931
47956
35596
4381
49463
41407
17204
19114
31541
40450
47814
12204
4549
9790
28022
3623
31814
16412
42914
29325
1106
19484
21264
42752
9898
16516
12905
12790
24619
12972
29911
18489
28392
41975
41580
46813
16817
39800
4504
27160
5578
16518
27300
13811
25266
36904
48711
45951
36391
39618
5697
16151
36144
47905
44470
34763
35175
35656
20509
17
42381
2655
22111
3350
44736
31401
21399
8915
612
14545
27291
8960
20142
31346
13150
31047
7450
21497
37941
22376
42299
1343
48527
42132
29441
23695
45820
10253
25029
28801
17836
38285
44194
9724
14304
50948
22821
47885
8687
9507
8966
5968
43934
43593
49701
38249
35711
17271
44635
48514
46068
12257
40461
24958
35450
48619
43026
34934
50723
10971
27175
7629
31329
4372
22915
1489
32544
22957
39921
22913
5177
49464
5390
16736
17600
1711
14652
15184
893
47635
19258
31818
35203
37710
3640
32574
30096
34457
24759
7035
14523
14887
402
34078
29647
21739
36979
46539
50600
9287
37535
34508
23164
37477
24824
11135
18344
13354
16179
48028
21359
34533
895
37113
12872
30248
36098
23313
39158
22381
39888
14643
18595
12177
11488
28562
25221
12752
9211
3765
5722
31192
3440
4701
5888
6603
29968
30208
31208
16545
19407
6367
22431
15805
27903
31641
6860
334
12547
14848
5734
32346
5536
48743
37539
31271
46101
44613
35149
45568
9808
30516
45452
4895
37157
47553
23809
40610
25433
34248
27754
31078
36577
11373
27337
2369
8436
2018
40235
37610
28663
31125
31938
6336
15783
37545
28056
18818
30158
23555
33431
40974
32771
4489
6313
21313
47587
6797
476
6770
17708
12350
45888
13107
34986
47380
19544
224
37734
33113
8927
49070
50125
41724
30058
14511
23615
39089
28883
19109
50049
9692
5434
31890
374
41237
17932
44765
29583
35627
38642
49543
8666
4079
24488
25259
31547
43390
49065
15412
45554
25338
3189
32957
41612
30889
38456
22646
39460
35578
29434
16493
5063
11463
16632
8998
36573
9171
37698
33320
7742
45765
45220
23010
50092
35410
22081
23515
10833
37403
17808
30918
24937
16715
39838
21557
47327
45882
18524
41816
40185
18354
28284
17249
2835
41837
36799
46889
22751
13950
4455
13448
2876
28482
11593
45619
38202
43767
2672
16406
33645
29498
48789
13630
38587
12935
1877
39474
8024
12480
2692
40986
24805
1784
3572
49171
35578
21025
25560
38845
14241
39948
26307
13438
6836
46007
13135
2217
32693
12957
7618
45867
42936
30694
21297
24835
34407
26800
25476
37610
44271
39530
41475
20147
20148
14606
30361
19489
28478
24356
46794
32779
1666
20409
4085
22432
39696
29067
5828
32896
8027
47715
12813
7620
36258
16283
32660
16816
7146
28701
4390
4342
45937
22812
23466
23117
31345
6599
32899
9802
22581
31334
34047
20354
14026
8191
32253
35236
2820
43573
33748
45182
48772
30438
36772
16584
15003
38729
46049
2111
25054
3974
50960
31602
41695
49486
22494
42483
11441
2208
37542
6209
32764
28122
28206
49782
48217
25269
40794
11249
13619
28566
34251
941
44183
49451
12837
7129
26704
26314
15183
4155
38592
38795
34110
19303
36939
28933
7618
11465
2947
47263
21681
25107
24614
47336
46333
36888
39095
50612
50202
10165
41123
27893
8012
19264
28279
3379
20172
7087
3571
10869
28050
219
11895
34695
12939
20974
46795
5219
6090
4749
50396
355
32831
23884
22150
38549
4322
28508
49079
41165
683
7572
18450
46010
9043
50719
2910
33180
49162
50995
23854
20028
1668
36764
29626
772
26061
30762
4628
45874
36081
48449
42350
458
39218
9786
23574
35265
33669
1964
43638
37846
48040
45749
43148
34686
43646
38715
14401
2838
42827
17884
12066
6929
48015
38794
3491
10966
36983
34797
39530
15317
19170
5654
13188
7209
28256
35866
44855
14468
27020
10434
23897
39232
6931
48431
17008
21648
45081
33295
48894
26783
5123
45084
6947
4097
45770
9058
25815
31069
21427
38814
9044
5565
23765
38873
50313
7336
39746
26900
10838
9197
26354
12109
35491
27589
30006
46954
49700
21245
14210
360
38015
25410
49787
47008
33582
24486
271
5550
26263
21242
34131
48708
7961
20210
28281
43334
20045
9931
38122
46770
26694
44888
51034
38140
4684
47551
20687
24926
38973
32386
16648
46912
21658
14699
34066
8793
35180
6051
15661
45903
38860
10099
15689
24233
23054
15761
44676
13349
3316
46729
35017
43547
1697
6111
15821
32772
45137
23963
47943
7913
43570
4757
1856
38613
41146
32962
39402
25075
42766
11045
22548
33024
47376
9224
49878
4152
50760
45276
49865
17775
42411
10767
42700
7974
39282
29284
41795
22494
13681
44380
47158
14781
35151
17476
14034
11458
37730
11610
12486
32791
28651
47885
12971
31034
32768
50811
44245
19626
42873
7023
4826
7141
710
27705
44501
13164
46925
12348
27078
16597
5002
31110
38996
3756
34250
22301
9014
48858
41261
49585
43522
32540
10731
28901
7633
9929
32879
47118
29163
50511
16226
40861
32204
45035
50561
24621
46919
31396
8936
49873
46942
17433
38452
46090
3123
10636
17570
20687
37444
40639
25868
47708
40953
24302
28751
39119
25566
27636
49119
45307
21011
42493
12162
28545
46411
42099
4643
19863
11886
48951
36928
41708
12291
25776
31578
16040
40463
48327
47299
31196
46176
48376
45814
25367
4131
32121
25256
6151
8284
22339
10877
34549
39048
46214
49470
40005
46228
9782
48123
36838
11214
20620
2916
32569
43800
31038
28897
23425
21978
2978
23655
34503
33600
6824
39687
14920
36952
32232
3361
20855
15197
11251
31280
13921
36033
10561
12249
14827
6191
1348
16252
26244
47578
18911
39623
31178
47552
18416
45530
5114
18336
11657
50665
49599
41009
31467
42844
44750
36375
26310
36619
27085
41292
24976
46024
27585
27223
5205
34127
44588
43044
16500
10732
15062
9280
41998
39816
25813
25403
40948
28541
15915
45176
28373
38938
47917
17799
42918
4348
48950
40951
43032
28510
19411
42754
22540
30737
25940
9131
7188
37505
12989
7539
22687
13247
11840
1990
25932
34882
21565
46985
6837
49269
25396
26457
11012
5594
48046
6261
917
23544
14685
4442
45342
27940
43517
41030
15029
17593
35720
27185
35623
3972
38278
18784
15874
8001
14611
21144
25258
26785
23170
18396
2788
49207
12666
10782
37054
36542
20730
16872
4819
9381
43056
14647
49617
7848
25403
37437
46911
7814
48573
36767
21748
41618
36764
8042
47809
9693
5610
32720
23904
30926
13883
10891
28169
30515
32300
44748
43552
29547
21139
45703
44043
25273
36414
48207
45339
48824
907
48329
10873
14517
33089
46814
41032
41045
28115
31893
20680
27538
8743
32156
48285
18371
5405
22620
20938
32437
43111
14053
37014
48674
9907
41930
17031
15108
18036
49621
43325
45258
31308
31342
35802
16825
3374
21635
38599
43207
4331
8362
12911
9348
31631
48912
3446
17193
15631
39962
35436
2899
23479
13286
45863
26517
14506
36750
14587
49447
5906
26226
6403
18681
36834
12826
3922
42230
7695
21484
32158
22821
9193
29073
37700
27087
6939
47358
41303
14292
27384
23509
41726
42063
28230
24986
28605
45403
16913
30607
45964
11975
25883
13997
34052
27610
7589
25766
50717
25112
6444
8308
30654
11196
37757
41385
26175
45746
17677
217
50045
4872
23290
48128
43122
48959
24927
42334
31489
50892
24105
29733
43127
3326
28535
22750
18430
30829
40526
43184
22387
45551
32295
8675
32742
48024
19453
14353
30823
9876
47194
33670
12991
1330
35507
17658
20722
3861
15576
2355
9783
26461
7158
47334
48562
41164
39043
1450
32476
235
24976
9809
34093
48592
46491
38067
26891
12349
6143
1811
10078
39352
32147
14243
3332
18242
33224
24772
6356
5976
443
5853
31689
26484
27630
32220
32818
6417
13584
12314
49872
49128
18496
11683
29944
19103
3914
18039
4484
26710
25746
43926
42777
8069
24314
30054
11796
42957
25821
8093
35294
102
33903
10027
7005
37935
5382
8996
30123
3351
14931
4564
5386
25603
9043
23720
42170
7536
49342
19737
43553
3422
35739
44895
13679
8220
20699
21893
25261
11558
41197
50966
46488
11721
39401
33705
15746
4386
41493
46625
15641
18765
40752
39009
878
18257
25116
19486
48787
15818
29760
35241
849
11985
16336
17924
43909
15295
9974
15323
21180
48342
42998
39133
1659
18067
34535
17328
12051
24798
33444
32973
45654
47919
33291
39347
26280
26280
8041
26365
49173
45214
7373
13258
17539
27701
39209
27456
2506
22181
31552
29927
35039
2986
25214
22387
32675
29299
17420
21951
45209
6814
7029
815
13397
50153
23364
40129
4921
18152
22502
41310
9042
31390
16306
32355
41218
50235
35384
14307
42284
48405
30474
4252
10051
36453
50046
18747
46760
11137
12639
7563
18858
6720
1089
13698
32096
44062
41273
42247
37841
29609
3214
34802
28471
30489
15452
47965
33225
10865
935
39166
39550
11542
39738
40924
36427
10746
43289
34900
2984
27451
21819
11657
29111
31
81
27529
14576
2123
43284
22173
43009
19671
19175
19920
26342
30616
14081
24401
12262
24529
31056
7625
29063
43707
28664
2236
20642
34653
36276
4314
8934
17572
42252
19731
20068
14572
21462
904
27523
21288
2782
42919
50545
310
28033
42040
1166
45044
44488
28598
47184
6919
38357
35412
36348
6080
10343
50788
6028
50393
3768
40830
35192
6920
35025
41485
35300
20748
2177
20817
37886
26114
13269
27739
49736
3267
42822
30512
22354
13360
43118
45682
2221
45558
22493
16236
756
14205
6587
14570
27552
26703
28576
22419
31776
17980
40828
20996
29544
15224
51054
8111
28187
4059
50748
21036
49162
15446
11845
76
23267
41873
22489
21486
2427
50358
4761
48940
24535
18379
32635
40453
9630
4094
27760
14959
27519
13181
13059
30895
22638
11230
20364
26952
25299
15744
25229
39537
50009
4807
7049
29355
22232
46413
15801
42642
11886
46342
13920
15835
14637
22454
50452
32680
26364
44929
29053
16672
40621
1543
4619
19241
13910
1484
5348
3578
30142
50572
13911
8234
46798
21478
29768
22646
3357
49386
883
36663
50387
2158
36874
186
27601
9615
26521
23371
24121
31717
42682
24740
30257
5165
26008
8813
5532
26354
49540
14575
33111
4257
3589
13018
31404
165
21690
17005
20867
24340
26378
41049
18639
5587
48681
20031
9906
321
5722
30579
42636
28766
1428
47370
23469
38892
16300
38800
7422
14540
48958
31184
3157
12685
38643
29980
40334
25317
30326
43459
23558
50808
38134
21872
3386
258
11221
24998
4763
29129
36311
31016
44342
21686
17838
11467
37873
5314
1997
2358
44027
27548
37434
47033
21451
7324
26593
26499
32862
31340
11812
13509
49354
29961
31443
39763
7425
49693
11907
40540
43313
30498
22889
9956
24700
24843
3115
29707
32442
9520
2510
1971
19707
27596
41274
31731
5879
30969
32811
19153
43774
42410
26177
15082
7468
43812
14190
22029
48681
2070
12058
42407
50701
45821
31814
19616
32685
2313
28
18292
12854
46624
8590
49710
9932
48711
3828
9182
27783
5439
3231
43045
910
9071
35260
7148
38138
21229
22180
11475
35258
12918
29975
30186
46104
20015
37689
10805
38221
29754
8194
43221
24016
47331
6646
15287
36406
6402
30723
50671
27884
25681
48098
42596
36912
37239
40746
16400
20766
342
22683
4635
40518
6752
34581
38978
15711
40297
39810
6233
11837
48417
7751
3924
47732
3162
50848
41551
43124
25571
1859
24652
48290
8416
20307
20495
35763
38252
31868
26607
11932
2177
44691
4521
42999
5235
20697
17821
10078
5613
40529
19148
819
26214
3956
24510
12522
24820
37162
29318
48403
3726
3339
30075
40102
45515
4823
34746
33093
32696
47869
6010
19524
38878
47726
8600
5938
32093
4573
7954
41379
8157
5320
756
38243
40251
13461
23105
45458
2992
19639
13347
36626
23133
15151
13008
37581
27068
14628
390
21881
36685
18552
4874
22380
12814
32079
39380
12094
15452
43500
8552
17425
17990
199
32209
42394
37302
36060
19832
21674
30196
5182
41564
6242
31571
6529
18066
9327
17833
39057
18080
15297
1969
27140
7974
10283
36662
50303
46454
4203
40136
28432
27433
16495
269
11620
42330
31174
36846
15474
30776
22051
44559
30829
32956
32379
41637
29469
13267
8670
29177
4161
45901
22682
46694
47229
50624
28292
33939
10265
30690
4194
38791
46614
24105
22629
6404
27065
6747
44326
16619
15140
31462
4034
28680
36979
27550
39067
24578
33965
32393
20837
30136
48619
34823
7806
29828
25909
20635
43229
45395
603
11951
39619
48220
32904
43592
6400
1419
39756
46254
19029
30730
16278
3259
36610
32662
17632
34644
49488
6157
31140
46953
42054
14041
49081
19808
38532
19811
1923
46381
49486
18555
2391
29361
42438
18024
21598
14381
12460
31027
8515
35
19572
3233
22177
14295
17619
8983
6709
3521
22388
17302
28030
27662
50639
35530
18097
23742
45789
12855
23177
21817
24093
12200
17771
32920
9959
15602
17504
24717
37353
5979
2066
4459
7475
