4
3
3
28760
27374
9701
239
11053
3976
5748
31230
5748
37830
46886
745
30173
25095
11020
47564
7812
7812
48374
34404
30555
27048
24904
19878
38915
38147
31401
31401
45937
45937
39912
675
40565
27581
27581
253
36289
8136
2142
18702
6390
30981
15679
50771
49527
29921
14839
21960
38
46456
31715
9148
3991
9546
40535
30718
10856
20001
28448
7670
47344
26745
13142
38811
6920
29829
32508
50646
17021
14398
44807
22006
20427
25975
10054
50378
13108
33574
11676
38888
23505
10725
49289
10396
28833
9911
26106
10112
48818
6920
17753
15457
14234
15559
18493
6920
15559
49881
34165
42113
6085
14310
434
13597
33121
21590
46102
9490
42886
16753
25683
33510
44395
9595
7502
7502
30050
31255
17646
3662
37820
21525
15657
45640
17977
41768
2720
25624
10563
43821
29155
39083
10410
18869
34571
34581
3526
35990
33239
15797
34870
35630
49738
39695
28827
40657
2227
4693
4693
8325
50565
28896
27358
20496
40198
24850
21836
4629
50182
213
42199
41718
24852
3810
19838
39609
18713
29751
42706
6031
36675
48222
36198
11020
5010
50059
45344
47299
50033
7678
28605
12102
17688
35184
3898
14433
48894
5493
3318
45936
43240
25347
27238
25238
30866
47694
21477
39765
7911
30456
9169
13044
42859
46734
24088
42859
50814
22496
33622
2591
40558
30595
19160
39573
37582
20413
47229
43882
24175
15228
21707
14304
637
39159
50679
11764
47907
20667
19019
21327
21327
22879
10249
4218
23243
13705
32373
25214
46049
39651
46266
7481
9817
46506
32834
30308
2510
28721
36213
3380
49488
38351
14256
21556
11460
49002
2939
16055
14188
41143
12547
41729
30627
865
42069
50144
50144
7171
14007
19292
24129
26506
18091
22893
44174
12083
36424
48507
36424
5052
33945
42921
18916
38498
41207
7219
38035
16474
2062
8309
36629
1715
7336
17082
6816
39570
15540
43520
47221
25303
43520
48059
14369
19337
34821
6464
46616
46250
30043
35697
145
2064
49632
2663
16916
18363
31692
21658
36167
29015
679
8547
8547
27290
22962
2929
29470
36958
36312
18307
32000
21880
21880
44220
24417
32205
3546
26983
48050
28692
48821
35156
30349
49878
39849
4917
4917
36683
5104
44195
23345
30495
3234
45724
14410
26445
19747
39026
22164
26702
20808
47187
38932
43345
42961
50321
544
28784
11087
14807
31474
7252
39793
1355
47926
48406
31568
49403
15855
48007
10820
1271
1271
50870
21163
10498
5563
46347
10498
25184
37538
5938
8694
16996
10327
37245
46292
36132
6946
38249
45458
14482
15965
27238
49317
10289
45523
28894
36377
33689
12350
37362
46664
43929
19502
22656
46521
42748
3450
48083
23092
50189
5879
19101
5905
38821
47349
28368
46476
28460
29930
20525
16937
16937
3861
15944
23797
6370
11231
12950
47731
43268
14895
11846
28401
7813
46137
39681
39681
50217
716
36191
10147
39039
18754
1707
26137
716
36054
33631
381
37918
47838
26367
30117
25738
11747
45244
2411
50178
19626
30099
7217
6994
17926
11845
35755
1930
50321
12457
48391
31787
31787
33716
31787
34703
40305
44930
36955
41027
33337
26575
8063
5318
1006
38146
13974
47121
34278
21351
21351
43609
24994
33404
35236
9789
25505
343
30214
26934
11345
37284
44015
50914
15746
48109
2452
43935
5030
45406
28963
22058
22058
22058
36460
28363
35501
16544
37489
30908
39534
14211
4072
39981
42806
39981
38765
37317
43300
39658
48179
39658
44060
48646
11382
49065
5442
9644
16896
10129
17047
10294
27221
20211
11215
14635
43426
8061
35148
33876
46190
29180
28958
5334
895
29380
24156
48453
17111
15908
16246
21327
49412
6905
31918
48631
32816
44572
47001
44565
26654
44565
14550
24531
24531
44522
11823
3218
9841
35561
16405
29663
26808
8946
16612
49559
16995
28053
14185
45689
47608
35062
19482
21513
36257
24342
24342
13505
48170
31083
31083
11305
45786
20882
42393
30497
29227
10537
8374
40533
16830
14003
10201
10952
14003
29329
45407
24644
45407
26253
47555
37689
7475
7475
41538
28691
8524
41735
39366
7569
16082
32436
4340
3257
19898
27141
10360
5622
27420
25264
12554
11376
12432
19200
655
22701
45584
2371
30731
42192
19438
3437
1942
19510
16070
16070
32668
32668
31303
3843
28395
14542
25221
14542
7592
8637
38004
17736
49591
2060
24202
10344
843
14651
24266
39124
5127
7056
47867
24926
14494
8166
14494
8748
37024
48641
37024
49272
23619
42982
48517
18387
15843
15366
19139
18462
5978
12873
19150
20485
26633
38965
45196
44356
22967
18664
8635
26570
37343
587
41232
10060
24696
24696
3147
14648
43262
38661
43476
36909
24060
40769
49989
1904
5902
20436
10522
40691
13977
3466
39367
26714
13262
25325
29378
20634
46130
24447
2394
2668
33360
49154
28797
9890
29691
10158
4549
49214
40841
49325
41244
42104
485
43645
30820
633
126
18290
2423
11221
21114
29277
17299
27887
22505
38419
45191
1390
6490
10261
18608
6790
16344
5073
12209
46327
22091
1953
37000
29575
14027
30923
50385
22033
21799
19790
26098
6560
16845
4632
2236
23251
21771
30827
40953
8152
9243
25648
5321
28768
31941
7235
1687
25667
27363
27363
47653
26221
50561
24264
47390
12209
8473
43769
43102
16545
48499
48499
19809
42163
29522
29522
38420
3013
42163
12720
47134
9588
11662
37422
39211
15480
36204
45890
7376
12055
21104
48575
23732
23479
27677
22522
40176
6567
27766
6567
34021
34021
4443
29314
33590
29700
34306
43782
691
691
42269
23712
32793
39989
45626
7122
12098
10992
23871
18436
12195
32309
30413
1957
1337
36556
28562
11632
18318
18297
11234
33853
11120
44150
19255
17527
15897
16758
29280
34679
583
28740
2596
9979
6032
30693
22723
43048
28558
3972
10487
43095
21778
21778
31124
28274
11015
42172
28663
31723
10774
6583
46891
2413
35412
868
11008
25677
24471
37931
12917
28802
44702
7490
12949
48140
31311
38549
8143
41250
27893
42344
11723
27800
42166
14704
45656
45656
43648
21427
50134
6476
12069
10088
39808
704
534
32314
31897
50195
36844
14947
9786
47877
25481
14985
12487
48563
10496
36535
46652
30682
10444
24280
4751
48057
6215
3009
37802
46394
8416
12887
22278
27716
6017
48160
23245
6682
4471
22857
4614
5048
46425
7474
705
43999
2426
30150
50556
13686
26564
16059
8462
4205
22282
41937
9106
28111
8511
49296
49296
27139
1653
18338
11263
27812
15389
12554
12554
28101
27081
26350
16216
33703
39070
41523
36737
19303
31995
30720
29611
36593
32212
4395
12664
26142
1876
27547
30538
27547
39595
30538
18174
28982
29686
6790
15263
5969
5741
48029
29339
40526
3279
41016
43447
2192
39590
16854
10662
22072
14051
23400
9349
43432
28877
11296
22601
10476
25782
50080
6016
23009
40658
38768
368
21839
36458
840
26499
30033
11204
46871
12544
6041
21532
6561
35113
27468
27276
18695
37076
28907
10526
5704
28706
37498
23111
7599
30821
53
14163
39840
50749
2151
47208
48558
17435
31401
14900
3697
34820
3437
10322
26526
26716
17508
18114
43522
20006
26024
19661
8328
31070
23913
10848
39103
49342
31706
2781
23838
1121
14010
3302
49495
15837
46115
36696
31714
33846
31199
29877
35296
38583
43290
40102
15415
40102
18459
19113
50330
32100
23567
4112
8224
48115
5612
41986
11299
45169
30868
45816
11804
4428
9935
23685
43559
49463
13546
45721
29619
49471
5353
46836
43833
1901
30552
27552
15625
47239
23785
43711
16655
16655
23785
34560
7726
46174
11274
41164
20848
26968
28246
20848
792
8563
23767
18828
11248
7550
14070
28616
18237
39652
13353
13353
2094
32806
21605
27284
32036
24775
6439
23003
38457
9568
45860
28133
20258
17394
12705
40504
890
34249
35536
23188
42900
19410
7412
28586
31455
6972
7078
10125
3739
44426
6672
29074
3739
5831
30837
41200
22671
35165
47500
42481
2738
9743
4323
19201
7532
10670
18310
13064
9566
5359
10232
36423
24870
32962
20526
22983
18644
48661
19264
4780
13203
7563
43301
45175
33099
37415
15414
15414
44963
10286
10994
48381
28145
40215
26879
42895
36632
29880
4700
4700
14022
44139
31484
50117
8148
21503
22247
15363
27230
19038
18949
29954
35479
10018
11295
43659
43659
7962
23387
23387
26184
23354
38307
48000
46450
24079
31442
19202
14997
26298
48213
27418
16510
25647
7603
1836
28274
45188
45385
48245
29945
42261
42053
47707
46779
28290
23277
21814
11809
183
31126
18414
29134
29134
25061
25966
49561
18029
2277
2064
25131
35235
27305
26090
7394
38275
22819
19959
48356
27072
2230
23856
6452
26823
47381
6452
46937
43600
23554
47535
8046
265
39903
9272
1367
14896
32088
21351
17582
4614
44901
15591
1420
16887
2522
20748
34990
12794
2406
41942
25472
40215
24859
24859
27324
2465
14111
49765
30538
5806
30524
34213
19177
44085
1485
46652
41254
35925
41905
12333
33148
20168
40574
50910
41151
20056
46168
13023
1153
39981
18548
42744
17697
13899
29693
20130
25338
34027
22060
10898
5852
21669
5852
41283
6039
49813
15686
38373
27332
37012
15766
46334
37012
28410
81
32756
7164
15967
15967
41471
15569
42116
5230
43353
4183
25797
11289
12969
2342
8556
16736
31136
11360
16155
5245
4949
16151
24521
39678
9550
26150
35525
7424
7401
6893
2808
11505
48652
9211
34504
19488
18732
7362
13329
45384
4135
2395
25971
36933
42776
44143
43472
43511
3322
11607
7864
13628
20502
401
8431
2773
40773
43147
4947
42862
23223
26769
13707
19216
31014
48819
31880
8741
32947
41272
13132
32947
31464
41272
11719
27156
3113
41249
33223
17625
17625
25939
7633
5911
22057
46290
42356
31238
39637
19492
19492
12589
20157
17564
3193
29452
31624
21392
38552
44320
28483
42722
40997
40997
16
43221
32017
22446
3285
32929
25505
27745
46078
44382
24417
38031
23397
33479
25594
40653
32372
16392
14811
25859
38524
4447
10558
20621
20621
27734
42164
10604
46715
16563
8125
46155
8357
1441
32490
41636
20320
6858
9591
31510
34762
24396
5503
29311
22795
47046
17097
27577
11133
29775
16380
11267
20937
4705
44517
39629
48999
42114
11850
26153
39327
2088
37362
39327
21272
43326
43326
5286
20304
39327
14222
7221
48387
11524
38777
49213
11708
41292
1553
22344
46318
14294
18212
11514
35929
15238
11175
42896
6942
3969
9634
26931
28241
41206
2832
10177
14742
2752
18477
14279
30286
20109
20109
33366
19761
9503
28189
42715
17607
33973
797
98
6463
7149
5983
12666
40879
24915
20742
24430
46846
28223
46786
2190
36761
33310
12767
2923
3145
8847
47853
42346
38701
32703
46065
19900
17879
28186
28223
43349
26228
21615
45383
42889
4213
40364
33139
2544
45185
1664
24972
19929
1664
28676
46307
15170
8448
26272
40457
41104
41699
28867
11257
43399
32163
20183
20645
17913
20645
48441
28249
47247
26963
19169
48511
21234
26641
50640
9611
20894
9799
31544
236
24750
23756
25630
16521
47392
23267
27903
37383
42036
9416
35762
48373
15279
1543
10053
27091
15827
19420
19420
17329
13428
35994
48535
33436
15099
48104
47003
37827
22728
17740
15895
31106
22154
17510
25467
2210
20365
403
49254
7447
49254
35528
15033
2198
2198
36627
28676
3878
3318
29291
36322
2408
16889
29998
46284
24451
43412
44103
10835
32806
43802
30088
45503
13854
8910
39741
26319
15686
36302
28916
5822
29797
39504
29797
46693
38851
5978
507
41814
1624
11307
33824
51049
26937
50893
2284
50131
40264
16986
41607
37723
7722
46271
38636
16709
49289
27441
9165
45072
44366
24867
16951
21519
12017
34703
7474
9578
43747
17387
3177
5638
5786
3177
26567
12151
36605
31938
18124
28138
35319
36539
12885
30443
32825
45568
41395
41990
49008
11196
25720
37604
15208
13314
29102
25477
46735
42556
48069
50372
3058
24576
34577
7126
2346
9626
42897
2034
30661
16983
430
10370
1433
39701
30087
10483
3020
50461
43797
25587
47729
47729
6395
37612
16833
48438
32329
13665
36776
188
12963
24160
4524
6989
22759
49883
40660
33160
12731
41947
19475
38819
13373
38253
12409
14271
9206
44727
16575
31948
22382
50192
32319
19514
4391
25576
21985
47768
45644
3657
33628
42491
39524
39524
30392
41024
46689
14079
38369
9854
3242
26145
9133
1891
14128
27495
27013
9997
2472
44977
21818
32417
11041
18263
28413
33187
27131
27131
22865
13782
6186
6186
49130
38056
38455
44415
5238
37384
46629
30174
10248
35132
22769
24055
17318
40996
20243
21707
34984
44738
5598
43163
28669
37667
42710
41643
5290
7790
28426
33114
50499
41836
17877
25662
35064
20796
34748
11365
16128
36586
32404
5348
5348
32465
3006
29459
20060
38221
32185
9294
9294
30818
9841
14805
42739
25606
10948
7485
20665
9974
3056
23241
47905
20824
20824
29076
5584
8794
47861
13175
21598
14302
38114
17981
26686
4222
42358
20793
22136
7068
37786
18771
13143
30850
30899
6247
44361
7491
5243
48028
34244
42000
30354
27858
7228
11825
43338
5505
14550
3342
27843
43968
11985
777
4115
21505
26714
46479
35897
35271
2568
35807
15367
33737
38258
8428
34873
25152
7182
9307
26873
39725
8173
47137
28203
8528
46761
24626
14981
15702
17334
12045
18500
12601
33150
6651
19077
40338
38745
43181
50691
6303
20552
31903
19593
290
27496
50415
1433
7862
18414
37771
18058
44990
47447
36237
30449
24011
17614
34538
18590
21116
24177
14191
49074
46896
30859
40177
5343
23101
38093
22418
36968
28037
28757
36566
5436
12688
50528
25739
8583
16024
47956
37593
14850
24878
24878
7331
31133
10064
20100
20100
45664
43816
5124
16270
24893
23308
566
24132
4975
34096
7472
13750
26375
38822
29359
33039
50897
10676
9142
44390
24121
44057
13194
13194
38624
38645
45535
11732
28440
46561
47732
15593
20024
34786
14022
22120
27052
28037
15455
35619
7328
13855
19450
37838
28322
37054
2774
7579
25958
36431
45022
46596
1275
31468
33264
47248
46278
2707
38506
23045
14907
33015
33820
38225
27458
31735
41952
9053
9053
19020
29955
5903
3623
6776
17347
3813
7706
19319
16241
12182
10537
6223
29563
39317
5684
13
22947
22947
7588
992
44994
40386
992
44994
3869
19362
38700
13204
42893
42418
1314
40157
2454
10694
8240
36875
29396
18124
46355
34398
25795
13974
7007
44218
47449
31927
30850
42237
9695
50167
14841
17672
23485
36279
21638
45211
8109
41569
45331
21664
24120
14060
698
33177
18153
11195
7219
22080
32943
22515
36605
43392
25797
38509
32141
23649
6316
22747
50696
48078
4199
16905
17270
5082
8364
42779
49453
35290
49453
8637
49758
49044
46160
19456
29390
25597
13879
45647
48478
11092
26600
17984
47921
26790
18957
12800
14514
22783
40277
6757
27372
46936
42435
18381
14890
19265
30232
17035
32466
12166
23418
31819
37244
30486
46756
11819
30513
44281
44281
48012
16720
49
16955
11653
11653
8266
4778
1768
15795
15588
15795
49761
27928
16039
25310
23761
35639
7522
24662
45319
39929
10808
42752
18041
26327
30835
30342
1549
40395
39968
395
2460
34733
9680
21810
43379
238
18341
10248
1291
47608
1166
6170
22013
7847
36667
10589
4604
32146
31858
16280
2461
26718
22493
37944
43540
3713
14343
30499
40431
14523
44030
44030
1266
45964
38301
38301
2643
21815
44576
36924
12278
33877
47094
5004
28941
45218
5347
7820
16978
10694
10108
23831
47627
32158
2795
50004
10679
29158
15437
38508
36600
9708
40372
33849
41415
37349
29636
36182
34373
39953
39370
12909
29784
9586
2635
43772
43358
32129
42154
13057
5389
5389
46316
33942
23755
14998
50055
12982
34559
24563
4565
30875
5443
33210
15555
12550
11707
41464
48363
2426
23756
25631
45940
18441
16876
8676
17125
1656
31591
33009
15404
33736
44155
34964
3590
13045
19917
13852
18289
17359
43495
43495
5496
38354
11276
15643
44998
2624
42502
45736
5157
22030
23708
49539
14091
38207
3120
38495
38495
2348
32329
3034
7353
18127
34873
19759
9441
17736
32925
7672
31446
21183
21183
31250
31250
575
47033
20386
20669
16812
41509
21234
18462
867
19991
23867
18322
2727
16270
7011
34498
16525
50565
33991
12734
48664
14546
38364
14546
28998
34919
36568
36006
38411
8563
49581
10507
30018
42133
15571
16466
47592
46773
24538
35707
49294
24874
48288
32498
15800
1522
12501
45481
9845
16865
12716
1761
42653
20841
10829
17333
17262
9278
35329
9278
35475
9427
47839
11728
42170
5774
18423
13608
7633
38089
50175
20920
5873
7471
14882
40488
39205
39205
25884
40902
23040
1398
35648
49358
31871
944
28007
14811
48504
48504
47543
47543
23406
11260
17362
18763
43947
37826
9421
29678
16535
44406
44406
44406
49158
7711
25462
46384
28216
49987
20169
21684
24868
5743
616
18944
27304
27304
13805
11013
47869
12655
24708
15070
1990
43831
22226
40630
21676
20467
17775
14696
43278
3446
15615
13072
20323
16729
16729
16968
34623
29066
49326
31926
23355
34727
47037
25345
43155
20301
39925
28339
47535
25479
22100
5076
30321
4168
33559
42451
20716
39875
25481
41245
11423
35955
47768
47768
28168
18022
18990
19509
1824
10572
31811
1851
50770
12227
35409
47010
11824
37650
11371
13374
44041
28450
4199
19458
25405
38366
32510
31525
40407
8889
50614
32062
39681
46613
766
27614
35032
43157
47728
7788
43157
39091
12874
24316
15614
3518
44722
22337
37626
31751
50717
20161
3
40462
6563
6513
32111
38624
908
26286
18352
17615
46118
36625
28953
26241
14228
37343
27429
14125
35221
3045
13079
46659
47294
28187
10925
2051
31921
21324
45555
40011
8442
39584
1474
22598
8468
9512
7325
14043
14043
49089
27328
23148
49281
41803
40896
29339
18731
44112
10471
3846
23191
6331
8361
39723
35404
35404
4733
45216
28986
32794
16865
49288
2952
13452
42207
42018
25229
36269
42469
38878
16031
10491
30163
43836
40933
41374
41374
32217
9157
2569
21410
28083
41768
41286
48441
15784
38891
32508
31210
25944
47930
30820
48565
13569
47913
50861
34224
11244
50861
45468
6444
11415
4971
11415
11415
8353
49358
36937
19210
22084
11075
27861
15303
9237
30871
39164
28501
17913
45747
17913
46585
37453
26197
20273
21942
15768
44196
10457
24141
7340
2543
35796
35745
51001
14663
1005
36043
32181
36043
9014
45596
27956
42010
27956
20580
713
26791
15999
28143
8901
28143
37737
34987
48957
37177
3508
34640
8728
49589
24191
28927
28927
17284
28927
47062
2170
2508
42351
13814
31052
3243
6541
45992
14862
22483
3244
33167
35498
33167
25180
3899
11787
21828
27698
25298
13670
35517
10837
12555
19683
23708
40287
50875
10588
10570
58
20193
6810
27109
34666
5508
49348
25250
24051
669
30004
752
752
31225
22559
33490
17843
44419
12100
12129
26113
20409
38762
17770
29123
27100
13263
19961
34915
47913
41366
22754
47058
34650
34580
45783
13097
1586
34878
41923
2166
24545
39316
39316
19635
13039
13039
50716
34723
23142
6516
48209
11155
19325
42471
31246
4157
43081
45750
6816
16526
15593
37891
42887
45071
47567
4733
29865
49999
40890
32397
41901
34705
4710
10032
8521
42355
21127
17736
46071
17736
45795
16977
36266
15549
45051
41480
21360
439
24172
11431
36856
25545
39750
9832
17508
1417
25932
31563
39973
15672
16197
19909
8041
18267
47394
37015
39026
33907
33907
38269
34867
34709
11011
38991
18320
10679
30652
24563
47141
31502
15573
49327
8260
7922
47617
16709
50046
42134
8508
41967
49801
9126
3676
14665
16441
3676
35239
12802
50764
3554
16552
8874
1813
37241
6354
26818
11512
39654
7737
38171
16019
19027
34397
24929
2278
16215
4983
15982
44010
44010
1711
42610
45453
44217
38724
14721
47203
45040
50503
7587
17765
2152
16142
5359
29730
45491
47931
49811
5951
28963
28103
50368
10160
2834
36922
2855
46539
11338
31692
20745
1504
6635
8794
23534
21277
40172
40172
11004
34075
21161
48885
47704
29994
35353
19745
1605
35642
8386
11497
8386
23709
11
14602
3184
14132
21618
4899
29078
48500
34672
36168
35627
21515
10974
5605
31481
2596
50180
50180
34699
30175
38690
40879
39246
42478
17474
9183
50973
41790
1599
20911
7563
25168
42237
16444
7301
39304
20910
34679
3715
25107
13225
42303
29352
32285
32285
12224
45696
26858
30302
49892
13563
33068
8875
50010
17258
2549
48468
16427
50955
23933
50955
40866
4184
48607
15076
47722
50471
24265
24265
4823
11194
38078
24855
24855
12550
38092
3139
4009
7820
46553
2619
1538
36524
38023
48268
24594
24621
35666
8102
38696
19615
45304
29479
40850
3859
12784
26818
34571
18991
49519
40541
24983
34214
24983
35432
49597
31006
46538
21098
20468
3475
36204
37321
31303
30276
49363
50090
29130
38186
7282
28911
1031
49878
40938
44800
41512
11252
42561
23606
41304
27611
41045
36943
50783
45974
12924
14921
31264
16361
15185
19429
43782
35099
38940
20008
42985
40973
8547
48480
13865
31976
14438
36599
19615
47084
26579
21888
5347
24675
31835
27817
40511
5728
46350
22802
10363
18657
4037
24983
2930
4309
40444
21219
49280
20366
46879
21316
30578
2883
31966
31966
7888
7614
21280
1444
25600
5164
1347
30302
16166
36485
14397
21506
26237
42706
18971
37975
35871
22785
40249
40249
17692
5891
6864
17464
11959
20498
26233
35790
34493
34493
20012
20012
9389
36002
44580
45182
19604
48656
50437
34037
14453
45816
1669
24153
41327
2101
30316
43864
29835
14029
49836
17422
37678
31825
9864
33634
48816
3245
8832
39521
12290
22454
28521
50434
35533
9287
32967
27400
47090
38649
28319
16684
43907
17208
17208
21889
6786
29151
1535
38454
9886
47563
29420
2687
48419
39633
49029
5352
3570
18637
10213
27510
12297
35589
46676
24068
33389
11343
11343
11833
30296
30296
38357
21594
15074
25176
33973
41914
9282
9282
20011
12844
2803
15177
11364
12288
31190
31184
24764
24764
39834
39834
8650
31184
50753
169
27302
28927
24131
42922
40585
15679
45902
22309
40585
49870
46876
12940
23987
19802
22074
43218
26244
8006
9341
23027
7190
39186
20264
40591
39213
22504
6972
44463
34507
8449
28564
10345
38909
14423
39402
46869
48283
12386
35693
30896
217
33933
13030
23487
39369
20991
8927
36819
13672
13672
482
22855
50479
50855
39938
26362
26362
17977
1508
42826
13971
29448
18007
18007
19998
38019
1118
41514
7380
9704
24232
22000
16239
33174
17994
28440
37144
8969
34287
12423
49871
41775
50164
5495
13653
10897
12610
16929
29110
11879
47550
27086
27086
16176
34766
34833
4071
25404
38593
48434
16953
4815
22059
50965
27573
23947
1017
18782
48900
40010
47732
7722
29882
35765
44908
22380
13614
1565
26036
10332
4269
11963
49098
31675
19451
19451
12790
29955
31363
39532
24652
39532
26269
31388
40176
5807
11562
30165
29961
44466
48756
37660
17137
35281
22150
49978
39224
47962
38622
49887
11874
20302
8306
9570
15140
22367
14717
32798
5995
15579
3298
19485
38478
45117
15177
47978
43778
42357
22082
11578
50877
25962
25962
50344
22216
13290
32758
39793
15445
43029
31807
20830
20756
7749
27039
29294
4810
11522
28448
28448
31498
49157
4007
42217
35593
16396
26897
5700
33522
38506
35400
49286
31977
22308
49286
6968
5130
45329
31357
41900
7323
41900
30651
39632
4490
5471
37973
37973
15700
25692
8752
34927
29770
9758
41055
3928
1337
12597
30978
32466
41055
1719
50843
12423
40911
42749
32457
24216
20331
46088
30056
1628
27746
9114
33828
4699
39040
5453
8534
9291
39589
48298
425
24684
10295
32842
4568
548
15648
46388
22974
23831
7908
8917
1251
22436
29090
31320
44576
17926
7909
667
37896
25103
37360
27757
21917
1879
48151
24248
37067
37067
23459
4455
15874
42373
23987
13599
3053
37041
36887
13599
11592
4733
48364
16493
9233
42683
5727
42702
42702
7613
42083
11349
27270
40048
33082
28805
22686
27570
31885
15340
23047
43354
8620
40914
40914
44302
1425
354
44147
46517
24642
1291
16524
16524
10991
19776
47193
3752
32155
1321
46344
35449
13945
13945
27953
12791
13876
48612
20494
6054
18332
32334
17515
23568
41854
2220
39640
44151
48610
7070
41097
5285
31039
13986
14393
32745
46898
22989
38196
13559
33570
43114
21066
34166
5723
5316
40526
9451
11093
13238
30447
45743
2513
13793
33096
24905
42850
48962
37611
25641
12465
41396
20380
13356
18621
12572
6127
18141
22001
38464
48300
19561
34180
16385
48959
28757
50501
14361
23786
17822
16829
44119
24195
4078
11851
27998
28093
39481
16720
47054
17286
36999
25997
2455
26826
36795
48233
11442
9261
27168
45396
34856
37637
21093
39475
17269
37001
23729
43205
23729
44091
28110
49812
34688
2217
50390
25421
34205
26204
48112
5417
6381
19453
50893
40340
33982
11507
31100
40473
12474
39689
39689
23406
47408
1351
5004
20185
4013
14010
23573
43797
4345
9560
26353
10140
15747
42844
27962
45391
12178
28489
39932
42758
34702
27588
23418
5731
14244
47681
29317
4630
29160
47990
23522
48827
15228
11273
10496
16973
14777
40236
21198
20080
28102
20128
19316
26265
16188
5128
32973
16817
6740
34297
45747
1081
30000
47581
31549
26706
44408
27613
30012
28102
4247
32830
35720
6630
28879
42976
2541
25381
32729
16522
31799
16522
8558
44374
39549
4825
38213
8554
8554
37861
38213
12121
21471
4301
26421
22922
28475
47526
36725
39639
23233
30074
27718
27718
13857
49157
41247
9887
44955
42108
28211
46148
45708
896
44590
16899
21166
50891
27025
6132
432
45696
8598
48806
37488
5023
48019
4727
41413
32652
270
270
21159
47666
40667
24201
26842
6010
35417
3126
7197
40731
8733
16925
20376
132
48490
34381
50811
49424
5781
42142
44113
33175
37516
11752
40231
6935
5087
43530
17477
12231
24127
33134
9824
2859
13547
41987
21285
7838
42250
51046
24178
41272
26940
9677
20552
13476
45686
3526
3027
46679
7197
646
20622
36971
3627
34338
27875
50047
5590
8277
25471
14565
26695
37288
13148
48156
48951
7820
32448
14060
18459
7302
39211
33604
41665
8638
45281
7314
41781
9712
37487
19584
49368
16617
1650
32996
44234
10564
16378
40460
30233
18011
5591
26900
79
7729
23962
27421
11600
27682
10349
20892
22760
20892
2857
35701
5531
1708
5531
1179
6361
26503
24111
24111
15495
28654
5231
9285
21943
11264
11560
27799
32227
37501
13860
26579
25331
7661
14097
25126
14347
23697
46716
31081
1790
31846
24695
29455
19957
47664
660
15319
8052
8052
33338
20004
41006
48355
26395
44681
11858
49409
22061
12209
49624
34360
2733
20624
27348
16380
22897
49645
37327
17719
43875
50478
19225
28664
37953
16258
17570
47018
2644
21439
18547
25236
2962
38233
46041
33344
37603
41949
44196
18624
21851
33059
12626
31028
31028
44738
31958
19892
44807
17513
41327
49172
20900
9892
50154
7470
18435
9892
46685
38542
24381
20145
44283
36085
21383
28463
8312
36262
6183
13664
19819
25171
36262
28463
9475
13664
36262
13664
22274
11449
8959
31739
24241
37300
16436
19130
41651
13439
17658
24658
1141
27607
20607
42776
38863
27711
30419
30678
1597
17688
40179
5002
11322
44482
4483
10413
1901
32969
39798
30491
30491
36526
12671
19117
29233
40863
28744
37722
15262
17723
15960
34124
16560
30516
4353
36984
21944
3469
9599
44026
10025
27233
16353
462
48461
26559
14510
19949
8041
7907
18421
10511
37397
35509
18632
47175
47175
32829
36001
21758
34646
3416
34117
20060
44945
37750
13221
44256
10467
19765
23761
21026
44066
5978
4148
22166
22166
16696
50739
12282
13116
18387
38418
35490
22695
50271
9779
44905
41653
22541
43963
10977
40829
35043
40994
20850
23685
38949
13845
39217
37924
12876
44391
44391
10396
12411
26281
3980
2789
38373
32619
8703
12356
3961
50863
44076
11799
18784
20574
20574
39358
37741
17151
20912
23673
16688
39812
14820
29042
45897
12813
42995
38962
9963
28569
23525
15247
36757
44204
26246
16178
4621
25721
23978
3873
26492
9183
26870
4826
19121
1063
33003
39558
9253
17046
43713
36062
2156
42464
41616
21500
18521
4995
14800
39268
24395
25491
33478
29850
35011
35688
40538
21675
22290
1448
5863
18987
23875
6090
9901
14156
28979
23440
40033
25452
31892
49288
7197
5977
30812
45390
30748
30748
41893
32589
21095
14482
39838
28648
22422
15188
19685
25881
13159
7517
5184
21483
19268
1264
44010
24517
31568
44571
3184
32426
14880
11696
19244
8146
44012
28453
44811
14223
4881
49160
18184
14015
31950
49601
19561
31352
9164
188
26361
38630
46101
34076
43281
31424
34366
41116
1168
32992
41238
708
320
28402
47972
9138
9601
42881
38676
40668
44425
4330
2686
44336
42424
36805
27564
48734
37051
37287
50381
21352
13948
17922
14761
17563
2374
22421
35863
15406
39938
50053
44823
45139
17945
46742
18180
35780
20933
3715
13204
29616
98
41756
46831
46522
10965
8482
16104
34752
41267
41267
34922
47908
13663
23282
3936
38146
31486
48350
48422
36421
21427
1370
2116
21877
33706
10629
34057
31473
5304
48096
24841
34851
6174
33276
4801
7669
34242
46934
44172
47093
43253
4202
44309
14770
37843
45459
23583
29643
29604
35784
1543
25170
29086
5997
44532
45936
16873
36776
16490
16345
8323
23135
22400
18010
8381
5237
18018
23436
30689
29824
46602
16778
46602
34327
46018
17318
33040
45310
15985
18396
45310
28744
20460
7671
9735
49544
11478
25336
7601
18805
49651
18153
18153
1638
37761
24655
40246
48966
1102
10587
40568
23465
13249
47053
47417
17538
17538
4398
15154
23674
4376
43964
50156
6878
25276
13654
44832
940
15919
4130
44498
31216
17663
9171
43846
49179
45162
41629
50813
10254
28505
48687
50515
3504
16371
41082
10234
24638
20377
8914
19051
50324
29022
28208
11818
22822
46159
4784
22807
28541
9273
1482
6378
21162
47893
29117
49952
17378
15139
28313
28364
37693
1501
23576
8352
43546
35741
15412
42469
43722
42896
24609
2877
8659
18389
47200
5370
11209
29795
23222
44629
6424
26205
30096
36191
10690
3280
24489
10886
42214
33280
15337
50678
34326
34739
18063
15430
7094
46435
20159
14446
11621
24923
24923
43918
28121
9970
38184
42554
31561
26722
26722
17026
6517
36518
28389
18911
27598
9562
32558
19290
8292
18163
35846
42127
13269
33097
39751
23938
42634
15971
38713
42004
39131
21127
15741
3965
22548
26793
20371
35285
30712
39751
4158
46386
45786
13774
23168
7983
19688
29233
1656
9545
2344
34037
2653
11161
6830
30317
89
11945
20071
13956
5847
32851
8570
46439
39714
16361
30347
48778
28390
45249
14827
15401
42310
14395
39524
21912
95
448
35345
39912
18717
19358
5760
41332
17097
839
23074
14153
14153
9070
3637
45866
29815
39697
8597
38969
27605
30942
18240
8679
2294
8739
7424
30776
41555
44101
44101
41602
25092
43256
29285
6712
24243
24432
2282
15585
15585
660
15585
31168
45405
25052
31261
2561
8317
26037
31989
1359
1097
39299
12927
14575
25396
26634
32289
39253
22629
1527
37556
11907
18993
33468
49998
14517
46048
5450
11037
44993
19760
20496
4958
18637
18637
33319
42000
23303
42289
35762
30873
11586
24162
41163
16457
21895
28798
35495
22733
39596
24476
5404
23784
48502
16730
5212
16642
2017
26968
2462
49309
37010
29706
15931
43048
45691
17613
1224
31867
18131
30873
8873
13926
10485
21788
16499
49588
6370
11323
22519
30404
32208
32038
22519
7109
2399
30930
16499
17142
3390
27696
41113
37404
6072
28563
9379
50668
27343
2332
80
11915
3899
3899
3899
516
3772
1192
10375
38647
23954
3436
6432
9061
35599
43438
47214
4401
32424
45421
43641
5396
1661
28831
19389
18615
50423
1725
28618
21471
28139
38875
4059
19027
26361
33276
42275
19147
42275
20812
10534
10931
1278
22281
18480
25513
50634
45388
48281
16062
12751
12751
6944
39372
44372
33683
43143
32732
50151
45383
45099
1732
49241
10060
7859
18566
43779
4591
10484
24459
39163
12221
31366
13059
44244
40156
34466
7039
36318
50971
341
6787
48823
36867
44675
41201
25693
30574
21374
31234
45977
36538
21307
23884
8909
11254
48140
5290
10179
30504
42117
13403
4974
35249
20104
31445
26420
40686
14957
10172
42842
38720
38720
7025
38574
3045
14709
29259
23804
15627
26598
22078
23043
22
12200
13363
47346
38550
41104
41104
22670
487
1043
31315
41964
2969
24559
812
1639
11623
4541
10455
40568
23129
13769
30368
42760
443
28004
23241
28198
28198
42393
49892
41228
2827
29055
18102
38145
49098
28191
30266
36503
49536
20650
26202
655
3094
17101
19895
33096
23662
3712
3712
47000
50644
12550
2065
1934
22635
22865
10885
38931
31782
30176
31441
36731
15870
20848
4702
6319
37522
10314
36224
17568
21387
11439
13580
33858
27532
37740
48872
15051
41577
44290
48427
36452
24403
30150
49634
49634
16613
30286
16571
22932
34766
16785
25386
39807
2418
33669
41749
16050
96
30295
50545
47677
35412
15021
14376
46788
51052
26077
33934
12213
29888
40834
384
19148
16197
4528
32811
3799
16712
4821
24231
24732
36616
14513
1210
33349
42012
45310
21392
1423
17832
34550
21757
32223
2742
49462
4117
39540
6296
30121
13548
48795
21140
1239
50635
5716
18927
37736
7307
7307
11126
7307
16387
3551
8259
6768
30402
7772
30388
14500
4626
16041
19332
11439
38910
16781
20048
37341
45022
40380
40523
41679
23589
12129
12673
7478
898
39864
12079
7940
14208
25066
47135
41315
15002
49054
8322
42347
17774
41027
27808
40594
40084
25601
22631
15021
18389
38459
34985
36671
41352
39453
39453
8426
77
36157
11893
45556
5030
35438
38913
32871
39624
33469
39628
8324
47132
50531
15533
10136
935
49797
29808
9707
31595
15845
30501
32524
45445
40920
44943
43450
5322
45117
12568
48332
32013
13467
21685
13370
50656
40092
13200
36187
33208
43509
37150
44702
44982
43722
10750
3411
13220
25554
9087
11142
31463
10944
48349
47989
1162
5142
30753
29422
35532
6449
3094
39093
13460
40701
25633
20159
11238
20321
7081
31267
4432
11490
5282
48695
42148
6759
46116
9042
18918
7723
49290
26199
5979
39669
23674
4639
48183
12986
34745
10401
9640
49211
28590
40693
10267
28110
33563
38108
51047
14411
50252
36908
23803
15059
16775
1810
25220
48949
12854
17768
48119
40878
50116
6179
34378
48051
41329
6616
48445
25968
37225
25968
23821
5377
26437
26
50181
19252
19703
27671
24952
18835
24952
33302
34885
18763
32725
47008
33605
9128
18431
5578
15867
42968
18762
15488
17690
14486
33559
1211
29327
5540
37148
37661
18683
7916
23378
42889
36795
20865
5571
22139
24390
11638
13217
11149
45905
38053
26887
31556
15508
3571
27069
32130
21876
7251
1046
7517
26360
33656
30947
40501
11086
18235
3561
4679
17338
29519
33279
8015
17594
13205
13205
28252
36136
41494
32171
34657
17472
37165
11741
20666
8883
42704
26948
27823
21128
50276
36319
34403
27068
2577
49448
30186
49213
8296
19302
37934
37236
48012
15828
15828
20643
21400
32184
25698
41163
48740
14781
24305
24009
23911
10593
32864
42575
14537
27630
27306
50870
50870
48052
10012
34859
42974
28815
50399
26244
34859
26906
34197
47456
12597
33913
7066
44614
25734
38700
24980
44903
27581
49221
10631
5699
48232
43643
17253
13480
26585
26777
18586
22964
22964
32111
43967
11574
19161
16344
9036
9227
37022
42423
34096
29072
20420
45541
49172
41469
22703
32096
23049
47051
12464
48525
23319
45831
43295
15152
13270
14132
19491
28326
39635
21979
3060
2554
6884
34287
20629
45938
28306
43158
27962
42024
2310
43774
30208
37193
40876
48010
47169
21919
8128
42585
15955
31383
8124
18959
16075
29050
3422
22650
19723
22285
38395
27231
26877
1831
20010
18921
4033
15815
33176
15333
17560
45636
48781
44013
1635
5828
29737
30941
9505
34954
43661
15475
14596
41297
11152
23439
1876
42638
41195
1821
13932
13932
43871
30327
48378
32138
8678
42230
36933
26064
24644
21755
28103
37596
22999
2298
12131
14445
9061
37697
38946
2224
17829
10299
3962
42578
774
13982
32685
32685
18037
35308
39210
12027
18195
49019
14977
46987
1667
3001
6828
31878
31763
7425
7277
15011
4833
14942
32935
28354
5908
32022
14039
12101
16400
16316
21851
25285
37809
40596
40197
15244
11418
16530
33926
577
44248
16344
2562
26816
6460
23123
33246
49567
20745
15030
193
35742
47457
15597
15597
46213
14431
21110
37272
34213
24027
28157
12432
27255
1800
43271
4540
31155
50863
26183
46154
26821
25527
19473
19438
12677
12030
24809
41655
38768
32999
44858
14911
27296
47453
7724
24455
8743
18914
5749
39842
9668
49387
29422
9382
30944
50241
9901
9480
43973
2948
43536
19728
7811
43872
7847
36125
26116
715
26858
37256
36514
48135
34437
9436
30749
13125
37158
40450
30981
14560
35324
9448
39699
22866
1566
37094
26962
13783
12227
34085
42209
33222
20913
40210
3499
48562
10730
20862
7263
40307
21296
41856
11778
42568
24859
1463
24859
3860
36810
43545
2628
19305
24825
16755
16385
25250
319
1896
41754
34777
15108
16540
21979
23715
30901
50847
36703
5224
30901
24320
42317
33501
44060
31523
30972
12124
4495
50894
28111
5501
26735
21577
19194
48829
30014
18315
14123
3253
9369
47316
16622
48462
15508
14660
18904
38645
41838
1678
27099
20318
26654
43851
40230
2484
33127
11685
40679
29760
20155
9727
11234
9727
15442
23324
2573
6
51040
24778
7685
2016
33575
26258
33943
26201
43703
48503
15384
38360
10438
46848
15105
40038
10606
29906
13779
8528
8342
7806
9064
50339
42928
45906
24621
48451
24621
13432
24228
48006
15105
4210
22575
5685
6559
794
40636
23545
24294
14128
38987
45697
13011
18404
48395
49313
43550
27012
2223
28627
28238
6808
8357
39639
37589
35177
35177
40606
10412
38844
41528
7042
41528
49367
32309
11032
2889
15492
15492
16435
41469
28160
5710
17859
23368
44375
7197
46985
2337
15809
42890
18782
1241
420
35252
9959
3161
9763
36237
17996
23791
34638
43704
8779
49436
44705
30794
36944
30278
40916
44255
35935
28753
2890
33419
2565
27820
27934
18834
34684
32889
35633
16599
31048
25986
45207
48559
15641
21495
38404
37420
33889
13724
38925
26046
50684
17308
17308
31005
12396
1377
3178
37372
571
28404
32951
19367
5080
39181
40082
22921
23080
36874
44072
29734
14417
138
33043
17290
26292
6162
4319
5764
1476
26850
13374
9745
21758
33691
17707
11427
9324
26087
14325
3132
41966
46962
28217
30372
45754
45754
37326
41351
17292
29819
44124
23849
23594
34717
16833
2056
39235
46102
33288
20472
47529
12572
44578
18577
38651
26515
19441
44905
4849
48736
7836
22129
40490
41852
50157
29619
2194
19801
40360
1358
1971
5312
15521
34731
39370
49283
35939
11625
10121
40984
28859
11282
706
17320
10178
7142
14908
49665
44625
44625
50702
40133
532
14295
40209
23557
24426
4080
34199
48059
48555
7063
5116
5116
26796
40734
46113
34545
44937
50447
50447
21102
44595
4935
31025
43639
19105
2296
15719
29524
40760
29658
46093
32121
39668
5129
2980
18643
6474
32914
20991
25304
29741
15830
11144
5877
30835
27868
27868
37000
25670
23318
49287
32305
28042
31066
28034
15229
24850
49875
50558
6615
1802
32857
26085
10760
50074
46776
23079
12384
43439
30792
10436
3184
12855
35039
37173
43916
17753
38347
6697
22100
6040
37368
29849
18901
18901
34960
37898
36654
31640
35118
13582
39931
11459
23479
24313
40974
33031
1202
46888
24499
16676
8073
24743
6730
34048
26520
688
39477
50786
42627
11631
27276
35009
1960
23084
28337
50083
17031
6858
32170
24299
27735
42561
9209
15679
13419
47827
8163
8163
12188
940
22846
32803
3492
37665
44201
45751
40490
38940
12746
17435
40879
17435
49509
17435
31815
18739
32779
32779
26684
11310
14594
36566
13024
2336
43430
10667
872
16553
3157
38400
42549
10776
24991
25819
5205
1476
27976
34590
33801
1067
42518
28974
6198
22776
34555
28357
31451
22166
8464
8464
26785
48951
26785
10644
47313
21142
46436
24906
3764
44071
21041
29684
30338
15078
50630
50630
37345
42043
22394
43286
26182
16162
34349
36357
45584
42896
46990
45849
35216
43161
10633
15479
13522
45870
33752
5238
47428
3578
21661
33421
41112
19112
20274
49751
22552
48761
44503
23451
37713
20636
11871
48283
7217
45021
36882
4168
21660
23209
41913
20228
17227
30472
45818
18009
17421
29177
38099
41019
33241
3328
45664
38816
20753
50150
9594
19758
15621
39552
24507
41132
37770
20827
11027
37770
45169
93
11389
19125
19218
39504
25982
30389
25188
25188
10348
24427
48199
47996
43645
35552
20430
26185
36693
6774
8010
38042
17582
16591
26540
16003
31086
33125
42453
15834
18023
31661
3132
23434
36467
22746
38863
10779
14758
11561
7096
25073
10389
11311
9828
47994
24313
31429
25093
38064
46174
35933
39116
32140
42982
22218
9937
41370
48825
26607
14056
18697
21249
607
18697
4612
24119
9515
608
11012
20195
31207
4789
20894
10808
25684
11529
44840
44840
6385
16509
47330
40945
47138
19502
48210
9226
10919
7121
8812
43561
43561
4825
4825
11617
44331
6429
4944
4944
13073
5435
37093
49441
35346
40110
5631
50068
18590
30081
49920
11121
15505
21828
29612
34627
49199
15883
30387
25557
32305
46237
41567
38
41260
48994
19910
6435
14811
10445
34806
33769
43080
50038
20930
29879
49750
47798
47495
14899
48499
30186
50267
35895
37688
19926
16835
27395
17400
34734
19532
31245
43425
19170
24110
31142
31142
9501
11556
31081
36077
26068
9164
40085
44653
40592
5781
10446
43909
44208
13509
39035
13663
29048
31290
42512
45389
16944
7758
22491
44540
11668
1312
30925
14934
11789
31958
14854
35433
13709
24436
38009
46766
36586
46766
28263
35154
22297
10878
12473
5710
16637
16637
4390
48888
49723
35548
37842
19837
36211
44184
36211
37457
37457
26861
13830
29880
6839
16570
27050
37450
10097
44356
527
7746
15402
15858
22863
50484
21518
46163
24558
8062
25039
2322
26094
24690
44554
34675
32017
11655
41140
30632
27663
4940
1313
45785
26485
22502
23855
23496
27888
39775
45214
2631
39775
12394
46936
1247
49711
38425
29385
50045
30673
15471
8240
13488
35885
44834
43380
14086
21481
13106
6479
13106
21481
51018
19198
27671
12784
37679
14308
28728
28728
24941
44936
765
46630
47467
36091
50448
20362
5672
47485
33766
49204
34
1092
21683
50823
19803
19311
37234
13031
994
994
29909
44855
20467
4192
24606
43832
15277
19334
2729
5529
11381
32542
37791
39135
41326
45620
38602
3622
3622
38810
36280
36716
1082
14232
45666
36473
24266
50190
20258
29737
7384
45707
19608
3787
31386
18672
7263
18612
656
46608
37191
2922
4530
37653
33689
48057
37653
34212
1909
37668
19532
10838
36960
15691
