19486
63556
21940
91017
45843
88371
86774
87759
98648
26012
39518
32169
57986
50546
54802
67174
95841
50586
16978
64825
27648
78310
36273
54151
36150
58018
166940
87657
11455
94389
94752
31498
92791
134849
170670
11553
18380
15103
18115
93323
18518
37893
26984
54874
179549
29796
2441
13763
97967
78717
20905
12479
56655
76657
107846
12479
82351
124314
1422
35744
73543
70077
17201
44905
27617
71031
116108
76249
14768
43092
31246
27454
63130
76636
13739
2908
101020
57204
44927
76636
26984
26665
25684
170935
9563
61268
41465
50397
39206
18336
100151
22647
92893
67545
72049
61698
78310
135976
157420
113282
90725
93529
28904
27153
51165
89152
44927
8735
61246
55368
36861
134005
55445
82455
56464
116587
140018
18508
92306
63136
61268
178919
56464
124648
31550
170935
9449
89876
44404
42482
52250
111938
98230
46440
193930
103379
93278
70503
264738
10610
168006
21179
9866
78086
84794
18115
52442
6052
12688
67743
162062
204953
96897
177457
35534
30730
172211
49528
3062
56030
13739
212849
58657
118092
85149
146825
13055
29796
166487
79645
118083
94039
18676
149096
13726
119328
35022
107667
70127
147690
136783
99608
113282
123398
39168
109635
1349
94752
74103
115462
63923
17326
41465
93454
125693
142912
86575
83549
94098
142669
33357
57648
1349
98378
126885
278160
72455
85112
94081
74364
114279
98230
118640
222637
159140
27120
55195
70262
47354
72162
154043
190295
172279
146186
88125
87110
190295
92698
44328
255086
101430
93084
103458
9680
212503
54621
39598
60501
270551
171116
167688
30219
51500
120869
7182
68998
72455
341236
106984
218967
193850
90697
43092
68907
97002
53154
184279
121402
212503
78616
95210
36488
142407
126885
59577
41244
83039
70262
73543
208925
195030
97663
162286
169567
87740
61810
89706
124945
212849
60768
118640
156404
171116
370954
169270
255603
9449
209865
37109
235401
132309
186701
219485
242310
58657
60768
96655
24565
179188
153259
196973
184279
159337
65542
152068
27226
148521
53556
245437
82328
398034
278160
221605
37197
143896
52141
83039
48512
191725
143145
164676
121865
113657
105604
61884
27435
62054
121170
95900
26665
350124
127282
224594
114202
14290
169270
170787
129567
19119
55758
76993
43441
212115
109172
148521
2144
276752
136359
205946
356868
52664
48512
8653
191174
189960
104555
223071
115462
237968
130195
112111
224813
166853
27308
209820
273239
205868
62240
2435
75358
137095
73866
42180
37805
151390
9866
52141
330317
213712
213148
394524
204451
302860
109172
101609
143509
169176
51500
114813
136230
98582
245775
182427
50766
209676
308607
272105
36861
47636
88336
71520
227611
110570
54799
317428
180323
309431
134738
54151
176280
76457
132735
94056
5232
130143
146231
73543
71406
241154
48512
142887
226302
37842
140860
19119
16565
39748
301153
20579
53236
394416
321032
56177
150517
70425
530704
19222
70632
47636
133729
47360
426924
477604
20116
160404
118640
69635
198624
147586
184200
76064
209865
91103
401238
186384
458650
360430
57986
223509
137469
257417
27487
349573
434167
402629
53154
77036
483442
60420
100167
404423
150637
176280
58502
19349
177474
98582
