51432
39390
1623
23810
34789
63425
17585
49618
28371
87705
48688
41547
2432
39910
86814
62742
63677
10471
15907
120638
13895
51423
72864
97303
93104
49745
83960
5564
15871
55422
32231
53230
86218
86586
111529
10471
26157
62525
12838
61280
34789
176928
68505
80925
60839
105177
41951
86814
101443
20534
213897
50824
93222
90041
12872
17958
811
38474
70082
93122
67026
85499
2594
37687
5235
52398
26508
13729
29041
202390
61516
90517
76906
26410
15823
77952
236139
61280
56472
53162
28869
9999
41050
7440
270144
19604
261130
71322
10492
37117
15741
71901
87684
130090
101039
150946
29007
6348
50824
133114
43491
20889
45843
47645
206095
36264
91609
8430
21233
111650
2006
6482
31611
22088
97804
153347
117999
127231
102579
95008
59607
17585
69147
63677
8370
69774
43501
102962
98748
92400
25228
98234
115578
130020
148227
6377
55853
11508
74775
84111
28153
126861
30056
170938
64073
136596
59596
258740
95998
13719
83790
179517
49801
53146
93122
98814
79018
189026
77323
47511
42641
39392
176384
87980
177611
7440
81191
104771
116674
176758
65845
117408
235221
131359
1620
10327
36104
245770
19113
163185
34265
69142
164786
94213
221372
27337
59526
127463
181024
179152
28280
172629
94758
114287
151924
150084
145921
50142
220525
197905
132449
249079
86384
68443
125989
137319
87829
139168
46508
95259
125874
172068
143748
167470
163857
137582
20144
95259
4250
74069
200819
161614
204160
128658
175209
281633
266228
87829
147497
98565
86986
137563
126542
80597
80597
281127
76641
221091
124499
96986
150412
310775
107299
86384
229840
137611
141204
74977
210917
176435
309649
58211
84399
259761
102578
62742
220525
271476
186774
108329
205511
58027
152913
133732
136209
158315
246181
150095
159464
95301
264362
162067
13719
178678
123429
178536
114852
110033
116763
144016
137319
373878
437612
110531
191384
350396
70440
150084
79622
299486
152400
271476
181265
79256
306431
71728
189241
164442
114202
57515
108526
237609
45558
98140
214915
12751
57515
7999
110328
53438
62742
74069
172095
385193
147110
210379
166581
96630
388092
51180
200680
249440
132110
137622
139136
217042
153815
223370
257988
168540
25956
488091
331900
376366
539613
176435
69695
388092
39641
50717
7034
151456
106293
286830
96630
272623
116741
274443
101093
172917
246181
318770
105377
311928
47057
247602
22385
73527
191384
338506
211796
237609
328431
234279
391213
109593
137582
128250
46335
43362
174831
139544
149956
289379
199053
174831
202371
390737
126861
260558
244689
94582
76821
13719
198152
246181
49658
105106
211796
93582
6769
246923
126668
25130
51225
231698
516635
52217
189609
210379
230214
250223
151784
102225
353874
202962
153975
495123
87829
310054
204671
169966
354314
607596
350145
170938
215618
154869
33641
221208
25130
162805
495410
125597
262212
99938
115249
247602
138758
208423
231914
41641
204363
440993
284677
138295
367052
377199
186630
108325
176147
93582
500497
268903
423624
277576
280411
73528
311928
275243
95259
6769
102673
120523
301448
132363
302099
336747
245881
137519
49139
72354
190500
275266
260558
19907
340310
195327
202962
120368
353874
155496
120881
275243
295942
120986
290451
190018
65152
135012
258880
388092
591150
169280
65393
53581
191355
394019
285456
