25626
45417
28844
66414
52538
76094
3231
74692
40850
96916
50606
73988
20172
33578
46793
79519
19825
70104
72299
22980
2046
92014
82258
63253
81926
39996
51386
3915
19169
17950
49287
59841
23371
76341
92931
66290
41075
76094
10904
99596
16195
97643
169266
23313
81112
33997
8613
97746
29369
42770
87759
51348
56405
63217
6503
17126
36858
82271
113048
44897
23490
69329
20718
10726
70053
79204
171573
82907
148
52395
67054
59578
74468
84583
87759
33681
45650
41082
8507
48028
8827
81952
12048
38308
89685
22077
20172
62149
48219
65201
93126
153297
62317
33714
97753
97977
158994
37780
22581
60548
80664
91840
84542
96585
118996
62149
67004
86444
70370
162585
69284
66195
91006
28398
94273
93129
17195
3915
137021
119144
29404
99165
94334
90716
98904
61430
75624
121851
27061
62317
214443
16195
104058
96745
161100
28007
62317
98504
58439
108081
94176
180356
24559
91904
8374
185648
54116
62210
30582
44978
74507
92708
74244
28007
65201
39898
95008
36799
186527
85891
35851
13377
22980
15231
23799
122088
45663
83726
10434
10799
58408
117051
49691
59578
3067
78410
68442
33997
53611
19389
92280
2589
66414
50218
24495
28742
37543
52462
118392
7568
87072
39784
98438
58522
110040
4213
13619
76716
15506
85890
90716
23154
135839
93898
40704
86370
60795
135598
77735
5249
14072
57761
10293
20617
23373
70364
41478
90218
74238
84543
96536
91904
173581
20172
179664
62210
14550
76156
58301
6705
78938
52462
50599
36799
32287
42241
44807
63217
97715
26449
23059
98128
64776
39996
33148
14142
88338
41925
124145
86370
97728
85604
159599
27044
84542
24495
24049
83338
56588
33699
13099
99620
33148
17450
77054
78236
123883
41482
57864
32652
55783
91006
79442
62210
29369
163830
51854
172483
148793
172483
81958
98438
99165
100597
135598
64399
60608
19762
45632
98504
118062
81245
68442
69967
38831
94495
62210
51923
6632
9646
137021
42241
22200
186084
42087
32321
79312
91196
3817
98373
2381
15308
39819
89134
149962
13444
134972
159599
17264
142879
77233
48323
35168
62119
123720
6364
66874
42990
10628
45555
69605
22255
33843
85079
30319
21563
88559
74868
58301
119160
148793
116894
81406
57761
79249
60608
130965
186721
144217
84001
6223
82952
81952
60910
97056
18267
61367
61708
56033
119160
212498
98006
59841
92524
74649
28492
74178
98833
108627
83318
20087
2589
39058
157057
28666
61133
51294
79312
166742
87656
146463
176412
147216
69173
94262
97651
151846
218669
59841
102007
100530
68923
131725
115801
50096
31730
11560
352863
21178
121231
95432
75870
8997
13670
125609
188358
175417
97974
102877
131295
58463
69284
72122
49169
133494
35514
28666
79579
57003
6223
176130
46695
42018
41482
63161
162846
96115
9690
191565
2494
184783
107232
149684
67054
29369
53925
144209
118392
19762
131195
306528
61460
198071
85500
110487
101116
134099
31238
188972
306528
185522
16416
10741
32028
30381
90977
144865
149518
99531
84700
79467
172020
173882
40486
112121
43385
99858
41478
61133
67549
55895
79608
20510
95700
61430
54901
43385
218401
59368
144217
188358
118171
45555
235163
131547
13099
91858
118883
216472
98531
85604
125687
34765
96420
185097
96770
15284
185097
