80133
46799
44641
32685
89240
54818
5895
32131
100678
60848
46004
83195
33734
75278
34288
85989
48827
12167
47281
89616
92001
16901
60901
51258
43603
77965
133841
11906
97669
187668
151045
29693
139286
45509
21070
31845
92909
29657
15440
42045
4690
34675
16150
12913
68066
194638
48791
48451
171489
161560
41827
87493
107351
110158
83875
162671
14163
150865
73580
97617
48810
136452
47829
67895
143480
88496
169186
189675
5346
85377
195058
127221
96813
156208
12480
189646
16311
47929
94448
86046
128248
162671
127356
71409
67423
92001
18880
58403
140829
78955
80514
90073
86719
127502
233288
104796
61273
51700
98584
58931
99586
161853
114142
36872
156489
80553
140270
25176
87720
89240
18076
15739
23446
98033
208584
189688
98932
106259
199747
48652
45482
183917
175078
168369
145142
137908
115419
40132
41813
109732
135853
21332
137839
141997
219282
70317
50786
98534
20356
180645
155945
174830
74128
188002
175078
147623
129563
259674
26286
66937
35673
39067
168037
37905
21332
124512
15861
25124
115922
167739
161861
180645
72590
223141
168440
119822
90073
82201
156169
78872
109105
237919
168970
29168
114149
263802
89737
163072
88318
80864
155896
231121
204432
215494
132705
117385
30002
171022
79292
145034
162245
281518
120324
157185
80864
194583
124896
52368
264059
264089
249332
183015
94858
91473
38376
122683
199245
158440
131956
100186
34074
186185
237358
233176
197498
130649
165873
252115
42983
195268
48576
34880
27868
226975
222271
183189
74727
107769
196214
201759
133535
163828
89429
114886
138050
164571
119393
281665
47536
109653
228879
164733
296954
90052
135579
271791
152339
314242
384280
100682
166742
220360
103792
33719
275469
142018
184896
86688
91473
116559
76156
194983
182940
53530
182364
195796
344096
183189
175293
118761
191437
108117
77891
124463
283004
168073
349116
181380
268033
162417
88480
53177
109401
189630
291171
132705
163709
48576
216890
166575
111606
143961
135799
204432
154684
107128
33554
269086
80110
181963
139965
106154
30038
200169
143369
149394
179637
199245
41407
156309
234183
141875
179412
302412
191437
195613
95019
220410
219539
153843
182940
182483
231121
173135
314085
107991
114422
199711
187243
301405
104792
202432
161184
209614
122683
108378
50078
118399
272902
425533
230799
219952
196520
113290
216602
157658
160731
178769
191053
59466
182787
134066
118660
297652
438151
35668
61273
273357
220664
187297
238210
163621
72420
180152
77863
195147
250866
272902
117859
137839
292296
294540
322808
181709
204753
119666
70923
224102
296954
191053
44961
246211
143961
56412
144374
85703
275469
62183
191140
252969
171658
359831
127010
70923
130649
210868
267821
120559
320896
179637
233874
153937
351378
191140
263945
74727
152766
53537
185485
462486
156930
220190
156309
148290
92379
109652
275457
294631
216401
350004
106761
109595
227573
150039
156930
130761
143043
311236
30668
77891
78502
163667
97977
209956
195349
223269
267186
266216
391508
162417
258373
203154
351378
442426
114248
115499
185485
178769
236228
206017
293343
218104
90844
137478
143166
164045
137094
238747
212807
56835
109848
131956
276232
33719
527354
292992
125277
156930
421657
182479
231074
329218
200000
148092
319728
258373
58525
96295
189265
94957
320140
144073
254799
228965
199499
186175
355593
258155
349116
204432
397656
187391
233752
236338
197480
