79078
83289
51634
28835
92417
38356
52627
3117
20066
16291
24161
62356
79428
74148
69352
34154
5893
77669
60674
108457
7185
82094
41520
80232
79950
72860
134151
65397
48257
154700
7402
83042
11879
45424
90511
18894
68089
72962
83482
77770
34800
73945
95593
19937
33587
51462
32887
77608
137444
5886
161592
28549
171419
180411
75464
7065
72242
38195
79126
29770
98508
87758
98850
59688
50363
50803
10904
75963
29374
85662
18511
15279
72706
46578
102419
72706
96747
116354
15054
75104
96582
9010
40948
135198
95253
69111
182196
67914
69711
139563
46712
54347
165
65327
41495
23915
79866
80795
75104
91504
67032
99250
38336
3117
116170
38336
92271
85670
171419
89987
29770
8461
1264
43940
104231
24498
49147
141970
61710
68727
168179
59798
11426
97692
26824
51339
80040
46609
67101
111804
220749
86880
82066
49848
91750
54160
61866
19167
86085
117343
9458
25337
92743
88122
78239
137055
43858
142983
171419
180372
3211
138156
62193
22122
1757
35782
5259
6515
33414
69472
48635
20122
138893
150495
17259
113099
86880
37312
36013
86786
274139
60932
138156
37220
57309
29139
9458
80040
7010
77608
106694
93434
28073
117513
163594
9010
13038
3109
37312
86134
103802
99131
83537
71694
57549
36241
8167
7065
86366
69184
78620
62579
82277
41417
93602
134709
35782
54459
42908
25938
24609
96876
72706
105102
94394
16333
137362
93434
91906
197336
28442
79126
115430
6985
35761
76838
195213
169580
148573
86154
18355
20220
137243
87321
191088
39652
164987
116932
7530
45273
171419
99503
50503
73108
103802
91714
137915
142873
89070
195452
201170
69319
91708
143568
191088
58524
100582
152604
165704
135662
136552
181821
96176
21521
6515
86366
95209
41495
165618
35761
135662
119101
95528
100703
125647
22827
109277
78900
57082
91751
39938
113099
55963
109411
23061
202977
71503
56997
99398
228516
105102
14544
113950
62838
57309
28957
57924
35821
32750
128641
117513
78613
77300
33837
93217
144029
28957
104249
134390
113916
70783
105706
185202
52157
1258
202977
240466
19645
133326
72569
19304
76337
54459
89144
14544
35361
150074
104231
142873
19694
149621
68171
77205
54996
44624
146223
105312
117623
74006
137343
45329
102785
19937
86646
18492
6085
74006
133875
184644
87167
8308
70447
96582
137343
97491
243031
183402
50713
105526
72037
22122
50165
143570
111332
134995
93156
62193
94861
189304
212476
51987
15054
85774
149621
50363
13030
95205
120200
282971
292692
183828
184027
245145
277474
88796
102785
96583
1672
203507
1656
49659
102805
92401
103580
38356
148315
266833
81494
60932
104369
56354
123664
128595
28442
169580
54347
91015
54773
210188
142873
57946
107975
68022
128641
71694
24946
142564
266215
49659
157058
49659
20220
92911
91808
182985
19744
95209
103521
3211
106176
50252
96176
105894
75997
73689
89323
108407
146674
32932
157947
244146
92804
267615
14438
76634
84551
6120
322445
75547
72037
87332
61234
59402
153110
119559
276950
76311
277474
72812
19529
77548
77300
138073
91966
184078
158191
120652
18793
55567
95175
156608
226843
7645
42968
2806
161824
123664
308143
167066
204989
116243
122908
102770
89070
97898
131592
184078
34808
20291
175836
266019
9010
6812
11426
53871
28549
119101
81494
19304
95355
190337
95700
103507
15285
137915
196229
115430
119559
102265
188201
