16553
86191
23864
70925
20809
30195
165
37635
22754
109935
1462
49233
52263
53996
40523
72530
6788
98704
66973
25887
53467
61886
4341
34244
61196
63158
34394
45761
29854
74493
148277
1229
73567
63781
66973
46481
70029
4665
30079
99865
42285
30799
71695
52284
5301
68412
88910
58205
78155
76842
30834
27532
39493
47960
167119
101617
85916
58177
3614
94064
67655
8281
44894
86268
92267
14226
64432
46058
14434
35988
143973
46830
51087
98704
66973
58896
80525
20587
78356
30834
94545
48428
83588
39036
98991
39156
57854
22403
43317
48251
69334
52886
160022
75339
28544
7506
84423
57368
52182
5242
75842
11917
71862
71832
28544
31354
59770
74103
71695
53446
8849
90355
113012
108607
44253
24054
118057
123101
16551
69497
20532
77152
2330
47824
45263
134218
57357
28602
45433
138823
36189
71124
36150
57716
16352
108607
168208
52053
160022
167873
21543
35438
34644
101083
73567
122132
131763
162595
95094
27110
630
58211
63975
83540
128782
134633
48795
14341
9259
34751
47233
72751
91414
108083
45263
31189
57349
17367
65161
74541
185923
40817
28602
12283
43424
83882
315
12138
83882
9364
74189
147582
102192
12999
60671
68492
112222
88342
165
103172
59276
69472
13805
113505
622
144523
208953
113012
30057
42680
107488
41816
48664
37635
55068
101083
91504
25482
86390
72970
51799
170705
113297
23864
71157
33541
82463
19947
66809
40828
25256
63897
52486
31617
75414
81106
82319
99081
30834
16340
75428
60671
28519
39493
82463
96240
90214
175000
36038
22677
110991
150110
159767
70751
195020
133863
32184
124915
20066
64756
82821
40330
107383
39156
40007
67574
174052
37635
45358
34066
39080
14876
30834
165
69630
52486
22240
195269
48357
150110
104201
85711
89088
80814
97684
74541
147506
108667
155174
42134
6673
116860
113026
70063
14876
149675
47612
69449
93930
66048
74541
154609
171617
175491
142615
33577
120939
59633
38651
38651
86798
135488
67407
48742
8007
53519
159686
65986
34695
21575
17554
43326
120519
196381
28553
31437
107488
122532
113026
80814
58265
33083
153085
118888
40710
59956
34388
42680
87983
48064
237928
77208
8849
51109
91117
55973
148118
14527
66791
124053
33577
74493
118516
119334
27717
157936
66048
237928
83191
133359
20639
27222
280766
92204
47613
42680
94442
144523
30799
15544
25308
65244
110126
183199
54068
86798
181615
106628
37635
99848
177105
114916
132033
104860
70925
66954
176207
109109
120041
44522
135535
100264
50355
181126
176207
119334
119778
28288
109949
72029
48664
187219
85283
161280
205438
126305
73513
169298
253751
107834
156338
216625
286930
80572
178283
242908
28067
88781
88562
125058
139531
80595
55237
113614
126862
70666
131463
107130
70522
58177
80478
69449
85283
181690
65161
69630
132532
116641
132706
76771
143442
145857
97538
230237
153999
45840
74654
175571
190653
69630
149442
176207
80572
228262
141838
37615
148438
89908
153449
86390
111671
242480
13805
150028
171104
25110
34394
210076
280840
87310
89390
47612
266906
57105
134398
90138
110048
44522
88108
69449
113026
117882
51799
227446
118075
11932
88603
133197
65244
106430
98146
100322
46481
113026
223627
45556
48664
20171
143519
169964
